/ext3/miniconda3/lib/python3.12/site-packages/torchvision/models/_utils.py:208: UserWarning: The parameter 'pretrained' is deprecated since 0.13 and may be removed in the future, please use 'weights' instead.
  warnings.warn(
/ext3/miniconda3/lib/python3.12/site-packages/torchvision/models/_utils.py:223: UserWarning: Arguments other than a weight enum or `None` for 'weights' are deprecated since 0.13 and may be removed in the future. The current behavior is equivalent to passing `weights=None`.
  warnings.warn(msg)
Number of parameters: 5288548
/scratch/cm6627/diffeo_cnn/experiment/008_RandomLabels_EfficentNetb0/./train.py:185: UserWarning: volatile was removed and now has no effect. Use `with torch.no_grad():` instead.
  input_var = torch.autograd.Variable(input, volatile=True)
/scratch/cm6627/diffeo_cnn/experiment/008_RandomLabels_EfficentNetb0/./train.py:186: UserWarning: volatile was removed and now has no effect. Use `with torch.no_grad():` instead.
  target_var = torch.autograd.Variable(target, volatile=True)
000: Acc-tr:   0.13, Acc-val:   0.13, L-tr: 8.5122, L-val: 8.5122
001: Acc-tr:   0.10, Acc-val:   0.10, L-tr: 11.9918, L-val: 11.9918
002: Acc-tr:   0.10, Acc-val:   0.10, L-tr: 11.7910, L-val: 11.7910
003: Acc-tr:   0.10, Acc-val:   0.10, L-tr: 10.7659, L-val: 10.7659
004: Acc-tr:   0.10, Acc-val:   0.10, L-tr: 13.0858, L-val: 13.0858
005: Acc-tr:   0.10, Acc-val:   0.10, L-tr: 14.1568, L-val: 14.1568
006: Acc-tr:   0.09, Acc-val:   0.09, L-tr: 12.8103, L-val: 12.8103
007: Acc-tr:   0.13, Acc-val:   0.13, L-tr: 15.7445, L-val: 15.7445
008: Acc-tr:   0.10, Acc-val:   0.10, L-tr: 17.4428, L-val: 17.4428
009: Acc-tr:   0.10, Acc-val:   0.10, L-tr: 16.7512, L-val: 16.7512
010: Acc-tr:   0.12, Acc-val:   0.12, L-tr: 17.3710, L-val: 17.3710
011: Acc-tr:   0.10, Acc-val:   0.10, L-tr: 22.7186, L-val: 22.7186
012: Acc-tr:   0.11, Acc-val:   0.11, L-tr: 21.5433, L-val: 21.5433
013: Acc-tr:   0.11, Acc-val:   0.11, L-tr: 22.7602, L-val: 22.7602
014: Acc-tr:   0.12, Acc-val:   0.12, L-tr: 27.1595, L-val: 27.1595
015: Acc-tr:   0.11, Acc-val:   0.11, L-tr: 22.2672, L-val: 22.2672
016: Acc-tr:   0.10, Acc-val:   0.10, L-tr: 24.3730, L-val: 24.3730
017: Acc-tr:   0.11, Acc-val:   0.11, L-tr: 25.8674, L-val: 25.8674
018: Acc-tr:   0.11, Acc-val:   0.11, L-tr: 24.5921, L-val: 24.5921
019: Acc-tr:   0.10, Acc-val:   0.10, L-tr: 26.5687, L-val: 26.5687
020: Acc-tr:   0.12, Acc-val:   0.12, L-tr: 27.2542, L-val: 27.2542
021: Acc-tr:   0.14, Acc-val:   0.14, L-tr: 23.0903, L-val: 23.0903
022: Acc-tr:   0.11, Acc-val:   0.11, L-tr: 30.0077, L-val: 30.0077
023: Acc-tr:   0.11, Acc-val:   0.11, L-tr: 26.5506, L-val: 26.5506
024: Acc-tr:   0.13, Acc-val:   0.13, L-tr: 27.3097, L-val: 27.3097
025: Acc-tr:   0.12, Acc-val:   0.12, L-tr: 27.2108, L-val: 27.2108
026: Acc-tr:   0.11, Acc-val:   0.11, L-tr: 32.8544, L-val: 32.8544
027: Acc-tr:   0.11, Acc-val:   0.11, L-tr: 26.5402, L-val: 26.5402
028: Acc-tr:   0.12, Acc-val:   0.12, L-tr: 34.9792, L-val: 34.9792
029: Acc-tr:   0.14, Acc-val:   0.14, L-tr: 27.8577, L-val: 27.8577
030: Acc-tr:   0.11, Acc-val:   0.11, L-tr: 30.0087, L-val: 30.0087
031: Acc-tr:   0.08, Acc-val:   0.08, L-tr: 31.4205, L-val: 31.4205
032: Acc-tr:   0.14, Acc-val:   0.14, L-tr: 25.5566, L-val: 25.5566
033: Acc-tr:   0.13, Acc-val:   0.13, L-tr: 29.3648, L-val: 29.3648
034: Acc-tr:   0.13, Acc-val:   0.13, L-tr: 27.2277, L-val: 27.2277
035: Acc-tr:   0.09, Acc-val:   0.09, L-tr: 32.2669, L-val: 32.2669
036: Acc-tr:   0.12, Acc-val:   0.12, L-tr: 30.3401, L-val: 30.3401
037: Acc-tr:   0.17, Acc-val:   0.17, L-tr: 31.0623, L-val: 31.0623
038: Acc-tr:   0.13, Acc-val:   0.13, L-tr: 30.0641, L-val: 30.0641
039: Acc-tr:   0.16, Acc-val:   0.16, L-tr: 31.5124, L-val: 31.5124
040: Acc-tr:   0.09, Acc-val:   0.09, L-tr: 36.9695, L-val: 36.9695
041: Acc-tr:   0.11, Acc-val:   0.11, L-tr: 30.8683, L-val: 30.8683
042: Acc-tr:   0.11, Acc-val:   0.11, L-tr: 33.7339, L-val: 33.7339
043: Acc-tr:   0.07, Acc-val:   0.07, L-tr: 32.8259, L-val: 32.8259
044: Acc-tr:   0.10, Acc-val:   0.10, L-tr: 37.6025, L-val: 37.6025
045: Acc-tr:   0.15, Acc-val:   0.15, L-tr: 33.9043, L-val: 33.9043
046: Acc-tr:   0.10, Acc-val:   0.10, L-tr: 34.2623, L-val: 34.2623
047: Acc-tr:   0.10, Acc-val:   0.10, L-tr: 36.9640, L-val: 36.9640
048: Acc-tr:   0.13, Acc-val:   0.13, L-tr: 36.1818, L-val: 36.1818
049: Acc-tr:   0.14, Acc-val:   0.14, L-tr: 43.2926, L-val: 43.2926
050: Acc-tr:   0.20, Acc-val:   0.20, L-tr: 15.3740, L-val: 15.3740
051: Acc-tr:   0.21, Acc-val:   0.21, L-tr: 11.7378, L-val: 11.7378
052: Acc-tr:   0.21, Acc-val:   0.21, L-tr: 13.0743, L-val: 13.0743
053: Acc-tr:   0.22, Acc-val:   0.22, L-tr: 11.8099, L-val: 11.8099
054: Acc-tr:   0.24, Acc-val:   0.24, L-tr: 10.5070, L-val: 10.5070
055: Acc-tr:   0.24, Acc-val:   0.24, L-tr: 10.4839, L-val: 10.4839
056: Acc-tr:   0.24, Acc-val:   0.24, L-tr: 11.3311, L-val: 11.3311
057: Acc-tr:   0.24, Acc-val:   0.24, L-tr: 10.9718, L-val: 10.9718
058: Acc-tr:   0.21, Acc-val:   0.21, L-tr: 10.5989, L-val: 10.5989
059: Acc-tr:   0.17, Acc-val:   0.17, L-tr: 9.8534, L-val: 9.8534
060: Acc-tr:   0.26, Acc-val:   0.26, L-tr: 9.8552, L-val: 9.8552
061: Acc-tr:   0.25, Acc-val:   0.25, L-tr: 9.9505, L-val: 9.9505
062: Acc-tr:   0.23, Acc-val:   0.23, L-tr: 9.1302, L-val: 9.1302
063: Acc-tr:   0.23, Acc-val:   0.23, L-tr: 10.8470, L-val: 10.8470
064: Acc-tr:   0.26, Acc-val:   0.26, L-tr: 9.9747, L-val: 9.9747
065: Acc-tr:   0.27, Acc-val:   0.27, L-tr: 10.4765, L-val: 10.4765
066: Acc-tr:   0.24, Acc-val:   0.24, L-tr: 9.7572, L-val: 9.7572
067: Acc-tr:   0.26, Acc-val:   0.26, L-tr: 9.1685, L-val: 9.1685
068: Acc-tr:   0.26, Acc-val:   0.26, L-tr: 8.9524, L-val: 8.9524
069: Acc-tr:   0.21, Acc-val:   0.21, L-tr: 9.2022, L-val: 9.2022
070: Acc-tr:   0.27, Acc-val:   0.27, L-tr: 9.1367, L-val: 9.1367
071: Acc-tr:   0.28, Acc-val:   0.28, L-tr: 9.0159, L-val: 9.0159
072: Acc-tr:   0.26, Acc-val:   0.26, L-tr: 8.5079, L-val: 8.5079
073: Acc-tr:   0.26, Acc-val:   0.26, L-tr: 8.6364, L-val: 8.6364
074: Acc-tr:   0.27, Acc-val:   0.27, L-tr: 9.5227, L-val: 9.5227
075: Acc-tr:   0.28, Acc-val:   0.28, L-tr: 8.0903, L-val: 8.0903
076: Acc-tr:   0.29, Acc-val:   0.29, L-tr: 9.0141, L-val: 9.0141
077: Acc-tr:   0.23, Acc-val:   0.23, L-tr: 8.4151, L-val: 8.4151
078: Acc-tr:   0.29, Acc-val:   0.29, L-tr: 8.4246, L-val: 8.4246
079: Acc-tr:   0.28, Acc-val:   0.28, L-tr: 8.2667, L-val: 8.2667
080: Acc-tr:   0.27, Acc-val:   0.27, L-tr: 8.9383, L-val: 8.9383
081: Acc-tr:   0.26, Acc-val:   0.26, L-tr: 8.5148, L-val: 8.5148
082: Acc-tr:   0.26, Acc-val:   0.26, L-tr: 7.8059, L-val: 7.8059
083: Acc-tr:   0.28, Acc-val:   0.28, L-tr: 7.7045, L-val: 7.7045
084: Acc-tr:   0.26, Acc-val:   0.26, L-tr: 7.7933, L-val: 7.7933
085: Acc-tr:   0.27, Acc-val:   0.27, L-tr: 7.8768, L-val: 7.8768
086: Acc-tr:   0.28, Acc-val:   0.28, L-tr: 7.6877, L-val: 7.6877
087: Acc-tr:   0.28, Acc-val:   0.28, L-tr: 8.1529, L-val: 8.1529
088: Acc-tr:   0.27, Acc-val:   0.27, L-tr: 7.9716, L-val: 7.9716
089: Acc-tr:   0.31, Acc-val:   0.31, L-tr: 8.1817, L-val: 8.1817
090: Acc-tr:   0.26, Acc-val:   0.26, L-tr: 8.4116, L-val: 8.4116
091: Acc-tr:   0.29, Acc-val:   0.29, L-tr: 8.0506, L-val: 8.0506
092: Acc-tr:   0.27, Acc-val:   0.27, L-tr: 8.6586, L-val: 8.6586
093: Acc-tr:   0.29, Acc-val:   0.29, L-tr: 9.7367, L-val: 9.7367
094: Acc-tr:   0.31, Acc-val:   0.31, L-tr: 8.8219, L-val: 8.8219
095: Acc-tr:   0.30, Acc-val:   0.30, L-tr: 10.0923, L-val: 10.0923
096: Acc-tr:   0.28, Acc-val:   0.28, L-tr: 9.6070, L-val: 9.6070
097: Acc-tr:   0.28, Acc-val:   0.28, L-tr: 8.9677, L-val: 8.9677
098: Acc-tr:   0.27, Acc-val:   0.27, L-tr: 8.9029, L-val: 8.9029
099: Acc-tr:   0.32, Acc-val:   0.32, L-tr: 7.6470, L-val: 7.6470
100: Acc-tr:   0.32, Acc-val:   0.32, L-tr: 7.3126, L-val: 7.3126
101: Acc-tr:   0.33, Acc-val:   0.33, L-tr: 7.1254, L-val: 7.1254
102: Acc-tr:   0.33, Acc-val:   0.33, L-tr: 7.0143, L-val: 7.0143
103: Acc-tr:   0.35, Acc-val:   0.35, L-tr: 6.9511, L-val: 6.9511
104: Acc-tr:   0.35, Acc-val:   0.35, L-tr: 6.9151, L-val: 6.9151
105: Acc-tr:   0.32, Acc-val:   0.32, L-tr: 6.8738, L-val: 6.8738
106: Acc-tr:   0.29, Acc-val:   0.29, L-tr: 6.8637, L-val: 6.8637
107: Acc-tr:   0.32, Acc-val:   0.32, L-tr: 6.8308, L-val: 6.8308
108: Acc-tr:   0.32, Acc-val:   0.32, L-tr: 6.8191, L-val: 6.8191
109: Acc-tr:   0.32, Acc-val:   0.32, L-tr: 6.8143, L-val: 6.8143
110: Acc-tr:   0.34, Acc-val:   0.34, L-tr: 6.8038, L-val: 6.8038
111: Acc-tr:   0.35, Acc-val:   0.35, L-tr: 6.7980, L-val: 6.7980
112: Acc-tr:   0.35, Acc-val:   0.35, L-tr: 6.7992, L-val: 6.7992
113: Acc-tr:   0.36, Acc-val:   0.36, L-tr: 6.7989, L-val: 6.7989
114: Acc-tr:   0.36, Acc-val:   0.36, L-tr: 6.7949, L-val: 6.7949
115: Acc-tr:   0.35, Acc-val:   0.35, L-tr: 6.7986, L-val: 6.7986
116: Acc-tr:   0.35, Acc-val:   0.35, L-tr: 6.7948, L-val: 6.7948
117: Acc-tr:   0.35, Acc-val:   0.35, L-tr: 6.7852, L-val: 6.7852
118: Acc-tr:   0.37, Acc-val:   0.37, L-tr: 6.7981, L-val: 6.7981
119: Acc-tr:   0.36, Acc-val:   0.36, L-tr: 6.7879, L-val: 6.7879
120: Acc-tr:   0.37, Acc-val:   0.37, L-tr: 6.7925, L-val: 6.7925
121: Acc-tr:   0.37, Acc-val:   0.37, L-tr: 6.8040, L-val: 6.8040
122: Acc-tr:   0.37, Acc-val:   0.37, L-tr: 6.7899, L-val: 6.7899
123: Acc-tr:   0.36, Acc-val:   0.36, L-tr: 6.7824, L-val: 6.7824
124: Acc-tr:   0.35, Acc-val:   0.35, L-tr: 6.8036, L-val: 6.8036
125: Acc-tr:   0.37, Acc-val:   0.37, L-tr: 6.7843, L-val: 6.7843
126: Acc-tr:   0.36, Acc-val:   0.36, L-tr: 6.7822, L-val: 6.7822
127: Acc-tr:   0.35, Acc-val:   0.35, L-tr: 6.7792, L-val: 6.7792
128: Acc-tr:   0.35, Acc-val:   0.35, L-tr: 6.7813, L-val: 6.7813
129: Acc-tr:   0.31, Acc-val:   0.31, L-tr: 6.7708, L-val: 6.7708
130: Acc-tr:   0.31, Acc-val:   0.31, L-tr: 6.7676, L-val: 6.7676
131: Acc-tr:   0.31, Acc-val:   0.31, L-tr: 6.7667, L-val: 6.7667
132: Acc-tr:   0.30, Acc-val:   0.30, L-tr: 6.7757, L-val: 6.7757
133: Acc-tr:   0.31, Acc-val:   0.31, L-tr: 6.7745, L-val: 6.7745
134: Acc-tr:   0.31, Acc-val:   0.31, L-tr: 6.7749, L-val: 6.7749
135: Acc-tr:   0.32, Acc-val:   0.32, L-tr: 6.7756, L-val: 6.7756
136: Acc-tr:   0.32, Acc-val:   0.32, L-tr: 6.7778, L-val: 6.7778
137: Acc-tr:   0.32, Acc-val:   0.32, L-tr: 6.7767, L-val: 6.7767
138: Acc-tr:   0.29, Acc-val:   0.29, L-tr: 6.7664, L-val: 6.7664
139: Acc-tr:   0.30, Acc-val:   0.30, L-tr: 6.7613, L-val: 6.7613
140: Acc-tr:   0.28, Acc-val:   0.28, L-tr: 6.7653, L-val: 6.7653
141: Acc-tr:   0.30, Acc-val:   0.30, L-tr: 6.7660, L-val: 6.7660
142: Acc-tr:   0.30, Acc-val:   0.30, L-tr: 6.7652, L-val: 6.7652
143: Acc-tr:   0.30, Acc-val:   0.30, L-tr: 6.7634, L-val: 6.7634
144: Acc-tr:   0.28, Acc-val:   0.28, L-tr: 6.7636, L-val: 6.7636
145: Acc-tr:   0.31, Acc-val:   0.31, L-tr: 6.7597, L-val: 6.7597
146: Acc-tr:   0.28, Acc-val:   0.28, L-tr: 6.7673, L-val: 6.7673
147: Acc-tr:   0.28, Acc-val:   0.28, L-tr: 6.7686, L-val: 6.7686
148: Acc-tr:   0.28, Acc-val:   0.28, L-tr: 6.7645, L-val: 6.7645
149: Acc-tr:   0.28, Acc-val:   0.28, L-tr: 6.7655, L-val: 6.7655
150: Acc-tr:   0.29, Acc-val:   0.29, L-tr: 6.7667, L-val: 6.7667
151: Acc-tr:   0.28, Acc-val:   0.28, L-tr: 6.7614, L-val: 6.7614
152: Acc-tr:   0.28, Acc-val:   0.28, L-tr: 6.7616, L-val: 6.7616
153: Acc-tr:   0.30, Acc-val:   0.30, L-tr: 6.7657, L-val: 6.7657
154: Acc-tr:   0.28, Acc-val:   0.28, L-tr: 6.7669, L-val: 6.7669
155: Acc-tr:   0.28, Acc-val:   0.28, L-tr: 6.7640, L-val: 6.7640
156: Acc-tr:   0.30, Acc-val:   0.30, L-tr: 6.7615, L-val: 6.7615
157: Acc-tr:   0.30, Acc-val:   0.30, L-tr: 6.7674, L-val: 6.7674
158: Acc-tr:   0.28, Acc-val:   0.28, L-tr: 6.7638, L-val: 6.7638
159: Acc-tr:   0.30, Acc-val:   0.30, L-tr: 6.7664, L-val: 6.7664
160: Acc-tr:   0.29, Acc-val:   0.29, L-tr: 6.7602, L-val: 6.7602
161: Acc-tr:   0.30, Acc-val:   0.30, L-tr: 6.7694, L-val: 6.7694
162: Acc-tr:   0.30, Acc-val:   0.30, L-tr: 6.7632, L-val: 6.7632
163: Acc-tr:   0.28, Acc-val:   0.28, L-tr: 6.7655, L-val: 6.7655
164: Acc-tr:   0.30, Acc-val:   0.30, L-tr: 6.7633, L-val: 6.7633
165: Acc-tr:   0.29, Acc-val:   0.29, L-tr: 6.7673, L-val: 6.7673
166: Acc-tr:   0.33, Acc-val:   0.33, L-tr: 6.7685, L-val: 6.7685
167: Acc-tr:   0.29, Acc-val:   0.29, L-tr: 6.7609, L-val: 6.7609
168: Acc-tr:   0.29, Acc-val:   0.29, L-tr: 6.7637, L-val: 6.7637
169: Acc-tr:   0.29, Acc-val:   0.29, L-tr: 6.7650, L-val: 6.7650
170: Acc-tr:   0.30, Acc-val:   0.30, L-tr: 6.7611, L-val: 6.7611
171: Acc-tr:   0.29, Acc-val:   0.29, L-tr: 6.7628, L-val: 6.7628
172: Acc-tr:   0.28, Acc-val:   0.28, L-tr: 6.7675, L-val: 6.7675
173: Acc-tr:   0.30, Acc-val:   0.30, L-tr: 6.7673, L-val: 6.7673
174: Acc-tr:   0.31, Acc-val:   0.31, L-tr: 6.7672, L-val: 6.7672
175: Acc-tr:   0.29, Acc-val:   0.29, L-tr: 6.7639, L-val: 6.7639
176: Acc-tr:   0.29, Acc-val:   0.29, L-tr: 6.7676, L-val: 6.7676
177: Acc-tr:   0.30, Acc-val:   0.30, L-tr: 6.7715, L-val: 6.7715
178: Acc-tr:   0.28, Acc-val:   0.28, L-tr: 6.7668, L-val: 6.7668
179: Acc-tr:   0.30, Acc-val:   0.30, L-tr: 6.7608, L-val: 6.7608
180: Acc-tr:   0.29, Acc-val:   0.29, L-tr: 6.7697, L-val: 6.7697
181: Acc-tr:   0.28, Acc-val:   0.28, L-tr: 6.7654, L-val: 6.7654
182: Acc-tr:   0.30, Acc-val:   0.30, L-tr: 6.7692, L-val: 6.7692
183: Acc-tr:   0.29, Acc-val:   0.29, L-tr: 6.7665, L-val: 6.7665
184: Acc-tr:   0.30, Acc-val:   0.30, L-tr: 6.7670, L-val: 6.7670
185: Acc-tr:   0.28, Acc-val:   0.28, L-tr: 6.7677, L-val: 6.7677
186: Acc-tr:   0.29, Acc-val:   0.29, L-tr: 6.7643, L-val: 6.7643
187: Acc-tr:   0.29, Acc-val:   0.29, L-tr: 6.7616, L-val: 6.7616
188: Acc-tr:   0.30, Acc-val:   0.30, L-tr: 6.7649, L-val: 6.7649
189: Acc-tr:   0.30, Acc-val:   0.30, L-tr: 6.7599, L-val: 6.7599
190: Acc-tr:   0.28, Acc-val:   0.28, L-tr: 6.7674, L-val: 6.7674
191: Acc-tr:   0.29, Acc-val:   0.29, L-tr: 6.7619, L-val: 6.7619
192: Acc-tr:   0.28, Acc-val:   0.28, L-tr: 6.7663, L-val: 6.7663
193: Acc-tr:   0.30, Acc-val:   0.30, L-tr: 6.7644, L-val: 6.7644
194: Acc-tr:   0.30, Acc-val:   0.30, L-tr: 6.7641, L-val: 6.7641
195: Acc-tr:   0.28, Acc-val:   0.28, L-tr: 6.7655, L-val: 6.7655
196: Acc-tr:   0.29, Acc-val:   0.29, L-tr: 6.7644, L-val: 6.7644
197: Acc-tr:   0.29, Acc-val:   0.29, L-tr: 6.7633, L-val: 6.7633
198: Acc-tr:   0.30, Acc-val:   0.30, L-tr: 6.7668, L-val: 6.7668
199: Acc-tr:   0.30, Acc-val:   0.30, L-tr: 6.7603, L-val: 6.7603
200: Acc-tr:   0.29, Acc-val:   0.29, L-tr: 6.7657, L-val: 6.7657
201: Acc-tr:   0.30, Acc-val:   0.30, L-tr: 6.7594, L-val: 6.7594
202: Acc-tr:   0.30, Acc-val:   0.30, L-tr: 6.7651, L-val: 6.7651
203: Acc-tr:   0.28, Acc-val:   0.28, L-tr: 6.7663, L-val: 6.7663
204: Acc-tr:   0.28, Acc-val:   0.28, L-tr: 6.7643, L-val: 6.7643
205: Acc-tr:   0.28, Acc-val:   0.28, L-tr: 6.7679, L-val: 6.7679
206: Acc-tr:   0.29, Acc-val:   0.29, L-tr: 6.7629, L-val: 6.7629
207: Acc-tr:   0.29, Acc-val:   0.29, L-tr: 6.7634, L-val: 6.7634
208: Acc-tr:   0.29, Acc-val:   0.29, L-tr: 6.7612, L-val: 6.7612
209: Acc-tr:   0.30, Acc-val:   0.30, L-tr: 6.7683, L-val: 6.7683
210: Acc-tr:   0.28, Acc-val:   0.28, L-tr: 6.7637, L-val: 6.7637
211: Acc-tr:   0.30, Acc-val:   0.30, L-tr: 6.7659, L-val: 6.7659
212: Acc-tr:   0.29, Acc-val:   0.29, L-tr: 6.7630, L-val: 6.7630
213: Acc-tr:   0.29, Acc-val:   0.29, L-tr: 6.7643, L-val: 6.7643
214: Acc-tr:   0.31, Acc-val:   0.31, L-tr: 6.7605, L-val: 6.7605
215: Acc-tr:   0.30, Acc-val:   0.30, L-tr: 6.7637, L-val: 6.7637
216: Acc-tr:   0.29, Acc-val:   0.29, L-tr: 6.7659, L-val: 6.7659
217: Acc-tr:   0.28, Acc-val:   0.28, L-tr: 6.7623, L-val: 6.7623
218: Acc-tr:   0.30, Acc-val:   0.30, L-tr: 6.7674, L-val: 6.7674
219: Acc-tr:   0.30, Acc-val:   0.30, L-tr: 6.7657, L-val: 6.7657
220: Acc-tr:   0.29, Acc-val:   0.29, L-tr: 6.7677, L-val: 6.7677
221: Acc-tr:   0.30, Acc-val:   0.30, L-tr: 6.7648, L-val: 6.7648
222: Acc-tr:   0.29, Acc-val:   0.29, L-tr: 6.7669, L-val: 6.7669
223: Acc-tr:   0.29, Acc-val:   0.29, L-tr: 6.7663, L-val: 6.7663
224: Acc-tr:   0.30, Acc-val:   0.30, L-tr: 6.7696, L-val: 6.7696
225: Acc-tr:   0.29, Acc-val:   0.29, L-tr: 6.7642, L-val: 6.7642
226: Acc-tr:   0.29, Acc-val:   0.29, L-tr: 6.7611, L-val: 6.7611
227: Acc-tr:   0.29, Acc-val:   0.29, L-tr: 6.7610, L-val: 6.7610
228: Acc-tr:   0.30, Acc-val:   0.30, L-tr: 6.7593, L-val: 6.7593
229: Acc-tr:   0.30, Acc-val:   0.30, L-tr: 6.7700, L-val: 6.7700
230: Acc-tr:   0.31, Acc-val:   0.31, L-tr: 6.7593, L-val: 6.7593
231: Acc-tr:   0.32, Acc-val:   0.32, L-tr: 6.7585, L-val: 6.7585
232: Acc-tr:   0.29, Acc-val:   0.29, L-tr: 6.7644, L-val: 6.7644
233: Acc-tr:   0.29, Acc-val:   0.29, L-tr: 6.7619, L-val: 6.7619
234: Acc-tr:   0.28, Acc-val:   0.28, L-tr: 6.7644, L-val: 6.7644
235: Acc-tr:   0.30, Acc-val:   0.30, L-tr: 6.7690, L-val: 6.7690
236: Acc-tr:   0.29, Acc-val:   0.29, L-tr: 6.7662, L-val: 6.7662
237: Acc-tr:   0.30, Acc-val:   0.30, L-tr: 6.7679, L-val: 6.7679
238: Acc-tr:   0.27, Acc-val:   0.27, L-tr: 6.7632, L-val: 6.7632
239: Acc-tr:   0.28, Acc-val:   0.28, L-tr: 6.7636, L-val: 6.7636
240: Acc-tr:   0.28, Acc-val:   0.28, L-tr: 6.7631, L-val: 6.7631
241: Acc-tr:   0.33, Acc-val:   0.33, L-tr: 6.7593, L-val: 6.7593
242: Acc-tr:   0.30, Acc-val:   0.30, L-tr: 6.7653, L-val: 6.7653
243: Acc-tr:   0.28, Acc-val:   0.28, L-tr: 6.7625, L-val: 6.7625
244: Acc-tr:   0.30, Acc-val:   0.30, L-tr: 6.7588, L-val: 6.7588
245: Acc-tr:   0.30, Acc-val:   0.30, L-tr: 6.7675, L-val: 6.7675
246: Acc-tr:   0.28, Acc-val:   0.28, L-tr: 6.7664, L-val: 6.7664
247: Acc-tr:   0.30, Acc-val:   0.30, L-tr: 6.7619, L-val: 6.7619
248: Acc-tr:   0.30, Acc-val:   0.30, L-tr: 6.7667, L-val: 6.7667
249: Acc-tr:   0.30, Acc-val:   0.30, L-tr: 6.7695, L-val: 6.7695
250: Acc-tr:   0.30, Acc-val:   0.30, L-tr: 6.7703, L-val: 6.7703
251: Acc-tr:   0.29, Acc-val:   0.29, L-tr: 6.7644, L-val: 6.7644
252: Acc-tr:   0.29, Acc-val:   0.29, L-tr: 6.7656, L-val: 6.7656
253: Acc-tr:   0.30, Acc-val:   0.30, L-tr: 6.7665, L-val: 6.7665
254: Acc-tr:   0.28, Acc-val:   0.28, L-tr: 6.7612, L-val: 6.7612
255: Acc-tr:   0.28, Acc-val:   0.28, L-tr: 6.7613, L-val: 6.7613
256: Acc-tr:   0.29, Acc-val:   0.29, L-tr: 6.7635, L-val: 6.7635
257: Acc-tr:   0.29, Acc-val:   0.29, L-tr: 6.7638, L-val: 6.7638
258: Acc-tr:   0.30, Acc-val:   0.30, L-tr: 6.7734, L-val: 6.7734
259: Acc-tr:   0.30, Acc-val:   0.30, L-tr: 6.7627, L-val: 6.7627
260: Acc-tr:   0.28, Acc-val:   0.28, L-tr: 6.7657, L-val: 6.7657
261: Acc-tr:   0.29, Acc-val:   0.29, L-tr: 6.7647, L-val: 6.7647
262: Acc-tr:   0.27, Acc-val:   0.27, L-tr: 6.7616, L-val: 6.7616
263: Acc-tr:   0.29, Acc-val:   0.29, L-tr: 6.7613, L-val: 6.7613
264: Acc-tr:   0.27, Acc-val:   0.27, L-tr: 6.7632, L-val: 6.7632
265: Acc-tr:   0.29, Acc-val:   0.29, L-tr: 6.7603, L-val: 6.7603
266: Acc-tr:   0.28, Acc-val:   0.28, L-tr: 6.7627, L-val: 6.7627
267: Acc-tr:   0.29, Acc-val:   0.29, L-tr: 6.7633, L-val: 6.7633
268: Acc-tr:   0.30, Acc-val:   0.30, L-tr: 6.7654, L-val: 6.7654
269: Acc-tr:   0.29, Acc-val:   0.29, L-tr: 6.7643, L-val: 6.7643
270: Acc-tr:   0.28, Acc-val:   0.28, L-tr: 6.7665, L-val: 6.7665
271: Acc-tr:   0.29, Acc-val:   0.29, L-tr: 6.7644, L-val: 6.7644
272: Acc-tr:   0.28, Acc-val:   0.28, L-tr: 6.7642, L-val: 6.7642
273: Acc-tr:   0.28, Acc-val:   0.28, L-tr: 6.7622, L-val: 6.7622
274: Acc-tr:   0.29, Acc-val:   0.29, L-tr: 6.7677, L-val: 6.7677
275: Acc-tr:   0.29, Acc-val:   0.29, L-tr: 6.7642, L-val: 6.7642
276: Acc-tr:   0.29, Acc-val:   0.29, L-tr: 6.7657, L-val: 6.7657
277: Acc-tr:   0.29, Acc-val:   0.29, L-tr: 6.7663, L-val: 6.7663
278: Acc-tr:   0.28, Acc-val:   0.28, L-tr: 6.7644, L-val: 6.7644
279: Acc-tr:   0.30, Acc-val:   0.30, L-tr: 6.7606, L-val: 6.7606
280: Acc-tr:   0.34, Acc-val:   0.34, L-tr: 6.7579, L-val: 6.7579
281: Acc-tr:   0.32, Acc-val:   0.32, L-tr: 6.7597, L-val: 6.7597
282: Acc-tr:   0.30, Acc-val:   0.30, L-tr: 6.7642, L-val: 6.7642
283: Acc-tr:   0.32, Acc-val:   0.32, L-tr: 6.7600, L-val: 6.7600
284: Acc-tr:   0.28, Acc-val:   0.28, L-tr: 6.7654, L-val: 6.7654
285: Acc-tr:   0.29, Acc-val:   0.29, L-tr: 6.7606, L-val: 6.7606
286: Acc-tr:   0.28, Acc-val:   0.28, L-tr: 6.7651, L-val: 6.7651
287: Acc-tr:   0.28, Acc-val:   0.28, L-tr: 6.7616, L-val: 6.7616
288: Acc-tr:   0.30, Acc-val:   0.30, L-tr: 6.7665, L-val: 6.7665
289: Acc-tr:   0.29, Acc-val:   0.29, L-tr: 6.7687, L-val: 6.7687
290: Acc-tr:   0.30, Acc-val:   0.30, L-tr: 6.7642, L-val: 6.7642
291: Acc-tr:   0.29, Acc-val:   0.29, L-tr: 6.7659, L-val: 6.7659
292: Acc-tr:   0.29, Acc-val:   0.29, L-tr: 6.7644, L-val: 6.7644
293: Acc-tr:   0.28, Acc-val:   0.28, L-tr: 6.7638, L-val: 6.7638
294: Acc-tr:   0.30, Acc-val:   0.30, L-tr: 6.7650, L-val: 6.7650
295: Acc-tr:   0.30, Acc-val:   0.30, L-tr: 6.7603, L-val: 6.7603
296: Acc-tr:   0.29, Acc-val:   0.29, L-tr: 6.7635, L-val: 6.7635
297: Acc-tr:   0.30, Acc-val:   0.30, L-tr: 6.7705, L-val: 6.7705
298: Acc-tr:   0.30, Acc-val:   0.30, L-tr: 6.7595, L-val: 6.7595
299: Acc-tr:   0.29, Acc-val:   0.29, L-tr: 6.7635, L-val: 6.7635
