/ext3/miniconda3/lib/python3.12/site-packages/torchvision/models/_utils.py:208: UserWarning: The parameter 'pretrained' is deprecated since 0.13 and may be removed in the future, please use 'weights' instead.
  warnings.warn(
/ext3/miniconda3/lib/python3.12/site-packages/torchvision/models/_utils.py:223: UserWarning: Arguments other than a weight enum or `None` for 'weights' are deprecated since 0.13 and may be removed in the future. The current behavior is equivalent to passing `weights=None`.
  warnings.warn(msg)
Number of parameters: 5288548
/scratch/cm6627/diffeo_cnn/experiment/008_RandomLabels_EfficentNetb0/./train.py:184: UserWarning: volatile was removed and now has no effect. Use `with torch.no_grad():` instead.
  input_var = torch.autograd.Variable(input, volatile=True)
/scratch/cm6627/diffeo_cnn/experiment/008_RandomLabels_EfficentNetb0/./train.py:185: UserWarning: volatile was removed and now has no effect. Use `with torch.no_grad():` instead.
  target_var = torch.autograd.Variable(target, volatile=True)
000: Acc-tr:   0.09, Acc-val:   0.09, L-tr: 7.6440, L-val: 7.6440
001: Acc-tr:   0.15, Acc-val:   0.15, L-tr: 6.9069, L-val: 6.9069
002: Acc-tr:   0.18, Acc-val:   0.18, L-tr: 6.9052, L-val: 6.9052
003: Acc-tr:   0.16, Acc-val:   0.16, L-tr: 6.9044, L-val: 6.9044
004: Acc-tr:   0.20, Acc-val:   0.20, L-tr: 6.9037, L-val: 6.9037
005: Acc-tr:   0.23, Acc-val:   0.23, L-tr: 6.8927, L-val: 6.8927
006: Acc-tr:   0.20, Acc-val:   0.20, L-tr: 6.8810, L-val: 6.8810
007: Acc-tr:   0.29, Acc-val:   0.29, L-tr: 6.8705, L-val: 6.8705
008: Acc-tr:   0.30, Acc-val:   0.30, L-tr: 6.8817, L-val: 6.8817
009: Acc-tr:   0.28, Acc-val:   0.28, L-tr: 6.8616, L-val: 6.8616
010: Acc-tr:   0.33, Acc-val:   0.33, L-tr: 6.8761, L-val: 6.8761
011: Acc-tr:   0.31, Acc-val:   0.31, L-tr: 6.8824, L-val: 6.8824
012: Acc-tr:   0.30, Acc-val:   0.30, L-tr: 6.8826, L-val: 6.8826
013: Acc-tr:   0.27, Acc-val:   0.27, L-tr: 6.8896, L-val: 6.8896
014: Acc-tr:   0.31, Acc-val:   0.31, L-tr: 6.9085, L-val: 6.9085
015: Acc-tr:   0.30, Acc-val:   0.30, L-tr: 6.9150, L-val: 6.9150
016: Acc-tr:   0.36, Acc-val:   0.36, L-tr: 6.9542, L-val: 6.9542
017: Acc-tr:   0.29, Acc-val:   0.29, L-tr: 7.0082, L-val: 7.0082
018: Acc-tr:   0.34, Acc-val:   0.34, L-tr: 7.1100, L-val: 7.1100
019: Acc-tr:   0.28, Acc-val:   0.28, L-tr: 6.9949, L-val: 6.9949
020: Acc-tr:   0.28, Acc-val:   0.28, L-tr: 7.0389, L-val: 7.0389
021: Acc-tr:   0.31, Acc-val:   0.31, L-tr: 7.0303, L-val: 7.0303
022: Acc-tr:   0.35, Acc-val:   0.35, L-tr: 7.3915, L-val: 7.3915
023: Acc-tr:   0.24, Acc-val:   0.24, L-tr: 8.5004, L-val: 8.5004
024: Acc-tr:   0.27, Acc-val:   0.27, L-tr: 7.5646, L-val: 7.5646
025: Acc-tr:   0.33, Acc-val:   0.33, L-tr: 8.7459, L-val: 8.7459
026: Acc-tr:   0.35, Acc-val:   0.35, L-tr: 8.7913, L-val: 8.7913
027: Acc-tr:   0.36, Acc-val:   0.36, L-tr: 9.1581, L-val: 9.1581
028: Acc-tr:   0.37, Acc-val:   0.37, L-tr: 8.9903, L-val: 8.9903
029: Acc-tr:   0.31, Acc-val:   0.31, L-tr: 9.2542, L-val: 9.2542
030: Acc-tr:   0.38, Acc-val:   0.38, L-tr: 9.4593, L-val: 9.4593
031: Acc-tr:   0.36, Acc-val:   0.36, L-tr: 9.2552, L-val: 9.2552
032: Acc-tr:   0.34, Acc-val:   0.34, L-tr: 9.9378, L-val: 9.9378
033: Acc-tr:   0.32, Acc-val:   0.32, L-tr: 9.0012, L-val: 9.0012
034: Acc-tr:   0.25, Acc-val:   0.25, L-tr: 9.1754, L-val: 9.1754
035: Acc-tr:   0.35, Acc-val:   0.35, L-tr: 9.3657, L-val: 9.3657
036: Acc-tr:   0.34, Acc-val:   0.34, L-tr: 9.1851, L-val: 9.1851
037: Acc-tr:   0.30, Acc-val:   0.30, L-tr: 8.5379, L-val: 8.5379
038: Acc-tr:   0.31, Acc-val:   0.31, L-tr: 9.8753, L-val: 9.8753
039: Acc-tr:   0.32, Acc-val:   0.32, L-tr: 11.5980, L-val: 11.5980
040: Acc-tr:   0.34, Acc-val:   0.34, L-tr: 11.0227, L-val: 11.0227
041: Acc-tr:   0.27, Acc-val:   0.27, L-tr: 8.3866, L-val: 8.3866
042: Acc-tr:   0.28, Acc-val:   0.28, L-tr: 8.1487, L-val: 8.1487
043: Acc-tr:   0.31, Acc-val:   0.31, L-tr: 10.1744, L-val: 10.1744
044: Acc-tr:   0.28, Acc-val:   0.28, L-tr: 8.0541, L-val: 8.0541
045: Acc-tr:   0.27, Acc-val:   0.27, L-tr: 8.0995, L-val: 8.0995
046: Acc-tr:   0.29, Acc-val:   0.29, L-tr: 9.0231, L-val: 9.0231
047: Acc-tr:   0.29, Acc-val:   0.29, L-tr: 9.6880, L-val: 9.6880
048: Acc-tr:   0.29, Acc-val:   0.29, L-tr: 8.7307, L-val: 8.7307
049: Acc-tr:   0.32, Acc-val:   0.32, L-tr: 8.6910, L-val: 8.6910
050: Acc-tr:   0.37, Acc-val:   0.37, L-tr: 8.7108, L-val: 8.7108
051: Acc-tr:   0.36, Acc-val:   0.36, L-tr: 9.3135, L-val: 9.3135
052: Acc-tr:   0.37, Acc-val:   0.37, L-tr: 51.6367, L-val: 51.6367
053: Acc-tr:   0.38, Acc-val:   0.38, L-tr: 12.1143, L-val: 12.1143
054: Acc-tr:   0.39, Acc-val:   0.39, L-tr: 8.6124, L-val: 8.6124
055: Acc-tr:   0.40, Acc-val:   0.40, L-tr: 7.9885, L-val: 7.9885
056: Acc-tr:   0.41, Acc-val:   0.41, L-tr: 8.3645, L-val: 8.3645
057: Acc-tr:   0.40, Acc-val:   0.40, L-tr: 8.0276, L-val: 8.0276
058: Acc-tr:   0.40, Acc-val:   0.40, L-tr: 9.4691, L-val: 9.4691
059: Acc-tr:   0.40, Acc-val:   0.40, L-tr: 9.1081, L-val: 9.1081
060: Acc-tr:   0.41, Acc-val:   0.41, L-tr: 8.0917, L-val: 8.0917
061: Acc-tr:   0.41, Acc-val:   0.41, L-tr: 8.0338, L-val: 8.0338
062: Acc-tr:   0.43, Acc-val:   0.43, L-tr: 8.3225, L-val: 8.3225
063: Acc-tr:   0.40, Acc-val:   0.40, L-tr: 8.0602, L-val: 8.0602
064: Acc-tr:   0.42, Acc-val:   0.42, L-tr: 7.7753, L-val: 7.7753
065: Acc-tr:   0.42, Acc-val:   0.42, L-tr: 7.8456, L-val: 7.8456
066: Acc-tr:   0.42, Acc-val:   0.42, L-tr: 7.9553, L-val: 7.9553
067: Acc-tr:   0.40, Acc-val:   0.40, L-tr: 7.8325, L-val: 7.8325
068: Acc-tr:   0.37, Acc-val:   0.37, L-tr: 7.6119, L-val: 7.6119
069: Acc-tr:   0.36, Acc-val:   0.36, L-tr: 7.7464, L-val: 7.7464
070: Acc-tr:   0.38, Acc-val:   0.38, L-tr: 7.7844, L-val: 7.7844
071: Acc-tr:   0.34, Acc-val:   0.34, L-tr: 7.1920, L-val: 7.1920
072: Acc-tr:   0.42, Acc-val:   0.42, L-tr: 7.5782, L-val: 7.5782
073: Acc-tr:   0.42, Acc-val:   0.42, L-tr: 7.6036, L-val: 7.6036
074: Acc-tr:   0.45, Acc-val:   0.45, L-tr: 7.7105, L-val: 7.7105
075: Acc-tr:   0.38, Acc-val:   0.38, L-tr: 8.0775, L-val: 8.0775
076: Acc-tr:   0.43, Acc-val:   0.43, L-tr: 8.1483, L-val: 8.1483
077: Acc-tr:   0.41, Acc-val:   0.41, L-tr: 7.5880, L-val: 7.5880
078: Acc-tr:   0.39, Acc-val:   0.39, L-tr: 8.1651, L-val: 8.1651
079: Acc-tr:   0.39, Acc-val:   0.39, L-tr: 7.9412, L-val: 7.9412
080: Acc-tr:   0.37, Acc-val:   0.37, L-tr: 8.2978, L-val: 8.2978
081: Acc-tr:   0.41, Acc-val:   0.41, L-tr: 9.0638, L-val: 9.0638
082: Acc-tr:   0.38, Acc-val:   0.38, L-tr: 13.4610, L-val: 13.4610
083: Acc-tr:   0.44, Acc-val:   0.44, L-tr: 9.8434, L-val: 9.8434
084: Acc-tr:   0.36, Acc-val:   0.36, L-tr: 9.0958, L-val: 9.0958
085: Acc-tr:   0.47, Acc-val:   0.47, L-tr: 17.9745, L-val: 17.9745
086: Acc-tr:   0.40, Acc-val:   0.40, L-tr: 8.7394, L-val: 8.7394
087: Acc-tr:   0.39, Acc-val:   0.39, L-tr: 8.3666, L-val: 8.3666
088: Acc-tr:   0.36, Acc-val:   0.36, L-tr: 7.7412, L-val: 7.7412
089: Acc-tr:   0.42, Acc-val:   0.42, L-tr: 8.6180, L-val: 8.6180
090: Acc-tr:   0.44, Acc-val:   0.44, L-tr: 8.7483, L-val: 8.7483
091: Acc-tr:   0.42, Acc-val:   0.42, L-tr: 9.1751, L-val: 9.1751
092: Acc-tr:   0.41, Acc-val:   0.41, L-tr: 8.3480, L-val: 8.3480
093: Acc-tr:   0.42, Acc-val:   0.42, L-tr: 7.7858, L-val: 7.7858
094: Acc-tr:   0.36, Acc-val:   0.36, L-tr: 8.1009, L-val: 8.1009
095: Acc-tr:   0.44, Acc-val:   0.44, L-tr: 8.2049, L-val: 8.2049
096: Acc-tr:   0.38, Acc-val:   0.38, L-tr: 7.8806, L-val: 7.8806
097: Acc-tr:   0.37, Acc-val:   0.37, L-tr: 7.9731, L-val: 7.9731
098: Acc-tr:   0.45, Acc-val:   0.45, L-tr: 7.6750, L-val: 7.6750
099: Acc-tr:   0.38, Acc-val:   0.38, L-tr: 7.6172, L-val: 7.6172
100: Acc-tr:   0.40, Acc-val:   0.40, L-tr: 7.6681, L-val: 7.6681
101: Acc-tr:   0.39, Acc-val:   0.39, L-tr: 7.5770, L-val: 7.5770
102: Acc-tr:   0.38, Acc-val:   0.38, L-tr: 7.7232, L-val: 7.7232
103: Acc-tr:   0.40, Acc-val:   0.40, L-tr: 7.5355, L-val: 7.5355
104: Acc-tr:   0.42, Acc-val:   0.42, L-tr: 7.5093, L-val: 7.5093
105: Acc-tr:   0.42, Acc-val:   0.42, L-tr: 7.4779, L-val: 7.4779
106: Acc-tr:   0.42, Acc-val:   0.42, L-tr: 7.4089, L-val: 7.4089
107: Acc-tr:   0.41, Acc-val:   0.41, L-tr: 7.3513, L-val: 7.3513
108: Acc-tr:   0.42, Acc-val:   0.42, L-tr: 7.3723, L-val: 7.3723
109: Acc-tr:   0.42, Acc-val:   0.42, L-tr: 7.3354, L-val: 7.3354
110: Acc-tr:   0.42, Acc-val:   0.42, L-tr: 7.2912, L-val: 7.2912
111: Acc-tr:   0.43, Acc-val:   0.43, L-tr: 7.2553, L-val: 7.2553
112: Acc-tr:   0.41, Acc-val:   0.41, L-tr: 7.3195, L-val: 7.3195
113: Acc-tr:   0.41, Acc-val:   0.41, L-tr: 7.1875, L-val: 7.1875
114: Acc-tr:   0.41, Acc-val:   0.41, L-tr: 7.0617, L-val: 7.0617
115: Acc-tr:   0.39, Acc-val:   0.39, L-tr: 7.1714, L-val: 7.1714
116: Acc-tr:   0.39, Acc-val:   0.39, L-tr: 7.1755, L-val: 7.1755
117: Acc-tr:   0.40, Acc-val:   0.40, L-tr: 7.1646, L-val: 7.1646
118: Acc-tr:   0.39, Acc-val:   0.39, L-tr: 7.1914, L-val: 7.1914
119: Acc-tr:   0.39, Acc-val:   0.39, L-tr: 7.0453, L-val: 7.0453
120: Acc-tr:   0.37, Acc-val:   0.37, L-tr: 7.0813, L-val: 7.0813
121: Acc-tr:   0.38, Acc-val:   0.38, L-tr: 7.1481, L-val: 7.1481
122: Acc-tr:   0.36, Acc-val:   0.36, L-tr: 7.0827, L-val: 7.0827
123: Acc-tr:   0.36, Acc-val:   0.36, L-tr: 7.0716, L-val: 7.0716
124: Acc-tr:   0.35, Acc-val:   0.35, L-tr: 6.9917, L-val: 6.9917
125: Acc-tr:   0.35, Acc-val:   0.35, L-tr: 6.9556, L-val: 6.9556
126: Acc-tr:   0.35, Acc-val:   0.35, L-tr: 7.0558, L-val: 7.0558
127: Acc-tr:   0.34, Acc-val:   0.34, L-tr: 7.0922, L-val: 7.0922
128: Acc-tr:   0.34, Acc-val:   0.34, L-tr: 7.0825, L-val: 7.0825
129: Acc-tr:   0.36, Acc-val:   0.36, L-tr: 6.9771, L-val: 6.9771
130: Acc-tr:   0.34, Acc-val:   0.34, L-tr: 6.9578, L-val: 6.9578
131: Acc-tr:   0.34, Acc-val:   0.34, L-tr: 7.0734, L-val: 7.0734
132: Acc-tr:   0.32, Acc-val:   0.32, L-tr: 7.0026, L-val: 7.0026
133: Acc-tr:   0.34, Acc-val:   0.34, L-tr: 6.9874, L-val: 6.9874
134: Acc-tr:   0.32, Acc-val:   0.32, L-tr: 7.0259, L-val: 7.0259
135: Acc-tr:   0.33, Acc-val:   0.33, L-tr: 7.0022, L-val: 7.0022
136: Acc-tr:   0.34, Acc-val:   0.34, L-tr: 6.9710, L-val: 6.9710
137: Acc-tr:   0.32, Acc-val:   0.32, L-tr: 6.9638, L-val: 6.9638
138: Acc-tr:   0.35, Acc-val:   0.35, L-tr: 6.9773, L-val: 6.9773
139: Acc-tr:   0.33, Acc-val:   0.33, L-tr: 7.0021, L-val: 7.0021
140: Acc-tr:   0.35, Acc-val:   0.35, L-tr: 6.9092, L-val: 6.9092
141: Acc-tr:   0.32, Acc-val:   0.32, L-tr: 7.0555, L-val: 7.0555
142: Acc-tr:   0.33, Acc-val:   0.33, L-tr: 7.0196, L-val: 7.0196
143: Acc-tr:   0.32, Acc-val:   0.32, L-tr: 6.9800, L-val: 6.9800
144: Acc-tr:   0.32, Acc-val:   0.32, L-tr: 6.9980, L-val: 6.9980
145: Acc-tr:   0.32, Acc-val:   0.32, L-tr: 7.0460, L-val: 7.0460
146: Acc-tr:   0.33, Acc-val:   0.33, L-tr: 6.9974, L-val: 6.9974
147: Acc-tr:   0.34, Acc-val:   0.34, L-tr: 6.9899, L-val: 6.9899
148: Acc-tr:   0.34, Acc-val:   0.34, L-tr: 7.0893, L-val: 7.0893
149: Acc-tr:   0.34, Acc-val:   0.34, L-tr: 6.9649, L-val: 6.9649
150: Acc-tr:   0.33, Acc-val:   0.33, L-tr: 7.0774, L-val: 7.0774
151: Acc-tr:   0.34, Acc-val:   0.34, L-tr: 6.8971, L-val: 6.8971
152: Acc-tr:   0.34, Acc-val:   0.34, L-tr: 7.0286, L-val: 7.0286
153: Acc-tr:   0.32, Acc-val:   0.32, L-tr: 6.9224, L-val: 6.9224
154: Acc-tr:   0.33, Acc-val:   0.33, L-tr: 6.9794, L-val: 6.9794
155: Acc-tr:   0.34, Acc-val:   0.34, L-tr: 7.0140, L-val: 7.0140
156: Acc-tr:   0.33, Acc-val:   0.33, L-tr: 7.0169, L-val: 7.0169
157: Acc-tr:   0.34, Acc-val:   0.34, L-tr: 6.9273, L-val: 6.9273
158: Acc-tr:   0.34, Acc-val:   0.34, L-tr: 6.9780, L-val: 6.9780
159: Acc-tr:   0.33, Acc-val:   0.33, L-tr: 6.9738, L-val: 6.9738
160: Acc-tr:   0.34, Acc-val:   0.34, L-tr: 6.9739, L-val: 6.9739
161: Acc-tr:   0.33, Acc-val:   0.33, L-tr: 6.9571, L-val: 6.9571
162: Acc-tr:   0.33, Acc-val:   0.33, L-tr: 6.9651, L-val: 6.9651
163: Acc-tr:   0.33, Acc-val:   0.33, L-tr: 6.9886, L-val: 6.9886
164: Acc-tr:   0.34, Acc-val:   0.34, L-tr: 7.0804, L-val: 7.0804
165: Acc-tr:   0.33, Acc-val:   0.33, L-tr: 6.9424, L-val: 6.9424
166: Acc-tr:   0.33, Acc-val:   0.33, L-tr: 6.9862, L-val: 6.9862
167: Acc-tr:   0.33, Acc-val:   0.33, L-tr: 6.9155, L-val: 6.9155
168: Acc-tr:   0.34, Acc-val:   0.34, L-tr: 7.0240, L-val: 7.0240
169: Acc-tr:   0.31, Acc-val:   0.31, L-tr: 6.9110, L-val: 6.9110
170: Acc-tr:   0.34, Acc-val:   0.34, L-tr: 6.9715, L-val: 6.9715
171: Acc-tr:   0.33, Acc-val:   0.33, L-tr: 6.9655, L-val: 6.9655
172: Acc-tr:   0.33, Acc-val:   0.33, L-tr: 6.9328, L-val: 6.9328
173: Acc-tr:   0.34, Acc-val:   0.34, L-tr: 6.9100, L-val: 6.9100
174: Acc-tr:   0.34, Acc-val:   0.34, L-tr: 6.9967, L-val: 6.9967
175: Acc-tr:   0.33, Acc-val:   0.33, L-tr: 7.0298, L-val: 7.0298
176: Acc-tr:   0.31, Acc-val:   0.31, L-tr: 6.9714, L-val: 6.9714
177: Acc-tr:   0.34, Acc-val:   0.34, L-tr: 6.9122, L-val: 6.9122
178: Acc-tr:   0.34, Acc-val:   0.34, L-tr: 7.0022, L-val: 7.0022
179: Acc-tr:   0.34, Acc-val:   0.34, L-tr: 6.9925, L-val: 6.9925
180: Acc-tr:   0.33, Acc-val:   0.33, L-tr: 7.0439, L-val: 7.0439
181: Acc-tr:   0.34, Acc-val:   0.34, L-tr: 6.9529, L-val: 6.9529
182: Acc-tr:   0.36, Acc-val:   0.36, L-tr: 6.9726, L-val: 6.9726
183: Acc-tr:   0.34, Acc-val:   0.34, L-tr: 6.9192, L-val: 6.9192
184: Acc-tr:   0.35, Acc-val:   0.35, L-tr: 6.9703, L-val: 6.9703
185: Acc-tr:   0.34, Acc-val:   0.34, L-tr: 6.9860, L-val: 6.9860
186: Acc-tr:   0.34, Acc-val:   0.34, L-tr: 7.0362, L-val: 7.0362
187: Acc-tr:   0.33, Acc-val:   0.33, L-tr: 7.0772, L-val: 7.0772
188: Acc-tr:   0.34, Acc-val:   0.34, L-tr: 6.9685, L-val: 6.9685
189: Acc-tr:   0.34, Acc-val:   0.34, L-tr: 6.9895, L-val: 6.9895
190: Acc-tr:   0.33, Acc-val:   0.33, L-tr: 7.0730, L-val: 7.0730
191: Acc-tr:   0.32, Acc-val:   0.32, L-tr: 7.0397, L-val: 7.0397
192: Acc-tr:   0.33, Acc-val:   0.33, L-tr: 6.9696, L-val: 6.9696
193: Acc-tr:   0.35, Acc-val:   0.35, L-tr: 7.0580, L-val: 7.0580
194: Acc-tr:   0.33, Acc-val:   0.33, L-tr: 6.9912, L-val: 6.9912
195: Acc-tr:   0.34, Acc-val:   0.34, L-tr: 7.0052, L-val: 7.0052
196: Acc-tr:   0.34, Acc-val:   0.34, L-tr: 7.0325, L-val: 7.0325
197: Acc-tr:   0.35, Acc-val:   0.35, L-tr: 6.9372, L-val: 6.9372
198: Acc-tr:   0.34, Acc-val:   0.34, L-tr: 6.9371, L-val: 6.9371
199: Acc-tr:   0.34, Acc-val:   0.34, L-tr: 7.0223, L-val: 7.0223
200: Acc-tr:   0.34, Acc-val:   0.34, L-tr: 7.1176, L-val: 7.1176
201: Acc-tr:   0.33, Acc-val:   0.33, L-tr: 6.9829, L-val: 6.9829
202: Acc-tr:   0.33, Acc-val:   0.33, L-tr: 7.0103, L-val: 7.0103
203: Acc-tr:   0.33, Acc-val:   0.33, L-tr: 6.9766, L-val: 6.9766
204: Acc-tr:   0.35, Acc-val:   0.35, L-tr: 7.1052, L-val: 7.1052
205: Acc-tr:   0.34, Acc-val:   0.34, L-tr: 6.9582, L-val: 6.9582
206: Acc-tr:   0.34, Acc-val:   0.34, L-tr: 6.9907, L-val: 6.9907
207: Acc-tr:   0.35, Acc-val:   0.35, L-tr: 6.9894, L-val: 6.9894
208: Acc-tr:   0.33, Acc-val:   0.33, L-tr: 7.0130, L-val: 7.0130
209: Acc-tr:   0.34, Acc-val:   0.34, L-tr: 6.9675, L-val: 6.9675
210: Acc-tr:   0.34, Acc-val:   0.34, L-tr: 7.0248, L-val: 7.0248
211: Acc-tr:   0.34, Acc-val:   0.34, L-tr: 7.0569, L-val: 7.0569
212: Acc-tr:   0.34, Acc-val:   0.34, L-tr: 7.0710, L-val: 7.0710
213: Acc-tr:   0.35, Acc-val:   0.35, L-tr: 6.9473, L-val: 6.9473
214: Acc-tr:   0.35, Acc-val:   0.35, L-tr: 6.9571, L-val: 6.9571
215: Acc-tr:   0.34, Acc-val:   0.34, L-tr: 6.9513, L-val: 6.9513
216: Acc-tr:   0.34, Acc-val:   0.34, L-tr: 6.9956, L-val: 6.9956
217: Acc-tr:   0.35, Acc-val:   0.35, L-tr: 7.0929, L-val: 7.0929
218: Acc-tr:   0.33, Acc-val:   0.33, L-tr: 6.9998, L-val: 6.9998
219: Acc-tr:   0.33, Acc-val:   0.33, L-tr: 7.0077, L-val: 7.0077
220: Acc-tr:   0.33, Acc-val:   0.33, L-tr: 6.9577, L-val: 6.9577
221: Acc-tr:   0.34, Acc-val:   0.34, L-tr: 6.9672, L-val: 6.9672
222: Acc-tr:   0.33, Acc-val:   0.33, L-tr: 7.0048, L-val: 7.0048
223: Acc-tr:   0.34, Acc-val:   0.34, L-tr: 6.9760, L-val: 6.9760
224: Acc-tr:   0.34, Acc-val:   0.34, L-tr: 6.9985, L-val: 6.9985
225: Acc-tr:   0.33, Acc-val:   0.33, L-tr: 6.9198, L-val: 6.9198
226: Acc-tr:   0.33, Acc-val:   0.33, L-tr: 6.9641, L-val: 6.9641
227: Acc-tr:   0.33, Acc-val:   0.33, L-tr: 7.0674, L-val: 7.0674
228: Acc-tr:   0.32, Acc-val:   0.32, L-tr: 6.9838, L-val: 6.9838
229: Acc-tr:   0.34, Acc-val:   0.34, L-tr: 6.9309, L-val: 6.9309
230: Acc-tr:   0.33, Acc-val:   0.33, L-tr: 6.9762, L-val: 6.9762
231: Acc-tr:   0.34, Acc-val:   0.34, L-tr: 6.9540, L-val: 6.9540
232: Acc-tr:   0.34, Acc-val:   0.34, L-tr: 6.9687, L-val: 6.9687
233: Acc-tr:   0.34, Acc-val:   0.34, L-tr: 7.0090, L-val: 7.0090
234: Acc-tr:   0.34, Acc-val:   0.34, L-tr: 6.9503, L-val: 6.9503
235: Acc-tr:   0.33, Acc-val:   0.33, L-tr: 6.9642, L-val: 6.9642
236: Acc-tr:   0.33, Acc-val:   0.33, L-tr: 7.0065, L-val: 7.0065
237: Acc-tr:   0.34, Acc-val:   0.34, L-tr: 6.9839, L-val: 6.9839
238: Acc-tr:   0.33, Acc-val:   0.33, L-tr: 6.9733, L-val: 6.9733
239: Acc-tr:   0.33, Acc-val:   0.33, L-tr: 7.0076, L-val: 7.0076
240: Acc-tr:   0.34, Acc-val:   0.34, L-tr: 7.0328, L-val: 7.0328
241: Acc-tr:   0.32, Acc-val:   0.32, L-tr: 7.0337, L-val: 7.0337
242: Acc-tr:   0.34, Acc-val:   0.34, L-tr: 7.0054, L-val: 7.0054
243: Acc-tr:   0.33, Acc-val:   0.33, L-tr: 6.9365, L-val: 6.9365
244: Acc-tr:   0.34, Acc-val:   0.34, L-tr: 6.8924, L-val: 6.8924
245: Acc-tr:   0.33, Acc-val:   0.33, L-tr: 7.0448, L-val: 7.0448
246: Acc-tr:   0.33, Acc-val:   0.33, L-tr: 7.0946, L-val: 7.0946
247: Acc-tr:   0.35, Acc-val:   0.35, L-tr: 6.9648, L-val: 6.9648
248: Acc-tr:   0.34, Acc-val:   0.34, L-tr: 6.9268, L-val: 6.9268
249: Acc-tr:   0.33, Acc-val:   0.33, L-tr: 6.9238, L-val: 6.9238
250: Acc-tr:   0.34, Acc-val:   0.34, L-tr: 7.0477, L-val: 7.0477
251: Acc-tr:   0.35, Acc-val:   0.35, L-tr: 6.9412, L-val: 6.9412
252: Acc-tr:   0.32, Acc-val:   0.32, L-tr: 7.0709, L-val: 7.0709
253: Acc-tr:   0.34, Acc-val:   0.34, L-tr: 6.9536, L-val: 6.9536
254: Acc-tr:   0.32, Acc-val:   0.32, L-tr: 6.9679, L-val: 6.9679
255: Acc-tr:   0.33, Acc-val:   0.33, L-tr: 7.0427, L-val: 7.0427
256: Acc-tr:   0.35, Acc-val:   0.35, L-tr: 6.9698, L-val: 6.9698
257: Acc-tr:   0.34, Acc-val:   0.34, L-tr: 6.9741, L-val: 6.9741
258: Acc-tr:   0.34, Acc-val:   0.34, L-tr: 6.9735, L-val: 6.9735
259: Acc-tr:   0.34, Acc-val:   0.34, L-tr: 7.0563, L-val: 7.0563
260: Acc-tr:   0.34, Acc-val:   0.34, L-tr: 7.0437, L-val: 7.0437
261: Acc-tr:   0.35, Acc-val:   0.35, L-tr: 6.9381, L-val: 6.9381
262: Acc-tr:   0.33, Acc-val:   0.33, L-tr: 7.0039, L-val: 7.0039
263: Acc-tr:   0.34, Acc-val:   0.34, L-tr: 6.9662, L-val: 6.9662
264: Acc-tr:   0.33, Acc-val:   0.33, L-tr: 6.9993, L-val: 6.9993
265: Acc-tr:   0.34, Acc-val:   0.34, L-tr: 6.9036, L-val: 6.9036
266: Acc-tr:   0.33, Acc-val:   0.33, L-tr: 6.9790, L-val: 6.9790
267: Acc-tr:   0.35, Acc-val:   0.35, L-tr: 6.9623, L-val: 6.9623
268: Acc-tr:   0.33, Acc-val:   0.33, L-tr: 6.9354, L-val: 6.9354
269: Acc-tr:   0.34, Acc-val:   0.34, L-tr: 6.9939, L-val: 6.9939
270: Acc-tr:   0.34, Acc-val:   0.34, L-tr: 6.9823, L-val: 6.9823
271: Acc-tr:   0.34, Acc-val:   0.34, L-tr: 7.0190, L-val: 7.0190
272: Acc-tr:   0.34, Acc-val:   0.34, L-tr: 7.0803, L-val: 7.0803
273: Acc-tr:   0.33, Acc-val:   0.33, L-tr: 7.0623, L-val: 7.0623
274: Acc-tr:   0.35, Acc-val:   0.35, L-tr: 6.9280, L-val: 6.9280
275: Acc-tr:   0.33, Acc-val:   0.33, L-tr: 6.9724, L-val: 6.9724
276: Acc-tr:   0.34, Acc-val:   0.34, L-tr: 7.0451, L-val: 7.0451
277: Acc-tr:   0.34, Acc-val:   0.34, L-tr: 6.9974, L-val: 6.9974
278: Acc-tr:   0.35, Acc-val:   0.35, L-tr: 6.9440, L-val: 6.9440
279: Acc-tr:   0.33, Acc-val:   0.33, L-tr: 7.0338, L-val: 7.0338
280: Acc-tr:   0.34, Acc-val:   0.34, L-tr: 7.0387, L-val: 7.0387
281: Acc-tr:   0.35, Acc-val:   0.35, L-tr: 6.9559, L-val: 6.9559
282: Acc-tr:   0.33, Acc-val:   0.33, L-tr: 6.9657, L-val: 6.9657
283: Acc-tr:   0.34, Acc-val:   0.34, L-tr: 7.0742, L-val: 7.0742
284: Acc-tr:   0.33, Acc-val:   0.33, L-tr: 7.0071, L-val: 7.0071
285: Acc-tr:   0.33, Acc-val:   0.33, L-tr: 7.0062, L-val: 7.0062
286: Acc-tr:   0.33, Acc-val:   0.33, L-tr: 6.9663, L-val: 6.9663
287: Acc-tr:   0.34, Acc-val:   0.34, L-tr: 7.0062, L-val: 7.0062
288: Acc-tr:   0.33, Acc-val:   0.33, L-tr: 7.0214, L-val: 7.0214
289: Acc-tr:   0.34, Acc-val:   0.34, L-tr: 7.0530, L-val: 7.0530
slurmstepd: error: *** JOB 48796130 ON gr017 CANCELLED AT 2024-07-25T10:03:36 ***
