/ext3/miniconda3/lib/python3.12/site-packages/torchvision/models/_utils.py:208: UserWarning: The parameter 'pretrained' is deprecated since 0.13 and may be removed in the future, please use 'weights' instead.
  warnings.warn(
/ext3/miniconda3/lib/python3.12/site-packages/torchvision/models/_utils.py:223: UserWarning: Arguments other than a weight enum or `None` for 'weights' are deprecated since 0.13 and may be removed in the future. The current behavior is equivalent to passing `weights=None`.
  warnings.warn(msg)
Number of parameters: 5288548
/scratch/cm6627/diffeo_cnn/experiment/008_RandomLabels_EfficentNetb0/./train.py:189: UserWarning: volatile was removed and now has no effect. Use `with torch.no_grad():` instead.
  input_var = torch.autograd.Variable(input, volatile=True)
/scratch/cm6627/diffeo_cnn/experiment/008_RandomLabels_EfficentNetb0/./train.py:190: UserWarning: volatile was removed and now has no effect. Use `with torch.no_grad():` instead.
  target_var = torch.autograd.Variable(target, volatile=True)
000: Acc-tr:   0.10, Acc-val:   0.10, L-tr: 7.8712, L-val: 7.8712
001: Acc-tr:   0.10, Acc-val:   0.10, L-tr: 7.4210, L-val: 7.4210
002: Acc-tr:   0.10, Acc-val:   0.10, L-tr: 7.9212, L-val: 7.9212
003: Acc-tr:   0.10, Acc-val:   0.10, L-tr: 7.3501, L-val: 7.3501
004: Acc-tr:   0.11, Acc-val:   0.11, L-tr: 7.3542, L-val: 7.3542
005: Acc-tr:   0.10, Acc-val:   0.10, L-tr: 7.3461, L-val: 7.3461
006: Acc-tr:   0.10, Acc-val:   0.10, L-tr: 7.3274, L-val: 7.3274
007: Acc-tr:   0.10, Acc-val:   0.10, L-tr: 7.3285, L-val: 7.3285
008: Acc-tr:   0.10, Acc-val:   0.10, L-tr: 7.3278, L-val: 7.3278
009: Acc-tr:   0.10, Acc-val:   0.10, L-tr: 7.3269, L-val: 7.3269
010: Acc-tr:   0.10, Acc-val:   0.10, L-tr: 7.3269, L-val: 7.3269
011: Acc-tr:   0.10, Acc-val:   0.10, L-tr: 7.3254, L-val: 7.3254
012: Acc-tr:   0.10, Acc-val:   0.10, L-tr: 7.3250, L-val: 7.3250
013: Acc-tr:   0.10, Acc-val:   0.10, L-tr: 7.3244, L-val: 7.3244
014: Acc-tr:   0.10, Acc-val:   0.10, L-tr: 7.3240, L-val: 7.3240
015: Acc-tr:   0.10, Acc-val:   0.10, L-tr: 7.3236, L-val: 7.3236
016: Acc-tr:   0.10, Acc-val:   0.10, L-tr: 7.3233, L-val: 7.3233
017: Acc-tr:   0.10, Acc-val:   0.10, L-tr: 7.3231, L-val: 7.3231
018: Acc-tr:   0.10, Acc-val:   0.10, L-tr: 7.3230, L-val: 7.3230
019: Acc-tr:   0.10, Acc-val:   0.10, L-tr: 7.3227, L-val: 7.3227
020: Acc-tr:   0.10, Acc-val:   0.10, L-tr: 7.3226, L-val: 7.3226
021: Acc-tr:   0.10, Acc-val:   0.10, L-tr: 7.3225, L-val: 7.3225
022: Acc-tr:   0.10, Acc-val:   0.10, L-tr: 7.3225, L-val: 7.3225
023: Acc-tr:   0.10, Acc-val:   0.10, L-tr: 7.3224, L-val: 7.3224
024: Acc-tr:   0.10, Acc-val:   0.10, L-tr: 7.3224, L-val: 7.3224
025: Acc-tr:   0.10, Acc-val:   0.10, L-tr: 7.3224, L-val: 7.3224
026: Acc-tr:   0.10, Acc-val:   0.10, L-tr: 7.3223, L-val: 7.3223
027: Acc-tr:   0.10, Acc-val:   0.10, L-tr: 7.3223, L-val: 7.3223
028: Acc-tr:   0.10, Acc-val:   0.10, L-tr: 7.3223, L-val: 7.3223
029: Acc-tr:   0.10, Acc-val:   0.10, L-tr: 7.3224, L-val: 7.3224
030: Acc-tr:   0.10, Acc-val:   0.10, L-tr: 7.3223, L-val: 7.3223
031: Acc-tr:   0.10, Acc-val:   0.10, L-tr: 7.3223, L-val: 7.3223
032: Acc-tr:   0.10, Acc-val:   0.10, L-tr: 7.3223, L-val: 7.3223
033: Acc-tr:   0.10, Acc-val:   0.10, L-tr: 7.3224, L-val: 7.3224
034: Acc-tr:   0.10, Acc-val:   0.10, L-tr: 7.3223, L-val: 7.3223
035: Acc-tr:   0.10, Acc-val:   0.10, L-tr: 7.3223, L-val: 7.3223
036: Acc-tr:   0.10, Acc-val:   0.10, L-tr: 7.3223, L-val: 7.3223
037: Acc-tr:   0.10, Acc-val:   0.10, L-tr: 7.3223, L-val: 7.3223
038: Acc-tr:   0.10, Acc-val:   0.10, L-tr: 7.3223, L-val: 7.3223
039: Acc-tr:   0.10, Acc-val:   0.10, L-tr: 7.3223, L-val: 7.3223
040: Acc-tr:   0.10, Acc-val:   0.10, L-tr: 7.3223, L-val: 7.3223
041: Acc-tr:   0.10, Acc-val:   0.10, L-tr: 7.3224, L-val: 7.3224
042: Acc-tr:   0.10, Acc-val:   0.10, L-tr: 7.3223, L-val: 7.3223
043: Acc-tr:   0.10, Acc-val:   0.10, L-tr: 7.3224, L-val: 7.3224
044: Acc-tr:   0.10, Acc-val:   0.10, L-tr: 7.3224, L-val: 7.3224
045: Acc-tr:   0.10, Acc-val:   0.10, L-tr: 7.3223, L-val: 7.3223
046: Acc-tr:   0.10, Acc-val:   0.10, L-tr: 7.3223, L-val: 7.3223
047: Acc-tr:   0.10, Acc-val:   0.10, L-tr: 7.3223, L-val: 7.3223
048: Acc-tr:   0.10, Acc-val:   0.10, L-tr: 7.3225, L-val: 7.3225
049: Acc-tr:   0.10, Acc-val:   0.10, L-tr: 7.3224, L-val: 7.3224
050: Acc-tr:   0.10, Acc-val:   0.10, L-tr: 7.0844, L-val: 7.0844
051: Acc-tr:   0.10, Acc-val:   0.10, L-tr: 6.9952, L-val: 6.9952
052: Acc-tr:   0.10, Acc-val:   0.10, L-tr: 6.9559, L-val: 6.9559
053: Acc-tr:   0.10, Acc-val:   0.10, L-tr: 6.9374, L-val: 6.9374
054: Acc-tr:   0.10, Acc-val:   0.10, L-tr: 6.9285, L-val: 6.9285
055: Acc-tr:   0.10, Acc-val:   0.10, L-tr: 6.9245, L-val: 6.9245
056: Acc-tr:   0.10, Acc-val:   0.10, L-tr: 6.9230, L-val: 6.9230
057: Acc-tr:   0.10, Acc-val:   0.10, L-tr: 6.9231, L-val: 6.9231
058: Acc-tr:   0.10, Acc-val:   0.10, L-tr: 6.9242, L-val: 6.9242
059: Acc-tr:   0.10, Acc-val:   0.10, L-tr: 6.9259, L-val: 6.9259
060: Acc-tr:   0.10, Acc-val:   0.10, L-tr: 6.9281, L-val: 6.9281
061: Acc-tr:   0.10, Acc-val:   0.10, L-tr: 6.9307, L-val: 6.9307
062: Acc-tr:   0.10, Acc-val:   0.10, L-tr: 6.9336, L-val: 6.9336
063: Acc-tr:   0.10, Acc-val:   0.10, L-tr: 6.9367, L-val: 6.9367
064: Acc-tr:   0.10, Acc-val:   0.10, L-tr: 6.9399, L-val: 6.9399
065: Acc-tr:   0.10, Acc-val:   0.10, L-tr: 6.9432, L-val: 6.9432
066: Acc-tr:   0.10, Acc-val:   0.10, L-tr: 6.9465, L-val: 6.9465
067: Acc-tr:   0.10, Acc-val:   0.10, L-tr: 6.9499, L-val: 6.9499
068: Acc-tr:   0.10, Acc-val:   0.10, L-tr: 6.9532, L-val: 6.9532
069: Acc-tr:   0.10, Acc-val:   0.10, L-tr: 6.9565, L-val: 6.9565
070: Acc-tr:   0.10, Acc-val:   0.10, L-tr: 6.9597, L-val: 6.9597
071: Acc-tr:   0.10, Acc-val:   0.10, L-tr: 6.9627, L-val: 6.9627
072: Acc-tr:   0.10, Acc-val:   0.10, L-tr: 6.9656, L-val: 6.9656
073: Acc-tr:   0.10, Acc-val:   0.10, L-tr: 6.9684, L-val: 6.9684
074: Acc-tr:   0.10, Acc-val:   0.10, L-tr: 6.9710, L-val: 6.9710
075: Acc-tr:   0.10, Acc-val:   0.10, L-tr: 6.9734, L-val: 6.9734
076: Acc-tr:   0.10, Acc-val:   0.10, L-tr: 6.9756, L-val: 6.9756
077: Acc-tr:   0.10, Acc-val:   0.10, L-tr: 6.9776, L-val: 6.9776
078: Acc-tr:   0.10, Acc-val:   0.10, L-tr: 6.9795, L-val: 6.9795
079: Acc-tr:   0.10, Acc-val:   0.10, L-tr: 6.9812, L-val: 6.9812
080: Acc-tr:   0.10, Acc-val:   0.10, L-tr: 6.9827, L-val: 6.9827
081: Acc-tr:   0.10, Acc-val:   0.10, L-tr: 6.9841, L-val: 6.9841
082: Acc-tr:   0.10, Acc-val:   0.10, L-tr: 6.9854, L-val: 6.9854
083: Acc-tr:   0.10, Acc-val:   0.10, L-tr: 6.9866, L-val: 6.9866
084: Acc-tr:   0.10, Acc-val:   0.10, L-tr: 6.9876, L-val: 6.9876
085: Acc-tr:   0.10, Acc-val:   0.10, L-tr: 6.9885, L-val: 6.9885
086: Acc-tr:   0.10, Acc-val:   0.10, L-tr: 6.9893, L-val: 6.9893
087: Acc-tr:   0.10, Acc-val:   0.10, L-tr: 6.9900, L-val: 6.9900
088: Acc-tr:   0.10, Acc-val:   0.10, L-tr: 6.9907, L-val: 6.9907
089: Acc-tr:   0.10, Acc-val:   0.10, L-tr: 6.9913, L-val: 6.9913
090: Acc-tr:   0.10, Acc-val:   0.10, L-tr: 6.9918, L-val: 6.9918
091: Acc-tr:   0.10, Acc-val:   0.10, L-tr: 6.9922, L-val: 6.9922
092: Acc-tr:   0.10, Acc-val:   0.10, L-tr: 6.9926, L-val: 6.9926
093: Acc-tr:   0.10, Acc-val:   0.10, L-tr: 6.9930, L-val: 6.9930
094: Acc-tr:   0.10, Acc-val:   0.10, L-tr: 6.9933, L-val: 6.9933
095: Acc-tr:   0.10, Acc-val:   0.10, L-tr: 6.9936, L-val: 6.9936
096: Acc-tr:   0.10, Acc-val:   0.10, L-tr: 6.9939, L-val: 6.9939
097: Acc-tr:   0.10, Acc-val:   0.10, L-tr: 6.9940, L-val: 6.9940
098: Acc-tr:   0.10, Acc-val:   0.10, L-tr: 6.9943, L-val: 6.9943
099: Acc-tr:   0.10, Acc-val:   0.10, L-tr: 6.9945, L-val: 6.9945
100: Acc-tr:   0.10, Acc-val:   0.10, L-tr: 6.9916, L-val: 6.9916
101: Acc-tr:   0.10, Acc-val:   0.10, L-tr: 6.9888, L-val: 6.9888
102: Acc-tr:   0.10, Acc-val:   0.10, L-tr: 6.9861, L-val: 6.9861
103: Acc-tr:   0.10, Acc-val:   0.10, L-tr: 6.9835, L-val: 6.9835
104: Acc-tr:   0.10, Acc-val:   0.10, L-tr: 6.9811, L-val: 6.9811
105: Acc-tr:   0.10, Acc-val:   0.10, L-tr: 6.9786, L-val: 6.9786
106: Acc-tr:   0.10, Acc-val:   0.10, L-tr: 6.9763, L-val: 6.9763
107: Acc-tr:   0.10, Acc-val:   0.10, L-tr: 6.9741, L-val: 6.9741
108: Acc-tr:   0.10, Acc-val:   0.10, L-tr: 6.9719, L-val: 6.9719
109: Acc-tr:   0.10, Acc-val:   0.10, L-tr: 6.9698, L-val: 6.9698
110: Acc-tr:   0.10, Acc-val:   0.10, L-tr: 6.9678, L-val: 6.9678
111: Acc-tr:   0.10, Acc-val:   0.10, L-tr: 6.9659, L-val: 6.9659
112: Acc-tr:   0.10, Acc-val:   0.10, L-tr: 6.9640, L-val: 6.9640
113: Acc-tr:   0.10, Acc-val:   0.10, L-tr: 6.9622, L-val: 6.9622
114: Acc-tr:   0.10, Acc-val:   0.10, L-tr: 6.9604, L-val: 6.9604
115: Acc-tr:   0.10, Acc-val:   0.10, L-tr: 6.9587, L-val: 6.9587
116: Acc-tr:   0.10, Acc-val:   0.10, L-tr: 6.9571, L-val: 6.9571
117: Acc-tr:   0.10, Acc-val:   0.10, L-tr: 6.9555, L-val: 6.9555
118: Acc-tr:   0.10, Acc-val:   0.10, L-tr: 6.9540, L-val: 6.9540
119: Acc-tr:   0.10, Acc-val:   0.10, L-tr: 6.9525, L-val: 6.9525
120: Acc-tr:   0.10, Acc-val:   0.10, L-tr: 6.9511, L-val: 6.9511
121: Acc-tr:   0.10, Acc-val:   0.10, L-tr: 6.9497, L-val: 6.9497
122: Acc-tr:   0.10, Acc-val:   0.10, L-tr: 6.9484, L-val: 6.9484
123: Acc-tr:   0.10, Acc-val:   0.10, L-tr: 6.9471, L-val: 6.9471
124: Acc-tr:   0.10, Acc-val:   0.10, L-tr: 6.9459, L-val: 6.9459
125: Acc-tr:   0.10, Acc-val:   0.10, L-tr: 6.9447, L-val: 6.9447
126: Acc-tr:   0.10, Acc-val:   0.10, L-tr: 6.9435, L-val: 6.9435
127: Acc-tr:   0.10, Acc-val:   0.10, L-tr: 6.9424, L-val: 6.9424
128: Acc-tr:   0.10, Acc-val:   0.10, L-tr: 6.9413, L-val: 6.9413
129: Acc-tr:   0.10, Acc-val:   0.10, L-tr: 6.9403, L-val: 6.9403
130: Acc-tr:   0.10, Acc-val:   0.10, L-tr: 6.9393, L-val: 6.9393
131: Acc-tr:   0.10, Acc-val:   0.10, L-tr: 6.9383, L-val: 6.9383
132: Acc-tr:   0.10, Acc-val:   0.10, L-tr: 6.9374, L-val: 6.9374
133: Acc-tr:   0.10, Acc-val:   0.10, L-tr: 6.9364, L-val: 6.9364
134: Acc-tr:   0.10, Acc-val:   0.10, L-tr: 6.9356, L-val: 6.9356
135: Acc-tr:   0.10, Acc-val:   0.10, L-tr: 6.9347, L-val: 6.9347
136: Acc-tr:   0.10, Acc-val:   0.10, L-tr: 6.9339, L-val: 6.9339
137: Acc-tr:   0.10, Acc-val:   0.10, L-tr: 6.9331, L-val: 6.9331
138: Acc-tr:   0.10, Acc-val:   0.10, L-tr: 6.9323, L-val: 6.9323
139: Acc-tr:   0.10, Acc-val:   0.10, L-tr: 6.9316, L-val: 6.9316
140: Acc-tr:   0.10, Acc-val:   0.10, L-tr: 6.9309, L-val: 6.9309
141: Acc-tr:   0.10, Acc-val:   0.10, L-tr: 6.9302, L-val: 6.9302
142: Acc-tr:   0.10, Acc-val:   0.10, L-tr: 6.9295, L-val: 6.9295
143: Acc-tr:   0.10, Acc-val:   0.10, L-tr: 6.9288, L-val: 6.9288
144: Acc-tr:   0.10, Acc-val:   0.10, L-tr: 6.9282, L-val: 6.9282
145: Acc-tr:   0.10, Acc-val:   0.10, L-tr: 6.9276, L-val: 6.9276
146: Acc-tr:   0.10, Acc-val:   0.10, L-tr: 6.9270, L-val: 6.9270
147: Acc-tr:   0.10, Acc-val:   0.10, L-tr: 6.9264, L-val: 6.9264
148: Acc-tr:   0.10, Acc-val:   0.10, L-tr: 6.9259, L-val: 6.9259
149: Acc-tr:   0.10, Acc-val:   0.10, L-tr: 6.9253, L-val: 6.9253
150: Acc-tr:   0.10, Acc-val:   0.10, L-tr: 6.9253, L-val: 6.9253
151: Acc-tr:   0.10, Acc-val:   0.10, L-tr: 6.9253, L-val: 6.9253
152: Acc-tr:   0.10, Acc-val:   0.10, L-tr: 6.9253, L-val: 6.9253
153: Acc-tr:   0.10, Acc-val:   0.10, L-tr: 6.9253, L-val: 6.9253
154: Acc-tr:   0.10, Acc-val:   0.10, L-tr: 6.9253, L-val: 6.9253
155: Acc-tr:   0.10, Acc-val:   0.10, L-tr: 6.9253, L-val: 6.9253
slurmstepd: error: *** JOB 48925351 ON gr032 CANCELLED AT 2024-07-25T10:03:26 ***
