/ext3/miniconda3/lib/python3.12/site-packages/torchvision/models/_utils.py:208: UserWarning: The parameter 'pretrained' is deprecated since 0.13 and may be removed in the future, please use 'weights' instead.
  warnings.warn(
/ext3/miniconda3/lib/python3.12/site-packages/torchvision/models/_utils.py:223: UserWarning: Arguments other than a weight enum or `None` for 'weights' are deprecated since 0.13 and may be removed in the future. The current behavior is equivalent to passing `weights=None`.
  warnings.warn(msg)
Number of parameters: 5288548
/scratch/cm6627/diffeo_cnn/experiment/008_RandomLabels_EfficentNetb0/./train.py:189: UserWarning: volatile was removed and now has no effect. Use `with torch.no_grad():` instead.
  input_var = torch.autograd.Variable(input, volatile=True)
/scratch/cm6627/diffeo_cnn/experiment/008_RandomLabels_EfficentNetb0/./train.py:190: UserWarning: volatile was removed and now has no effect. Use `with torch.no_grad():` instead.
  target_var = torch.autograd.Variable(target, volatile=True)
000: Acc-tr:   0.15, Acc-val:   0.15, L-tr: 6.9111, L-val: 6.9111
001: Acc-tr:   0.14, Acc-val:   0.14, L-tr: 7.0314, L-val: 7.0314
002: Acc-tr:   0.20, Acc-val:   0.20, L-tr: 7.2460, L-val: 7.2460
003: Acc-tr:   0.10, Acc-val:   0.10, L-tr: 24.8289, L-val: 24.8289
004: Acc-tr:   0.14, Acc-val:   0.14, L-tr: 7.7388, L-val: 7.7388
005: Acc-tr:   0.15, Acc-val:   0.15, L-tr: 8.2207, L-val: 8.2207
006: Acc-tr:   0.21, Acc-val:   0.21, L-tr: 8.2204, L-val: 8.2204
007: Acc-tr:   0.15, Acc-val:   0.15, L-tr: 8.4541, L-val: 8.4541
008: Acc-tr:   0.21, Acc-val:   0.21, L-tr: 8.3830, L-val: 8.3830
009: Acc-tr:   0.15, Acc-val:   0.15, L-tr: 9.7907, L-val: 9.7907
010: Acc-tr:   0.19, Acc-val:   0.19, L-tr: 9.8008, L-val: 9.8008
011: Acc-tr:   0.15, Acc-val:   0.15, L-tr: 9.3699, L-val: 9.3699
012: Acc-tr:   0.13, Acc-val:   0.13, L-tr: 9.2332, L-val: 9.2332
013: Acc-tr:   0.15, Acc-val:   0.15, L-tr: 9.9544, L-val: 9.9544
014: Acc-tr:   0.18, Acc-val:   0.18, L-tr: 9.7887, L-val: 9.7887
015: Acc-tr:   0.12, Acc-val:   0.12, L-tr: 9.6729, L-val: 9.6729
016: Acc-tr:   0.18, Acc-val:   0.18, L-tr: 9.5321, L-val: 9.5321
017: Acc-tr:   0.20, Acc-val:   0.20, L-tr: 9.4284, L-val: 9.4284
018: Acc-tr:   0.26, Acc-val:   0.26, L-tr: 8.9461, L-val: 8.9461
019: Acc-tr:   0.16, Acc-val:   0.16, L-tr: 8.6481, L-val: 8.6481
020: Acc-tr:   0.20, Acc-val:   0.20, L-tr: 8.3564, L-val: 8.3564
021: Acc-tr:   0.23, Acc-val:   0.23, L-tr: 8.9001, L-val: 8.9001
022: Acc-tr:   0.26, Acc-val:   0.26, L-tr: 10.2291, L-val: 10.2291
023: Acc-tr:   0.24, Acc-val:   0.24, L-tr: 10.7632, L-val: 10.7632
024: Acc-tr:   0.21, Acc-val:   0.21, L-tr: 10.7165, L-val: 10.7165
025: Acc-tr:   0.27, Acc-val:   0.27, L-tr: 10.2414, L-val: 10.2414
026: Acc-tr:   0.26, Acc-val:   0.26, L-tr: 9.8834, L-val: 9.8834
027: Acc-tr:   0.25, Acc-val:   0.25, L-tr: 10.9475, L-val: 10.9475
028: Acc-tr:   0.23, Acc-val:   0.23, L-tr: 11.1260, L-val: 11.1260
029: Acc-tr:   0.22, Acc-val:   0.22, L-tr: 10.9554, L-val: 10.9554
030: Acc-tr:   0.24, Acc-val:   0.24, L-tr: 8.6472, L-val: 8.6472
031: Acc-tr:   0.23, Acc-val:   0.23, L-tr: 8.6120, L-val: 8.6120
032: Acc-tr:   0.25, Acc-val:   0.25, L-tr: 9.0921, L-val: 9.0921
033: Acc-tr:   0.24, Acc-val:   0.24, L-tr: 9.8805, L-val: 9.8805
034: Acc-tr:   0.18, Acc-val:   0.18, L-tr: 9.8326, L-val: 9.8326
035: Acc-tr:   0.17, Acc-val:   0.17, L-tr: 12.1329, L-val: 12.1329
036: Acc-tr:   0.23, Acc-val:   0.23, L-tr: 8.9233, L-val: 8.9233
037: Acc-tr:   0.19, Acc-val:   0.19, L-tr: 9.8782, L-val: 9.8782
038: Acc-tr:   0.27, Acc-val:   0.27, L-tr: 10.9433, L-val: 10.9433
039: Acc-tr:   0.23, Acc-val:   0.23, L-tr: 9.3140, L-val: 9.3140
040: Acc-tr:   0.26, Acc-val:   0.26, L-tr: 10.3759, L-val: 10.3759
041: Acc-tr:   0.26, Acc-val:   0.26, L-tr: 10.3831, L-val: 10.3831
042: Acc-tr:   0.26, Acc-val:   0.26, L-tr: 9.5900, L-val: 9.5900
043: Acc-tr:   0.28, Acc-val:   0.28, L-tr: 9.3222, L-val: 9.3222
044: Acc-tr:   0.32, Acc-val:   0.32, L-tr: 9.5842, L-val: 9.5842
045: Acc-tr:   0.31, Acc-val:   0.31, L-tr: 9.6037, L-val: 9.6037
046: Acc-tr:   0.34, Acc-val:   0.34, L-tr: 9.3255, L-val: 9.3255
047: Acc-tr:   0.34, Acc-val:   0.34, L-tr: 9.0527, L-val: 9.0527
048: Acc-tr:   0.38, Acc-val:   0.38, L-tr: 8.7790, L-val: 8.7790
049: Acc-tr:   0.31, Acc-val:   0.31, L-tr: 8.8850, L-val: 8.8850
050: Acc-tr:   0.36, Acc-val:   0.36, L-tr: 7.3090, L-val: 7.3090
051: Acc-tr:   0.39, Acc-val:   0.39, L-tr: 7.2633, L-val: 7.2633
052: Acc-tr:   0.38, Acc-val:   0.38, L-tr: 7.2376, L-val: 7.2376
053: Acc-tr:   0.38, Acc-val:   0.38, L-tr: 7.2326, L-val: 7.2326
054: Acc-tr:   0.36, Acc-val:   0.36, L-tr: 7.2895, L-val: 7.2895
055: Acc-tr:   0.38, Acc-val:   0.38, L-tr: 7.2083, L-val: 7.2083
056: Acc-tr:   0.38, Acc-val:   0.38, L-tr: 7.1712, L-val: 7.1712
057: Acc-tr:   0.37, Acc-val:   0.37, L-tr: 7.1728, L-val: 7.1728
058: Acc-tr:   0.37, Acc-val:   0.37, L-tr: 7.1757, L-val: 7.1757
059: Acc-tr:   0.37, Acc-val:   0.37, L-tr: 7.1714, L-val: 7.1714
060: Acc-tr:   0.37, Acc-val:   0.37, L-tr: 7.1882, L-val: 7.1882
061: Acc-tr:   0.38, Acc-val:   0.38, L-tr: 7.2048, L-val: 7.2048
062: Acc-tr:   0.38, Acc-val:   0.38, L-tr: 7.1479, L-val: 7.1479
063: Acc-tr:   0.35, Acc-val:   0.35, L-tr: 7.3216, L-val: 7.3216
064: Acc-tr:   0.35, Acc-val:   0.35, L-tr: 7.2122, L-val: 7.2122
065: Acc-tr:   0.37, Acc-val:   0.37, L-tr: 7.2309, L-val: 7.2309
066: Acc-tr:   0.38, Acc-val:   0.38, L-tr: 7.1795, L-val: 7.1795
067: Acc-tr:   0.38, Acc-val:   0.38, L-tr: 7.2323, L-val: 7.2323
068: Acc-tr:   0.37, Acc-val:   0.37, L-tr: 7.1072, L-val: 7.1072
069: Acc-tr:   0.37, Acc-val:   0.37, L-tr: 7.1914, L-val: 7.1914
070: Acc-tr:   0.37, Acc-val:   0.37, L-tr: 7.1862, L-val: 7.1862
071: Acc-tr:   0.37, Acc-val:   0.37, L-tr: 7.2306, L-val: 7.2306
072: Acc-tr:   0.38, Acc-val:   0.38, L-tr: 7.1118, L-val: 7.1118
073: Acc-tr:   0.33, Acc-val:   0.33, L-tr: 7.3932, L-val: 7.3932
074: Acc-tr:   0.34, Acc-val:   0.34, L-tr: 7.3865, L-val: 7.3865
075: Acc-tr:   0.34, Acc-val:   0.34, L-tr: 7.3219, L-val: 7.3219
076: Acc-tr:   0.36, Acc-val:   0.36, L-tr: 7.0941, L-val: 7.0941
077: Acc-tr:   0.33, Acc-val:   0.33, L-tr: 7.0964, L-val: 7.0964
078: Acc-tr:   0.33, Acc-val:   0.33, L-tr: 7.1583, L-val: 7.1583
079: Acc-tr:   0.33, Acc-val:   0.33, L-tr: 7.1208, L-val: 7.1208
080: Acc-tr:   0.35, Acc-val:   0.35, L-tr: 7.0341, L-val: 7.0341
081: Acc-tr:   0.34, Acc-val:   0.34, L-tr: 7.0951, L-val: 7.0951
082: Acc-tr:   0.34, Acc-val:   0.34, L-tr: 7.1079, L-val: 7.1079
083: Acc-tr:   0.34, Acc-val:   0.34, L-tr: 7.1338, L-val: 7.1338
084: Acc-tr:   0.36, Acc-val:   0.36, L-tr: 7.1395, L-val: 7.1395
085: Acc-tr:   0.32, Acc-val:   0.32, L-tr: 7.1435, L-val: 7.1435
086: Acc-tr:   0.33, Acc-val:   0.33, L-tr: 7.0816, L-val: 7.0816
087: Acc-tr:   0.37, Acc-val:   0.37, L-tr: 7.0851, L-val: 7.0851
088: Acc-tr:   0.33, Acc-val:   0.33, L-tr: 7.1468, L-val: 7.1468
089: Acc-tr:   0.33, Acc-val:   0.33, L-tr: 7.0520, L-val: 7.0520
090: Acc-tr:   0.35, Acc-val:   0.35, L-tr: 7.2524, L-val: 7.2524
091: Acc-tr:   0.35, Acc-val:   0.35, L-tr: 7.0924, L-val: 7.0924
092: Acc-tr:   0.35, Acc-val:   0.35, L-tr: 7.0427, L-val: 7.0427
093: Acc-tr:   0.38, Acc-val:   0.38, L-tr: 7.0115, L-val: 7.0115
094: Acc-tr:   0.37, Acc-val:   0.37, L-tr: 6.9660, L-val: 6.9660
095: Acc-tr:   0.40, Acc-val:   0.40, L-tr: 6.9269, L-val: 6.9269
096: Acc-tr:   0.39, Acc-val:   0.39, L-tr: 6.9599, L-val: 6.9599
097: Acc-tr:   0.36, Acc-val:   0.36, L-tr: 6.9499, L-val: 6.9499
098: Acc-tr:   0.37, Acc-val:   0.37, L-tr: 6.9531, L-val: 6.9531
099: Acc-tr:   0.37, Acc-val:   0.37, L-tr: 7.0007, L-val: 7.0007
100: Acc-tr:   0.42, Acc-val:   0.42, L-tr: 6.9278, L-val: 6.9278
101: Acc-tr:   0.42, Acc-val:   0.42, L-tr: 6.9031, L-val: 6.9031
102: Acc-tr:   0.41, Acc-val:   0.41, L-tr: 6.8883, L-val: 6.8883
103: Acc-tr:   0.40, Acc-val:   0.40, L-tr: 6.8860, L-val: 6.8860
104: Acc-tr:   0.40, Acc-val:   0.40, L-tr: 6.8758, L-val: 6.8758
105: Acc-tr:   0.39, Acc-val:   0.39, L-tr: 6.8570, L-val: 6.8570
106: Acc-tr:   0.39, Acc-val:   0.39, L-tr: 6.8610, L-val: 6.8610
107: Acc-tr:   0.37, Acc-val:   0.37, L-tr: 6.8474, L-val: 6.8474
108: Acc-tr:   0.38, Acc-val:   0.38, L-tr: 6.8528, L-val: 6.8528
109: Acc-tr:   0.38, Acc-val:   0.38, L-tr: 6.8430, L-val: 6.8430
110: Acc-tr:   0.38, Acc-val:   0.38, L-tr: 6.8404, L-val: 6.8404
111: Acc-tr:   0.39, Acc-val:   0.39, L-tr: 6.8358, L-val: 6.8358
112: Acc-tr:   0.39, Acc-val:   0.39, L-tr: 6.8338, L-val: 6.8338
113: Acc-tr:   0.39, Acc-val:   0.39, L-tr: 6.8315, L-val: 6.8315
114: Acc-tr:   0.39, Acc-val:   0.39, L-tr: 6.8233, L-val: 6.8233
115: Acc-tr:   0.39, Acc-val:   0.39, L-tr: 6.8292, L-val: 6.8292
116: Acc-tr:   0.39, Acc-val:   0.39, L-tr: 6.8292, L-val: 6.8292
117: Acc-tr:   0.39, Acc-val:   0.39, L-tr: 6.8291, L-val: 6.8291
118: Acc-tr:   0.39, Acc-val:   0.39, L-tr: 6.8449, L-val: 6.8449
119: Acc-tr:   0.41, Acc-val:   0.41, L-tr: 6.8230, L-val: 6.8230
120: Acc-tr:   0.42, Acc-val:   0.42, L-tr: 6.8415, L-val: 6.8415
121: Acc-tr:   0.41, Acc-val:   0.41, L-tr: 6.8244, L-val: 6.8244
122: Acc-tr:   0.40, Acc-val:   0.40, L-tr: 6.8232, L-val: 6.8232
123: Acc-tr:   0.41, Acc-val:   0.41, L-tr: 6.8242, L-val: 6.8242
124: Acc-tr:   0.40, Acc-val:   0.40, L-tr: 6.8215, L-val: 6.8215
125: Acc-tr:   0.41, Acc-val:   0.41, L-tr: 6.8224, L-val: 6.8224
126: Acc-tr:   0.40, Acc-val:   0.40, L-tr: 6.8216, L-val: 6.8216
127: Acc-tr:   0.39, Acc-val:   0.39, L-tr: 6.8194, L-val: 6.8194
128: Acc-tr:   0.39, Acc-val:   0.39, L-tr: 6.8180, L-val: 6.8180
129: Acc-tr:   0.39, Acc-val:   0.39, L-tr: 6.8264, L-val: 6.8264
130: Acc-tr:   0.39, Acc-val:   0.39, L-tr: 6.8232, L-val: 6.8232
131: Acc-tr:   0.38, Acc-val:   0.38, L-tr: 6.8320, L-val: 6.8320
132: Acc-tr:   0.40, Acc-val:   0.40, L-tr: 6.8238, L-val: 6.8238
133: Acc-tr:   0.39, Acc-val:   0.39, L-tr: 6.8174, L-val: 6.8174
134: Acc-tr:   0.39, Acc-val:   0.39, L-tr: 6.8201, L-val: 6.8201
135: Acc-tr:   0.40, Acc-val:   0.40, L-tr: 6.8188, L-val: 6.8188
136: Acc-tr:   0.40, Acc-val:   0.40, L-tr: 6.8241, L-val: 6.8241
137: Acc-tr:   0.39, Acc-val:   0.39, L-tr: 6.8240, L-val: 6.8240
138: Acc-tr:   0.39, Acc-val:   0.39, L-tr: 6.8153, L-val: 6.8153
139: Acc-tr:   0.38, Acc-val:   0.38, L-tr: 6.8169, L-val: 6.8169
140: Acc-tr:   0.39, Acc-val:   0.39, L-tr: 6.8223, L-val: 6.8223
141: Acc-tr:   0.39, Acc-val:   0.39, L-tr: 6.8203, L-val: 6.8203
142: Acc-tr:   0.40, Acc-val:   0.40, L-tr: 6.8321, L-val: 6.8321
143: Acc-tr:   0.40, Acc-val:   0.40, L-tr: 6.8221, L-val: 6.8221
144: Acc-tr:   0.40, Acc-val:   0.40, L-tr: 6.8085, L-val: 6.8085
145: Acc-tr:   0.40, Acc-val:   0.40, L-tr: 6.8214, L-val: 6.8214
146: Acc-tr:   0.40, Acc-val:   0.40, L-tr: 6.8147, L-val: 6.8147
147: Acc-tr:   0.40, Acc-val:   0.40, L-tr: 6.8190, L-val: 6.8190
148: Acc-tr:   0.40, Acc-val:   0.40, L-tr: 6.8170, L-val: 6.8170
149: Acc-tr:   0.40, Acc-val:   0.40, L-tr: 6.8269, L-val: 6.8269
150: Acc-tr:   0.40, Acc-val:   0.40, L-tr: 6.8246, L-val: 6.8246
151: Acc-tr:   0.40, Acc-val:   0.40, L-tr: 6.8201, L-val: 6.8201
152: Acc-tr:   0.40, Acc-val:   0.40, L-tr: 6.8211, L-val: 6.8211
153: Acc-tr:   0.41, Acc-val:   0.41, L-tr: 6.8266, L-val: 6.8266
154: Acc-tr:   0.41, Acc-val:   0.41, L-tr: 6.8316, L-val: 6.8316
155: Acc-tr:   0.41, Acc-val:   0.41, L-tr: 6.8262, L-val: 6.8262
156: Acc-tr:   0.41, Acc-val:   0.41, L-tr: 6.8251, L-val: 6.8251
157: Acc-tr:   0.41, Acc-val:   0.41, L-tr: 6.8272, L-val: 6.8272
slurmstepd: error: *** JOB 48925350 ON gr040 CANCELLED AT 2024-07-25T10:03:30 ***
