/ext3/miniconda3/lib/python3.12/site-packages/torchvision/models/_utils.py:208: UserWarning: The parameter 'pretrained' is deprecated since 0.13 and may be removed in the future, please use 'weights' instead.
  warnings.warn(
/ext3/miniconda3/lib/python3.12/site-packages/torchvision/models/_utils.py:223: UserWarning: Arguments other than a weight enum or `None` for 'weights' are deprecated since 0.13 and may be removed in the future. The current behavior is equivalent to passing `weights=None`.
  warnings.warn(msg)
Number of parameters: 5288548
/scratch/cm6627/diffeo_cnn/experiment/008_RandomLabels_EfficentNetb0/./train.py:185: UserWarning: volatile was removed and now has no effect. Use `with torch.no_grad():` instead.
  input_var = torch.autograd.Variable(input, volatile=True)
/scratch/cm6627/diffeo_cnn/experiment/008_RandomLabels_EfficentNetb0/./train.py:186: UserWarning: volatile was removed and now has no effect. Use `with torch.no_grad():` instead.
  target_var = torch.autograd.Variable(target, volatile=True)
000: Acc-tr:   0.10, Acc-val:   0.10, L-tr: 9.9439, L-val: 9.9439
001: Acc-tr:   0.10, Acc-val:   0.10, L-tr: 9.4525, L-val: 9.4525
002: Acc-tr:   0.10, Acc-val:   0.10, L-tr: 11.2455, L-val: 11.2455
003: Acc-tr:   0.10, Acc-val:   0.10, L-tr: 10.1373, L-val: 10.1373
004: Acc-tr:   0.10, Acc-val:   0.10, L-tr: 9.8102, L-val: 9.8102
005: Acc-tr:   0.10, Acc-val:   0.10, L-tr: 10.1169, L-val: 10.1169
006: Acc-tr:   0.14, Acc-val:   0.14, L-tr: 12.4106, L-val: 12.4106
007: Acc-tr:   0.09, Acc-val:   0.09, L-tr: 12.7363, L-val: 12.7363
008: Acc-tr:   0.10, Acc-val:   0.10, L-tr: 13.6304, L-val: 13.6304
009: Acc-tr:   0.10, Acc-val:   0.10, L-tr: 14.1880, L-val: 14.1880
010: Acc-tr:   0.10, Acc-val:   0.10, L-tr: 14.5300, L-val: 14.5300
011: Acc-tr:   0.08, Acc-val:   0.08, L-tr: 15.9749, L-val: 15.9749
012: Acc-tr:   0.10, Acc-val:   0.10, L-tr: 16.4970, L-val: 16.4970
013: Acc-tr:   0.10, Acc-val:   0.10, L-tr: 14.5536, L-val: 14.5536
014: Acc-tr:   0.10, Acc-val:   0.10, L-tr: 16.5654, L-val: 16.5654
015: Acc-tr:   0.10, Acc-val:   0.10, L-tr: 14.7279, L-val: 14.7279
016: Acc-tr:   0.10, Acc-val:   0.10, L-tr: 20.3954, L-val: 20.3954
017: Acc-tr:   0.10, Acc-val:   0.10, L-tr: 22.6886, L-val: 22.6886
018: Acc-tr:   0.10, Acc-val:   0.10, L-tr: 19.5427, L-val: 19.5427
019: Acc-tr:   0.10, Acc-val:   0.10, L-tr: 20.3726, L-val: 20.3726
020: Acc-tr:   0.10, Acc-val:   0.10, L-tr: 25.2514, L-val: 25.2514
021: Acc-tr:   0.10, Acc-val:   0.10, L-tr: 26.9510, L-val: 26.9510
022: Acc-tr:   0.10, Acc-val:   0.10, L-tr: 20.7009, L-val: 20.7009
023: Acc-tr:   0.10, Acc-val:   0.10, L-tr: 25.5351, L-val: 25.5351
024: Acc-tr:   0.10, Acc-val:   0.10, L-tr: 30.1116, L-val: 30.1116
025: Acc-tr:   0.10, Acc-val:   0.10, L-tr: 28.1156, L-val: 28.1156
026: Acc-tr:   0.10, Acc-val:   0.10, L-tr: 30.0645, L-val: 30.0645
027: Acc-tr:   0.10, Acc-val:   0.10, L-tr: 31.8152, L-val: 31.8152
028: Acc-tr:   0.10, Acc-val:   0.10, L-tr: 31.8977, L-val: 31.8977
029: Acc-tr:   0.10, Acc-val:   0.10, L-tr: 30.7479, L-val: 30.7479
030: Acc-tr:   0.10, Acc-val:   0.10, L-tr: 30.7519, L-val: 30.7519
031: Acc-tr:   0.10, Acc-val:   0.10, L-tr: 28.6445, L-val: 28.6445
032: Acc-tr:   0.10, Acc-val:   0.10, L-tr: 31.5986, L-val: 31.5986
033: Acc-tr:   0.10, Acc-val:   0.10, L-tr: 28.5117, L-val: 28.5117
034: Acc-tr:   0.10, Acc-val:   0.10, L-tr: 30.6277, L-val: 30.6277
035: Acc-tr:   0.10, Acc-val:   0.10, L-tr: 30.2296, L-val: 30.2296
036: Acc-tr:   0.10, Acc-val:   0.10, L-tr: 31.2845, L-val: 31.2845
037: Acc-tr:   0.10, Acc-val:   0.10, L-tr: 35.0780, L-val: 35.0780
038: Acc-tr:   0.10, Acc-val:   0.10, L-tr: 37.5636, L-val: 37.5636
039: Acc-tr:   0.10, Acc-val:   0.10, L-tr: 37.5449, L-val: 37.5449
040: Acc-tr:   0.09, Acc-val:   0.09, L-tr: 35.4842, L-val: 35.4842
041: Acc-tr:   0.10, Acc-val:   0.10, L-tr: 33.4753, L-val: 33.4753
042: Acc-tr:   0.10, Acc-val:   0.10, L-tr: 34.3399, L-val: 34.3399
043: Acc-tr:   0.10, Acc-val:   0.10, L-tr: 40.3888, L-val: 40.3888
044: Acc-tr:   0.10, Acc-val:   0.10, L-tr: 43.4445, L-val: 43.4445
045: Acc-tr:   0.10, Acc-val:   0.10, L-tr: 38.3341, L-val: 38.3341
046: Acc-tr:   0.10, Acc-val:   0.10, L-tr: 38.2379, L-val: 38.2379
047: Acc-tr:   0.10, Acc-val:   0.10, L-tr: 40.5425, L-val: 40.5425
048: Acc-tr:   0.10, Acc-val:   0.10, L-tr: 38.3069, L-val: 38.3069
049: Acc-tr:   0.10, Acc-val:   0.10, L-tr: 38.8316, L-val: 38.8316
050: Acc-tr:   0.10, Acc-val:   0.10, L-tr: 14.5034, L-val: 14.5034
051: Acc-tr:   0.10, Acc-val:   0.10, L-tr: 11.7954, L-val: 11.7954
052: Acc-tr:   0.10, Acc-val:   0.10, L-tr: 12.0889, L-val: 12.0889
053: Acc-tr:   0.10, Acc-val:   0.10, L-tr: 11.4498, L-val: 11.4498
054: Acc-tr:   0.10, Acc-val:   0.10, L-tr: 11.0271, L-val: 11.0271
055: Acc-tr:   0.10, Acc-val:   0.10, L-tr: 10.7458, L-val: 10.7458
056: Acc-tr:   0.10, Acc-val:   0.10, L-tr: 10.5518, L-val: 10.5518
057: Acc-tr:   0.10, Acc-val:   0.10, L-tr: 10.4471, L-val: 10.4471
058: Acc-tr:   0.10, Acc-val:   0.10, L-tr: 10.3733, L-val: 10.3733
059: Acc-tr:   0.10, Acc-val:   0.10, L-tr: 10.2263, L-val: 10.2263
060: Acc-tr:   0.10, Acc-val:   0.10, L-tr: 10.1972, L-val: 10.1972
061: Acc-tr:   0.10, Acc-val:   0.10, L-tr: 10.1409, L-val: 10.1409
062: Acc-tr:   0.10, Acc-val:   0.10, L-tr: 10.0698, L-val: 10.0698
063: Acc-tr:   0.10, Acc-val:   0.10, L-tr: 10.0166, L-val: 10.0166
064: Acc-tr:   0.10, Acc-val:   0.10, L-tr: 9.9757, L-val: 9.9757
065: Acc-tr:   0.10, Acc-val:   0.10, L-tr: 9.9983, L-val: 9.9983
066: Acc-tr:   0.10, Acc-val:   0.10, L-tr: 9.8921, L-val: 9.8921
067: Acc-tr:   0.10, Acc-val:   0.10, L-tr: 9.9063, L-val: 9.9063
068: Acc-tr:   0.10, Acc-val:   0.10, L-tr: 9.7913, L-val: 9.7913
069: Acc-tr:   0.10, Acc-val:   0.10, L-tr: 9.8511, L-val: 9.8511
070: Acc-tr:   0.10, Acc-val:   0.10, L-tr: 9.8080, L-val: 9.8080
071: Acc-tr:   0.10, Acc-val:   0.10, L-tr: 9.8074, L-val: 9.8074
072: Acc-tr:   0.10, Acc-val:   0.10, L-tr: 9.7800, L-val: 9.7800
073: Acc-tr:   0.10, Acc-val:   0.10, L-tr: 9.7267, L-val: 9.7267
074: Acc-tr:   0.10, Acc-val:   0.10, L-tr: 9.7880, L-val: 9.7880
075: Acc-tr:   0.10, Acc-val:   0.10, L-tr: 9.6910, L-val: 9.6910
076: Acc-tr:   0.10, Acc-val:   0.10, L-tr: 9.7330, L-val: 9.7330
077: Acc-tr:   0.10, Acc-val:   0.10, L-tr: 9.6324, L-val: 9.6324
078: Acc-tr:   0.10, Acc-val:   0.10, L-tr: 9.5997, L-val: 9.5997
079: Acc-tr:   0.10, Acc-val:   0.10, L-tr: 9.5141, L-val: 9.5141
080: Acc-tr:   0.10, Acc-val:   0.10, L-tr: 9.5171, L-val: 9.5171
081: Acc-tr:   0.10, Acc-val:   0.10, L-tr: 9.4741, L-val: 9.4741
082: Acc-tr:   0.10, Acc-val:   0.10, L-tr: 9.3947, L-val: 9.3947
083: Acc-tr:   0.10, Acc-val:   0.10, L-tr: 9.3408, L-val: 9.3408
084: Acc-tr:   0.10, Acc-val:   0.10, L-tr: 9.0434, L-val: 9.0434
085: Acc-tr:   0.10, Acc-val:   0.10, L-tr: 9.3925, L-val: 9.3925
086: Acc-tr:   0.09, Acc-val:   0.09, L-tr: 9.2275, L-val: 9.2275
087: Acc-tr:   0.10, Acc-val:   0.10, L-tr: 9.1895, L-val: 9.1895
088: Acc-tr:   0.11, Acc-val:   0.11, L-tr: 9.0895, L-val: 9.0895
089: Acc-tr:   0.13, Acc-val:   0.13, L-tr: 9.0235, L-val: 9.0235
090: Acc-tr:   0.13, Acc-val:   0.13, L-tr: 8.9898, L-val: 8.9898
091: Acc-tr:   0.12, Acc-val:   0.12, L-tr: 8.9098, L-val: 8.9098
092: Acc-tr:   0.12, Acc-val:   0.12, L-tr: 8.8379, L-val: 8.8379
093: Acc-tr:   0.10, Acc-val:   0.10, L-tr: 8.7369, L-val: 8.7369
094: Acc-tr:   0.15, Acc-val:   0.15, L-tr: 8.6642, L-val: 8.6642
095: Acc-tr:   0.12, Acc-val:   0.12, L-tr: 8.6196, L-val: 8.6196
096: Acc-tr:   0.16, Acc-val:   0.16, L-tr: 8.5610, L-val: 8.5610
097: Acc-tr:   0.16, Acc-val:   0.16, L-tr: 8.5443, L-val: 8.5443
098: Acc-tr:   0.15, Acc-val:   0.15, L-tr: 8.4620, L-val: 8.4620
099: Acc-tr:   0.09, Acc-val:   0.09, L-tr: 8.4388, L-val: 8.4388
100: Acc-tr:   0.12, Acc-val:   0.12, L-tr: 8.2889, L-val: 8.2889
101: Acc-tr:   0.13, Acc-val:   0.13, L-tr: 8.1480, L-val: 8.1480
102: Acc-tr:   0.13, Acc-val:   0.13, L-tr: 8.0235, L-val: 8.0235
103: Acc-tr:   0.13, Acc-val:   0.13, L-tr: 7.9125, L-val: 7.9125
104: Acc-tr:   0.14, Acc-val:   0.14, L-tr: 7.8076, L-val: 7.8076
105: Acc-tr:   0.13, Acc-val:   0.13, L-tr: 7.7128, L-val: 7.7128
106: Acc-tr:   0.13, Acc-val:   0.13, L-tr: 7.6252, L-val: 7.6252
107: Acc-tr:   0.13, Acc-val:   0.13, L-tr: 7.5465, L-val: 7.5465
108: Acc-tr:   0.13, Acc-val:   0.13, L-tr: 7.4729, L-val: 7.4729
109: Acc-tr:   0.13, Acc-val:   0.13, L-tr: 7.4059, L-val: 7.4059
110: Acc-tr:   0.13, Acc-val:   0.13, L-tr: 7.3462, L-val: 7.3462
111: Acc-tr:   0.13, Acc-val:   0.13, L-tr: 7.2921, L-val: 7.2921
112: Acc-tr:   0.13, Acc-val:   0.13, L-tr: 7.2437, L-val: 7.2437
113: Acc-tr:   0.13, Acc-val:   0.13, L-tr: 7.2005, L-val: 7.2005
114: Acc-tr:   0.13, Acc-val:   0.13, L-tr: 7.1622, L-val: 7.1622
115: Acc-tr:   0.13, Acc-val:   0.13, L-tr: 7.1285, L-val: 7.1285
116: Acc-tr:   0.14, Acc-val:   0.14, L-tr: 7.0990, L-val: 7.0990
117: Acc-tr:   0.14, Acc-val:   0.14, L-tr: 7.0739, L-val: 7.0739
118: Acc-tr:   0.14, Acc-val:   0.14, L-tr: 7.0509, L-val: 7.0509
119: Acc-tr:   0.14, Acc-val:   0.14, L-tr: 7.0324, L-val: 7.0324
120: Acc-tr:   0.14, Acc-val:   0.14, L-tr: 7.0164, L-val: 7.0164
121: Acc-tr:   0.14, Acc-val:   0.14, L-tr: 7.0012, L-val: 7.0012
122: Acc-tr:   0.15, Acc-val:   0.15, L-tr: 6.9897, L-val: 6.9897
123: Acc-tr:   0.15, Acc-val:   0.15, L-tr: 6.9793, L-val: 6.9793
124: Acc-tr:   0.15, Acc-val:   0.15, L-tr: 6.9705, L-val: 6.9705
125: Acc-tr:   0.15, Acc-val:   0.15, L-tr: 6.9631, L-val: 6.9631
126: Acc-tr:   0.11, Acc-val:   0.11, L-tr: 6.9565, L-val: 6.9565
127: Acc-tr:   0.11, Acc-val:   0.11, L-tr: 6.9515, L-val: 6.9515
128: Acc-tr:   0.10, Acc-val:   0.10, L-tr: 6.9470, L-val: 6.9470
129: Acc-tr:   0.10, Acc-val:   0.10, L-tr: 6.9426, L-val: 6.9426
130: Acc-tr:   0.10, Acc-val:   0.10, L-tr: 6.9391, L-val: 6.9391
131: Acc-tr:   0.10, Acc-val:   0.10, L-tr: 6.9355, L-val: 6.9355
132: Acc-tr:   0.10, Acc-val:   0.10, L-tr: 6.9333, L-val: 6.9333
133: Acc-tr:   0.10, Acc-val:   0.10, L-tr: 6.9310, L-val: 6.9310
134: Acc-tr:   0.10, Acc-val:   0.10, L-tr: 6.9290, L-val: 6.9290
135: Acc-tr:   0.10, Acc-val:   0.10, L-tr: 6.9275, L-val: 6.9275
136: Acc-tr:   0.10, Acc-val:   0.10, L-tr: 6.9267, L-val: 6.9267
137: Acc-tr:   0.10, Acc-val:   0.10, L-tr: 6.9240, L-val: 6.9240
138: Acc-tr:   0.10, Acc-val:   0.10, L-tr: 6.9233, L-val: 6.9233
139: Acc-tr:   0.10, Acc-val:   0.10, L-tr: 6.9225, L-val: 6.9225
140: Acc-tr:   0.10, Acc-val:   0.10, L-tr: 6.9223, L-val: 6.9223
141: Acc-tr:   0.10, Acc-val:   0.10, L-tr: 6.9212, L-val: 6.9212
142: Acc-tr:   0.10, Acc-val:   0.10, L-tr: 6.9197, L-val: 6.9197
143: Acc-tr:   0.10, Acc-val:   0.10, L-tr: 6.9192, L-val: 6.9192
144: Acc-tr:   0.10, Acc-val:   0.10, L-tr: 6.9184, L-val: 6.9184
145: Acc-tr:   0.10, Acc-val:   0.10, L-tr: 6.9177, L-val: 6.9177
146: Acc-tr:   0.10, Acc-val:   0.10, L-tr: 6.9177, L-val: 6.9177
147: Acc-tr:   0.10, Acc-val:   0.10, L-tr: 6.9175, L-val: 6.9175
148: Acc-tr:   0.10, Acc-val:   0.10, L-tr: 6.9168, L-val: 6.9168
149: Acc-tr:   0.10, Acc-val:   0.10, L-tr: 6.9165, L-val: 6.9165
150: Acc-tr:   0.10, Acc-val:   0.10, L-tr: 6.9164, L-val: 6.9164
151: Acc-tr:   0.10, Acc-val:   0.10, L-tr: 6.9162, L-val: 6.9162
152: Acc-tr:   0.10, Acc-val:   0.10, L-tr: 6.9164, L-val: 6.9164
153: Acc-tr:   0.10, Acc-val:   0.10, L-tr: 6.9160, L-val: 6.9160
154: Acc-tr:   0.10, Acc-val:   0.10, L-tr: 6.9164, L-val: 6.9164
155: Acc-tr:   0.10, Acc-val:   0.10, L-tr: 6.9164, L-val: 6.9164
156: Acc-tr:   0.10, Acc-val:   0.10, L-tr: 6.9157, L-val: 6.9157
157: Acc-tr:   0.10, Acc-val:   0.10, L-tr: 6.9162, L-val: 6.9162
158: Acc-tr:   0.10, Acc-val:   0.10, L-tr: 6.9159, L-val: 6.9159
159: Acc-tr:   0.10, Acc-val:   0.10, L-tr: 6.9167, L-val: 6.9167
160: Acc-tr:   0.10, Acc-val:   0.10, L-tr: 6.9161, L-val: 6.9161
161: Acc-tr:   0.10, Acc-val:   0.10, L-tr: 6.9156, L-val: 6.9156
162: Acc-tr:   0.10, Acc-val:   0.10, L-tr: 6.9163, L-val: 6.9163
163: Acc-tr:   0.10, Acc-val:   0.10, L-tr: 6.9161, L-val: 6.9161
164: Acc-tr:   0.10, Acc-val:   0.10, L-tr: 6.9162, L-val: 6.9162
165: Acc-tr:   0.10, Acc-val:   0.10, L-tr: 6.9166, L-val: 6.9166
166: Acc-tr:   0.10, Acc-val:   0.10, L-tr: 6.9163, L-val: 6.9163
167: Acc-tr:   0.10, Acc-val:   0.10, L-tr: 6.9155, L-val: 6.9155
168: Acc-tr:   0.10, Acc-val:   0.10, L-tr: 6.9165, L-val: 6.9165
169: Acc-tr:   0.10, Acc-val:   0.10, L-tr: 6.9156, L-val: 6.9156
170: Acc-tr:   0.10, Acc-val:   0.10, L-tr: 6.9165, L-val: 6.9165
171: Acc-tr:   0.10, Acc-val:   0.10, L-tr: 6.9168, L-val: 6.9168
172: Acc-tr:   0.10, Acc-val:   0.10, L-tr: 6.9159, L-val: 6.9159
173: Acc-tr:   0.10, Acc-val:   0.10, L-tr: 6.9161, L-val: 6.9161
174: Acc-tr:   0.10, Acc-val:   0.10, L-tr: 6.9160, L-val: 6.9160
175: Acc-tr:   0.10, Acc-val:   0.10, L-tr: 6.9164, L-val: 6.9164
176: Acc-tr:   0.10, Acc-val:   0.10, L-tr: 6.9150, L-val: 6.9150
177: Acc-tr:   0.10, Acc-val:   0.10, L-tr: 6.9154, L-val: 6.9154
178: Acc-tr:   0.10, Acc-val:   0.10, L-tr: 6.9160, L-val: 6.9160
179: Acc-tr:   0.10, Acc-val:   0.10, L-tr: 6.9157, L-val: 6.9157
180: Acc-tr:   0.10, Acc-val:   0.10, L-tr: 6.9160, L-val: 6.9160
181: Acc-tr:   0.10, Acc-val:   0.10, L-tr: 6.9166, L-val: 6.9166
182: Acc-tr:   0.10, Acc-val:   0.10, L-tr: 6.9163, L-val: 6.9163
183: Acc-tr:   0.10, Acc-val:   0.10, L-tr: 6.9157, L-val: 6.9157
184: Acc-tr:   0.10, Acc-val:   0.10, L-tr: 6.9162, L-val: 6.9162
185: Acc-tr:   0.10, Acc-val:   0.10, L-tr: 6.9156, L-val: 6.9156
186: Acc-tr:   0.10, Acc-val:   0.10, L-tr: 6.9141, L-val: 6.9141
187: Acc-tr:   0.10, Acc-val:   0.10, L-tr: 6.9160, L-val: 6.9160
188: Acc-tr:   0.10, Acc-val:   0.10, L-tr: 6.9155, L-val: 6.9155
189: Acc-tr:   0.10, Acc-val:   0.10, L-tr: 6.9159, L-val: 6.9159
190: Acc-tr:   0.10, Acc-val:   0.10, L-tr: 6.9160, L-val: 6.9160
191: Acc-tr:   0.10, Acc-val:   0.10, L-tr: 6.9159, L-val: 6.9159
192: Acc-tr:   0.10, Acc-val:   0.10, L-tr: 6.9160, L-val: 6.9160
193: Acc-tr:   0.10, Acc-val:   0.10, L-tr: 6.9158, L-val: 6.9158
194: Acc-tr:   0.10, Acc-val:   0.10, L-tr: 6.9158, L-val: 6.9158
195: Acc-tr:   0.10, Acc-val:   0.10, L-tr: 6.9161, L-val: 6.9161
196: Acc-tr:   0.10, Acc-val:   0.10, L-tr: 6.9149, L-val: 6.9149
197: Acc-tr:   0.10, Acc-val:   0.10, L-tr: 6.9163, L-val: 6.9163
198: Acc-tr:   0.10, Acc-val:   0.10, L-tr: 6.9163, L-val: 6.9163
199: Acc-tr:   0.10, Acc-val:   0.10, L-tr: 6.9161, L-val: 6.9161
200: Acc-tr:   0.10, Acc-val:   0.10, L-tr: 6.9163, L-val: 6.9163
201: Acc-tr:   0.10, Acc-val:   0.10, L-tr: 6.9164, L-val: 6.9164
202: Acc-tr:   0.10, Acc-val:   0.10, L-tr: 6.9151, L-val: 6.9151
203: Acc-tr:   0.10, Acc-val:   0.10, L-tr: 6.9163, L-val: 6.9163
204: Acc-tr:   0.10, Acc-val:   0.10, L-tr: 6.9157, L-val: 6.9157
205: Acc-tr:   0.10, Acc-val:   0.10, L-tr: 6.9171, L-val: 6.9171
206: Acc-tr:   0.10, Acc-val:   0.10, L-tr: 6.9150, L-val: 6.9150
207: Acc-tr:   0.10, Acc-val:   0.10, L-tr: 6.9148, L-val: 6.9148
208: Acc-tr:   0.10, Acc-val:   0.10, L-tr: 6.9152, L-val: 6.9152
209: Acc-tr:   0.10, Acc-val:   0.10, L-tr: 6.9158, L-val: 6.9158
210: Acc-tr:   0.10, Acc-val:   0.10, L-tr: 6.9159, L-val: 6.9159
211: Acc-tr:   0.10, Acc-val:   0.10, L-tr: 6.9161, L-val: 6.9161
212: Acc-tr:   0.10, Acc-val:   0.10, L-tr: 6.9157, L-val: 6.9157
213: Acc-tr:   0.10, Acc-val:   0.10, L-tr: 6.9168, L-val: 6.9168
214: Acc-tr:   0.10, Acc-val:   0.10, L-tr: 6.9161, L-val: 6.9161
215: Acc-tr:   0.10, Acc-val:   0.10, L-tr: 6.9161, L-val: 6.9161
216: Acc-tr:   0.10, Acc-val:   0.10, L-tr: 6.9155, L-val: 6.9155
217: Acc-tr:   0.10, Acc-val:   0.10, L-tr: 6.9167, L-val: 6.9167
218: Acc-tr:   0.10, Acc-val:   0.10, L-tr: 6.9161, L-val: 6.9161
219: Acc-tr:   0.10, Acc-val:   0.10, L-tr: 6.9162, L-val: 6.9162
220: Acc-tr:   0.10, Acc-val:   0.10, L-tr: 6.9162, L-val: 6.9162
221: Acc-tr:   0.10, Acc-val:   0.10, L-tr: 6.9152, L-val: 6.9152
222: Acc-tr:   0.10, Acc-val:   0.10, L-tr: 6.9159, L-val: 6.9159
223: Acc-tr:   0.10, Acc-val:   0.10, L-tr: 6.9158, L-val: 6.9158
224: Acc-tr:   0.10, Acc-val:   0.10, L-tr: 6.9162, L-val: 6.9162
225: Acc-tr:   0.10, Acc-val:   0.10, L-tr: 6.9156, L-val: 6.9156
226: Acc-tr:   0.10, Acc-val:   0.10, L-tr: 6.9159, L-val: 6.9159
227: Acc-tr:   0.10, Acc-val:   0.10, L-tr: 6.9159, L-val: 6.9159
228: Acc-tr:   0.10, Acc-val:   0.10, L-tr: 6.9155, L-val: 6.9155
229: Acc-tr:   0.10, Acc-val:   0.10, L-tr: 6.9162, L-val: 6.9162
230: Acc-tr:   0.10, Acc-val:   0.10, L-tr: 6.9156, L-val: 6.9156
231: Acc-tr:   0.10, Acc-val:   0.10, L-tr: 6.9167, L-val: 6.9167
232: Acc-tr:   0.10, Acc-val:   0.10, L-tr: 6.9152, L-val: 6.9152
233: Acc-tr:   0.10, Acc-val:   0.10, L-tr: 6.9165, L-val: 6.9165
234: Acc-tr:   0.10, Acc-val:   0.10, L-tr: 6.9157, L-val: 6.9157
235: Acc-tr:   0.10, Acc-val:   0.10, L-tr: 6.9158, L-val: 6.9158
236: Acc-tr:   0.10, Acc-val:   0.10, L-tr: 6.9160, L-val: 6.9160
237: Acc-tr:   0.10, Acc-val:   0.10, L-tr: 6.9157, L-val: 6.9157
238: Acc-tr:   0.10, Acc-val:   0.10, L-tr: 6.9156, L-val: 6.9156
239: Acc-tr:   0.10, Acc-val:   0.10, L-tr: 6.9162, L-val: 6.9162
240: Acc-tr:   0.10, Acc-val:   0.10, L-tr: 6.9151, L-val: 6.9151
241: Acc-tr:   0.10, Acc-val:   0.10, L-tr: 6.9157, L-val: 6.9157
242: Acc-tr:   0.10, Acc-val:   0.10, L-tr: 6.9155, L-val: 6.9155
243: Acc-tr:   0.10, Acc-val:   0.10, L-tr: 6.9159, L-val: 6.9159
244: Acc-tr:   0.10, Acc-val:   0.10, L-tr: 6.9164, L-val: 6.9164
245: Acc-tr:   0.10, Acc-val:   0.10, L-tr: 6.9156, L-val: 6.9156
246: Acc-tr:   0.10, Acc-val:   0.10, L-tr: 6.9154, L-val: 6.9154
247: Acc-tr:   0.10, Acc-val:   0.10, L-tr: 6.9159, L-val: 6.9159
248: Acc-tr:   0.10, Acc-val:   0.10, L-tr: 6.9160, L-val: 6.9160
249: Acc-tr:   0.10, Acc-val:   0.10, L-tr: 6.9154, L-val: 6.9154
250: Acc-tr:   0.10, Acc-val:   0.10, L-tr: 6.9162, L-val: 6.9162
251: Acc-tr:   0.10, Acc-val:   0.10, L-tr: 6.9166, L-val: 6.9166
252: Acc-tr:   0.10, Acc-val:   0.10, L-tr: 6.9148, L-val: 6.9148
253: Acc-tr:   0.10, Acc-val:   0.10, L-tr: 6.9162, L-val: 6.9162
254: Acc-tr:   0.10, Acc-val:   0.10, L-tr: 6.9156, L-val: 6.9156
255: Acc-tr:   0.10, Acc-val:   0.10, L-tr: 6.9160, L-val: 6.9160
256: Acc-tr:   0.10, Acc-val:   0.10, L-tr: 6.9155, L-val: 6.9155
257: Acc-tr:   0.10, Acc-val:   0.10, L-tr: 6.9155, L-val: 6.9155
258: Acc-tr:   0.10, Acc-val:   0.10, L-tr: 6.9161, L-val: 6.9161
259: Acc-tr:   0.10, Acc-val:   0.10, L-tr: 6.9158, L-val: 6.9158
260: Acc-tr:   0.10, Acc-val:   0.10, L-tr: 6.9157, L-val: 6.9157
261: Acc-tr:   0.10, Acc-val:   0.10, L-tr: 6.9158, L-val: 6.9158
262: Acc-tr:   0.10, Acc-val:   0.10, L-tr: 6.9165, L-val: 6.9165
263: Acc-tr:   0.10, Acc-val:   0.10, L-tr: 6.9168, L-val: 6.9168
264: Acc-tr:   0.10, Acc-val:   0.10, L-tr: 6.9153, L-val: 6.9153
265: Acc-tr:   0.10, Acc-val:   0.10, L-tr: 6.9158, L-val: 6.9158
266: Acc-tr:   0.10, Acc-val:   0.10, L-tr: 6.9153, L-val: 6.9153
267: Acc-tr:   0.10, Acc-val:   0.10, L-tr: 6.9162, L-val: 6.9162
268: Acc-tr:   0.10, Acc-val:   0.10, L-tr: 6.9155, L-val: 6.9155
269: Acc-tr:   0.10, Acc-val:   0.10, L-tr: 6.9158, L-val: 6.9158
270: Acc-tr:   0.10, Acc-val:   0.10, L-tr: 6.9156, L-val: 6.9156
271: Acc-tr:   0.10, Acc-val:   0.10, L-tr: 6.9148, L-val: 6.9148
272: Acc-tr:   0.10, Acc-val:   0.10, L-tr: 6.9153, L-val: 6.9153
273: Acc-tr:   0.10, Acc-val:   0.10, L-tr: 6.9155, L-val: 6.9155
274: Acc-tr:   0.10, Acc-val:   0.10, L-tr: 6.9148, L-val: 6.9148
275: Acc-tr:   0.10, Acc-val:   0.10, L-tr: 6.9166, L-val: 6.9166
276: Acc-tr:   0.10, Acc-val:   0.10, L-tr: 6.9157, L-val: 6.9157
277: Acc-tr:   0.10, Acc-val:   0.10, L-tr: 6.9160, L-val: 6.9160
278: Acc-tr:   0.10, Acc-val:   0.10, L-tr: 6.9165, L-val: 6.9165
279: Acc-tr:   0.10, Acc-val:   0.10, L-tr: 6.9168, L-val: 6.9168
280: Acc-tr:   0.10, Acc-val:   0.10, L-tr: 6.9156, L-val: 6.9156
281: Acc-tr:   0.10, Acc-val:   0.10, L-tr: 6.9159, L-val: 6.9159
282: Acc-tr:   0.10, Acc-val:   0.10, L-tr: 6.9158, L-val: 6.9158
283: Acc-tr:   0.10, Acc-val:   0.10, L-tr: 6.9163, L-val: 6.9163
284: Acc-tr:   0.10, Acc-val:   0.10, L-tr: 6.9155, L-val: 6.9155
285: Acc-tr:   0.10, Acc-val:   0.10, L-tr: 6.9158, L-val: 6.9158
286: Acc-tr:   0.10, Acc-val:   0.10, L-tr: 6.9158, L-val: 6.9158
287: Acc-tr:   0.10, Acc-val:   0.10, L-tr: 6.9150, L-val: 6.9150
288: Acc-tr:   0.10, Acc-val:   0.10, L-tr: 6.9157, L-val: 6.9157
289: Acc-tr:   0.10, Acc-val:   0.10, L-tr: 6.9161, L-val: 6.9161
290: Acc-tr:   0.10, Acc-val:   0.10, L-tr: 6.9142, L-val: 6.9142
291: Acc-tr:   0.10, Acc-val:   0.10, L-tr: 6.9158, L-val: 6.9158
292: Acc-tr:   0.10, Acc-val:   0.10, L-tr: 6.9158, L-val: 6.9158
293: Acc-tr:   0.10, Acc-val:   0.10, L-tr: 6.9164, L-val: 6.9164
294: Acc-tr:   0.10, Acc-val:   0.10, L-tr: 6.9153, L-val: 6.9153
295: Acc-tr:   0.10, Acc-val:   0.10, L-tr: 6.9161, L-val: 6.9161
296: Acc-tr:   0.10, Acc-val:   0.10, L-tr: 6.9164, L-val: 6.9164
297: Acc-tr:   0.10, Acc-val:   0.10, L-tr: 6.9159, L-val: 6.9159
298: Acc-tr:   0.10, Acc-val:   0.10, L-tr: 6.9152, L-val: 6.9152
299: Acc-tr:   0.10, Acc-val:   0.10, L-tr: 6.9153, L-val: 6.9153
