/ext3/miniconda3/lib/python3.12/site-packages/torchvision/models/_utils.py:208: UserWarning: The parameter 'pretrained' is deprecated since 0.13 and may be removed in the future, please use 'weights' instead.
  warnings.warn(
/ext3/miniconda3/lib/python3.12/site-packages/torchvision/models/_utils.py:223: UserWarning: Arguments other than a weight enum or `None` for 'weights' are deprecated since 0.13 and may be removed in the future. The current behavior is equivalent to passing `weights=None`.
  warnings.warn(msg)
Number of parameters: 5288548
/scratch/cm6627/diffeo_cnn/experiment/008_RandomLabels_EfficentNetb0/./train.py:189: UserWarning: volatile was removed and now has no effect. Use `with torch.no_grad():` instead.
  input_var = torch.autograd.Variable(input, volatile=True)
/scratch/cm6627/diffeo_cnn/experiment/008_RandomLabels_EfficentNetb0/./train.py:190: UserWarning: volatile was removed and now has no effect. Use `with torch.no_grad():` instead.
  target_var = torch.autograd.Variable(target, volatile=True)
000: Acc-tr:   0.09, Acc-val:   0.09, L-tr: 7.7765, L-val: 7.7765
001: Acc-tr:   0.13, Acc-val:   0.13, L-tr: 7.0441, L-val: 7.0441
002: Acc-tr:   0.14, Acc-val:   0.14, L-tr: 6.9252, L-val: 6.9252
003: Acc-tr:   0.15, Acc-val:   0.15, L-tr: 6.9697, L-val: 6.9697
004: Acc-tr:   0.25, Acc-val:   0.25, L-tr: 6.8741, L-val: 6.8741
005: Acc-tr:   0.32, Acc-val:   0.32, L-tr: 6.8325, L-val: 6.8325
006: Acc-tr:   0.37, Acc-val:   0.37, L-tr: 6.8030, L-val: 6.8030
007: Acc-tr:   0.33, Acc-val:   0.33, L-tr: 6.7697, L-val: 6.7697
008: Acc-tr:   0.41, Acc-val:   0.41, L-tr: 6.7666, L-val: 6.7666
009: Acc-tr:   0.43, Acc-val:   0.43, L-tr: 6.7402, L-val: 6.7402
010: Acc-tr:   0.39, Acc-val:   0.39, L-tr: 6.7692, L-val: 6.7692
011: Acc-tr:   0.43, Acc-val:   0.43, L-tr: 6.7608, L-val: 6.7608
012: Acc-tr:   0.46, Acc-val:   0.46, L-tr: 6.8619, L-val: 6.8619
013: Acc-tr:   0.46, Acc-val:   0.46, L-tr: 6.7418, L-val: 6.7418
014: Acc-tr:   0.47, Acc-val:   0.47, L-tr: 6.7519, L-val: 6.7519
015: Acc-tr:   0.54, Acc-val:   0.54, L-tr: 6.7746, L-val: 6.7746
016: Acc-tr:   0.55, Acc-val:   0.55, L-tr: 6.7989, L-val: 6.7989
017: Acc-tr:   0.51, Acc-val:   0.51, L-tr: 6.8042, L-val: 6.8042
018: Acc-tr:   0.48, Acc-val:   0.48, L-tr: 6.8906, L-val: 6.8906
019: Acc-tr:   0.49, Acc-val:   0.49, L-tr: 7.4331, L-val: 7.4331
020: Acc-tr:   0.50, Acc-val:   0.50, L-tr: 6.8924, L-val: 6.8924
021: Acc-tr:   0.51, Acc-val:   0.51, L-tr: 6.9072, L-val: 6.9072
022: Acc-tr:   0.49, Acc-val:   0.49, L-tr: 7.0521, L-val: 7.0521
023: Acc-tr:   0.46, Acc-val:   0.46, L-tr: 6.8951, L-val: 6.8951
024: Acc-tr:   0.53, Acc-val:   0.53, L-tr: 6.9255, L-val: 6.9255
025: Acc-tr:   0.50, Acc-val:   0.50, L-tr: 6.8496, L-val: 6.8496
026: Acc-tr:   0.45, Acc-val:   0.45, L-tr: 6.8985, L-val: 6.8985
027: Acc-tr:   0.45, Acc-val:   0.45, L-tr: 7.5101, L-val: 7.5101
028: Acc-tr:   0.49, Acc-val:   0.49, L-tr: 6.9677, L-val: 6.9677
029: Acc-tr:   0.52, Acc-val:   0.52, L-tr: 7.0197, L-val: 7.0197
030: Acc-tr:   0.51, Acc-val:   0.51, L-tr: 6.9190, L-val: 6.9190
031: Acc-tr:   0.57, Acc-val:   0.57, L-tr: 7.0349, L-val: 7.0349
032: Acc-tr:   0.63, Acc-val:   0.63, L-tr: 7.3271, L-val: 7.3271
033: Acc-tr:   0.64, Acc-val:   0.64, L-tr: 7.0649, L-val: 7.0649
034: Acc-tr:   0.60, Acc-val:   0.60, L-tr: 9.1405, L-val: 9.1405
035: Acc-tr:   0.55, Acc-val:   0.55, L-tr: 7.2526, L-val: 7.2526
036: Acc-tr:   0.52, Acc-val:   0.52, L-tr: 7.2779, L-val: 7.2779
037: Acc-tr:   0.57, Acc-val:   0.57, L-tr: 7.2294, L-val: 7.2294
038: Acc-tr:   0.55, Acc-val:   0.55, L-tr: 7.3237, L-val: 7.3237
039: Acc-tr:   0.60, Acc-val:   0.60, L-tr: 7.4082, L-val: 7.4082
040: Acc-tr:   0.66, Acc-val:   0.66, L-tr: 7.3146, L-val: 7.3146
041: Acc-tr:   0.62, Acc-val:   0.62, L-tr: 7.3360, L-val: 7.3360
042: Acc-tr:   0.64, Acc-val:   0.64, L-tr: 7.2450, L-val: 7.2450
043: Acc-tr:   0.65, Acc-val:   0.65, L-tr: 7.2235, L-val: 7.2235
044: Acc-tr:   0.62, Acc-val:   0.62, L-tr: 7.5856, L-val: 7.5856
045: Acc-tr:   0.56, Acc-val:   0.56, L-tr: 7.4024, L-val: 7.4024
046: Acc-tr:   0.58, Acc-val:   0.58, L-tr: 7.3973, L-val: 7.3973
047: Acc-tr:   0.60, Acc-val:   0.60, L-tr: 7.4949, L-val: 7.4949
048: Acc-tr:   0.63, Acc-val:   0.63, L-tr: 8.1036, L-val: 8.1036
049: Acc-tr:   0.69, Acc-val:   0.69, L-tr: 7.3100, L-val: 7.3100
050: Acc-tr:   1.08, Acc-val:   1.08, L-tr: 6.9824, L-val: 6.9824
051: Acc-tr:   1.09, Acc-val:   1.09, L-tr: 6.5882, L-val: 6.5882
052: Acc-tr:   1.13, Acc-val:   1.13, L-tr: 6.5898, L-val: 6.5898
053: Acc-tr:   1.17, Acc-val:   1.17, L-tr: 6.6606, L-val: 6.6606
054: Acc-tr:   1.23, Acc-val:   1.23, L-tr: 6.5311, L-val: 6.5311
055: Acc-tr:   1.25, Acc-val:   1.25, L-tr: 6.6364, L-val: 6.6364
056: Acc-tr:   1.27, Acc-val:   1.27, L-tr: 6.4877, L-val: 6.4877
057: Acc-tr:   1.25, Acc-val:   1.25, L-tr: 6.5779, L-val: 6.5779
058: Acc-tr:   1.28, Acc-val:   1.28, L-tr: 6.4961, L-val: 6.4961
059: Acc-tr:   1.28, Acc-val:   1.28, L-tr: 6.5542, L-val: 6.5542
060: Acc-tr:   1.30, Acc-val:   1.30, L-tr: 6.5376, L-val: 6.5376
061: Acc-tr:   1.28, Acc-val:   1.28, L-tr: 6.6746, L-val: 6.6746
062: Acc-tr:   1.31, Acc-val:   1.31, L-tr: 6.4977, L-val: 6.4977
063: Acc-tr:   1.29, Acc-val:   1.29, L-tr: 6.5552, L-val: 6.5552
064: Acc-tr:   1.31, Acc-val:   1.31, L-tr: 6.5254, L-val: 6.5254
065: Acc-tr:   1.31, Acc-val:   1.31, L-tr: 6.5519, L-val: 6.5519
066: Acc-tr:   1.32, Acc-val:   1.32, L-tr: 6.4854, L-val: 6.4854
067: Acc-tr:   1.35, Acc-val:   1.35, L-tr: 6.5241, L-val: 6.5241
068: Acc-tr:   1.34, Acc-val:   1.34, L-tr: 6.5564, L-val: 6.5564
069: Acc-tr:   1.35, Acc-val:   1.35, L-tr: 6.5231, L-val: 6.5231
070: Acc-tr:   1.39, Acc-val:   1.39, L-tr: 6.5437, L-val: 6.5437
071: Acc-tr:   1.37, Acc-val:   1.37, L-tr: 6.5528, L-val: 6.5528
072: Acc-tr:   1.37, Acc-val:   1.37, L-tr: 6.5452, L-val: 6.5452
073: Acc-tr:   1.38, Acc-val:   1.38, L-tr: 6.5750, L-val: 6.5750
074: Acc-tr:   1.30, Acc-val:   1.30, L-tr: 6.5869, L-val: 6.5869
075: Acc-tr:   1.34, Acc-val:   1.34, L-tr: 6.7294, L-val: 6.7294
076: Acc-tr:   1.31, Acc-val:   1.31, L-tr: 6.6571, L-val: 6.6571
077: Acc-tr:   1.32, Acc-val:   1.32, L-tr: 6.8235, L-val: 6.8235
078: Acc-tr:   1.30, Acc-val:   1.30, L-tr: 7.0678, L-val: 7.0678
079: Acc-tr:   1.38, Acc-val:   1.38, L-tr: 8.8022, L-val: 8.8022
080: Acc-tr:   1.43, Acc-val:   1.43, L-tr: 9.7571, L-val: 9.7571
081: Acc-tr:   1.41, Acc-val:   1.41, L-tr: 7.6466, L-val: 7.6466
082: Acc-tr:   1.31, Acc-val:   1.31, L-tr: 6.7855, L-val: 6.7855
083: Acc-tr:   1.33, Acc-val:   1.33, L-tr: 6.6735, L-val: 6.6735
084: Acc-tr:   1.29, Acc-val:   1.29, L-tr: 6.9255, L-val: 6.9255
085: Acc-tr:   1.26, Acc-val:   1.26, L-tr: 6.8883, L-val: 6.8883
086: Acc-tr:   1.26, Acc-val:   1.26, L-tr: 6.9797, L-val: 6.9797
087: Acc-tr:   1.25, Acc-val:   1.25, L-tr: 6.9253, L-val: 6.9253
088: Acc-tr:   1.27, Acc-val:   1.27, L-tr: 7.1294, L-val: 7.1294
089: Acc-tr:   1.21, Acc-val:   1.21, L-tr: 7.2129, L-val: 7.2129
090: Acc-tr:   1.28, Acc-val:   1.28, L-tr: 8.1272, L-val: 8.1272
091: Acc-tr:   1.43, Acc-val:   1.43, L-tr: 9.5018, L-val: 9.5018
092: Acc-tr:   1.31, Acc-val:   1.31, L-tr: 9.9616, L-val: 9.9616
093: Acc-tr:   1.39, Acc-val:   1.39, L-tr: 11.5970, L-val: 11.5970
094: Acc-tr:   1.30, Acc-val:   1.30, L-tr: 7.8546, L-val: 7.8546
095: Acc-tr:   1.29, Acc-val:   1.29, L-tr: 7.3129, L-val: 7.3129
096: Acc-tr:   1.23, Acc-val:   1.23, L-tr: 7.2306, L-val: 7.2306
097: Acc-tr:   1.22, Acc-val:   1.22, L-tr: 7.3880, L-val: 7.3880
098: Acc-tr:   1.27, Acc-val:   1.27, L-tr: 7.3320, L-val: 7.3320
099: Acc-tr:   1.30, Acc-val:   1.30, L-tr: 7.4170, L-val: 7.4170
100: Acc-tr:   1.42, Acc-val:   1.42, L-tr: 7.0967, L-val: 7.0967
101: Acc-tr:   1.49, Acc-val:   1.49, L-tr: 6.9496, L-val: 6.9496
102: Acc-tr:   1.57, Acc-val:   1.57, L-tr: 6.8175, L-val: 6.8175
103: Acc-tr:   1.63, Acc-val:   1.63, L-tr: 6.7298, L-val: 6.7298
104: Acc-tr:   1.60, Acc-val:   1.60, L-tr: 6.6894, L-val: 6.6894
105: Acc-tr:   1.60, Acc-val:   1.60, L-tr: 6.6228, L-val: 6.6228
106: Acc-tr:   1.61, Acc-val:   1.61, L-tr: 6.6530, L-val: 6.6530
107: Acc-tr:   1.66, Acc-val:   1.66, L-tr: 6.6102, L-val: 6.6102
108: Acc-tr:   1.64, Acc-val:   1.64, L-tr: 6.5877, L-val: 6.5877
109: Acc-tr:   1.63, Acc-val:   1.63, L-tr: 6.5834, L-val: 6.5834
110: Acc-tr:   1.70, Acc-val:   1.70, L-tr: 6.5490, L-val: 6.5490
111: Acc-tr:   1.70, Acc-val:   1.70, L-tr: 6.5853, L-val: 6.5853
112: Acc-tr:   1.76, Acc-val:   1.76, L-tr: 6.5637, L-val: 6.5637
113: Acc-tr:   1.73, Acc-val:   1.73, L-tr: 6.5610, L-val: 6.5610
114: Acc-tr:   1.75, Acc-val:   1.75, L-tr: 6.5266, L-val: 6.5266
115: Acc-tr:   1.77, Acc-val:   1.77, L-tr: 6.5643, L-val: 6.5643
116: Acc-tr:   1.71, Acc-val:   1.71, L-tr: 6.5810, L-val: 6.5810
117: Acc-tr:   1.73, Acc-val:   1.73, L-tr: 6.5575, L-val: 6.5575
118: Acc-tr:   1.80, Acc-val:   1.80, L-tr: 6.5076, L-val: 6.5076
119: Acc-tr:   1.80, Acc-val:   1.80, L-tr: 6.5522, L-val: 6.5522
120: Acc-tr:   1.76, Acc-val:   1.76, L-tr: 6.5475, L-val: 6.5475
121: Acc-tr:   1.75, Acc-val:   1.75, L-tr: 6.5739, L-val: 6.5739
122: Acc-tr:   1.72, Acc-val:   1.72, L-tr: 6.5381, L-val: 6.5381
123: Acc-tr:   1.77, Acc-val:   1.77, L-tr: 6.5427, L-val: 6.5427
124: Acc-tr:   1.74, Acc-val:   1.74, L-tr: 6.5567, L-val: 6.5567
125: Acc-tr:   1.79, Acc-val:   1.79, L-tr: 6.5392, L-val: 6.5392
126: Acc-tr:   1.80, Acc-val:   1.80, L-tr: 6.5762, L-val: 6.5762
127: Acc-tr:   1.81, Acc-val:   1.81, L-tr: 6.5155, L-val: 6.5155
128: Acc-tr:   1.73, Acc-val:   1.73, L-tr: 6.5359, L-val: 6.5359
129: Acc-tr:   1.74, Acc-val:   1.74, L-tr: 6.5343, L-val: 6.5343
130: Acc-tr:   1.80, Acc-val:   1.80, L-tr: 6.4862, L-val: 6.4862
131: Acc-tr:   1.77, Acc-val:   1.77, L-tr: 6.4934, L-val: 6.4934
132: Acc-tr:   1.75, Acc-val:   1.75, L-tr: 6.5139, L-val: 6.5139
133: Acc-tr:   1.75, Acc-val:   1.75, L-tr: 6.4783, L-val: 6.4783
134: Acc-tr:   1.82, Acc-val:   1.82, L-tr: 6.5244, L-val: 6.5244
135: Acc-tr:   1.74, Acc-val:   1.74, L-tr: 6.5482, L-val: 6.5482
136: Acc-tr:   1.73, Acc-val:   1.73, L-tr: 6.5557, L-val: 6.5557
137: Acc-tr:   1.73, Acc-val:   1.73, L-tr: 6.4966, L-val: 6.4966
138: Acc-tr:   1.73, Acc-val:   1.73, L-tr: 6.5180, L-val: 6.5180
139: Acc-tr:   1.74, Acc-val:   1.74, L-tr: 6.4949, L-val: 6.4949
140: Acc-tr:   1.71, Acc-val:   1.71, L-tr: 6.5355, L-val: 6.5355
141: Acc-tr:   1.75, Acc-val:   1.75, L-tr: 6.4733, L-val: 6.4733
142: Acc-tr:   1.74, Acc-val:   1.74, L-tr: 6.5309, L-val: 6.5309
143: Acc-tr:   1.72, Acc-val:   1.72, L-tr: 6.5184, L-val: 6.5184
144: Acc-tr:   1.73, Acc-val:   1.73, L-tr: 6.5535, L-val: 6.5535
145: Acc-tr:   1.75, Acc-val:   1.75, L-tr: 6.5375, L-val: 6.5375
146: Acc-tr:   1.73, Acc-val:   1.73, L-tr: 6.5381, L-val: 6.5381
147: Acc-tr:   1.74, Acc-val:   1.74, L-tr: 6.5197, L-val: 6.5197
148: Acc-tr:   1.80, Acc-val:   1.80, L-tr: 6.5279, L-val: 6.5279
149: Acc-tr:   1.72, Acc-val:   1.72, L-tr: 6.5513, L-val: 6.5513
150: Acc-tr:   1.75, Acc-val:   1.75, L-tr: 6.4974, L-val: 6.4974
151: Acc-tr:   1.70, Acc-val:   1.70, L-tr: 6.5188, L-val: 6.5188
152: Acc-tr:   1.68, Acc-val:   1.68, L-tr: 6.4982, L-val: 6.4982
153: Acc-tr:   1.79, Acc-val:   1.79, L-tr: 6.4897, L-val: 6.4897
154: Acc-tr:   1.74, Acc-val:   1.74, L-tr: 6.4809, L-val: 6.4809
155: Acc-tr:   1.77, Acc-val:   1.77, L-tr: 6.4977, L-val: 6.4977
156: Acc-tr:   1.74, Acc-val:   1.74, L-tr: 6.4518, L-val: 6.4518
157: Acc-tr:   1.76, Acc-val:   1.76, L-tr: 6.5268, L-val: 6.5268
158: Acc-tr:   1.71, Acc-val:   1.71, L-tr: 6.4958, L-val: 6.4958
slurmstepd: error: *** JOB 48925349 ON gr027 CANCELLED AT 2024-07-25T10:03:33 ***
