Number of parameters: 272282
/scratch/cm6627/diffeo_cnn/experiment/009_RandomLabels_WideResNet/./fitting-random-labels/train.py:166: UserWarning: volatile was removed and now has no effect. Use `with torch.no_grad():` instead.
  input_var = torch.autograd.Variable(input, volatile=True)
/scratch/cm6627/diffeo_cnn/experiment/009_RandomLabels_WideResNet/./fitting-random-labels/train.py:167: UserWarning: volatile was removed and now has no effect. Use `with torch.no_grad():` instead.
  target_var = torch.autograd.Variable(target, volatile=True)
000: Acc-tr:  53.54, Acc-val:  53.01, L-tr: 1.2625, L-val: 1.2818
001: Acc-tr:  64.92, Acc-val:  63.03, L-tr: 0.9775, L-val: 1.0305
002: Acc-tr:  71.90, Acc-val:  69.22, L-tr: 0.8099, L-val: 0.8740
003: Acc-tr:  78.55, Acc-val:  74.44, L-tr: 0.6180, L-val: 0.7387
004: Acc-tr:  78.05, Acc-val:  73.47, L-tr: 0.6227, L-val: 0.7770
005: Acc-tr:  72.51, Acc-val:  68.04, L-tr: 0.7943, L-val: 1.0089
006: Acc-tr:  80.08, Acc-val:  74.57, L-tr: 0.5711, L-val: 0.7847
007: Acc-tr:  86.25, Acc-val:  78.10, L-tr: 0.3931, L-val: 0.6646
008: Acc-tr:  85.71, Acc-val:  78.08, L-tr: 0.4061, L-val: 0.7124
009: Acc-tr:  78.65, Acc-val:  71.50, L-tr: 0.6059, L-val: 0.9694
010: Acc-tr:  86.32, Acc-val:  76.11, L-tr: 0.3908, L-val: 0.7858
011: Acc-tr:  89.12, Acc-val:  78.22, L-tr: 0.3063, L-val: 0.7125
012: Acc-tr:  87.30, Acc-val:  77.18, L-tr: 0.3445, L-val: 0.7605
013: Acc-tr:  88.14, Acc-val:  77.09, L-tr: 0.3418, L-val: 0.8110
014: Acc-tr:  88.16, Acc-val:  76.21, L-tr: 0.3324, L-val: 0.8615
015: Acc-tr:  90.85, Acc-val:  78.38, L-tr: 0.2556, L-val: 0.7438
016: Acc-tr:  93.32, Acc-val:  79.99, L-tr: 0.1929, L-val: 0.7324
017: Acc-tr:  92.43, Acc-val:  78.35, L-tr: 0.2187, L-val: 0.8332
018: Acc-tr:  92.03, Acc-val:  77.93, L-tr: 0.2285, L-val: 0.8227
019: Acc-tr:  86.26, Acc-val:  74.71, L-tr: 0.4209, L-val: 1.1332
020: Acc-tr:  99.66, Acc-val:  82.98, L-tr: 0.0251, L-val: 0.6383
021: Acc-tr:  99.86, Acc-val:  83.01, L-tr: 0.0167, L-val: 0.6553
022: Acc-tr:  99.94, Acc-val:  83.02, L-tr: 0.0121, L-val: 0.6696
023: Acc-tr:  99.96, Acc-val:  83.07, L-tr: 0.0097, L-val: 0.6846
024: Acc-tr:  99.98, Acc-val:  83.01, L-tr: 0.0078, L-val: 0.6947
025: Acc-tr:  99.99, Acc-val:  82.98, L-tr: 0.0065, L-val: 0.7060
026: Acc-tr:  99.99, Acc-val:  82.97, L-tr: 0.0057, L-val: 0.7239
027: Acc-tr:  99.99, Acc-val:  82.89, L-tr: 0.0049, L-val: 0.7294
028: Acc-tr:  99.99, Acc-val:  83.03, L-tr: 0.0042, L-val: 0.7407
029: Acc-tr: 100.00, Acc-val:  83.12, L-tr: 0.0039, L-val: 0.7451
030: Acc-tr: 100.00, Acc-val:  83.12, L-tr: 0.0035, L-val: 0.7490
031: Acc-tr: 100.00, Acc-val:  82.99, L-tr: 0.0032, L-val: 0.7545
032: Acc-tr: 100.00, Acc-val:  83.05, L-tr: 0.0031, L-val: 0.7583
033: Acc-tr: 100.00, Acc-val:  83.08, L-tr: 0.0027, L-val: 0.7671
034: Acc-tr: 100.00, Acc-val:  83.04, L-tr: 0.0025, L-val: 0.7709
035: Acc-tr: 100.00, Acc-val:  82.93, L-tr: 0.0024, L-val: 0.7745
036: Acc-tr: 100.00, Acc-val:  82.93, L-tr: 0.0023, L-val: 0.7801
037: Acc-tr: 100.00, Acc-val:  82.87, L-tr: 0.0021, L-val: 0.7846
038: Acc-tr: 100.00, Acc-val:  82.73, L-tr: 0.0020, L-val: 0.7887
039: Acc-tr: 100.00, Acc-val:  82.86, L-tr: 0.0019, L-val: 0.7893
040: Acc-tr: 100.00, Acc-val:  82.82, L-tr: 0.0018, L-val: 0.7919
041: Acc-tr: 100.00, Acc-val:  83.02, L-tr: 0.0018, L-val: 0.7931
042: Acc-tr: 100.00, Acc-val:  82.95, L-tr: 0.0019, L-val: 0.7934
043: Acc-tr: 100.00, Acc-val:  82.90, L-tr: 0.0019, L-val: 0.7898
044: Acc-tr: 100.00, Acc-val:  82.89, L-tr: 0.0019, L-val: 0.7904
045: Acc-tr: 100.00, Acc-val:  82.93, L-tr: 0.0018, L-val: 0.7942
046: Acc-tr: 100.00, Acc-val:  82.87, L-tr: 0.0019, L-val: 0.7915
047: Acc-tr: 100.00, Acc-val:  82.83, L-tr: 0.0018, L-val: 0.7961
048: Acc-tr: 100.00, Acc-val:  82.97, L-tr: 0.0018, L-val: 0.7933
049: Acc-tr: 100.00, Acc-val:  82.89, L-tr: 0.0019, L-val: 0.7961
050: Acc-tr: 100.00, Acc-val:  82.94, L-tr: 0.0018, L-val: 0.7947
051: Acc-tr: 100.00, Acc-val:  82.81, L-tr: 0.0018, L-val: 0.7912
052: Acc-tr: 100.00, Acc-val:  82.87, L-tr: 0.0017, L-val: 0.7949
053: Acc-tr: 100.00, Acc-val:  82.98, L-tr: 0.0017, L-val: 0.7957
054: Acc-tr: 100.00, Acc-val:  82.90, L-tr: 0.0018, L-val: 0.7925
055: Acc-tr: 100.00, Acc-val:  82.96, L-tr: 0.0018, L-val: 0.7932
056: Acc-tr: 100.00, Acc-val:  82.90, L-tr: 0.0017, L-val: 0.7943
057: Acc-tr: 100.00, Acc-val:  82.91, L-tr: 0.0017, L-val: 0.8001
058: Acc-tr: 100.00, Acc-val:  82.77, L-tr: 0.0017, L-val: 0.7967
059: Acc-tr: 100.00, Acc-val:  82.86, L-tr: 0.0017, L-val: 0.7967
060: Acc-tr: 100.00, Acc-val:  82.77, L-tr: 0.0017, L-val: 0.7978
061: Acc-tr: 100.00, Acc-val:  82.94, L-tr: 0.0017, L-val: 0.7961
062: Acc-tr: 100.00, Acc-val:  82.80, L-tr: 0.0017, L-val: 0.7952
063: Acc-tr: 100.00, Acc-val:  82.92, L-tr: 0.0017, L-val: 0.7970
064: Acc-tr: 100.00, Acc-val:  82.93, L-tr: 0.0017, L-val: 0.7919
065: Acc-tr: 100.00, Acc-val:  82.81, L-tr: 0.0018, L-val: 0.7961
066: Acc-tr: 100.00, Acc-val:  82.87, L-tr: 0.0017, L-val: 0.7932
067: Acc-tr: 100.00, Acc-val:  82.91, L-tr: 0.0017, L-val: 0.7974
068: Acc-tr: 100.00, Acc-val:  82.83, L-tr: 0.0017, L-val: 0.7965
069: Acc-tr: 100.00, Acc-val:  82.78, L-tr: 0.0016, L-val: 0.7997
070: Acc-tr: 100.00, Acc-val:  82.85, L-tr: 0.0017, L-val: 0.7967
071: Acc-tr: 100.00, Acc-val:  82.96, L-tr: 0.0017, L-val: 0.8003
072: Acc-tr: 100.00, Acc-val:  83.02, L-tr: 0.0017, L-val: 0.7962
073: Acc-tr: 100.00, Acc-val:  82.87, L-tr: 0.0017, L-val: 0.7980
074: Acc-tr: 100.00, Acc-val:  82.94, L-tr: 0.0017, L-val: 0.7996
075: Acc-tr: 100.00, Acc-val:  82.88, L-tr: 0.0017, L-val: 0.7976
076: Acc-tr: 100.00, Acc-val:  82.86, L-tr: 0.0018, L-val: 0.8008
077: Acc-tr: 100.00, Acc-val:  83.02, L-tr: 0.0017, L-val: 0.8008
078: Acc-tr: 100.00, Acc-val:  82.91, L-tr: 0.0017, L-val: 0.7962
079: Acc-tr: 100.00, Acc-val:  82.88, L-tr: 0.0017, L-val: 0.7954
080: Acc-tr: 100.00, Acc-val:  82.82, L-tr: 0.0017, L-val: 0.7963
081: Acc-tr: 100.00, Acc-val:  82.88, L-tr: 0.0017, L-val: 0.7929
082: Acc-tr: 100.00, Acc-val:  82.83, L-tr: 0.0017, L-val: 0.7994
083: Acc-tr: 100.00, Acc-val:  82.77, L-tr: 0.0017, L-val: 0.7969
084: Acc-tr: 100.00, Acc-val:  83.00, L-tr: 0.0017, L-val: 0.7958
085: Acc-tr: 100.00, Acc-val:  82.80, L-tr: 0.0017, L-val: 0.8007
086: Acc-tr: 100.00, Acc-val:  82.89, L-tr: 0.0017, L-val: 0.7957
087: Acc-tr: 100.00, Acc-val:  82.79, L-tr: 0.0017, L-val: 0.8032
088: Acc-tr: 100.00, Acc-val:  82.91, L-tr: 0.0017, L-val: 0.7990
089: Acc-tr: 100.00, Acc-val:  82.84, L-tr: 0.0018, L-val: 0.7948
090: Acc-tr: 100.00, Acc-val:  82.86, L-tr: 0.0017, L-val: 0.7967
091: Acc-tr: 100.00, Acc-val:  82.88, L-tr: 0.0017, L-val: 0.8009
092: Acc-tr: 100.00, Acc-val:  82.80, L-tr: 0.0017, L-val: 0.8011
093: Acc-tr: 100.00, Acc-val:  82.89, L-tr: 0.0017, L-val: 0.7961
094: Acc-tr: 100.00, Acc-val:  82.88, L-tr: 0.0017, L-val: 0.7962
095: Acc-tr: 100.00, Acc-val:  82.99, L-tr: 0.0018, L-val: 0.7968
096: Acc-tr: 100.00, Acc-val:  82.93, L-tr: 0.0017, L-val: 0.7925
097: Acc-tr: 100.00, Acc-val:  83.05, L-tr: 0.0017, L-val: 0.7956
098: Acc-tr: 100.00, Acc-val:  82.91, L-tr: 0.0017, L-val: 0.8005
099: Acc-tr: 100.00, Acc-val:  82.81, L-tr: 0.0016, L-val: 0.7992
