Number of parameters: 272282
/scratch/cm6627/diffeo_cnn/experiment/009_RandomLabels_WideResNet/./fitting-random-labels/train.py:166: UserWarning: volatile was removed and now has no effect. Use `with torch.no_grad():` instead.
  input_var = torch.autograd.Variable(input, volatile=True)
/scratch/cm6627/diffeo_cnn/experiment/009_RandomLabels_WideResNet/./fitting-random-labels/train.py:167: UserWarning: volatile was removed and now has no effect. Use `with torch.no_grad():` instead.
  target_var = torch.autograd.Variable(target, volatile=True)
000: Acc-tr:  55.52, Acc-val:  54.27, L-tr: 1.2253, L-val: 1.2636
001: Acc-tr:  67.60, Acc-val:  65.61, L-tr: 0.9235, L-val: 0.9807
002: Acc-tr:  69.59, Acc-val:  67.91, L-tr: 0.9165, L-val: 0.9757
003: Acc-tr:  78.06, Acc-val:  74.90, L-tr: 0.6252, L-val: 0.7278
004: Acc-tr:  81.42, Acc-val:  78.15, L-tr: 0.5274, L-val: 0.6438
005: Acc-tr:  80.69, Acc-val:  76.68, L-tr: 0.5537, L-val: 0.6878
006: Acc-tr:  84.76, Acc-val:  79.98, L-tr: 0.4283, L-val: 0.5853
007: Acc-tr:  81.49, Acc-val:  76.99, L-tr: 0.5271, L-val: 0.6930
008: Acc-tr:  86.53, Acc-val:  80.55, L-tr: 0.3860, L-val: 0.5945
009: Acc-tr:  87.36, Acc-val:  81.31, L-tr: 0.3706, L-val: 0.5846
010: Acc-tr:  84.41, Acc-val:  78.27, L-tr: 0.4424, L-val: 0.6835
011: Acc-tr:  87.11, Acc-val:  80.21, L-tr: 0.3668, L-val: 0.6306
012: Acc-tr:  85.14, Acc-val:  78.17, L-tr: 0.4465, L-val: 0.7425
013: Acc-tr:  89.51, Acc-val:  81.98, L-tr: 0.2989, L-val: 0.5770
014: Acc-tr:  89.36, Acc-val:  80.60, L-tr: 0.3046, L-val: 0.6009
015: Acc-tr:  89.72, Acc-val:  81.44, L-tr: 0.2879, L-val: 0.5897
016: Acc-tr:  91.98, Acc-val:  82.55, L-tr: 0.2318, L-val: 0.5408
017: Acc-tr:  90.51, Acc-val:  81.92, L-tr: 0.2678, L-val: 0.5673
018: Acc-tr:  91.16, Acc-val:  81.78, L-tr: 0.2444, L-val: 0.5948
019: Acc-tr:  90.92, Acc-val:  81.48, L-tr: 0.2544, L-val: 0.6137
020: Acc-tr:  97.76, Acc-val:  86.25, L-tr: 0.0786, L-val: 0.4444
021: Acc-tr:  98.34, Acc-val:  86.30, L-tr: 0.0613, L-val: 0.4591
022: Acc-tr:  98.71, Acc-val:  86.49, L-tr: 0.0484, L-val: 0.4733
023: Acc-tr:  98.92, Acc-val:  86.48, L-tr: 0.0415, L-val: 0.4840
024: Acc-tr:  99.15, Acc-val:  86.36, L-tr: 0.0353, L-val: 0.4938
025: Acc-tr:  99.29, Acc-val:  86.69, L-tr: 0.0307, L-val: 0.5032
026: Acc-tr:  99.36, Acc-val:  86.25, L-tr: 0.0266, L-val: 0.5225
027: Acc-tr:  99.55, Acc-val:  86.43, L-tr: 0.0213, L-val: 0.5258
028: Acc-tr:  99.61, Acc-val:  86.22, L-tr: 0.0195, L-val: 0.5391
029: Acc-tr:  99.61, Acc-val:  86.24, L-tr: 0.0194, L-val: 0.5514
030: Acc-tr:  99.70, Acc-val:  86.09, L-tr: 0.0163, L-val: 0.5594
031: Acc-tr:  99.75, Acc-val:  86.14, L-tr: 0.0146, L-val: 0.5604
032: Acc-tr:  99.79, Acc-val:  86.23, L-tr: 0.0129, L-val: 0.5768
033: Acc-tr:  99.81, Acc-val:  86.07, L-tr: 0.0115, L-val: 0.5829
034: Acc-tr:  99.84, Acc-val:  85.96, L-tr: 0.0109, L-val: 0.5986
035: Acc-tr:  99.90, Acc-val:  86.11, L-tr: 0.0091, L-val: 0.6028
036: Acc-tr:  99.85, Acc-val:  86.04, L-tr: 0.0096, L-val: 0.6074
037: Acc-tr:  99.90, Acc-val:  86.16, L-tr: 0.0084, L-val: 0.6179
038: Acc-tr:  99.92, Acc-val:  85.88, L-tr: 0.0069, L-val: 0.6259
039: Acc-tr:  99.95, Acc-val:  86.13, L-tr: 0.0060, L-val: 0.6182
040: Acc-tr:  99.95, Acc-val:  86.39, L-tr: 0.0053, L-val: 0.6186
041: Acc-tr:  99.97, Acc-val:  86.25, L-tr: 0.0047, L-val: 0.6121
042: Acc-tr:  99.98, Acc-val:  86.25, L-tr: 0.0045, L-val: 0.6155
043: Acc-tr:  99.98, Acc-val:  86.39, L-tr: 0.0044, L-val: 0.6096
044: Acc-tr:  99.98, Acc-val:  86.30, L-tr: 0.0041, L-val: 0.6110
045: Acc-tr:  99.98, Acc-val:  86.25, L-tr: 0.0038, L-val: 0.6102
046: Acc-tr:  99.98, Acc-val:  86.35, L-tr: 0.0040, L-val: 0.6106
047: Acc-tr:  99.98, Acc-val:  86.25, L-tr: 0.0035, L-val: 0.6153
048: Acc-tr:  99.98, Acc-val:  86.38, L-tr: 0.0037, L-val: 0.6173
049: Acc-tr:  99.98, Acc-val:  86.38, L-tr: 0.0037, L-val: 0.6191
050: Acc-tr:  99.98, Acc-val:  86.34, L-tr: 0.0032, L-val: 0.6198
051: Acc-tr:  99.99, Acc-val:  86.30, L-tr: 0.0033, L-val: 0.6239
052: Acc-tr:  99.99, Acc-val:  86.31, L-tr: 0.0032, L-val: 0.6199
053: Acc-tr:  99.99, Acc-val:  86.24, L-tr: 0.0030, L-val: 0.6206
054: Acc-tr:  99.99, Acc-val:  86.39, L-tr: 0.0033, L-val: 0.6258
055: Acc-tr:  99.99, Acc-val:  86.39, L-tr: 0.0030, L-val: 0.6235
056: Acc-tr:  99.99, Acc-val:  86.37, L-tr: 0.0031, L-val: 0.6287
057: Acc-tr:  99.99, Acc-val:  86.37, L-tr: 0.0028, L-val: 0.6209
058: Acc-tr:  99.99, Acc-val:  86.44, L-tr: 0.0029, L-val: 0.6235
059: Acc-tr:  99.99, Acc-val:  86.30, L-tr: 0.0026, L-val: 0.6320
060: Acc-tr:  99.99, Acc-val:  86.21, L-tr: 0.0026, L-val: 0.6275
061: Acc-tr:  99.99, Acc-val:  86.24, L-tr: 0.0031, L-val: 0.6297
062: Acc-tr:  99.99, Acc-val:  86.46, L-tr: 0.0027, L-val: 0.6267
063: Acc-tr:  99.99, Acc-val:  86.24, L-tr: 0.0028, L-val: 0.6281
064: Acc-tr:  99.99, Acc-val:  86.29, L-tr: 0.0029, L-val: 0.6285
065: Acc-tr:  99.99, Acc-val:  86.23, L-tr: 0.0025, L-val: 0.6266
066: Acc-tr:  99.99, Acc-val:  86.33, L-tr: 0.0025, L-val: 0.6236
067: Acc-tr:  99.99, Acc-val:  86.34, L-tr: 0.0032, L-val: 0.6312
068: Acc-tr:  99.99, Acc-val:  86.30, L-tr: 0.0028, L-val: 0.6284
069: Acc-tr:  99.99, Acc-val:  86.25, L-tr: 0.0027, L-val: 0.6289
070: Acc-tr:  99.99, Acc-val:  86.28, L-tr: 0.0027, L-val: 0.6273
071: Acc-tr:  99.99, Acc-val:  86.32, L-tr: 0.0026, L-val: 0.6248
072: Acc-tr:  99.99, Acc-val:  86.35, L-tr: 0.0027, L-val: 0.6283
073: Acc-tr:  99.99, Acc-val:  86.29, L-tr: 0.0029, L-val: 0.6330
074: Acc-tr:  99.99, Acc-val:  86.38, L-tr: 0.0026, L-val: 0.6262
075: Acc-tr:  99.99, Acc-val:  86.29, L-tr: 0.0027, L-val: 0.6287
076: Acc-tr:  99.99, Acc-val:  86.27, L-tr: 0.0026, L-val: 0.6247
077: Acc-tr:  99.99, Acc-val:  86.42, L-tr: 0.0028, L-val: 0.6296
078: Acc-tr:  99.99, Acc-val:  86.29, L-tr: 0.0026, L-val: 0.6335
079: Acc-tr:  99.99, Acc-val:  86.25, L-tr: 0.0025, L-val: 0.6260
080: Acc-tr:  99.99, Acc-val:  86.36, L-tr: 0.0026, L-val: 0.6250
081: Acc-tr:  99.99, Acc-val:  86.31, L-tr: 0.0026, L-val: 0.6297
082: Acc-tr:  99.99, Acc-val:  86.33, L-tr: 0.0028, L-val: 0.6285
083: Acc-tr:  99.99, Acc-val:  86.30, L-tr: 0.0026, L-val: 0.6234
084: Acc-tr:  99.99, Acc-val:  86.46, L-tr: 0.0028, L-val: 0.6263
085: Acc-tr:  99.99, Acc-val:  86.13, L-tr: 0.0025, L-val: 0.6277
086: Acc-tr:  99.99, Acc-val:  86.16, L-tr: 0.0028, L-val: 0.6258
087: Acc-tr:  99.99, Acc-val:  86.44, L-tr: 0.0028, L-val: 0.6262
088: Acc-tr:  99.99, Acc-val:  86.26, L-tr: 0.0026, L-val: 0.6316
089: Acc-tr:  99.99, Acc-val:  86.26, L-tr: 0.0027, L-val: 0.6300
090: Acc-tr:  99.99, Acc-val:  86.29, L-tr: 0.0030, L-val: 0.6277
091: Acc-tr:  99.99, Acc-val:  86.25, L-tr: 0.0030, L-val: 0.6273
092: Acc-tr:  99.99, Acc-val:  86.36, L-tr: 0.0028, L-val: 0.6307
093: Acc-tr:  99.99, Acc-val:  86.37, L-tr: 0.0027, L-val: 0.6285
094: Acc-tr:  99.99, Acc-val:  86.42, L-tr: 0.0026, L-val: 0.6300
095: Acc-tr:  99.99, Acc-val:  86.30, L-tr: 0.0026, L-val: 0.6277
096: Acc-tr:  99.99, Acc-val:  86.36, L-tr: 0.0026, L-val: 0.6283
097: Acc-tr:  99.99, Acc-val:  86.21, L-tr: 0.0029, L-val: 0.6300
098: Acc-tr:  99.99, Acc-val:  86.17, L-tr: 0.0025, L-val: 0.6300
099: Acc-tr:  99.99, Acc-val:  86.40, L-tr: 0.0025, L-val: 0.6294
