Number of parameters: 77850
/scratch/cm6627/diffeo_cnn/experiment/009_RandomLabels_WideResNet/./fitting-random-labels/train.py:166: UserWarning: volatile was removed and now has no effect. Use `with torch.no_grad():` instead.
  input_var = torch.autograd.Variable(input, volatile=True)
/scratch/cm6627/diffeo_cnn/experiment/009_RandomLabels_WideResNet/./fitting-random-labels/train.py:167: UserWarning: volatile was removed and now has no effect. Use `with torch.no_grad():` instead.
  target_var = torch.autograd.Variable(target, volatile=True)
000: Acc-tr:  10.01, Acc-val:   9.77, L-tr: 2.3091, L-val: 2.3111
001: Acc-tr:  10.20, Acc-val:  10.30, L-tr: 2.3050, L-val: 2.3047
002: Acc-tr:  10.49, Acc-val:  10.61, L-tr: 2.3026, L-val: 2.3031
003: Acc-tr:  10.52, Acc-val:  10.17, L-tr: 2.3028, L-val: 2.3046
004: Acc-tr:  10.50, Acc-val:  10.17, L-tr: 2.3020, L-val: 2.3033
005: Acc-tr:  10.26, Acc-val:   9.90, L-tr: 2.3037, L-val: 2.3052
006: Acc-tr:  10.54, Acc-val:  10.06, L-tr: 2.3038, L-val: 2.3059
007: Acc-tr:   9.98, Acc-val:   9.98, L-tr: 2.3028, L-val: 2.3047
008: Acc-tr:  10.83, Acc-val:  10.16, L-tr: 2.3033, L-val: 2.3064
009: Acc-tr:  10.59, Acc-val:   9.88, L-tr: 2.3042, L-val: 2.3071
010: Acc-tr:  10.52, Acc-val:  10.09, L-tr: 2.3024, L-val: 2.3049
011: Acc-tr:  10.54, Acc-val:  10.14, L-tr: 2.3023, L-val: 2.3045
012: Acc-tr:  10.60, Acc-val:   9.97, L-tr: 2.3033, L-val: 2.3062
013: Acc-tr:  10.77, Acc-val:  10.09, L-tr: 2.3026, L-val: 2.3047
014: Acc-tr:  10.65, Acc-val:   9.71, L-tr: 2.3027, L-val: 2.3066
015: Acc-tr:  11.13, Acc-val:   9.80, L-tr: 2.3013, L-val: 2.3051
016: Acc-tr:  10.91, Acc-val:   9.80, L-tr: 2.3008, L-val: 2.3047
017: Acc-tr:  10.74, Acc-val:   9.80, L-tr: 2.3019, L-val: 2.3064
018: Acc-tr:  10.97, Acc-val:   9.98, L-tr: 2.3009, L-val: 2.3063
019: Acc-tr:  11.06, Acc-val:   9.93, L-tr: 2.3002, L-val: 2.3053
020: Acc-tr:  11.59, Acc-val:  10.02, L-tr: 2.2985, L-val: 2.3050
021: Acc-tr:  11.64, Acc-val:  10.00, L-tr: 2.2981, L-val: 2.3059
022: Acc-tr:  11.72, Acc-val:  10.09, L-tr: 2.2975, L-val: 2.3058
023: Acc-tr:  11.88, Acc-val:   9.89, L-tr: 2.2972, L-val: 2.3067
024: Acc-tr:  11.81, Acc-val:  10.11, L-tr: 2.2968, L-val: 2.3071
025: Acc-tr:  11.90, Acc-val:   9.96, L-tr: 2.2966, L-val: 2.3070
026: Acc-tr:  11.56, Acc-val:   9.89, L-tr: 2.2965, L-val: 2.3071
027: Acc-tr:  11.93, Acc-val:   9.75, L-tr: 2.2961, L-val: 2.3086
028: Acc-tr:  11.99, Acc-val:  10.30, L-tr: 2.2957, L-val: 2.3075
029: Acc-tr:  12.24, Acc-val:  10.18, L-tr: 2.2949, L-val: 2.3075
030: Acc-tr:  11.91, Acc-val:  10.06, L-tr: 2.2948, L-val: 2.3083
031: Acc-tr:  12.08, Acc-val:  10.20, L-tr: 2.2941, L-val: 2.3086
032: Acc-tr:  12.28, Acc-val:  10.18, L-tr: 2.2939, L-val: 2.3077
033: Acc-tr:  12.42, Acc-val:  10.44, L-tr: 2.2934, L-val: 2.3077
034: Acc-tr:  12.58, Acc-val:   9.90, L-tr: 2.2924, L-val: 2.3092
035: Acc-tr:  12.46, Acc-val:  10.06, L-tr: 2.2921, L-val: 2.3089
036: Acc-tr:  12.68, Acc-val:  10.06, L-tr: 2.2917, L-val: 2.3103
037: Acc-tr:  12.79, Acc-val:   9.79, L-tr: 2.2909, L-val: 2.3097
038: Acc-tr:  12.81, Acc-val:   9.80, L-tr: 2.2905, L-val: 2.3103
039: Acc-tr:  13.09, Acc-val:  10.15, L-tr: 2.2897, L-val: 2.3111
040: Acc-tr:  13.20, Acc-val:   9.90, L-tr: 2.2881, L-val: 2.3100
041: Acc-tr:  13.31, Acc-val:   9.79, L-tr: 2.2877, L-val: 2.3103
042: Acc-tr:  13.36, Acc-val:   9.94, L-tr: 2.2876, L-val: 2.3102
043: Acc-tr:  13.46, Acc-val:   9.97, L-tr: 2.2872, L-val: 2.3105
044: Acc-tr:  13.35, Acc-val:   9.88, L-tr: 2.2870, L-val: 2.3107
045: Acc-tr:  13.46, Acc-val:   9.85, L-tr: 2.2868, L-val: 2.3109
046: Acc-tr:  13.44, Acc-val:  10.00, L-tr: 2.2866, L-val: 2.3110
047: Acc-tr:  13.50, Acc-val:   9.88, L-tr: 2.2865, L-val: 2.3110
048: Acc-tr:  13.50, Acc-val:   9.94, L-tr: 2.2860, L-val: 2.3110
049: Acc-tr:  13.54, Acc-val:   9.92, L-tr: 2.2859, L-val: 2.3116
050: Acc-tr:  13.61, Acc-val:   9.84, L-tr: 2.2856, L-val: 2.3114
051: Acc-tr:  13.63, Acc-val:   9.83, L-tr: 2.2857, L-val: 2.3118
052: Acc-tr:  13.64, Acc-val:   9.80, L-tr: 2.2854, L-val: 2.3115
053: Acc-tr:  13.69, Acc-val:   9.88, L-tr: 2.2851, L-val: 2.3122
054: Acc-tr:  13.66, Acc-val:   9.88, L-tr: 2.2849, L-val: 2.3124
055: Acc-tr:  13.81, Acc-val:  10.02, L-tr: 2.2847, L-val: 2.3121
056: Acc-tr:  13.79, Acc-val:   9.94, L-tr: 2.2842, L-val: 2.3124
057: Acc-tr:  13.76, Acc-val:  10.05, L-tr: 2.2842, L-val: 2.3124
058: Acc-tr:  13.77, Acc-val:   9.98, L-tr: 2.2838, L-val: 2.3127
059: Acc-tr:  13.84, Acc-val:  10.02, L-tr: 2.2836, L-val: 2.3127
060: Acc-tr:  13.97, Acc-val:  10.00, L-tr: 2.2833, L-val: 2.3127
061: Acc-tr:  13.87, Acc-val:   9.76, L-tr: 2.2836, L-val: 2.3126
062: Acc-tr:  13.95, Acc-val:   9.87, L-tr: 2.2836, L-val: 2.3126
063: Acc-tr:  13.94, Acc-val:   9.95, L-tr: 2.2833, L-val: 2.3128
064: Acc-tr:  13.98, Acc-val:   9.89, L-tr: 2.2833, L-val: 2.3128
065: Acc-tr:  13.92, Acc-val:   9.85, L-tr: 2.2834, L-val: 2.3126
066: Acc-tr:  13.99, Acc-val:   9.85, L-tr: 2.2833, L-val: 2.3127
067: Acc-tr:  13.98, Acc-val:   9.89, L-tr: 2.2831, L-val: 2.3130
068: Acc-tr:  13.94, Acc-val:   9.87, L-tr: 2.2830, L-val: 2.3130
069: Acc-tr:  13.97, Acc-val:   9.97, L-tr: 2.2830, L-val: 2.3131
070: Acc-tr:  13.98, Acc-val:   9.90, L-tr: 2.2829, L-val: 2.3130
071: Acc-tr:  13.91, Acc-val:   9.95, L-tr: 2.2830, L-val: 2.3130
072: Acc-tr:  13.95, Acc-val:   9.87, L-tr: 2.2831, L-val: 2.3131
073: Acc-tr:  13.94, Acc-val:   9.81, L-tr: 2.2832, L-val: 2.3129
074: Acc-tr:  13.97, Acc-val:  10.06, L-tr: 2.2831, L-val: 2.3132
075: Acc-tr:  13.94, Acc-val:   9.93, L-tr: 2.2831, L-val: 2.3130
076: Acc-tr:  13.93, Acc-val:   9.88, L-tr: 2.2831, L-val: 2.3129
077: Acc-tr:  13.97, Acc-val:   9.84, L-tr: 2.2830, L-val: 2.3131
078: Acc-tr:  13.99, Acc-val:   9.96, L-tr: 2.2830, L-val: 2.3129
079: Acc-tr:  13.98, Acc-val:   9.99, L-tr: 2.2829, L-val: 2.3128
080: Acc-tr:  13.92, Acc-val:   9.90, L-tr: 2.2832, L-val: 2.3130
081: Acc-tr:  13.96, Acc-val:  10.00, L-tr: 2.2828, L-val: 2.3130
082: Acc-tr:  13.95, Acc-val:   9.97, L-tr: 2.2831, L-val: 2.3128
083: Acc-tr:  13.93, Acc-val:  10.03, L-tr: 2.2829, L-val: 2.3129
084: Acc-tr:  13.92, Acc-val:   9.77, L-tr: 2.2833, L-val: 2.3128
085: Acc-tr:  13.98, Acc-val:  10.03, L-tr: 2.2829, L-val: 2.3129
086: Acc-tr:  13.94, Acc-val:  10.06, L-tr: 2.2830, L-val: 2.3131
087: Acc-tr:  13.98, Acc-val:  10.08, L-tr: 2.2830, L-val: 2.3131
088: Acc-tr:  13.90, Acc-val:   9.93, L-tr: 2.2832, L-val: 2.3130
089: Acc-tr:  13.92, Acc-val:   9.92, L-tr: 2.2830, L-val: 2.3131
090: Acc-tr:  13.88, Acc-val:   9.97, L-tr: 2.2832, L-val: 2.3130
091: Acc-tr:  13.92, Acc-val:   9.87, L-tr: 2.2829, L-val: 2.3129
092: Acc-tr:  13.99, Acc-val:   9.97, L-tr: 2.2830, L-val: 2.3130
093: Acc-tr:  13.96, Acc-val:   9.97, L-tr: 2.2831, L-val: 2.3130
094: Acc-tr:  13.96, Acc-val:   9.90, L-tr: 2.2831, L-val: 2.3129
095: Acc-tr:  13.98, Acc-val:   9.97, L-tr: 2.2832, L-val: 2.3129
096: Acc-tr:  13.94, Acc-val:   9.98, L-tr: 2.2832, L-val: 2.3130
097: Acc-tr:  13.96, Acc-val:   9.89, L-tr: 2.2831, L-val: 2.3128
098: Acc-tr:  13.94, Acc-val:   9.88, L-tr: 2.2831, L-val: 2.3128
099: Acc-tr:  13.96, Acc-val:   9.91, L-tr: 2.2832, L-val: 2.3129
100: Acc-tr:  14.00, Acc-val:   9.88, L-tr: 2.2830, L-val: 2.3129
101: Acc-tr:  13.92, Acc-val:   9.96, L-tr: 2.2832, L-val: 2.3131
102: Acc-tr:  13.97, Acc-val:  10.08, L-tr: 2.2827, L-val: 2.3131
103: Acc-tr:  13.94, Acc-val:   9.94, L-tr: 2.2832, L-val: 2.3128
104: Acc-tr:  13.98, Acc-val:   9.95, L-tr: 2.2829, L-val: 2.3129
105: Acc-tr:  13.95, Acc-val:   9.90, L-tr: 2.2831, L-val: 2.3129
106: Acc-tr:  13.93, Acc-val:   9.92, L-tr: 2.2831, L-val: 2.3128
107: Acc-tr:  13.94, Acc-val:   9.92, L-tr: 2.2832, L-val: 2.3128
108: Acc-tr:  13.96, Acc-val:   9.86, L-tr: 2.2833, L-val: 2.3129
109: Acc-tr:  13.97, Acc-val:   9.98, L-tr: 2.2831, L-val: 2.3129
110: Acc-tr:  13.95, Acc-val:  10.01, L-tr: 2.2830, L-val: 2.3129
111: Acc-tr:  13.95, Acc-val:   9.94, L-tr: 2.2829, L-val: 2.3131
112: Acc-tr:  13.99, Acc-val:   9.85, L-tr: 2.2832, L-val: 2.3128
113: Acc-tr:  13.97, Acc-val:   9.84, L-tr: 2.2832, L-val: 2.3127
114: Acc-tr:  13.96, Acc-val:   9.92, L-tr: 2.2831, L-val: 2.3129
115: Acc-tr:  13.90, Acc-val:   9.91, L-tr: 2.2833, L-val: 2.3129
116: Acc-tr:  13.97, Acc-val:   9.95, L-tr: 2.2830, L-val: 2.3129
117: Acc-tr:  13.95, Acc-val:   9.99, L-tr: 2.2830, L-val: 2.3130
118: Acc-tr:  13.97, Acc-val:  10.02, L-tr: 2.2828, L-val: 2.3132
119: Acc-tr:  13.94, Acc-val:   9.85, L-tr: 2.2832, L-val: 2.3127
120: Acc-tr:  13.99, Acc-val:  10.01, L-tr: 2.2829, L-val: 2.3132
121: Acc-tr:  13.96, Acc-val:   9.97, L-tr: 2.2832, L-val: 2.3130
122: Acc-tr:  13.97, Acc-val:   9.86, L-tr: 2.2831, L-val: 2.3130
123: Acc-tr:  13.95, Acc-val:   9.92, L-tr: 2.2831, L-val: 2.3129
124: Acc-tr:  13.94, Acc-val:   9.93, L-tr: 2.2831, L-val: 2.3129
125: Acc-tr:  13.93, Acc-val:   9.99, L-tr: 2.2832, L-val: 2.3130
126: Acc-tr:  13.92, Acc-val:   9.92, L-tr: 2.2830, L-val: 2.3132
127: Acc-tr:  14.02, Acc-val:   9.94, L-tr: 2.2829, L-val: 2.3130
128: Acc-tr:  13.91, Acc-val:   9.95, L-tr: 2.2830, L-val: 2.3130
129: Acc-tr:  14.01, Acc-val:   9.98, L-tr: 2.2829, L-val: 2.3130
130: Acc-tr:  13.97, Acc-val:  10.04, L-tr: 2.2829, L-val: 2.3129
131: Acc-tr:  13.96, Acc-val:   9.90, L-tr: 2.2833, L-val: 2.3131
132: Acc-tr:  13.93, Acc-val:   9.96, L-tr: 2.2830, L-val: 2.3130
133: Acc-tr:  13.94, Acc-val:  10.10, L-tr: 2.2831, L-val: 2.3131
134: Acc-tr:  13.90, Acc-val:   9.89, L-tr: 2.2832, L-val: 2.3129
135: Acc-tr:  13.95, Acc-val:   9.90, L-tr: 2.2828, L-val: 2.3129
136: Acc-tr:  13.95, Acc-val:   9.93, L-tr: 2.2832, L-val: 2.3130
137: Acc-tr:  13.91, Acc-val:   9.95, L-tr: 2.2831, L-val: 2.3129
138: Acc-tr:  13.92, Acc-val:   9.99, L-tr: 2.2830, L-val: 2.3129
139: Acc-tr:  13.99, Acc-val:   9.95, L-tr: 2.2828, L-val: 2.3131
140: Acc-tr:  13.93, Acc-val:   9.92, L-tr: 2.2831, L-val: 2.3131
141: Acc-tr:  13.96, Acc-val:  10.02, L-tr: 2.2829, L-val: 2.3130
142: Acc-tr:  13.95, Acc-val:   9.93, L-tr: 2.2830, L-val: 2.3131
143: Acc-tr:  13.98, Acc-val:   9.86, L-tr: 2.2833, L-val: 2.3130
144: Acc-tr:  13.97, Acc-val:   9.98, L-tr: 2.2831, L-val: 2.3130
145: Acc-tr:  13.96, Acc-val:   9.99, L-tr: 2.2831, L-val: 2.3130
146: Acc-tr:  13.99, Acc-val:   9.94, L-tr: 2.2829, L-val: 2.3129
147: Acc-tr:  13.96, Acc-val:   9.84, L-tr: 2.2830, L-val: 2.3129
148: Acc-tr:  13.95, Acc-val:  10.00, L-tr: 2.2831, L-val: 2.3131
149: Acc-tr:  13.95, Acc-val:   9.93, L-tr: 2.2829, L-val: 2.3129
150: Acc-tr:  13.92, Acc-val:   9.86, L-tr: 2.2831, L-val: 2.3131
151: Acc-tr:  13.96, Acc-val:   9.76, L-tr: 2.2831, L-val: 2.3129
152: Acc-tr:  13.97, Acc-val:   9.83, L-tr: 2.2832, L-val: 2.3130
153: Acc-tr:  13.98, Acc-val:   9.98, L-tr: 2.2830, L-val: 2.3128
154: Acc-tr:  13.95, Acc-val:   9.98, L-tr: 2.2829, L-val: 2.3131
155: Acc-tr:  13.91, Acc-val:   9.92, L-tr: 2.2832, L-val: 2.3129
156: Acc-tr:  13.94, Acc-val:   9.84, L-tr: 2.2834, L-val: 2.3128
157: Acc-tr:  13.97, Acc-val:   9.89, L-tr: 2.2832, L-val: 2.3131
158: Acc-tr:  13.97, Acc-val:   9.88, L-tr: 2.2830, L-val: 2.3129
159: Acc-tr:  13.95, Acc-val:   9.94, L-tr: 2.2830, L-val: 2.3130
160: Acc-tr:  13.92, Acc-val:   9.98, L-tr: 2.2829, L-val: 2.3130
161: Acc-tr:  13.93, Acc-val:   9.90, L-tr: 2.2832, L-val: 2.3130
162: Acc-tr:  13.96, Acc-val:   9.90, L-tr: 2.2831, L-val: 2.3129
163: Acc-tr:  13.98, Acc-val:  10.01, L-tr: 2.2831, L-val: 2.3130
164: Acc-tr:  13.93, Acc-val:   9.87, L-tr: 2.2832, L-val: 2.3128
165: Acc-tr:  13.95, Acc-val:   9.98, L-tr: 2.2830, L-val: 2.3132
166: Acc-tr:  13.92, Acc-val:   9.86, L-tr: 2.2831, L-val: 2.3130
167: Acc-tr:  13.99, Acc-val:  10.03, L-tr: 2.2830, L-val: 2.3129
168: Acc-tr:  13.94, Acc-val:   9.97, L-tr: 2.2830, L-val: 2.3130
169: Acc-tr:  13.95, Acc-val:   9.85, L-tr: 2.2831, L-val: 2.3130
170: Acc-tr:  13.98, Acc-val:   9.89, L-tr: 2.2832, L-val: 2.3129
171: Acc-tr:  13.99, Acc-val:   9.88, L-tr: 2.2831, L-val: 2.3129
172: Acc-tr:  13.93, Acc-val:   9.90, L-tr: 2.2830, L-val: 2.3130
173: Acc-tr:  13.96, Acc-val:   9.89, L-tr: 2.2832, L-val: 2.3130
174: Acc-tr:  13.99, Acc-val:   9.88, L-tr: 2.2831, L-val: 2.3129
175: Acc-tr:  13.96, Acc-val:   9.98, L-tr: 2.2830, L-val: 2.3130
176: Acc-tr:  13.89, Acc-val:   9.86, L-tr: 2.2831, L-val: 2.3130
177: Acc-tr:  13.95, Acc-val:   9.86, L-tr: 2.2828, L-val: 2.3131
178: Acc-tr:  13.96, Acc-val:   9.87, L-tr: 2.2831, L-val: 2.3129
179: Acc-tr:  13.95, Acc-val:   9.90, L-tr: 2.2831, L-val: 2.3130
180: Acc-tr:  13.90, Acc-val:   9.96, L-tr: 2.2831, L-val: 2.3130
181: Acc-tr:  13.98, Acc-val:   9.84, L-tr: 2.2833, L-val: 2.3128
182: Acc-tr:  13.93, Acc-val:   9.85, L-tr: 2.2833, L-val: 2.3128
183: Acc-tr:  13.92, Acc-val:   9.90, L-tr: 2.2832, L-val: 2.3130
184: Acc-tr:  13.94, Acc-val:  10.03, L-tr: 2.2830, L-val: 2.3130
185: Acc-tr:  13.96, Acc-val:   9.97, L-tr: 2.2830, L-val: 2.3130
186: Acc-tr:  13.97, Acc-val:   9.95, L-tr: 2.2829, L-val: 2.3129
187: Acc-tr:  13.96, Acc-val:   9.98, L-tr: 2.2830, L-val: 2.3132
188: Acc-tr:  13.92, Acc-val:   9.88, L-tr: 2.2832, L-val: 2.3130
189: Acc-tr:  13.98, Acc-val:   9.86, L-tr: 2.2833, L-val: 2.3129
190: Acc-tr:  13.89, Acc-val:   9.89, L-tr: 2.2832, L-val: 2.3129
191: Acc-tr:  13.93, Acc-val:   9.84, L-tr: 2.2831, L-val: 2.3129
192: Acc-tr:  13.91, Acc-val:   9.99, L-tr: 2.2829, L-val: 2.3131
193: Acc-tr:  13.95, Acc-val:   9.96, L-tr: 2.2830, L-val: 2.3131
194: Acc-tr:  13.95, Acc-val:   9.93, L-tr: 2.2830, L-val: 2.3130
195: Acc-tr:  13.97, Acc-val:   9.90, L-tr: 2.2831, L-val: 2.3130
196: Acc-tr:  13.97, Acc-val:   9.87, L-tr: 2.2832, L-val: 2.3128
197: Acc-tr:  13.97, Acc-val:   9.87, L-tr: 2.2830, L-val: 2.3131
198: Acc-tr:  13.95, Acc-val:   9.99, L-tr: 2.2832, L-val: 2.3131
199: Acc-tr:  13.97, Acc-val:   9.90, L-tr: 2.2830, L-val: 2.3130
