Number of parameters: 77850
/scratch/cm6627/diffeo_cnn/experiment/009_RandomLabels_WideResNet/./fitting-random-labels/train.py:166: UserWarning: volatile was removed and now has no effect. Use `with torch.no_grad():` instead.
  input_var = torch.autograd.Variable(input, volatile=True)
/scratch/cm6627/diffeo_cnn/experiment/009_RandomLabels_WideResNet/./fitting-random-labels/train.py:167: UserWarning: volatile was removed and now has no effect. Use `with torch.no_grad():` instead.
  target_var = torch.autograd.Variable(target, volatile=True)
000: Acc-tr:  36.49, Acc-val:  37.04, L-tr: 1.9982, L-val: 1.9993
001: Acc-tr:  40.20, Acc-val:  39.49, L-tr: 2.1025, L-val: 2.1260
002: Acc-tr:  56.23, Acc-val:  55.36, L-tr: 1.3588, L-val: 1.3873
003: Acc-tr:  61.20, Acc-val:  59.00, L-tr: 1.1050, L-val: 1.1627
004: Acc-tr:  66.19, Acc-val:  63.83, L-tr: 0.9848, L-val: 1.0368
005: Acc-tr:  69.00, Acc-val:  67.40, L-tr: 0.8734, L-val: 0.9295
006: Acc-tr:  65.13, Acc-val:  63.86, L-tr: 1.0253, L-val: 1.0835
007: Acc-tr:  68.66, Acc-val:  67.09, L-tr: 0.9216, L-val: 0.9882
008: Acc-tr:  66.58, Acc-val:  64.65, L-tr: 1.0100, L-val: 1.0876
009: Acc-tr:  71.59, Acc-val:  69.77, L-tr: 0.8116, L-val: 0.8849
010: Acc-tr:  74.47, Acc-val:  72.09, L-tr: 0.7428, L-val: 0.8482
011: Acc-tr:  77.90, Acc-val:  74.81, L-tr: 0.6342, L-val: 0.7210
012: Acc-tr:  73.31, Acc-val:  70.93, L-tr: 0.7857, L-val: 0.8849
013: Acc-tr:  74.73, Acc-val:  72.66, L-tr: 0.7580, L-val: 0.8684
014: Acc-tr:  76.77, Acc-val:  74.47, L-tr: 0.6903, L-val: 0.7995
015: Acc-tr:  79.46, Acc-val:  76.23, L-tr: 0.5918, L-val: 0.6948
016: Acc-tr:  77.00, Acc-val:  73.98, L-tr: 0.6602, L-val: 0.7794
017: Acc-tr:  79.59, Acc-val:  75.97, L-tr: 0.5885, L-val: 0.7131
018: Acc-tr:  79.45, Acc-val:  76.26, L-tr: 0.6068, L-val: 0.7315
019: Acc-tr:  75.21, Acc-val:  72.63, L-tr: 0.7593, L-val: 0.8910
020: Acc-tr:  84.04, Acc-val:  79.62, L-tr: 0.4616, L-val: 0.6019
021: Acc-tr:  84.86, Acc-val:  80.37, L-tr: 0.4400, L-val: 0.5806
022: Acc-tr:  84.14, Acc-val:  79.83, L-tr: 0.4580, L-val: 0.6043
023: Acc-tr:  84.78, Acc-val:  80.36, L-tr: 0.4383, L-val: 0.5889
024: Acc-tr:  84.69, Acc-val:  80.18, L-tr: 0.4387, L-val: 0.5917
025: Acc-tr:  84.71, Acc-val:  80.14, L-tr: 0.4389, L-val: 0.5946
026: Acc-tr:  85.03, Acc-val:  80.63, L-tr: 0.4304, L-val: 0.5873
027: Acc-tr:  85.44, Acc-val:  80.77, L-tr: 0.4189, L-val: 0.5783
028: Acc-tr:  84.38, Acc-val:  79.78, L-tr: 0.4438, L-val: 0.6064
029: Acc-tr:  85.87, Acc-val:  81.02, L-tr: 0.4051, L-val: 0.5650
030: Acc-tr:  84.34, Acc-val:  79.75, L-tr: 0.4494, L-val: 0.6216
031: Acc-tr:  85.08, Acc-val:  80.45, L-tr: 0.4267, L-val: 0.5966
032: Acc-tr:  85.55, Acc-val:  80.70, L-tr: 0.4149, L-val: 0.5869
033: Acc-tr:  86.06, Acc-val:  81.30, L-tr: 0.3998, L-val: 0.5705
034: Acc-tr:  86.89, Acc-val:  81.42, L-tr: 0.3811, L-val: 0.5521
035: Acc-tr:  86.31, Acc-val:  81.23, L-tr: 0.3942, L-val: 0.5694
036: Acc-tr:  85.12, Acc-val:  80.32, L-tr: 0.4261, L-val: 0.6057
037: Acc-tr:  86.41, Acc-val:  81.10, L-tr: 0.3876, L-val: 0.5632
038: Acc-tr:  85.52, Acc-val:  80.50, L-tr: 0.4128, L-val: 0.5936
039: Acc-tr:  86.02, Acc-val:  80.94, L-tr: 0.4008, L-val: 0.5845
040: Acc-tr:  86.45, Acc-val:  81.25, L-tr: 0.3899, L-val: 0.5752
041: Acc-tr:  86.65, Acc-val:  81.52, L-tr: 0.3833, L-val: 0.5684
042: Acc-tr:  86.55, Acc-val:  81.35, L-tr: 0.3866, L-val: 0.5711
043: Acc-tr:  86.36, Acc-val:  81.17, L-tr: 0.3902, L-val: 0.5753
044: Acc-tr:  86.62, Acc-val:  81.38, L-tr: 0.3845, L-val: 0.5709
045: Acc-tr:  86.59, Acc-val:  81.36, L-tr: 0.3852, L-val: 0.5719
046: Acc-tr:  86.66, Acc-val:  81.38, L-tr: 0.3830, L-val: 0.5701
047: Acc-tr:  86.69, Acc-val:  81.45, L-tr: 0.3817, L-val: 0.5682
048: Acc-tr:  86.55, Acc-val:  81.31, L-tr: 0.3868, L-val: 0.5728
049: Acc-tr:  86.63, Acc-val:  81.41, L-tr: 0.3839, L-val: 0.5702
050: Acc-tr:  86.83, Acc-val:  81.47, L-tr: 0.3799, L-val: 0.5670
051: Acc-tr:  86.69, Acc-val:  81.53, L-tr: 0.3833, L-val: 0.5712
052: Acc-tr:  86.51, Acc-val:  81.21, L-tr: 0.3871, L-val: 0.5755
053: Acc-tr:  86.74, Acc-val:  81.33, L-tr: 0.3829, L-val: 0.5722
054: Acc-tr:  86.79, Acc-val:  81.43, L-tr: 0.3801, L-val: 0.5692
055: Acc-tr:  86.69, Acc-val:  81.40, L-tr: 0.3840, L-val: 0.5736
056: Acc-tr:  86.76, Acc-val:  81.39, L-tr: 0.3812, L-val: 0.5709
057: Acc-tr:  86.83, Acc-val:  81.43, L-tr: 0.3798, L-val: 0.5692
058: Acc-tr:  86.71, Acc-val:  81.38, L-tr: 0.3810, L-val: 0.5708
059: Acc-tr:  86.69, Acc-val:  81.45, L-tr: 0.3816, L-val: 0.5720
060: Acc-tr:  86.70, Acc-val:  81.30, L-tr: 0.3823, L-val: 0.5733
061: Acc-tr:  86.83, Acc-val:  81.42, L-tr: 0.3780, L-val: 0.5681
062: Acc-tr:  86.55, Acc-val:  81.34, L-tr: 0.3857, L-val: 0.5767
063: Acc-tr:  86.58, Acc-val:  81.22, L-tr: 0.3843, L-val: 0.5751
064: Acc-tr:  86.73, Acc-val:  81.32, L-tr: 0.3814, L-val: 0.5723
065: Acc-tr:  86.63, Acc-val:  81.39, L-tr: 0.3839, L-val: 0.5740
066: Acc-tr:  86.64, Acc-val:  81.21, L-tr: 0.3838, L-val: 0.5750
067: Acc-tr:  86.56, Acc-val:  81.15, L-tr: 0.3854, L-val: 0.5763
068: Acc-tr:  86.83, Acc-val:  81.43, L-tr: 0.3790, L-val: 0.5696
069: Acc-tr:  86.47, Acc-val:  81.10, L-tr: 0.3883, L-val: 0.5789
070: Acc-tr:  86.56, Acc-val:  81.24, L-tr: 0.3874, L-val: 0.5790
071: Acc-tr:  86.81, Acc-val:  81.45, L-tr: 0.3788, L-val: 0.5695
072: Acc-tr:  86.47, Acc-val:  81.15, L-tr: 0.3878, L-val: 0.5781
073: Acc-tr:  86.64, Acc-val:  81.30, L-tr: 0.3830, L-val: 0.5740
074: Acc-tr:  86.74, Acc-val:  81.34, L-tr: 0.3804, L-val: 0.5719
075: Acc-tr:  86.70, Acc-val:  81.29, L-tr: 0.3825, L-val: 0.5732
076: Acc-tr:  86.71, Acc-val:  81.36, L-tr: 0.3809, L-val: 0.5714
077: Acc-tr:  86.56, Acc-val:  81.25, L-tr: 0.3861, L-val: 0.5782
078: Acc-tr:  86.81, Acc-val:  81.48, L-tr: 0.3783, L-val: 0.5680
079: Acc-tr:  86.75, Acc-val:  81.35, L-tr: 0.3816, L-val: 0.5732
080: Acc-tr:  86.70, Acc-val:  81.36, L-tr: 0.3820, L-val: 0.5730
081: Acc-tr:  86.80, Acc-val:  81.42, L-tr: 0.3801, L-val: 0.5716
082: Acc-tr:  86.63, Acc-val:  81.24, L-tr: 0.3838, L-val: 0.5750
083: Acc-tr:  86.58, Acc-val:  81.25, L-tr: 0.3858, L-val: 0.5763
084: Acc-tr:  86.70, Acc-val:  81.36, L-tr: 0.3822, L-val: 0.5736
085: Acc-tr:  86.61, Acc-val:  81.19, L-tr: 0.3846, L-val: 0.5757
086: Acc-tr:  86.74, Acc-val:  81.45, L-tr: 0.3814, L-val: 0.5725
087: Acc-tr:  86.66, Acc-val:  81.31, L-tr: 0.3824, L-val: 0.5741
088: Acc-tr:  86.53, Acc-val:  81.28, L-tr: 0.3864, L-val: 0.5768
089: Acc-tr:  86.70, Acc-val:  81.37, L-tr: 0.3819, L-val: 0.5725
090: Acc-tr:  86.77, Acc-val:  81.43, L-tr: 0.3810, L-val: 0.5716
091: Acc-tr:  86.74, Acc-val:  81.36, L-tr: 0.3807, L-val: 0.5715
092: Acc-tr:  86.79, Acc-val:  81.52, L-tr: 0.3800, L-val: 0.5715
093: Acc-tr:  86.82, Acc-val:  81.45, L-tr: 0.3772, L-val: 0.5674
094: Acc-tr:  86.60, Acc-val:  81.32, L-tr: 0.3848, L-val: 0.5760
095: Acc-tr:  86.96, Acc-val:  81.71, L-tr: 0.3757, L-val: 0.5665
096: Acc-tr:  86.89, Acc-val:  81.51, L-tr: 0.3781, L-val: 0.5684
097: Acc-tr:  86.64, Acc-val:  81.35, L-tr: 0.3825, L-val: 0.5732
098: Acc-tr:  86.58, Acc-val:  81.31, L-tr: 0.3854, L-val: 0.5756
099: Acc-tr:  86.60, Acc-val:  81.24, L-tr: 0.3834, L-val: 0.5744
