Number of parameters: 272282
/scratch/cm6627/diffeo_cnn/experiment/009_RandomLabels_WideResNet/./fitting-random-labels/train.py:166: UserWarning: volatile was removed and now has no effect. Use `with torch.no_grad():` instead.
  input_var = torch.autograd.Variable(input, volatile=True)
/scratch/cm6627/diffeo_cnn/experiment/009_RandomLabels_WideResNet/./fitting-random-labels/train.py:167: UserWarning: volatile was removed and now has no effect. Use `with torch.no_grad():` instead.
  target_var = torch.autograd.Variable(target, volatile=True)
000: Acc-tr:  53.73, Acc-val:  53.28, L-tr: 1.3443, L-val: 1.3732
001: Acc-tr:  62.75, Acc-val:  61.44, L-tr: 1.1015, L-val: 1.1615
002: Acc-tr:  74.86, Acc-val:  71.97, L-tr: 0.7114, L-val: 0.7947
003: Acc-tr:  78.29, Acc-val:  74.65, L-tr: 0.6319, L-val: 0.7601
004: Acc-tr:  80.35, Acc-val:  76.05, L-tr: 0.5670, L-val: 0.7180
005: Acc-tr:  86.67, Acc-val:  80.51, L-tr: 0.3881, L-val: 0.5786
006: Acc-tr:  82.31, Acc-val:  76.21, L-tr: 0.5003, L-val: 0.7173
007: Acc-tr:  85.26, Acc-val:  78.39, L-tr: 0.4118, L-val: 0.6663
008: Acc-tr:  88.35, Acc-val:  80.34, L-tr: 0.3229, L-val: 0.5879
009: Acc-tr:  86.08, Acc-val:  77.91, L-tr: 0.3900, L-val: 0.7217
010: Acc-tr:  90.87, Acc-val:  81.21, L-tr: 0.2623, L-val: 0.5806
011: Acc-tr:  90.09, Acc-val:  79.75, L-tr: 0.2813, L-val: 0.6380
012: Acc-tr:  87.88, Acc-val:  77.81, L-tr: 0.3383, L-val: 0.7032
013: Acc-tr:  89.90, Acc-val:  79.17, L-tr: 0.3041, L-val: 0.6975
014: Acc-tr:  89.57, Acc-val:  78.09, L-tr: 0.2949, L-val: 0.7302
015: Acc-tr:  93.20, Acc-val:  80.23, L-tr: 0.1962, L-val: 0.6571
016: Acc-tr:  90.09, Acc-val:  78.19, L-tr: 0.2988, L-val: 0.7718
017: Acc-tr:  88.88, Acc-val:  77.40, L-tr: 0.3220, L-val: 0.8179
018: Acc-tr:  90.88, Acc-val:  78.69, L-tr: 0.2451, L-val: 0.7399
019: Acc-tr:  86.87, Acc-val:  75.02, L-tr: 0.3813, L-val: 0.9960
020: Acc-tr:  99.50, Acc-val:  84.45, L-tr: 0.0291, L-val: 0.5424
021: Acc-tr:  99.84, Acc-val:  84.60, L-tr: 0.0182, L-val: 0.5568
022: Acc-tr:  99.92, Acc-val:  84.73, L-tr: 0.0121, L-val: 0.5785
023: Acc-tr:  99.96, Acc-val:  84.59, L-tr: 0.0092, L-val: 0.5964
024: Acc-tr:  99.97, Acc-val:  84.67, L-tr: 0.0073, L-val: 0.6092
025: Acc-tr:  99.99, Acc-val:  84.74, L-tr: 0.0055, L-val: 0.6175
026: Acc-tr:  99.99, Acc-val:  84.61, L-tr: 0.0047, L-val: 0.6292
027: Acc-tr: 100.00, Acc-val:  84.76, L-tr: 0.0040, L-val: 0.6375
028: Acc-tr: 100.00, Acc-val:  84.72, L-tr: 0.0035, L-val: 0.6493
029: Acc-tr: 100.00, Acc-val:  84.70, L-tr: 0.0030, L-val: 0.6539
030: Acc-tr: 100.00, Acc-val:  84.71, L-tr: 0.0028, L-val: 0.6606
031: Acc-tr: 100.00, Acc-val:  84.75, L-tr: 0.0023, L-val: 0.6692
032: Acc-tr: 100.00, Acc-val:  84.61, L-tr: 0.0022, L-val: 0.6727
033: Acc-tr: 100.00, Acc-val:  84.69, L-tr: 0.0021, L-val: 0.6768
034: Acc-tr: 100.00, Acc-val:  84.68, L-tr: 0.0019, L-val: 0.6852
035: Acc-tr: 100.00, Acc-val:  84.48, L-tr: 0.0018, L-val: 0.6847
036: Acc-tr: 100.00, Acc-val:  84.82, L-tr: 0.0016, L-val: 0.6937
037: Acc-tr: 100.00, Acc-val:  84.51, L-tr: 0.0015, L-val: 0.6960
038: Acc-tr: 100.00, Acc-val:  84.48, L-tr: 0.0014, L-val: 0.6994
039: Acc-tr: 100.00, Acc-val:  84.73, L-tr: 0.0014, L-val: 0.6981
040: Acc-tr: 100.00, Acc-val:  84.57, L-tr: 0.0013, L-val: 0.6943
041: Acc-tr: 100.00, Acc-val:  84.55, L-tr: 0.0014, L-val: 0.7001
042: Acc-tr: 100.00, Acc-val:  84.61, L-tr: 0.0013, L-val: 0.6967
043: Acc-tr: 100.00, Acc-val:  84.59, L-tr: 0.0013, L-val: 0.6983
044: Acc-tr: 100.00, Acc-val:  84.53, L-tr: 0.0013, L-val: 0.7057
045: Acc-tr: 100.00, Acc-val:  84.63, L-tr: 0.0013, L-val: 0.6994
046: Acc-tr: 100.00, Acc-val:  84.49, L-tr: 0.0013, L-val: 0.7066
047: Acc-tr: 100.00, Acc-val:  84.56, L-tr: 0.0013, L-val: 0.7005
048: Acc-tr: 100.00, Acc-val:  84.75, L-tr: 0.0013, L-val: 0.7038
049: Acc-tr: 100.00, Acc-val:  84.76, L-tr: 0.0012, L-val: 0.7013
050: Acc-tr: 100.00, Acc-val:  84.52, L-tr: 0.0012, L-val: 0.7026
051: Acc-tr: 100.00, Acc-val:  84.37, L-tr: 0.0014, L-val: 0.7012
052: Acc-tr: 100.00, Acc-val:  84.59, L-tr: 0.0012, L-val: 0.7053
053: Acc-tr: 100.00, Acc-val:  84.52, L-tr: 0.0012, L-val: 0.6999
054: Acc-tr: 100.00, Acc-val:  84.56, L-tr: 0.0013, L-val: 0.7000
055: Acc-tr: 100.00, Acc-val:  84.68, L-tr: 0.0012, L-val: 0.7007
056: Acc-tr: 100.00, Acc-val:  84.66, L-tr: 0.0012, L-val: 0.7024
057: Acc-tr: 100.00, Acc-val:  84.66, L-tr: 0.0012, L-val: 0.7024
058: Acc-tr: 100.00, Acc-val:  84.61, L-tr: 0.0012, L-val: 0.7040
059: Acc-tr: 100.00, Acc-val:  84.59, L-tr: 0.0012, L-val: 0.7033
060: Acc-tr: 100.00, Acc-val:  84.65, L-tr: 0.0012, L-val: 0.7047
061: Acc-tr: 100.00, Acc-val:  84.42, L-tr: 0.0012, L-val: 0.7046
062: Acc-tr: 100.00, Acc-val:  84.54, L-tr: 0.0012, L-val: 0.7025
063: Acc-tr: 100.00, Acc-val:  84.64, L-tr: 0.0012, L-val: 0.7053
064: Acc-tr: 100.00, Acc-val:  84.40, L-tr: 0.0012, L-val: 0.7015
065: Acc-tr: 100.00, Acc-val:  84.45, L-tr: 0.0012, L-val: 0.7053
066: Acc-tr: 100.00, Acc-val:  84.60, L-tr: 0.0012, L-val: 0.7008
067: Acc-tr: 100.00, Acc-val:  84.53, L-tr: 0.0011, L-val: 0.7078
068: Acc-tr: 100.00, Acc-val:  84.46, L-tr: 0.0011, L-val: 0.7110
069: Acc-tr: 100.00, Acc-val:  84.53, L-tr: 0.0012, L-val: 0.7033
070: Acc-tr: 100.00, Acc-val:  84.57, L-tr: 0.0012, L-val: 0.7009
071: Acc-tr: 100.00, Acc-val:  84.55, L-tr: 0.0011, L-val: 0.7045
072: Acc-tr: 100.00, Acc-val:  84.59, L-tr: 0.0012, L-val: 0.7029
073: Acc-tr: 100.00, Acc-val:  84.63, L-tr: 0.0012, L-val: 0.7038
074: Acc-tr: 100.00, Acc-val:  84.50, L-tr: 0.0012, L-val: 0.7066
075: Acc-tr: 100.00, Acc-val:  84.58, L-tr: 0.0011, L-val: 0.7074
076: Acc-tr: 100.00, Acc-val:  84.59, L-tr: 0.0012, L-val: 0.7045
077: Acc-tr: 100.00, Acc-val:  84.61, L-tr: 0.0012, L-val: 0.7024
078: Acc-tr: 100.00, Acc-val:  84.50, L-tr: 0.0012, L-val: 0.6992
079: Acc-tr: 100.00, Acc-val:  84.46, L-tr: 0.0012, L-val: 0.7051
080: Acc-tr: 100.00, Acc-val:  84.63, L-tr: 0.0012, L-val: 0.7071
081: Acc-tr: 100.00, Acc-val:  84.77, L-tr: 0.0011, L-val: 0.7057
082: Acc-tr: 100.00, Acc-val:  84.62, L-tr: 0.0012, L-val: 0.7030
083: Acc-tr: 100.00, Acc-val:  84.51, L-tr: 0.0012, L-val: 0.7015
084: Acc-tr: 100.00, Acc-val:  84.62, L-tr: 0.0011, L-val: 0.7097
085: Acc-tr: 100.00, Acc-val:  84.62, L-tr: 0.0012, L-val: 0.7032
086: Acc-tr: 100.00, Acc-val:  84.52, L-tr: 0.0012, L-val: 0.7067
087: Acc-tr: 100.00, Acc-val:  84.74, L-tr: 0.0011, L-val: 0.7057
088: Acc-tr: 100.00, Acc-val:  84.48, L-tr: 0.0012, L-val: 0.7052
089: Acc-tr: 100.00, Acc-val:  84.58, L-tr: 0.0011, L-val: 0.7068
090: Acc-tr: 100.00, Acc-val:  84.52, L-tr: 0.0012, L-val: 0.6997
091: Acc-tr: 100.00, Acc-val:  84.62, L-tr: 0.0011, L-val: 0.7061
092: Acc-tr: 100.00, Acc-val:  84.55, L-tr: 0.0012, L-val: 0.7029
093: Acc-tr: 100.00, Acc-val:  84.46, L-tr: 0.0012, L-val: 0.7100
094: Acc-tr: 100.00, Acc-val:  84.48, L-tr: 0.0011, L-val: 0.7052
095: Acc-tr: 100.00, Acc-val:  84.68, L-tr: 0.0012, L-val: 0.7024
096: Acc-tr: 100.00, Acc-val:  84.49, L-tr: 0.0012, L-val: 0.7030
097: Acc-tr: 100.00, Acc-val:  84.66, L-tr: 0.0012, L-val: 0.7033
098: Acc-tr: 100.00, Acc-val:  84.64, L-tr: 0.0012, L-val: 0.7038
099: Acc-tr: 100.00, Acc-val:  84.41, L-tr: 0.0012, L-val: 0.7083
