Number of parameters: 272282
/scratch/cm6627/diffeo_cnn/experiment/009_RandomLabels_WideResNet/./fitting-random-labels/train.py:166: UserWarning: volatile was removed and now has no effect. Use `with torch.no_grad():` instead.
  input_var = torch.autograd.Variable(input, volatile=True)
/scratch/cm6627/diffeo_cnn/experiment/009_RandomLabels_WideResNet/./fitting-random-labels/train.py:167: UserWarning: volatile was removed and now has no effect. Use `with torch.no_grad():` instead.
  target_var = torch.autograd.Variable(target, volatile=True)
000: Acc-tr:  45.60, Acc-val:  45.21, L-tr: 1.5353, L-val: 1.5439
001: Acc-tr:  54.66, Acc-val:  53.74, L-tr: 1.2586, L-val: 1.2866
002: Acc-tr:  62.91, Acc-val:  61.60, L-tr: 1.0840, L-val: 1.1438
003: Acc-tr:  66.68, Acc-val:  65.58, L-tr: 0.9835, L-val: 1.0312
004: Acc-tr:  66.56, Acc-val:  64.72, L-tr: 0.9641, L-val: 1.0379
005: Acc-tr:  69.51, Acc-val:  67.15, L-tr: 0.9041, L-val: 0.9861
006: Acc-tr:  76.01, Acc-val:  73.05, L-tr: 0.6894, L-val: 0.8120
007: Acc-tr:  76.31, Acc-val:  73.24, L-tr: 0.7101, L-val: 0.8321
008: Acc-tr:  70.71, Acc-val:  68.01, L-tr: 0.8961, L-val: 1.0360
009: Acc-tr:  77.03, Acc-val:  73.51, L-tr: 0.6909, L-val: 0.8189
010: Acc-tr:  80.41, Acc-val:  76.18, L-tr: 0.5845, L-val: 0.7532
011: Acc-tr:  79.74, Acc-val:  76.53, L-tr: 0.6477, L-val: 0.8476
012: Acc-tr:  81.96, Acc-val:  77.55, L-tr: 0.5290, L-val: 0.7075
013: Acc-tr:  81.92, Acc-val:  77.21, L-tr: 0.5315, L-val: 0.7211
014: Acc-tr:  85.40, Acc-val:  79.63, L-tr: 0.4319, L-val: 0.6511
015: Acc-tr:  82.74, Acc-val:  77.76, L-tr: 0.5331, L-val: 0.7703
016: Acc-tr:  82.79, Acc-val:  77.08, L-tr: 0.5580, L-val: 0.8307
017: Acc-tr:  80.95, Acc-val:  76.18, L-tr: 0.5990, L-val: 0.8573
018: Acc-tr:  86.78, Acc-val:  80.44, L-tr: 0.3827, L-val: 0.6478
019: Acc-tr:  87.41, Acc-val:  81.02, L-tr: 0.3635, L-val: 0.6094
020: Acc-tr:  91.79, Acc-val:  84.29, L-tr: 0.2325, L-val: 0.5050
021: Acc-tr:  92.37, Acc-val:  84.41, L-tr: 0.2172, L-val: 0.5118
022: Acc-tr:  92.33, Acc-val:  84.28, L-tr: 0.2178, L-val: 0.5209
023: Acc-tr:  92.68, Acc-val:  84.45, L-tr: 0.2062, L-val: 0.5256
024: Acc-tr:  93.22, Acc-val:  84.66, L-tr: 0.1917, L-val: 0.5134
025: Acc-tr:  93.15, Acc-val:  84.64, L-tr: 0.1932, L-val: 0.5304
026: Acc-tr:  93.65, Acc-val:  84.89, L-tr: 0.1810, L-val: 0.5259
027: Acc-tr:  93.56, Acc-val:  84.50, L-tr: 0.1811, L-val: 0.5312
028: Acc-tr:  93.41, Acc-val:  84.20, L-tr: 0.1833, L-val: 0.5426
029: Acc-tr:  93.34, Acc-val:  84.30, L-tr: 0.1867, L-val: 0.5590
030: Acc-tr:  94.51, Acc-val:  85.33, L-tr: 0.1555, L-val: 0.5231
031: Acc-tr:  94.03, Acc-val:  84.21, L-tr: 0.1697, L-val: 0.5574
032: Acc-tr:  94.30, Acc-val:  84.56, L-tr: 0.1615, L-val: 0.5554
033: Acc-tr:  93.82, Acc-val:  84.21, L-tr: 0.1746, L-val: 0.5811
034: Acc-tr:  94.36, Acc-val:  84.53, L-tr: 0.1584, L-val: 0.5619
035: Acc-tr:  94.53, Acc-val:  84.60, L-tr: 0.1525, L-val: 0.5663
036: Acc-tr:  94.80, Acc-val:  84.91, L-tr: 0.1474, L-val: 0.5616
037: Acc-tr:  94.53, Acc-val:  84.51, L-tr: 0.1525, L-val: 0.5706
038: Acc-tr:  94.92, Acc-val:  84.81, L-tr: 0.1401, L-val: 0.5644
039: Acc-tr:  95.26, Acc-val:  85.25, L-tr: 0.1332, L-val: 0.5643
040: Acc-tr:  95.62, Acc-val:  85.38, L-tr: 0.1245, L-val: 0.5517
041: Acc-tr:  95.59, Acc-val:  85.29, L-tr: 0.1242, L-val: 0.5521
042: Acc-tr:  95.63, Acc-val:  85.20, L-tr: 0.1227, L-val: 0.5550
043: Acc-tr:  95.54, Acc-val:  85.21, L-tr: 0.1257, L-val: 0.5536
044: Acc-tr:  95.74, Acc-val:  85.13, L-tr: 0.1211, L-val: 0.5548
045: Acc-tr:  95.78, Acc-val:  85.27, L-tr: 0.1192, L-val: 0.5451
046: Acc-tr:  95.64, Acc-val:  85.13, L-tr: 0.1223, L-val: 0.5569
047: Acc-tr:  95.85, Acc-val:  85.39, L-tr: 0.1173, L-val: 0.5472
048: Acc-tr:  95.64, Acc-val:  85.02, L-tr: 0.1224, L-val: 0.5582
049: Acc-tr:  95.58, Acc-val:  84.88, L-tr: 0.1242, L-val: 0.5586
050: Acc-tr:  95.64, Acc-val:  84.93, L-tr: 0.1229, L-val: 0.5582
051: Acc-tr:  95.80, Acc-val:  85.25, L-tr: 0.1184, L-val: 0.5538
052: Acc-tr:  95.68, Acc-val:  85.00, L-tr: 0.1223, L-val: 0.5593
053: Acc-tr:  95.70, Acc-val:  84.97, L-tr: 0.1208, L-val: 0.5584
054: Acc-tr:  95.84, Acc-val:  85.05, L-tr: 0.1173, L-val: 0.5582
055: Acc-tr:  95.81, Acc-val:  85.03, L-tr: 0.1175, L-val: 0.5572
056: Acc-tr:  95.80, Acc-val:  84.92, L-tr: 0.1186, L-val: 0.5593
057: Acc-tr:  95.59, Acc-val:  84.68, L-tr: 0.1229, L-val: 0.5673
058: Acc-tr:  95.71, Acc-val:  84.82, L-tr: 0.1197, L-val: 0.5654
059: Acc-tr:  95.84, Acc-val:  84.86, L-tr: 0.1172, L-val: 0.5635
060: Acc-tr:  95.78, Acc-val:  84.89, L-tr: 0.1178, L-val: 0.5653
061: Acc-tr:  95.74, Acc-val:  84.91, L-tr: 0.1187, L-val: 0.5686
062: Acc-tr:  95.75, Acc-val:  84.85, L-tr: 0.1193, L-val: 0.5645
063: Acc-tr:  95.62, Acc-val:  84.72, L-tr: 0.1224, L-val: 0.5713
064: Acc-tr:  95.88, Acc-val:  85.00, L-tr: 0.1165, L-val: 0.5641
065: Acc-tr:  95.61, Acc-val:  84.58, L-tr: 0.1230, L-val: 0.5735
066: Acc-tr:  95.77, Acc-val:  84.78, L-tr: 0.1193, L-val: 0.5645
067: Acc-tr:  95.86, Acc-val:  84.94, L-tr: 0.1167, L-val: 0.5643
068: Acc-tr:  95.75, Acc-val:  84.86, L-tr: 0.1187, L-val: 0.5650
069: Acc-tr:  95.59, Acc-val:  84.84, L-tr: 0.1222, L-val: 0.5673
070: Acc-tr:  95.83, Acc-val:  84.95, L-tr: 0.1174, L-val: 0.5626
071: Acc-tr:  95.77, Acc-val:  84.87, L-tr: 0.1184, L-val: 0.5628
072: Acc-tr:  95.85, Acc-val:  84.89, L-tr: 0.1174, L-val: 0.5691
073: Acc-tr:  95.80, Acc-val:  84.84, L-tr: 0.1183, L-val: 0.5672
074: Acc-tr:  95.70, Acc-val:  84.71, L-tr: 0.1203, L-val: 0.5685
075: Acc-tr:  95.66, Acc-val:  84.91, L-tr: 0.1204, L-val: 0.5707
076: Acc-tr:  95.72, Acc-val:  84.87, L-tr: 0.1190, L-val: 0.5695
077: Acc-tr:  95.90, Acc-val:  85.01, L-tr: 0.1158, L-val: 0.5634
078: Acc-tr:  95.74, Acc-val:  84.76, L-tr: 0.1194, L-val: 0.5710
079: Acc-tr:  95.70, Acc-val:  84.82, L-tr: 0.1198, L-val: 0.5671
080: Acc-tr:  95.58, Acc-val:  84.82, L-tr: 0.1221, L-val: 0.5735
081: Acc-tr:  95.73, Acc-val:  84.90, L-tr: 0.1195, L-val: 0.5648
082: Acc-tr:  95.90, Acc-val:  84.91, L-tr: 0.1156, L-val: 0.5605
083: Acc-tr:  95.72, Acc-val:  84.96, L-tr: 0.1201, L-val: 0.5710
084: Acc-tr:  95.61, Acc-val:  84.75, L-tr: 0.1233, L-val: 0.5778
085: Acc-tr:  95.57, Acc-val:  84.71, L-tr: 0.1245, L-val: 0.5777
086: Acc-tr:  95.74, Acc-val:  84.93, L-tr: 0.1190, L-val: 0.5659
087: Acc-tr:  95.81, Acc-val:  84.95, L-tr: 0.1186, L-val: 0.5681
088: Acc-tr:  95.54, Acc-val:  84.66, L-tr: 0.1242, L-val: 0.5767
089: Acc-tr:  95.83, Acc-val:  84.89, L-tr: 0.1173, L-val: 0.5645
090: Acc-tr:  95.79, Acc-val:  84.94, L-tr: 0.1178, L-val: 0.5675
091: Acc-tr:  95.73, Acc-val:  84.90, L-tr: 0.1186, L-val: 0.5685
092: Acc-tr:  95.62, Acc-val:  84.66, L-tr: 0.1228, L-val: 0.5740
093: Acc-tr:  95.75, Acc-val:  84.78, L-tr: 0.1198, L-val: 0.5691
094: Acc-tr:  95.51, Acc-val:  84.75, L-tr: 0.1239, L-val: 0.5796
095: Acc-tr:  95.59, Acc-val:  84.85, L-tr: 0.1226, L-val: 0.5763
096: Acc-tr:  95.74, Acc-val:  84.97, L-tr: 0.1190, L-val: 0.5659
097: Acc-tr:  95.65, Acc-val:  84.75, L-tr: 0.1219, L-val: 0.5731
098: Acc-tr:  95.94, Acc-val:  85.11, L-tr: 0.1147, L-val: 0.5586
099: Acc-tr:  95.66, Acc-val:  84.74, L-tr: 0.1210, L-val: 0.5710
