Number of parameters: 77850
/scratch/cm6627/diffeo_cnn/experiment/009_RandomLabels_WideResNet/./fitting-random-labels/train.py:166: UserWarning: volatile was removed and now has no effect. Use `with torch.no_grad():` instead.
  input_var = torch.autograd.Variable(input, volatile=True)
/scratch/cm6627/diffeo_cnn/experiment/009_RandomLabels_WideResNet/./fitting-random-labels/train.py:167: UserWarning: volatile was removed and now has no effect. Use `with torch.no_grad():` instead.
  target_var = torch.autograd.Variable(target, volatile=True)
000: Acc-tr:  34.62, Acc-val:  34.69, L-tr: 2.0545, L-val: 2.0339
001: Acc-tr:  53.90, Acc-val:  53.51, L-tr: 1.3625, L-val: 1.3729
002: Acc-tr:  59.10, Acc-val:  57.27, L-tr: 1.1559, L-val: 1.1979
003: Acc-tr:  64.68, Acc-val:  62.91, L-tr: 1.0094, L-val: 1.0679
004: Acc-tr:  67.47, Acc-val:  64.97, L-tr: 0.9271, L-val: 0.9993
005: Acc-tr:  69.18, Acc-val:  67.15, L-tr: 0.9319, L-val: 1.0234
006: Acc-tr:  67.19, Acc-val:  64.55, L-tr: 0.9415, L-val: 1.0284
007: Acc-tr:  71.43, Acc-val:  68.90, L-tr: 0.8361, L-val: 0.9370
008: Acc-tr:  70.96, Acc-val:  68.38, L-tr: 0.8499, L-val: 0.9455
009: Acc-tr:  73.34, Acc-val:  70.34, L-tr: 0.7625, L-val: 0.8754
010: Acc-tr:  75.47, Acc-val:  71.62, L-tr: 0.6996, L-val: 0.8268
011: Acc-tr:  76.75, Acc-val:  72.72, L-tr: 0.6746, L-val: 0.8036
012: Acc-tr:  76.04, Acc-val:  72.85, L-tr: 0.6893, L-val: 0.8162
013: Acc-tr:  67.82, Acc-val:  64.82, L-tr: 0.9441, L-val: 1.0815
014: Acc-tr:  76.28, Acc-val:  72.45, L-tr: 0.6802, L-val: 0.8256
015: Acc-tr:  77.13, Acc-val:  73.64, L-tr: 0.6544, L-val: 0.8011
016: Acc-tr:  77.28, Acc-val:  72.70, L-tr: 0.6433, L-val: 0.8003
017: Acc-tr:  80.33, Acc-val:  75.39, L-tr: 0.5563, L-val: 0.7146
018: Acc-tr:  79.61, Acc-val:  75.29, L-tr: 0.5882, L-val: 0.7459
019: Acc-tr:  74.35, Acc-val:  70.24, L-tr: 0.7478, L-val: 0.9197
020: Acc-tr:  85.17, Acc-val:  79.30, L-tr: 0.4190, L-val: 0.5978
021: Acc-tr:  85.21, Acc-val:  79.66, L-tr: 0.4177, L-val: 0.6047
022: Acc-tr:  85.18, Acc-val:  79.45, L-tr: 0.4202, L-val: 0.6135
023: Acc-tr:  85.58, Acc-val:  79.71, L-tr: 0.4099, L-val: 0.6109
024: Acc-tr:  85.77, Acc-val:  79.83, L-tr: 0.4039, L-val: 0.6043
025: Acc-tr:  84.58, Acc-val:  78.65, L-tr: 0.4377, L-val: 0.6430
026: Acc-tr:  85.24, Acc-val:  79.02, L-tr: 0.4189, L-val: 0.6293
027: Acc-tr:  85.41, Acc-val:  79.19, L-tr: 0.4133, L-val: 0.6285
028: Acc-tr:  84.77, Acc-val:  78.40, L-tr: 0.4316, L-val: 0.6485
029: Acc-tr:  85.78, Acc-val:  79.37, L-tr: 0.3982, L-val: 0.6168
030: Acc-tr:  85.05, Acc-val:  78.63, L-tr: 0.4195, L-val: 0.6435
031: Acc-tr:  84.35, Acc-val:  78.05, L-tr: 0.4395, L-val: 0.6679
032: Acc-tr:  85.97, Acc-val:  79.32, L-tr: 0.3975, L-val: 0.6242
033: Acc-tr:  84.73, Acc-val:  78.14, L-tr: 0.4346, L-val: 0.6689
034: Acc-tr:  86.33, Acc-val:  79.75, L-tr: 0.3853, L-val: 0.6252
035: Acc-tr:  84.89, Acc-val:  78.19, L-tr: 0.4195, L-val: 0.6604
036: Acc-tr:  87.01, Acc-val:  79.77, L-tr: 0.3689, L-val: 0.6110
037: Acc-tr:  85.81, Acc-val:  79.01, L-tr: 0.4047, L-val: 0.6502
038: Acc-tr:  86.30, Acc-val:  79.46, L-tr: 0.3881, L-val: 0.6357
039: Acc-tr:  85.68, Acc-val:  78.63, L-tr: 0.4047, L-val: 0.6559
040: Acc-tr:  85.92, Acc-val:  79.04, L-tr: 0.3967, L-val: 0.6453
041: Acc-tr:  85.96, Acc-val:  78.94, L-tr: 0.3983, L-val: 0.6482
042: Acc-tr:  86.57, Acc-val:  79.44, L-tr: 0.3796, L-val: 0.6286
043: Acc-tr:  86.47, Acc-val:  79.41, L-tr: 0.3837, L-val: 0.6333
044: Acc-tr:  86.56, Acc-val:  79.45, L-tr: 0.3817, L-val: 0.6333
045: Acc-tr:  86.71, Acc-val:  79.46, L-tr: 0.3761, L-val: 0.6277
046: Acc-tr:  86.82, Acc-val:  79.55, L-tr: 0.3743, L-val: 0.6255
047: Acc-tr:  86.56, Acc-val:  79.36, L-tr: 0.3809, L-val: 0.6328
048: Acc-tr:  86.37, Acc-val:  79.32, L-tr: 0.3870, L-val: 0.6399
049: Acc-tr:  86.81, Acc-val:  79.56, L-tr: 0.3730, L-val: 0.6264
050: Acc-tr:  86.65, Acc-val:  79.46, L-tr: 0.3779, L-val: 0.6316
051: Acc-tr:  86.75, Acc-val:  79.50, L-tr: 0.3764, L-val: 0.6296
052: Acc-tr:  86.25, Acc-val:  79.10, L-tr: 0.3903, L-val: 0.6449
053: Acc-tr:  87.09, Acc-val:  79.70, L-tr: 0.3682, L-val: 0.6222
054: Acc-tr:  86.80, Acc-val:  79.54, L-tr: 0.3741, L-val: 0.6295
055: Acc-tr:  87.11, Acc-val:  79.75, L-tr: 0.3656, L-val: 0.6201
056: Acc-tr:  87.05, Acc-val:  79.78, L-tr: 0.3699, L-val: 0.6254
057: Acc-tr:  86.70, Acc-val:  79.29, L-tr: 0.3773, L-val: 0.6336
058: Acc-tr:  86.94, Acc-val:  79.60, L-tr: 0.3712, L-val: 0.6276
059: Acc-tr:  86.41, Acc-val:  79.15, L-tr: 0.3851, L-val: 0.6404
060: Acc-tr:  86.80, Acc-val:  79.49, L-tr: 0.3750, L-val: 0.6310
061: Acc-tr:  87.12, Acc-val:  79.74, L-tr: 0.3672, L-val: 0.6248
062: Acc-tr:  86.74, Acc-val:  79.53, L-tr: 0.3777, L-val: 0.6339
063: Acc-tr:  86.67, Acc-val:  79.44, L-tr: 0.3797, L-val: 0.6354
064: Acc-tr:  86.69, Acc-val:  79.37, L-tr: 0.3793, L-val: 0.6360
065: Acc-tr:  86.70, Acc-val:  79.44, L-tr: 0.3776, L-val: 0.6355
066: Acc-tr:  86.59, Acc-val:  79.33, L-tr: 0.3815, L-val: 0.6382
067: Acc-tr:  86.55, Acc-val:  79.29, L-tr: 0.3825, L-val: 0.6386
068: Acc-tr:  86.75, Acc-val:  79.43, L-tr: 0.3767, L-val: 0.6331
069: Acc-tr:  86.74, Acc-val:  79.52, L-tr: 0.3784, L-val: 0.6354
070: Acc-tr:  86.82, Acc-val:  79.52, L-tr: 0.3758, L-val: 0.6326
071: Acc-tr:  86.69, Acc-val:  79.51, L-tr: 0.3785, L-val: 0.6356
072: Acc-tr:  86.66, Acc-val:  79.38, L-tr: 0.3797, L-val: 0.6381
073: Acc-tr:  86.89, Acc-val:  79.61, L-tr: 0.3730, L-val: 0.6304
074: Acc-tr:  86.72, Acc-val:  79.45, L-tr: 0.3797, L-val: 0.6364
075: Acc-tr:  86.76, Acc-val:  79.42, L-tr: 0.3773, L-val: 0.6349
076: Acc-tr:  87.04, Acc-val:  79.60, L-tr: 0.3688, L-val: 0.6260
077: Acc-tr:  86.48, Acc-val:  79.38, L-tr: 0.3840, L-val: 0.6417
078: Acc-tr:  86.77, Acc-val:  79.52, L-tr: 0.3760, L-val: 0.6333
079: Acc-tr:  86.75, Acc-val:  79.53, L-tr: 0.3766, L-val: 0.6335
080: Acc-tr:  86.54, Acc-val:  79.15, L-tr: 0.3822, L-val: 0.6397
081: Acc-tr:  86.51, Acc-val:  79.28, L-tr: 0.3832, L-val: 0.6398
082: Acc-tr:  86.11, Acc-val:  78.94, L-tr: 0.3946, L-val: 0.6514
083: Acc-tr:  86.89, Acc-val:  79.54, L-tr: 0.3729, L-val: 0.6297
084: Acc-tr:  87.26, Acc-val:  79.82, L-tr: 0.3629, L-val: 0.6205
085: Acc-tr:  86.63, Acc-val:  79.38, L-tr: 0.3802, L-val: 0.6365
086: Acc-tr:  86.92, Acc-val:  79.45, L-tr: 0.3725, L-val: 0.6303
087: Acc-tr:  86.64, Acc-val:  79.27, L-tr: 0.3799, L-val: 0.6368
088: Acc-tr:  86.86, Acc-val:  79.63, L-tr: 0.3729, L-val: 0.6302
089: Acc-tr:  86.94, Acc-val:  79.67, L-tr: 0.3712, L-val: 0.6270
090: Acc-tr:  86.85, Acc-val:  79.50, L-tr: 0.3742, L-val: 0.6322
091: Acc-tr:  86.78, Acc-val:  79.53, L-tr: 0.3751, L-val: 0.6322
092: Acc-tr:  86.88, Acc-val:  79.48, L-tr: 0.3731, L-val: 0.6308
093: Acc-tr:  86.54, Acc-val:  79.17, L-tr: 0.3820, L-val: 0.6394
094: Acc-tr:  86.77, Acc-val:  79.41, L-tr: 0.3764, L-val: 0.6333
095: Acc-tr:  86.89, Acc-val:  79.63, L-tr: 0.3729, L-val: 0.6295
096: Acc-tr:  86.45, Acc-val:  79.23, L-tr: 0.3850, L-val: 0.6414
097: Acc-tr:  87.03, Acc-val:  79.62, L-tr: 0.3691, L-val: 0.6264
098: Acc-tr:  86.71, Acc-val:  79.42, L-tr: 0.3788, L-val: 0.6358
099: Acc-tr:  86.37, Acc-val:  79.10, L-tr: 0.3869, L-val: 0.6443
