Number of parameters: 77850
/scratch/cm6627/diffeo_cnn/experiment/009_RandomLabels_WideResNet/./fitting-random-labels/train.py:166: UserWarning: volatile was removed and now has no effect. Use `with torch.no_grad():` instead.
  input_var = torch.autograd.Variable(input, volatile=True)
/scratch/cm6627/diffeo_cnn/experiment/009_RandomLabels_WideResNet/./fitting-random-labels/train.py:167: UserWarning: volatile was removed and now has no effect. Use `with torch.no_grad():` instead.
  target_var = torch.autograd.Variable(target, volatile=True)
000: Acc-tr:  51.55, Acc-val:  50.79, L-tr: 1.3533, L-val: 1.3656
001: Acc-tr:  52.82, Acc-val:  52.32, L-tr: 1.3802, L-val: 1.4065
002: Acc-tr:  63.14, Acc-val:  61.49, L-tr: 1.0500, L-val: 1.0964
003: Acc-tr:  61.41, Acc-val:  60.15, L-tr: 1.1307, L-val: 1.1836
004: Acc-tr:  70.67, Acc-val:  68.86, L-tr: 0.8460, L-val: 0.9071
005: Acc-tr:  66.98, Acc-val:  65.59, L-tr: 0.9752, L-val: 1.0474
006: Acc-tr:  74.01, Acc-val:  71.65, L-tr: 0.7310, L-val: 0.8145
007: Acc-tr:  72.13, Acc-val:  69.83, L-tr: 0.8302, L-val: 0.9218
008: Acc-tr:  73.37, Acc-val:  70.48, L-tr: 0.7782, L-val: 0.8778
009: Acc-tr:  73.55, Acc-val:  70.78, L-tr: 0.8025, L-val: 0.9163
010: Acc-tr:  78.50, Acc-val:  75.58, L-tr: 0.6252, L-val: 0.7364
011: Acc-tr:  73.05, Acc-val:  70.30, L-tr: 0.8232, L-val: 0.9435
012: Acc-tr:  77.97, Acc-val:  74.63, L-tr: 0.6288, L-val: 0.7427
013: Acc-tr:  68.00, Acc-val:  64.99, L-tr: 1.0012, L-val: 1.1452
014: Acc-tr:  80.22, Acc-val:  77.13, L-tr: 0.5849, L-val: 0.7224
015: Acc-tr:  80.04, Acc-val:  75.98, L-tr: 0.5734, L-val: 0.7270
016: Acc-tr:  79.20, Acc-val:  75.52, L-tr: 0.5898, L-val: 0.7396
017: Acc-tr:  82.55, Acc-val:  77.78, L-tr: 0.5034, L-val: 0.6610
018: Acc-tr:  77.95, Acc-val:  74.12, L-tr: 0.6599, L-val: 0.8263
019: Acc-tr:  81.36, Acc-val:  76.71, L-tr: 0.5484, L-val: 0.7218
020: Acc-tr:  87.32, Acc-val:  82.09, L-tr: 0.3619, L-val: 0.5505
021: Acc-tr:  88.70, Acc-val:  82.63, L-tr: 0.3287, L-val: 0.5283
022: Acc-tr:  89.12, Acc-val:  83.00, L-tr: 0.3158, L-val: 0.5218
023: Acc-tr:  89.45, Acc-val:  83.27, L-tr: 0.3060, L-val: 0.5167
024: Acc-tr:  89.24, Acc-val:  82.86, L-tr: 0.3096, L-val: 0.5262
025: Acc-tr:  88.95, Acc-val:  82.41, L-tr: 0.3177, L-val: 0.5427
026: Acc-tr:  89.29, Acc-val:  82.90, L-tr: 0.3098, L-val: 0.5385
027: Acc-tr:  89.69, Acc-val:  82.95, L-tr: 0.2968, L-val: 0.5312
028: Acc-tr:  89.39, Acc-val:  82.97, L-tr: 0.2989, L-val: 0.5365
029: Acc-tr:  89.77, Acc-val:  82.73, L-tr: 0.2930, L-val: 0.5311
030: Acc-tr:  89.22, Acc-val:  82.52, L-tr: 0.3100, L-val: 0.5547
031: Acc-tr:  89.63, Acc-val:  82.83, L-tr: 0.2950, L-val: 0.5418
032: Acc-tr:  89.51, Acc-val:  82.29, L-tr: 0.2991, L-val: 0.5536
033: Acc-tr:  90.63, Acc-val:  83.11, L-tr: 0.2715, L-val: 0.5238
034: Acc-tr:  90.33, Acc-val:  82.85, L-tr: 0.2817, L-val: 0.5401
035: Acc-tr:  89.56, Acc-val:  82.26, L-tr: 0.2935, L-val: 0.5624
036: Acc-tr:  90.35, Acc-val:  82.71, L-tr: 0.2745, L-val: 0.5415
037: Acc-tr:  90.71, Acc-val:  82.98, L-tr: 0.2673, L-val: 0.5380
038: Acc-tr:  90.72, Acc-val:  82.68, L-tr: 0.2633, L-val: 0.5468
039: Acc-tr:  90.56, Acc-val:  82.97, L-tr: 0.2715, L-val: 0.5481
040: Acc-tr:  90.77, Acc-val:  82.85, L-tr: 0.2617, L-val: 0.5416
041: Acc-tr:  91.02, Acc-val:  83.01, L-tr: 0.2545, L-val: 0.5338
042: Acc-tr:  90.82, Acc-val:  82.93, L-tr: 0.2597, L-val: 0.5413
043: Acc-tr:  91.26, Acc-val:  83.25, L-tr: 0.2498, L-val: 0.5307
044: Acc-tr:  91.17, Acc-val:  83.00, L-tr: 0.2533, L-val: 0.5353
045: Acc-tr:  90.98, Acc-val:  82.90, L-tr: 0.2563, L-val: 0.5377
046: Acc-tr:  90.86, Acc-val:  82.86, L-tr: 0.2621, L-val: 0.5441
047: Acc-tr:  90.98, Acc-val:  82.75, L-tr: 0.2566, L-val: 0.5406
048: Acc-tr:  91.09, Acc-val:  82.96, L-tr: 0.2534, L-val: 0.5373
049: Acc-tr:  90.84, Acc-val:  82.86, L-tr: 0.2586, L-val: 0.5440
050: Acc-tr:  91.23, Acc-val:  83.11, L-tr: 0.2493, L-val: 0.5340
051: Acc-tr:  91.16, Acc-val:  83.14, L-tr: 0.2501, L-val: 0.5362
052: Acc-tr:  91.30, Acc-val:  83.10, L-tr: 0.2487, L-val: 0.5354
053: Acc-tr:  91.16, Acc-val:  82.98, L-tr: 0.2521, L-val: 0.5379
054: Acc-tr:  91.15, Acc-val:  82.88, L-tr: 0.2513, L-val: 0.5383
055: Acc-tr:  91.33, Acc-val:  83.06, L-tr: 0.2464, L-val: 0.5346
056: Acc-tr:  91.31, Acc-val:  83.05, L-tr: 0.2477, L-val: 0.5357
057: Acc-tr:  91.34, Acc-val:  83.00, L-tr: 0.2461, L-val: 0.5345
058: Acc-tr:  91.41, Acc-val:  82.96, L-tr: 0.2450, L-val: 0.5322
059: Acc-tr:  91.19, Acc-val:  82.77, L-tr: 0.2511, L-val: 0.5397
060: Acc-tr:  91.23, Acc-val:  82.81, L-tr: 0.2498, L-val: 0.5380
061: Acc-tr:  91.32, Acc-val:  82.91, L-tr: 0.2461, L-val: 0.5353
062: Acc-tr:  91.25, Acc-val:  82.83, L-tr: 0.2502, L-val: 0.5385
063: Acc-tr:  91.37, Acc-val:  82.95, L-tr: 0.2463, L-val: 0.5361
064: Acc-tr:  91.36, Acc-val:  82.96, L-tr: 0.2470, L-val: 0.5355
065: Acc-tr:  91.48, Acc-val:  83.10, L-tr: 0.2426, L-val: 0.5318
066: Acc-tr:  91.41, Acc-val:  82.86, L-tr: 0.2457, L-val: 0.5349
067: Acc-tr:  91.30, Acc-val:  82.94, L-tr: 0.2496, L-val: 0.5397
068: Acc-tr:  91.18, Acc-val:  82.98, L-tr: 0.2507, L-val: 0.5387
069: Acc-tr:  91.41, Acc-val:  83.02, L-tr: 0.2441, L-val: 0.5322
070: Acc-tr:  91.34, Acc-val:  82.96, L-tr: 0.2472, L-val: 0.5365
071: Acc-tr:  91.49, Acc-val:  83.12, L-tr: 0.2435, L-val: 0.5312
072: Acc-tr:  91.33, Acc-val:  83.01, L-tr: 0.2475, L-val: 0.5364
073: Acc-tr:  91.25, Acc-val:  82.91, L-tr: 0.2494, L-val: 0.5378
074: Acc-tr:  91.47, Acc-val:  83.19, L-tr: 0.2420, L-val: 0.5309
075: Acc-tr:  91.25, Acc-val:  83.01, L-tr: 0.2487, L-val: 0.5383
076: Acc-tr:  91.15, Acc-val:  82.93, L-tr: 0.2520, L-val: 0.5429
077: Acc-tr:  91.20, Acc-val:  82.87, L-tr: 0.2499, L-val: 0.5399
078: Acc-tr:  91.55, Acc-val:  83.12, L-tr: 0.2411, L-val: 0.5299
079: Acc-tr:  91.29, Acc-val:  82.88, L-tr: 0.2494, L-val: 0.5380
080: Acc-tr:  91.40, Acc-val:  83.15, L-tr: 0.2441, L-val: 0.5329
081: Acc-tr:  91.65, Acc-val:  83.32, L-tr: 0.2395, L-val: 0.5278
082: Acc-tr:  91.32, Acc-val:  82.91, L-tr: 0.2482, L-val: 0.5397
083: Acc-tr:  91.29, Acc-val:  82.82, L-tr: 0.2491, L-val: 0.5380
084: Acc-tr:  91.41, Acc-val:  83.10, L-tr: 0.2457, L-val: 0.5348
085: Acc-tr:  91.58, Acc-val:  83.21, L-tr: 0.2402, L-val: 0.5289
086: Acc-tr:  91.23, Acc-val:  82.97, L-tr: 0.2478, L-val: 0.5363
087: Acc-tr:  91.49, Acc-val:  83.25, L-tr: 0.2428, L-val: 0.5322
088: Acc-tr:  91.44, Acc-val:  83.04, L-tr: 0.2445, L-val: 0.5347
089: Acc-tr:  91.24, Acc-val:  82.98, L-tr: 0.2490, L-val: 0.5376
090: Acc-tr:  91.30, Acc-val:  82.84, L-tr: 0.2462, L-val: 0.5361
091: Acc-tr:  91.17, Acc-val:  83.05, L-tr: 0.2501, L-val: 0.5376
092: Acc-tr:  91.48, Acc-val:  83.02, L-tr: 0.2431, L-val: 0.5335
093: Acc-tr:  91.31, Acc-val:  82.98, L-tr: 0.2484, L-val: 0.5373
094: Acc-tr:  91.22, Acc-val:  82.93, L-tr: 0.2491, L-val: 0.5380
095: Acc-tr:  91.36, Acc-val:  83.15, L-tr: 0.2444, L-val: 0.5329
096: Acc-tr:  91.23, Acc-val:  82.82, L-tr: 0.2508, L-val: 0.5410
097: Acc-tr:  91.11, Acc-val:  82.77, L-tr: 0.2507, L-val: 0.5395
098: Acc-tr:  91.18, Acc-val:  82.88, L-tr: 0.2510, L-val: 0.5388
099: Acc-tr:  91.28, Acc-val:  82.87, L-tr: 0.2471, L-val: 0.5360
100: Acc-tr:  91.28, Acc-val:  82.96, L-tr: 0.2473, L-val: 0.5369
101: Acc-tr:  91.22, Acc-val:  82.78, L-tr: 0.2501, L-val: 0.5388
102: Acc-tr:  91.50, Acc-val:  83.00, L-tr: 0.2427, L-val: 0.5325
103: Acc-tr:  91.22, Acc-val:  82.74, L-tr: 0.2492, L-val: 0.5385
104: Acc-tr:  91.46, Acc-val:  83.04, L-tr: 0.2446, L-val: 0.5342
105: Acc-tr:  91.28, Acc-val:  83.03, L-tr: 0.2465, L-val: 0.5371
106: Acc-tr:  91.41, Acc-val:  83.05, L-tr: 0.2443, L-val: 0.5330
107: Acc-tr:  91.46, Acc-val:  83.20, L-tr: 0.2438, L-val: 0.5326
108: Acc-tr:  91.18, Acc-val:  82.86, L-tr: 0.2508, L-val: 0.5403
109: Acc-tr:  91.38, Acc-val:  83.06, L-tr: 0.2465, L-val: 0.5362
110: Acc-tr:  91.26, Acc-val:  82.81, L-tr: 0.2480, L-val: 0.5366
111: Acc-tr:  91.36, Acc-val:  83.10, L-tr: 0.2462, L-val: 0.5344
112: Acc-tr:  91.30, Acc-val:  82.95, L-tr: 0.2487, L-val: 0.5358
113: Acc-tr:  91.37, Acc-val:  83.02, L-tr: 0.2457, L-val: 0.5349
114: Acc-tr:  91.34, Acc-val:  82.91, L-tr: 0.2461, L-val: 0.5364
115: Acc-tr:  91.56, Acc-val:  83.04, L-tr: 0.2412, L-val: 0.5307
116: Acc-tr:  91.25, Acc-val:  82.90, L-tr: 0.2507, L-val: 0.5384
117: Acc-tr:  91.18, Acc-val:  82.83, L-tr: 0.2498, L-val: 0.5399
118: Acc-tr:  91.30, Acc-val:  82.94, L-tr: 0.2485, L-val: 0.5376
119: Acc-tr:  91.47, Acc-val:  83.00, L-tr: 0.2440, L-val: 0.5337
120: Acc-tr:  91.76, Acc-val:  83.21, L-tr: 0.2371, L-val: 0.5266
121: Acc-tr:  91.36, Acc-val:  82.90, L-tr: 0.2467, L-val: 0.5361
122: Acc-tr:  91.43, Acc-val:  83.12, L-tr: 0.2439, L-val: 0.5352
123: Acc-tr:  91.46, Acc-val:  83.04, L-tr: 0.2440, L-val: 0.5315
124: Acc-tr:  91.29, Acc-val:  83.03, L-tr: 0.2494, L-val: 0.5378
125: Acc-tr:  91.62, Acc-val:  83.13, L-tr: 0.2400, L-val: 0.5280
126: Acc-tr:  91.29, Acc-val:  83.05, L-tr: 0.2474, L-val: 0.5370
127: Acc-tr:  91.39, Acc-val:  83.15, L-tr: 0.2450, L-val: 0.5336
128: Acc-tr:  91.22, Acc-val:  82.79, L-tr: 0.2501, L-val: 0.5399
129: Acc-tr:  91.49, Acc-val:  83.13, L-tr: 0.2432, L-val: 0.5324
130: Acc-tr:  91.42, Acc-val:  83.21, L-tr: 0.2440, L-val: 0.5336
131: Acc-tr:  91.42, Acc-val:  83.21, L-tr: 0.2445, L-val: 0.5333
132: Acc-tr:  91.33, Acc-val:  83.01, L-tr: 0.2482, L-val: 0.5363
133: Acc-tr:  91.42, Acc-val:  82.97, L-tr: 0.2461, L-val: 0.5352
134: Acc-tr:  91.28, Acc-val:  82.86, L-tr: 0.2493, L-val: 0.5380
135: Acc-tr:  91.38, Acc-val:  83.08, L-tr: 0.2444, L-val: 0.5339
136: Acc-tr:  91.48, Acc-val:  83.08, L-tr: 0.2430, L-val: 0.5331
137: Acc-tr:  91.08, Acc-val:  82.89, L-tr: 0.2531, L-val: 0.5418
138: Acc-tr:  91.45, Acc-val:  83.03, L-tr: 0.2454, L-val: 0.5350
139: Acc-tr:  91.07, Acc-val:  82.81, L-tr: 0.2522, L-val: 0.5429
140: Acc-tr:  91.42, Acc-val:  82.95, L-tr: 0.2456, L-val: 0.5333
141: Acc-tr:  91.37, Acc-val:  83.12, L-tr: 0.2450, L-val: 0.5337
142: Acc-tr:  91.48, Acc-val:  83.14, L-tr: 0.2429, L-val: 0.5314
143: Acc-tr:  91.25, Acc-val:  82.99, L-tr: 0.2482, L-val: 0.5378
144: Acc-tr:  91.34, Acc-val:  83.09, L-tr: 0.2468, L-val: 0.5364
145: Acc-tr:  91.35, Acc-val:  83.12, L-tr: 0.2450, L-val: 0.5337
146: Acc-tr:  91.16, Acc-val:  82.74, L-tr: 0.2516, L-val: 0.5416
147: Acc-tr:  91.41, Acc-val:  83.07, L-tr: 0.2438, L-val: 0.5332
148: Acc-tr:  91.28, Acc-val:  82.95, L-tr: 0.2480, L-val: 0.5361
149: Acc-tr:  91.50, Acc-val:  83.25, L-tr: 0.2419, L-val: 0.5322
150: Acc-tr:  90.99, Acc-val:  82.63, L-tr: 0.2552, L-val: 0.5435
151: Acc-tr:  91.49, Acc-val:  83.12, L-tr: 0.2432, L-val: 0.5325
152: Acc-tr:  91.48, Acc-val:  83.07, L-tr: 0.2437, L-val: 0.5324
153: Acc-tr:  91.39, Acc-val:  83.17, L-tr: 0.2452, L-val: 0.5341
154: Acc-tr:  91.63, Acc-val:  83.16, L-tr: 0.2402, L-val: 0.5294
155: Acc-tr:  91.25, Acc-val:  82.76, L-tr: 0.2491, L-val: 0.5373
156: Acc-tr:  91.27, Acc-val:  82.99, L-tr: 0.2482, L-val: 0.5384
157: Acc-tr:  91.34, Acc-val:  83.04, L-tr: 0.2471, L-val: 0.5371
158: Acc-tr:  91.46, Acc-val:  82.94, L-tr: 0.2442, L-val: 0.5348
159: Acc-tr:  91.38, Acc-val:  83.04, L-tr: 0.2461, L-val: 0.5352
160: Acc-tr:  91.35, Acc-val:  83.02, L-tr: 0.2468, L-val: 0.5373
161: Acc-tr:  91.43, Acc-val:  83.09, L-tr: 0.2444, L-val: 0.5337
162: Acc-tr:  91.53, Acc-val:  83.37, L-tr: 0.2411, L-val: 0.5301
163: Acc-tr:  91.30, Acc-val:  82.98, L-tr: 0.2467, L-val: 0.5361
164: Acc-tr:  91.51, Acc-val:  83.09, L-tr: 0.2431, L-val: 0.5322
165: Acc-tr:  91.44, Acc-val:  82.99, L-tr: 0.2447, L-val: 0.5341
166: Acc-tr:  91.27, Acc-val:  82.93, L-tr: 0.2474, L-val: 0.5371
167: Acc-tr:  91.29, Acc-val:  82.97, L-tr: 0.2477, L-val: 0.5359
168: Acc-tr:  91.30, Acc-val:  83.01, L-tr: 0.2468, L-val: 0.5353
169: Acc-tr:  91.37, Acc-val:  83.04, L-tr: 0.2455, L-val: 0.5357
170: Acc-tr:  91.21, Acc-val:  82.91, L-tr: 0.2491, L-val: 0.5388
171: Acc-tr:  91.31, Acc-val:  83.03, L-tr: 0.2486, L-val: 0.5374
172: Acc-tr:  91.33, Acc-val:  82.98, L-tr: 0.2462, L-val: 0.5368
173: Acc-tr:  91.16, Acc-val:  82.84, L-tr: 0.2505, L-val: 0.5404
174: Acc-tr:  91.08, Acc-val:  82.97, L-tr: 0.2529, L-val: 0.5436
175: Acc-tr:  91.38, Acc-val:  83.06, L-tr: 0.2458, L-val: 0.5357
176: Acc-tr:  91.33, Acc-val:  83.07, L-tr: 0.2464, L-val: 0.5347
177: Acc-tr:  91.47, Acc-val:  83.09, L-tr: 0.2460, L-val: 0.5323
178: Acc-tr:  91.27, Acc-val:  82.88, L-tr: 0.2481, L-val: 0.5372
179: Acc-tr:  91.61, Acc-val:  83.09, L-tr: 0.2408, L-val: 0.5283
180: Acc-tr:  91.36, Acc-val:  83.04, L-tr: 0.2468, L-val: 0.5361
181: Acc-tr:  91.13, Acc-val:  82.87, L-tr: 0.2514, L-val: 0.5409
182: Acc-tr:  91.33, Acc-val:  82.86, L-tr: 0.2488, L-val: 0.5383
183: Acc-tr:  91.37, Acc-val:  83.06, L-tr: 0.2462, L-val: 0.5348
184: Acc-tr:  91.16, Acc-val:  82.80, L-tr: 0.2525, L-val: 0.5425
185: Acc-tr:  91.08, Acc-val:  82.71, L-tr: 0.2540, L-val: 0.5438
186: Acc-tr:  91.30, Acc-val:  82.93, L-tr: 0.2476, L-val: 0.5366
187: Acc-tr:  91.30, Acc-val:  82.98, L-tr: 0.2463, L-val: 0.5369
188: Acc-tr:  91.20, Acc-val:  82.90, L-tr: 0.2507, L-val: 0.5412
189: Acc-tr:  91.53, Acc-val:  83.27, L-tr: 0.2411, L-val: 0.5303
190: Acc-tr:  91.25, Acc-val:  82.86, L-tr: 0.2493, L-val: 0.5403
191: Acc-tr:  91.33, Acc-val:  82.97, L-tr: 0.2460, L-val: 0.5365
192: Acc-tr:  91.46, Acc-val:  83.11, L-tr: 0.2442, L-val: 0.5326
193: Acc-tr:  91.42, Acc-val:  83.14, L-tr: 0.2460, L-val: 0.5367
194: Acc-tr:  91.13, Acc-val:  82.77, L-tr: 0.2520, L-val: 0.5410
195: Acc-tr:  91.22, Acc-val:  82.75, L-tr: 0.2500, L-val: 0.5399
196: Acc-tr:  91.30, Acc-val:  83.04, L-tr: 0.2466, L-val: 0.5361
197: Acc-tr:  91.23, Acc-val:  82.88, L-tr: 0.2500, L-val: 0.5377
198: Acc-tr:  91.26, Acc-val:  82.89, L-tr: 0.2482, L-val: 0.5362
199: Acc-tr:  91.15, Acc-val:  82.86, L-tr: 0.2514, L-val: 0.5407
