Number of parameters: 272282
/scratch/cm6627/diffeo_cnn/experiment/009_RandomLabels_WideResNet/./fitting-random-labels/train.py:166: UserWarning: volatile was removed and now has no effect. Use `with torch.no_grad():` instead.
  input_var = torch.autograd.Variable(input, volatile=True)
/scratch/cm6627/diffeo_cnn/experiment/009_RandomLabels_WideResNet/./fitting-random-labels/train.py:167: UserWarning: volatile was removed and now has no effect. Use `with torch.no_grad():` instead.
  target_var = torch.autograd.Variable(target, volatile=True)
000: Acc-tr:  53.09, Acc-val:  51.97, L-tr: 1.2961, L-val: 1.3198
001: Acc-tr:  56.97, Acc-val:  55.52, L-tr: 1.2987, L-val: 1.3377
002: Acc-tr:  57.62, Acc-val:  57.21, L-tr: 1.3795, L-val: 1.4201
003: Acc-tr:  68.41, Acc-val:  66.92, L-tr: 0.9374, L-val: 1.0037
004: Acc-tr:  68.14, Acc-val:  66.59, L-tr: 1.0023, L-val: 1.0894
005: Acc-tr:  72.50, Acc-val:  70.42, L-tr: 0.8762, L-val: 0.9606
006: Acc-tr:  71.92, Acc-val:  70.24, L-tr: 0.8878, L-val: 0.9890
007: Acc-tr:  72.89, Acc-val:  70.51, L-tr: 0.8342, L-val: 0.9626
008: Acc-tr:  75.15, Acc-val:  72.74, L-tr: 0.7315, L-val: 0.8276
009: Acc-tr:  79.16, Acc-val:  75.96, L-tr: 0.6108, L-val: 0.7327
010: Acc-tr:  79.05, Acc-val:  76.23, L-tr: 0.6140, L-val: 0.7172
011: Acc-tr:  76.89, Acc-val:  73.40, L-tr: 0.7340, L-val: 0.8857
012: Acc-tr:  79.69, Acc-val:  76.52, L-tr: 0.6190, L-val: 0.7655
013: Acc-tr:  72.74, Acc-val:  70.04, L-tr: 0.9426, L-val: 1.1138
014: Acc-tr:  82.61, Acc-val:  78.68, L-tr: 0.5220, L-val: 0.6793
015: Acc-tr:  79.91, Acc-val:  75.88, L-tr: 0.5893, L-val: 0.7502
016: Acc-tr:  83.40, Acc-val:  79.30, L-tr: 0.4944, L-val: 0.6629
017: Acc-tr:  83.49, Acc-val:  79.04, L-tr: 0.4822, L-val: 0.6529
018: Acc-tr:  82.80, Acc-val:  78.45, L-tr: 0.5287, L-val: 0.7055
019: Acc-tr:  83.86, Acc-val:  79.83, L-tr: 0.4691, L-val: 0.6346
020: Acc-tr:  87.32, Acc-val:  82.13, L-tr: 0.3734, L-val: 0.5745
021: Acc-tr:  89.39, Acc-val:  83.45, L-tr: 0.3119, L-val: 0.5302
022: Acc-tr:  89.69, Acc-val:  83.81, L-tr: 0.3037, L-val: 0.5369
023: Acc-tr:  90.26, Acc-val:  83.94, L-tr: 0.2886, L-val: 0.5283
024: Acc-tr:  90.34, Acc-val:  83.93, L-tr: 0.2876, L-val: 0.5380
025: Acc-tr:  90.47, Acc-val:  83.76, L-tr: 0.2794, L-val: 0.5411
026: Acc-tr:  90.58, Acc-val:  83.99, L-tr: 0.2769, L-val: 0.5414
027: Acc-tr:  90.55, Acc-val:  83.94, L-tr: 0.2761, L-val: 0.5480
028: Acc-tr:  91.73, Acc-val:  84.68, L-tr: 0.2439, L-val: 0.5219
029: Acc-tr:  91.15, Acc-val:  84.37, L-tr: 0.2605, L-val: 0.5357
030: Acc-tr:  91.25, Acc-val:  84.13, L-tr: 0.2554, L-val: 0.5392
031: Acc-tr:  91.58, Acc-val:  84.28, L-tr: 0.2464, L-val: 0.5477
032: Acc-tr:  91.03, Acc-val:  83.69, L-tr: 0.2648, L-val: 0.5757
033: Acc-tr:  91.03, Acc-val:  83.39, L-tr: 0.2654, L-val: 0.5818
034: Acc-tr:  91.83, Acc-val:  84.27, L-tr: 0.2402, L-val: 0.5521
035: Acc-tr:  91.02, Acc-val:  83.76, L-tr: 0.2653, L-val: 0.5809
036: Acc-tr:  91.48, Acc-val:  83.81, L-tr: 0.2466, L-val: 0.5746
037: Acc-tr:  91.76, Acc-val:  83.86, L-tr: 0.2399, L-val: 0.5709
038: Acc-tr:  90.87, Acc-val:  82.94, L-tr: 0.2659, L-val: 0.5879
039: Acc-tr:  91.58, Acc-val:  83.88, L-tr: 0.2421, L-val: 0.5806
040: Acc-tr:  92.54, Acc-val:  84.38, L-tr: 0.2124, L-val: 0.5511
041: Acc-tr:  92.70, Acc-val:  84.46, L-tr: 0.2087, L-val: 0.5490
042: Acc-tr:  92.52, Acc-val:  84.32, L-tr: 0.2137, L-val: 0.5592
043: Acc-tr:  92.77, Acc-val:  84.74, L-tr: 0.2064, L-val: 0.5501
044: Acc-tr:  92.86, Acc-val:  84.75, L-tr: 0.2030, L-val: 0.5504
045: Acc-tr:  92.83, Acc-val:  84.71, L-tr: 0.2040, L-val: 0.5533
046: Acc-tr:  92.86, Acc-val:  84.57, L-tr: 0.2044, L-val: 0.5541
047: Acc-tr:  93.07, Acc-val:  84.79, L-tr: 0.1985, L-val: 0.5487
048: Acc-tr:  92.68, Acc-val:  84.42, L-tr: 0.2077, L-val: 0.5581
049: Acc-tr:  92.89, Acc-val:  84.52, L-tr: 0.2035, L-val: 0.5539
050: Acc-tr:  93.01, Acc-val:  84.61, L-tr: 0.2006, L-val: 0.5569
051: Acc-tr:  92.99, Acc-val:  84.50, L-tr: 0.2021, L-val: 0.5604
052: Acc-tr:  92.61, Acc-val:  84.35, L-tr: 0.2124, L-val: 0.5705
053: Acc-tr:  92.94, Acc-val:  84.59, L-tr: 0.1999, L-val: 0.5592
054: Acc-tr:  92.85, Acc-val:  84.50, L-tr: 0.2053, L-val: 0.5653
055: Acc-tr:  93.34, Acc-val:  84.68, L-tr: 0.1919, L-val: 0.5495
056: Acc-tr:  92.90, Acc-val:  84.38, L-tr: 0.2043, L-val: 0.5641
057: Acc-tr:  92.99, Acc-val:  84.45, L-tr: 0.2009, L-val: 0.5602
058: Acc-tr:  92.81, Acc-val:  84.42, L-tr: 0.2069, L-val: 0.5684
059: Acc-tr:  92.77, Acc-val:  84.42, L-tr: 0.2065, L-val: 0.5689
060: Acc-tr:  92.74, Acc-val:  84.22, L-tr: 0.2093, L-val: 0.5732
061: Acc-tr:  92.89, Acc-val:  84.31, L-tr: 0.2056, L-val: 0.5718
062: Acc-tr:  93.23, Acc-val:  84.73, L-tr: 0.1944, L-val: 0.5568
063: Acc-tr:  92.83, Acc-val:  84.22, L-tr: 0.2063, L-val: 0.5698
064: Acc-tr:  93.11, Acc-val:  84.60, L-tr: 0.1983, L-val: 0.5622
065: Acc-tr:  93.16, Acc-val:  84.59, L-tr: 0.1971, L-val: 0.5613
066: Acc-tr:  93.01, Acc-val:  84.44, L-tr: 0.2013, L-val: 0.5676
067: Acc-tr:  93.21, Acc-val:  84.62, L-tr: 0.1950, L-val: 0.5587
068: Acc-tr:  93.22, Acc-val:  84.65, L-tr: 0.1939, L-val: 0.5576
069: Acc-tr:  92.80, Acc-val:  84.23, L-tr: 0.2059, L-val: 0.5686
070: Acc-tr:  93.04, Acc-val:  84.46, L-tr: 0.1983, L-val: 0.5622
071: Acc-tr:  93.17, Acc-val:  84.64, L-tr: 0.1968, L-val: 0.5623
072: Acc-tr:  93.15, Acc-val:  84.63, L-tr: 0.1967, L-val: 0.5614
073: Acc-tr:  93.10, Acc-val:  84.55, L-tr: 0.1987, L-val: 0.5629
074: Acc-tr:  93.15, Acc-val:  84.68, L-tr: 0.1953, L-val: 0.5593
075: Acc-tr:  92.91, Acc-val:  84.32, L-tr: 0.2038, L-val: 0.5678
076: Acc-tr:  92.84, Acc-val:  84.27, L-tr: 0.2053, L-val: 0.5704
077: Acc-tr:  93.19, Acc-val:  84.50, L-tr: 0.1942, L-val: 0.5581
078: Acc-tr:  93.18, Acc-val:  84.76, L-tr: 0.1954, L-val: 0.5584
079: Acc-tr:  93.10, Acc-val:  84.53, L-tr: 0.1989, L-val: 0.5624
080: Acc-tr:  92.92, Acc-val:  84.46, L-tr: 0.2033, L-val: 0.5649
081: Acc-tr:  92.82, Acc-val:  84.30, L-tr: 0.2050, L-val: 0.5685
082: Acc-tr:  92.87, Acc-val:  84.35, L-tr: 0.2056, L-val: 0.5689
083: Acc-tr:  92.89, Acc-val:  84.37, L-tr: 0.2039, L-val: 0.5668
084: Acc-tr:  93.03, Acc-val:  84.53, L-tr: 0.2001, L-val: 0.5646
085: Acc-tr:  93.11, Acc-val:  84.60, L-tr: 0.1976, L-val: 0.5599
086: Acc-tr:  92.73, Acc-val:  84.22, L-tr: 0.2093, L-val: 0.5740
087: Acc-tr:  93.05, Acc-val:  84.57, L-tr: 0.1994, L-val: 0.5649
088: Acc-tr:  93.07, Acc-val:  84.56, L-tr: 0.1988, L-val: 0.5612
089: Acc-tr:  93.00, Acc-val:  84.58, L-tr: 0.2000, L-val: 0.5640
090: Acc-tr:  92.99, Acc-val:  84.48, L-tr: 0.2006, L-val: 0.5623
091: Acc-tr:  93.06, Acc-val:  84.56, L-tr: 0.1991, L-val: 0.5619
092: Acc-tr:  93.22, Acc-val:  84.72, L-tr: 0.1933, L-val: 0.5553
093: Acc-tr:  92.86, Acc-val:  84.38, L-tr: 0.2055, L-val: 0.5683
094: Acc-tr:  92.90, Acc-val:  84.33, L-tr: 0.2036, L-val: 0.5699
095: Acc-tr:  93.23, Acc-val:  84.63, L-tr: 0.1938, L-val: 0.5573
096: Acc-tr:  93.25, Acc-val:  84.74, L-tr: 0.1949, L-val: 0.5625
097: Acc-tr:  92.88, Acc-val:  84.42, L-tr: 0.2049, L-val: 0.5690
098: Acc-tr:  93.23, Acc-val:  84.72, L-tr: 0.1940, L-val: 0.5576
099: Acc-tr:  93.22, Acc-val:  84.68, L-tr: 0.1958, L-val: 0.5571
