Number of parameters: 272282
/scratch/cm6627/diffeo_cnn/experiment/009_RandomLabels_WideResNet/./fitting-random-labels/train.py:166: UserWarning: volatile was removed and now has no effect. Use `with torch.no_grad():` instead.
  input_var = torch.autograd.Variable(input, volatile=True)
/scratch/cm6627/diffeo_cnn/experiment/009_RandomLabels_WideResNet/./fitting-random-labels/train.py:167: UserWarning: volatile was removed and now has no effect. Use `with torch.no_grad():` instead.
  target_var = torch.autograd.Variable(target, volatile=True)
000: Acc-tr:  36.76, Acc-val:  37.06, L-tr: 1.9315, L-val: 1.9255
001: Acc-tr:  50.34, Acc-val:  49.44, L-tr: 1.4320, L-val: 1.4524
002: Acc-tr:  60.87, Acc-val:  59.72, L-tr: 1.1641, L-val: 1.2069
003: Acc-tr:  60.06, Acc-val:  58.98, L-tr: 1.2227, L-val: 1.2859
004: Acc-tr:  64.48, Acc-val:  63.15, L-tr: 1.1322, L-val: 1.2089
005: Acc-tr:  69.06, Acc-val:  67.33, L-tr: 0.9497, L-val: 1.0239
006: Acc-tr:  69.06, Acc-val:  66.69, L-tr: 0.9689, L-val: 1.0618
007: Acc-tr:  72.01, Acc-val:  69.54, L-tr: 0.8641, L-val: 0.9709
008: Acc-tr:  75.06, Acc-val:  72.24, L-tr: 0.7708, L-val: 0.8894
009: Acc-tr:  75.20, Acc-val:  72.11, L-tr: 0.7645, L-val: 0.8801
010: Acc-tr:  79.15, Acc-val:  76.57, L-tr: 0.6391, L-val: 0.7555
011: Acc-tr:  79.68, Acc-val:  76.86, L-tr: 0.6017, L-val: 0.7110
012: Acc-tr:  77.40, Acc-val:  74.48, L-tr: 0.7415, L-val: 0.8707
013: Acc-tr:  77.36, Acc-val:  74.35, L-tr: 0.7037, L-val: 0.8442
014: Acc-tr:  81.57, Acc-val:  78.52, L-tr: 0.5502, L-val: 0.6879
015: Acc-tr:  80.71, Acc-val:  77.13, L-tr: 0.5746, L-val: 0.7259
016: Acc-tr:  80.08, Acc-val:  77.01, L-tr: 0.5953, L-val: 0.7538
017: Acc-tr:  80.34, Acc-val:  77.20, L-tr: 0.6062, L-val: 0.7692
018: Acc-tr:  82.75, Acc-val:  78.64, L-tr: 0.5296, L-val: 0.7139
019: Acc-tr:  81.30, Acc-val:  78.09, L-tr: 0.5873, L-val: 0.7502
020: Acc-tr:  87.79, Acc-val:  82.89, L-tr: 0.3512, L-val: 0.5391
021: Acc-tr:  87.78, Acc-val:  83.08, L-tr: 0.3588, L-val: 0.5674
022: Acc-tr:  88.31, Acc-val:  82.90, L-tr: 0.3442, L-val: 0.5629
023: Acc-tr:  88.76, Acc-val:  83.43, L-tr: 0.3343, L-val: 0.5643
024: Acc-tr:  89.13, Acc-val:  83.66, L-tr: 0.3249, L-val: 0.5612
025: Acc-tr:  88.96, Acc-val:  83.46, L-tr: 0.3331, L-val: 0.5776
026: Acc-tr:  89.13, Acc-val:  83.56, L-tr: 0.3187, L-val: 0.5675
027: Acc-tr:  89.15, Acc-val:  83.25, L-tr: 0.3221, L-val: 0.5745
028: Acc-tr:  89.13, Acc-val:  83.19, L-tr: 0.3229, L-val: 0.5862
029: Acc-tr:  89.97, Acc-val:  83.65, L-tr: 0.2957, L-val: 0.5626
030: Acc-tr:  89.41, Acc-val:  83.21, L-tr: 0.3099, L-val: 0.5825
031: Acc-tr:  89.92, Acc-val:  83.67, L-tr: 0.2950, L-val: 0.5732
032: Acc-tr:  90.66, Acc-val:  84.24, L-tr: 0.2732, L-val: 0.5509
033: Acc-tr:  89.42, Acc-val:  82.95, L-tr: 0.3091, L-val: 0.5909
034: Acc-tr:  90.33, Acc-val:  83.67, L-tr: 0.2855, L-val: 0.5788
035: Acc-tr:  90.13, Acc-val:  83.40, L-tr: 0.2942, L-val: 0.6009
036: Acc-tr:  90.58, Acc-val:  83.65, L-tr: 0.2802, L-val: 0.5883
037: Acc-tr:  90.40, Acc-val:  83.47, L-tr: 0.2812, L-val: 0.5861
038: Acc-tr:  91.04, Acc-val:  83.96, L-tr: 0.2645, L-val: 0.5787
039: Acc-tr:  90.50, Acc-val:  83.72, L-tr: 0.2800, L-val: 0.5956
040: Acc-tr:  90.95, Acc-val:  83.85, L-tr: 0.2677, L-val: 0.5892
041: Acc-tr:  90.79, Acc-val:  83.84, L-tr: 0.2729, L-val: 0.5963
042: Acc-tr:  90.88, Acc-val:  83.74, L-tr: 0.2696, L-val: 0.5960
043: Acc-tr:  91.06, Acc-val:  83.91, L-tr: 0.2633, L-val: 0.5914
044: Acc-tr:  91.23, Acc-val:  83.97, L-tr: 0.2569, L-val: 0.5826
045: Acc-tr:  91.32, Acc-val:  84.15, L-tr: 0.2535, L-val: 0.5799
046: Acc-tr:  91.60, Acc-val:  84.27, L-tr: 0.2463, L-val: 0.5710
047: Acc-tr:  91.23, Acc-val:  84.09, L-tr: 0.2569, L-val: 0.5849
048: Acc-tr:  91.36, Acc-val:  84.02, L-tr: 0.2534, L-val: 0.5823
049: Acc-tr:  91.39, Acc-val:  84.20, L-tr: 0.2525, L-val: 0.5813
050: Acc-tr:  91.38, Acc-val:  84.11, L-tr: 0.2530, L-val: 0.5810
051: Acc-tr:  91.23, Acc-val:  83.95, L-tr: 0.2569, L-val: 0.5910
052: Acc-tr:  91.30, Acc-val:  84.01, L-tr: 0.2550, L-val: 0.5877
053: Acc-tr:  91.48, Acc-val:  84.12, L-tr: 0.2503, L-val: 0.5814
054: Acc-tr:  91.30, Acc-val:  83.93, L-tr: 0.2561, L-val: 0.5917
055: Acc-tr:  91.50, Acc-val:  84.08, L-tr: 0.2509, L-val: 0.5870
056: Acc-tr:  91.64, Acc-val:  84.22, L-tr: 0.2456, L-val: 0.5804
057: Acc-tr:  91.18, Acc-val:  83.98, L-tr: 0.2610, L-val: 0.5997
058: Acc-tr:  91.50, Acc-val:  84.16, L-tr: 0.2492, L-val: 0.5855
059: Acc-tr:  91.49, Acc-val:  84.11, L-tr: 0.2499, L-val: 0.5918
060: Acc-tr:  91.70, Acc-val:  84.14, L-tr: 0.2434, L-val: 0.5831
061: Acc-tr:  91.64, Acc-val:  84.23, L-tr: 0.2445, L-val: 0.5851
062: Acc-tr:  91.52, Acc-val:  84.20, L-tr: 0.2508, L-val: 0.5918
063: Acc-tr:  91.57, Acc-val:  84.14, L-tr: 0.2484, L-val: 0.5894
064: Acc-tr:  91.52, Acc-val:  84.15, L-tr: 0.2502, L-val: 0.5910
065: Acc-tr:  91.58, Acc-val:  84.20, L-tr: 0.2479, L-val: 0.5874
066: Acc-tr:  91.40, Acc-val:  84.02, L-tr: 0.2539, L-val: 0.5963
067: Acc-tr:  91.44, Acc-val:  84.06, L-tr: 0.2535, L-val: 0.5935
068: Acc-tr:  91.45, Acc-val:  84.07, L-tr: 0.2520, L-val: 0.5935
069: Acc-tr:  91.63, Acc-val:  84.16, L-tr: 0.2451, L-val: 0.5854
070: Acc-tr:  91.63, Acc-val:  84.25, L-tr: 0.2463, L-val: 0.5893
071: Acc-tr:  91.50, Acc-val:  84.05, L-tr: 0.2503, L-val: 0.5920
072: Acc-tr:  91.62, Acc-val:  83.99, L-tr: 0.2464, L-val: 0.5870
073: Acc-tr:  91.66, Acc-val:  84.16, L-tr: 0.2454, L-val: 0.5837
074: Acc-tr:  91.63, Acc-val:  84.10, L-tr: 0.2472, L-val: 0.5891
075: Acc-tr:  91.69, Acc-val:  84.11, L-tr: 0.2442, L-val: 0.5849
076: Acc-tr:  91.75, Acc-val:  84.23, L-tr: 0.2419, L-val: 0.5823
077: Acc-tr:  91.51, Acc-val:  84.02, L-tr: 0.2505, L-val: 0.5937
078: Acc-tr:  91.62, Acc-val:  84.20, L-tr: 0.2460, L-val: 0.5848
079: Acc-tr:  91.68, Acc-val:  84.12, L-tr: 0.2449, L-val: 0.5853
080: Acc-tr:  91.70, Acc-val:  84.25, L-tr: 0.2439, L-val: 0.5852
081: Acc-tr:  91.59, Acc-val:  84.11, L-tr: 0.2477, L-val: 0.5884
082: Acc-tr:  91.71, Acc-val:  84.14, L-tr: 0.2444, L-val: 0.5852
083: Acc-tr:  91.46, Acc-val:  84.11, L-tr: 0.2524, L-val: 0.5927
084: Acc-tr:  91.64, Acc-val:  84.03, L-tr: 0.2446, L-val: 0.5868
085: Acc-tr:  91.50, Acc-val:  84.02, L-tr: 0.2509, L-val: 0.5943
086: Acc-tr:  91.54, Acc-val:  84.13, L-tr: 0.2500, L-val: 0.5922
087: Acc-tr:  91.53, Acc-val:  84.09, L-tr: 0.2497, L-val: 0.5921
088: Acc-tr:  91.69, Acc-val:  84.10, L-tr: 0.2440, L-val: 0.5838
089: Acc-tr:  91.58, Acc-val:  84.12, L-tr: 0.2466, L-val: 0.5869
090: Acc-tr:  91.72, Acc-val:  84.13, L-tr: 0.2437, L-val: 0.5844
091: Acc-tr:  91.53, Acc-val:  84.07, L-tr: 0.2495, L-val: 0.5900
092: Acc-tr:  91.54, Acc-val:  84.12, L-tr: 0.2489, L-val: 0.5903
093: Acc-tr:  91.62, Acc-val:  84.14, L-tr: 0.2465, L-val: 0.5888
094: Acc-tr:  91.50, Acc-val:  84.11, L-tr: 0.2512, L-val: 0.5932
095: Acc-tr:  91.69, Acc-val:  84.10, L-tr: 0.2448, L-val: 0.5832
096: Acc-tr:  91.60, Acc-val:  84.16, L-tr: 0.2460, L-val: 0.5856
097: Acc-tr:  91.64, Acc-val:  84.14, L-tr: 0.2448, L-val: 0.5860
098: Acc-tr:  91.49, Acc-val:  83.98, L-tr: 0.2513, L-val: 0.5934
099: Acc-tr:  91.69, Acc-val:  84.19, L-tr: 0.2443, L-val: 0.5862
