Number of parameters: 77850
/scratch/cm6627/diffeo_cnn/experiment/009_RandomLabels_WideResNet/./fitting-random-labels/train.py:166: UserWarning: volatile was removed and now has no effect. Use `with torch.no_grad():` instead.
  input_var = torch.autograd.Variable(input, volatile=True)
/scratch/cm6627/diffeo_cnn/experiment/009_RandomLabels_WideResNet/./fitting-random-labels/train.py:167: UserWarning: volatile was removed and now has no effect. Use `with torch.no_grad():` instead.
  target_var = torch.autograd.Variable(target, volatile=True)
000: Acc-tr:  54.85, Acc-val:  54.28, L-tr: 1.2519, L-val: 1.2641
001: Acc-tr:  64.58, Acc-val:  63.56, L-tr: 0.9977, L-val: 1.0369
002: Acc-tr:  71.45, Acc-val:  69.09, L-tr: 0.8087, L-val: 0.8738
003: Acc-tr:  74.84, Acc-val:  72.41, L-tr: 0.7327, L-val: 0.8037
004: Acc-tr:  72.81, Acc-val:  70.11, L-tr: 0.7739, L-val: 0.8537
005: Acc-tr:  78.73, Acc-val:  75.25, L-tr: 0.6203, L-val: 0.7355
006: Acc-tr:  74.18, Acc-val:  71.08, L-tr: 0.7502, L-val: 0.8697
007: Acc-tr:  79.76, Acc-val:  75.53, L-tr: 0.5718, L-val: 0.7307
008: Acc-tr:  82.93, Acc-val:  77.01, L-tr: 0.4943, L-val: 0.6732
009: Acc-tr:  84.21, Acc-val:  77.67, L-tr: 0.4600, L-val: 0.6436
010: Acc-tr:  82.23, Acc-val:  75.46, L-tr: 0.4934, L-val: 0.7215
011: Acc-tr:  81.54, Acc-val:  75.24, L-tr: 0.5465, L-val: 0.7859
012: Acc-tr:  83.02, Acc-val:  75.40, L-tr: 0.4937, L-val: 0.7541
013: Acc-tr:  87.80, Acc-val:  79.17, L-tr: 0.3568, L-val: 0.6183
014: Acc-tr:  86.99, Acc-val:  78.01, L-tr: 0.3707, L-val: 0.6659
015: Acc-tr:  80.02, Acc-val:  72.75, L-tr: 0.5542, L-val: 0.8634
016: Acc-tr:  87.61, Acc-val:  78.50, L-tr: 0.3553, L-val: 0.6625
017: Acc-tr:  84.34, Acc-val:  75.93, L-tr: 0.4283, L-val: 0.7335
018: Acc-tr:  84.86, Acc-val:  76.03, L-tr: 0.4318, L-val: 0.7839
019: Acc-tr:  82.79, Acc-val:  73.81, L-tr: 0.4806, L-val: 0.8535
020: Acc-tr:  95.89, Acc-val:  81.56, L-tr: 0.1564, L-val: 0.5471
021: Acc-tr:  96.59, Acc-val:  81.80, L-tr: 0.1379, L-val: 0.5522
022: Acc-tr:  97.04, Acc-val:  81.80, L-tr: 0.1263, L-val: 0.5584
023: Acc-tr:  97.32, Acc-val:  81.54, L-tr: 0.1175, L-val: 0.5682
024: Acc-tr:  97.50, Acc-val:  81.69, L-tr: 0.1110, L-val: 0.5744
025: Acc-tr:  97.89, Acc-val:  81.69, L-tr: 0.1023, L-val: 0.5797
026: Acc-tr:  98.00, Acc-val:  81.28, L-tr: 0.0981, L-val: 0.5929
027: Acc-tr:  98.24, Acc-val:  81.49, L-tr: 0.0916, L-val: 0.6010
028: Acc-tr:  98.37, Acc-val:  81.30, L-tr: 0.0870, L-val: 0.6087
029: Acc-tr:  98.50, Acc-val:  81.24, L-tr: 0.0844, L-val: 0.6168
030: Acc-tr:  98.68, Acc-val:  81.29, L-tr: 0.0789, L-val: 0.6232
031: Acc-tr:  98.61, Acc-val:  81.29, L-tr: 0.0785, L-val: 0.6354
032: Acc-tr:  98.85, Acc-val:  81.18, L-tr: 0.0727, L-val: 0.6368
033: Acc-tr:  98.89, Acc-val:  81.18, L-tr: 0.0706, L-val: 0.6446
034: Acc-tr:  99.07, Acc-val:  81.16, L-tr: 0.0656, L-val: 0.6517
035: Acc-tr:  99.15, Acc-val:  80.74, L-tr: 0.0624, L-val: 0.6640
036: Acc-tr:  99.22, Acc-val:  80.87, L-tr: 0.0605, L-val: 0.6653
037: Acc-tr:  99.19, Acc-val:  80.92, L-tr: 0.0597, L-val: 0.6784
038: Acc-tr:  99.42, Acc-val:  80.97, L-tr: 0.0539, L-val: 0.6789
039: Acc-tr:  99.48, Acc-val:  80.88, L-tr: 0.0537, L-val: 0.6880
040: Acc-tr:  99.58, Acc-val:  81.05, L-tr: 0.0485, L-val: 0.6842
041: Acc-tr:  99.61, Acc-val:  81.08, L-tr: 0.0470, L-val: 0.6904
042: Acc-tr:  99.60, Acc-val:  80.90, L-tr: 0.0468, L-val: 0.6861
043: Acc-tr:  99.63, Acc-val:  81.11, L-tr: 0.0466, L-val: 0.6861
044: Acc-tr:  99.63, Acc-val:  80.79, L-tr: 0.0463, L-val: 0.6924
045: Acc-tr:  99.62, Acc-val:  80.85, L-tr: 0.0458, L-val: 0.6910
046: Acc-tr:  99.64, Acc-val:  80.76, L-tr: 0.0452, L-val: 0.6936
047: Acc-tr:  99.65, Acc-val:  80.85, L-tr: 0.0461, L-val: 0.6877
048: Acc-tr:  99.64, Acc-val:  80.87, L-tr: 0.0449, L-val: 0.6914
049: Acc-tr:  99.64, Acc-val:  80.85, L-tr: 0.0446, L-val: 0.6923
050: Acc-tr:  99.64, Acc-val:  81.01, L-tr: 0.0443, L-val: 0.6941
051: Acc-tr:  99.65, Acc-val:  80.76, L-tr: 0.0448, L-val: 0.6936
052: Acc-tr:  99.69, Acc-val:  80.96, L-tr: 0.0444, L-val: 0.6951
053: Acc-tr:  99.68, Acc-val:  80.78, L-tr: 0.0435, L-val: 0.6983
054: Acc-tr:  99.66, Acc-val:  80.85, L-tr: 0.0440, L-val: 0.6985
055: Acc-tr:  99.68, Acc-val:  80.76, L-tr: 0.0428, L-val: 0.7035
056: Acc-tr:  99.69, Acc-val:  80.72, L-tr: 0.0429, L-val: 0.7031
057: Acc-tr:  99.68, Acc-val:  80.82, L-tr: 0.0428, L-val: 0.7051
058: Acc-tr:  99.70, Acc-val:  81.00, L-tr: 0.0425, L-val: 0.6997
059: Acc-tr:  99.69, Acc-val:  80.81, L-tr: 0.0427, L-val: 0.6982
060: Acc-tr:  99.72, Acc-val:  80.76, L-tr: 0.0422, L-val: 0.7026
061: Acc-tr:  99.66, Acc-val:  80.94, L-tr: 0.0437, L-val: 0.6978
062: Acc-tr:  99.69, Acc-val:  80.73, L-tr: 0.0419, L-val: 0.7041
063: Acc-tr:  99.69, Acc-val:  80.87, L-tr: 0.0419, L-val: 0.7036
064: Acc-tr:  99.69, Acc-val:  80.94, L-tr: 0.0426, L-val: 0.7001
065: Acc-tr:  99.69, Acc-val:  80.86, L-tr: 0.0422, L-val: 0.7031
066: Acc-tr:  99.69, Acc-val:  80.78, L-tr: 0.0420, L-val: 0.7085
067: Acc-tr:  99.69, Acc-val:  80.65, L-tr: 0.0421, L-val: 0.7027
068: Acc-tr:  99.70, Acc-val:  80.90, L-tr: 0.0422, L-val: 0.7037
069: Acc-tr:  99.69, Acc-val:  80.91, L-tr: 0.0424, L-val: 0.7010
070: Acc-tr:  99.70, Acc-val:  80.88, L-tr: 0.0420, L-val: 0.7016
071: Acc-tr:  99.70, Acc-val:  80.63, L-tr: 0.0417, L-val: 0.7072
072: Acc-tr:  99.69, Acc-val:  80.76, L-tr: 0.0422, L-val: 0.7033
073: Acc-tr:  99.70, Acc-val:  80.84, L-tr: 0.0421, L-val: 0.7021
074: Acc-tr:  99.70, Acc-val:  80.74, L-tr: 0.0423, L-val: 0.7012
075: Acc-tr:  99.70, Acc-val:  80.86, L-tr: 0.0418, L-val: 0.7038
076: Acc-tr:  99.70, Acc-val:  80.81, L-tr: 0.0424, L-val: 0.7012
077: Acc-tr:  99.71, Acc-val:  80.79, L-tr: 0.0425, L-val: 0.7016
078: Acc-tr:  99.71, Acc-val:  80.90, L-tr: 0.0426, L-val: 0.6986
079: Acc-tr:  99.67, Acc-val:  80.93, L-tr: 0.0432, L-val: 0.6983
080: Acc-tr:  99.70, Acc-val:  80.87, L-tr: 0.0424, L-val: 0.7025
081: Acc-tr:  99.70, Acc-val:  80.95, L-tr: 0.0422, L-val: 0.6997
082: Acc-tr:  99.70, Acc-val:  80.95, L-tr: 0.0421, L-val: 0.7010
083: Acc-tr:  99.70, Acc-val:  80.78, L-tr: 0.0421, L-val: 0.7012
084: Acc-tr:  99.71, Acc-val:  80.69, L-tr: 0.0420, L-val: 0.7063
085: Acc-tr:  99.70, Acc-val:  80.68, L-tr: 0.0419, L-val: 0.7048
086: Acc-tr:  99.71, Acc-val:  80.96, L-tr: 0.0425, L-val: 0.7024
087: Acc-tr:  99.70, Acc-val:  80.91, L-tr: 0.0423, L-val: 0.6992
088: Acc-tr:  99.71, Acc-val:  80.76, L-tr: 0.0418, L-val: 0.7061
089: Acc-tr:  99.70, Acc-val:  80.89, L-tr: 0.0427, L-val: 0.7021
090: Acc-tr:  99.72, Acc-val:  80.87, L-tr: 0.0419, L-val: 0.7020
091: Acc-tr:  99.70, Acc-val:  80.81, L-tr: 0.0417, L-val: 0.7040
092: Acc-tr:  99.70, Acc-val:  80.91, L-tr: 0.0420, L-val: 0.7048
093: Acc-tr:  99.69, Acc-val:  80.84, L-tr: 0.0427, L-val: 0.7025
094: Acc-tr:  99.70, Acc-val:  80.81, L-tr: 0.0413, L-val: 0.7054
095: Acc-tr:  99.71, Acc-val:  80.75, L-tr: 0.0418, L-val: 0.7056
096: Acc-tr:  99.70, Acc-val:  80.84, L-tr: 0.0422, L-val: 0.7056
097: Acc-tr:  99.69, Acc-val:  80.87, L-tr: 0.0423, L-val: 0.7031
098: Acc-tr:  99.70, Acc-val:  80.83, L-tr: 0.0421, L-val: 0.7004
099: Acc-tr:  99.70, Acc-val:  80.82, L-tr: 0.0419, L-val: 0.7052
