Number of parameters: 77850
/scratch/cm6627/diffeo_cnn/experiment/009_RandomLabels_WideResNet/./fitting-random-labels/train.py:166: UserWarning: volatile was removed and now has no effect. Use `with torch.no_grad():` instead.
  input_var = torch.autograd.Variable(input, volatile=True)
/scratch/cm6627/diffeo_cnn/experiment/009_RandomLabels_WideResNet/./fitting-random-labels/train.py:167: UserWarning: volatile was removed and now has no effect. Use `with torch.no_grad():` instead.
  target_var = torch.autograd.Variable(target, volatile=True)
000: Acc-tr:  52.41, Acc-val:  51.97, L-tr: 1.3309, L-val: 1.3414
001: Acc-tr:  63.99, Acc-val:  62.72, L-tr: 1.0097, L-val: 1.0467
002: Acc-tr:  69.08, Acc-val:  67.05, L-tr: 0.8703, L-val: 0.9184
003: Acc-tr:  70.96, Acc-val:  69.06, L-tr: 0.8309, L-val: 0.8967
004: Acc-tr:  69.59, Acc-val:  67.53, L-tr: 0.8783, L-val: 0.9601
005: Acc-tr:  78.15, Acc-val:  75.55, L-tr: 0.6266, L-val: 0.7108
006: Acc-tr:  75.10, Acc-val:  72.49, L-tr: 0.7005, L-val: 0.7955
007: Acc-tr:  75.78, Acc-val:  72.51, L-tr: 0.6961, L-val: 0.8182
008: Acc-tr:  79.49, Acc-val:  75.58, L-tr: 0.5891, L-val: 0.7324
009: Acc-tr:  79.61, Acc-val:  75.81, L-tr: 0.5788, L-val: 0.7126
010: Acc-tr:  78.12, Acc-val:  74.11, L-tr: 0.6220, L-val: 0.7738
011: Acc-tr:  76.91, Acc-val:  73.37, L-tr: 0.6891, L-val: 0.8526
012: Acc-tr:  83.10, Acc-val:  77.80, L-tr: 0.4845, L-val: 0.6550
013: Acc-tr:  79.41, Acc-val:  74.49, L-tr: 0.5889, L-val: 0.7713
014: Acc-tr:  85.60, Acc-val:  79.75, L-tr: 0.4211, L-val: 0.6112
015: Acc-tr:  83.84, Acc-val:  78.23, L-tr: 0.4627, L-val: 0.6633
016: Acc-tr:  84.39, Acc-val:  78.38, L-tr: 0.4387, L-val: 0.6473
017: Acc-tr:  84.09, Acc-val:  77.55, L-tr: 0.4474, L-val: 0.6803
018: Acc-tr:  81.85, Acc-val:  76.44, L-tr: 0.5175, L-val: 0.7438
019: Acc-tr:  83.83, Acc-val:  77.39, L-tr: 0.4530, L-val: 0.6889
020: Acc-tr:  91.70, Acc-val:  83.01, L-tr: 0.2537, L-val: 0.5029
021: Acc-tr:  92.16, Acc-val:  83.14, L-tr: 0.2394, L-val: 0.5010
022: Acc-tr:  92.49, Acc-val:  82.92, L-tr: 0.2313, L-val: 0.5100
023: Acc-tr:  92.88, Acc-val:  83.18, L-tr: 0.2200, L-val: 0.5054
024: Acc-tr:  93.08, Acc-val:  83.01, L-tr: 0.2134, L-val: 0.5087
025: Acc-tr:  93.45, Acc-val:  83.13, L-tr: 0.2055, L-val: 0.5082
026: Acc-tr:  93.43, Acc-val:  82.91, L-tr: 0.2043, L-val: 0.5131
027: Acc-tr:  93.64, Acc-val:  82.93, L-tr: 0.1990, L-val: 0.5130
028: Acc-tr:  93.97, Acc-val:  83.01, L-tr: 0.1918, L-val: 0.5109
029: Acc-tr:  93.95, Acc-val:  83.15, L-tr: 0.1896, L-val: 0.5188
030: Acc-tr:  94.04, Acc-val:  83.04, L-tr: 0.1863, L-val: 0.5248
031: Acc-tr:  94.33, Acc-val:  83.03, L-tr: 0.1808, L-val: 0.5228
032: Acc-tr:  94.79, Acc-val:  83.24, L-tr: 0.1702, L-val: 0.5155
033: Acc-tr:  94.63, Acc-val:  83.24, L-tr: 0.1729, L-val: 0.5226
034: Acc-tr:  94.61, Acc-val:  82.86, L-tr: 0.1712, L-val: 0.5353
035: Acc-tr:  94.71, Acc-val:  82.90, L-tr: 0.1699, L-val: 0.5339
036: Acc-tr:  94.75, Acc-val:  82.83, L-tr: 0.1665, L-val: 0.5413
037: Acc-tr:  95.08, Acc-val:  82.88, L-tr: 0.1579, L-val: 0.5327
038: Acc-tr:  95.03, Acc-val:  82.71, L-tr: 0.1589, L-val: 0.5437
039: Acc-tr:  95.13, Acc-val:  82.75, L-tr: 0.1584, L-val: 0.5397
040: Acc-tr:  95.71, Acc-val:  83.15, L-tr: 0.1442, L-val: 0.5281
041: Acc-tr:  95.94, Acc-val:  83.36, L-tr: 0.1407, L-val: 0.5230
042: Acc-tr:  95.78, Acc-val:  83.13, L-tr: 0.1431, L-val: 0.5272
043: Acc-tr:  95.96, Acc-val:  83.38, L-tr: 0.1411, L-val: 0.5246
044: Acc-tr:  96.05, Acc-val:  83.45, L-tr: 0.1382, L-val: 0.5226
045: Acc-tr:  96.02, Acc-val:  83.39, L-tr: 0.1392, L-val: 0.5223
046: Acc-tr:  96.04, Acc-val:  83.42, L-tr: 0.1383, L-val: 0.5227
047: Acc-tr:  96.01, Acc-val:  83.42, L-tr: 0.1394, L-val: 0.5260
048: Acc-tr:  96.03, Acc-val:  83.32, L-tr: 0.1386, L-val: 0.5263
049: Acc-tr:  96.01, Acc-val:  83.23, L-tr: 0.1379, L-val: 0.5267
050: Acc-tr:  96.07, Acc-val:  83.42, L-tr: 0.1374, L-val: 0.5258
051: Acc-tr:  96.12, Acc-val:  83.47, L-tr: 0.1367, L-val: 0.5259
052: Acc-tr:  96.16, Acc-val:  83.39, L-tr: 0.1366, L-val: 0.5283
053: Acc-tr:  96.15, Acc-val:  83.35, L-tr: 0.1350, L-val: 0.5274
054: Acc-tr:  96.02, Acc-val:  83.14, L-tr: 0.1369, L-val: 0.5301
055: Acc-tr:  96.16, Acc-val:  83.34, L-tr: 0.1348, L-val: 0.5284
056: Acc-tr:  96.15, Acc-val:  83.25, L-tr: 0.1351, L-val: 0.5290
057: Acc-tr:  96.15, Acc-val:  83.31, L-tr: 0.1350, L-val: 0.5296
058: Acc-tr:  96.18, Acc-val:  83.28, L-tr: 0.1353, L-val: 0.5314
059: Acc-tr:  96.17, Acc-val:  83.37, L-tr: 0.1359, L-val: 0.5279
060: Acc-tr:  96.25, Acc-val:  83.36, L-tr: 0.1338, L-val: 0.5287
061: Acc-tr:  96.24, Acc-val:  83.51, L-tr: 0.1332, L-val: 0.5274
062: Acc-tr:  96.29, Acc-val:  83.32, L-tr: 0.1326, L-val: 0.5293
063: Acc-tr:  96.15, Acc-val:  83.27, L-tr: 0.1358, L-val: 0.5300
064: Acc-tr:  96.28, Acc-val:  83.43, L-tr: 0.1327, L-val: 0.5275
065: Acc-tr:  96.19, Acc-val:  83.36, L-tr: 0.1337, L-val: 0.5300
066: Acc-tr:  96.19, Acc-val:  83.36, L-tr: 0.1346, L-val: 0.5299
067: Acc-tr:  96.28, Acc-val:  83.41, L-tr: 0.1327, L-val: 0.5286
068: Acc-tr:  96.20, Acc-val:  83.28, L-tr: 0.1337, L-val: 0.5306
069: Acc-tr:  96.24, Acc-val:  83.46, L-tr: 0.1331, L-val: 0.5288
070: Acc-tr:  96.18, Acc-val:  83.36, L-tr: 0.1347, L-val: 0.5324
071: Acc-tr:  96.28, Acc-val:  83.41, L-tr: 0.1316, L-val: 0.5285
072: Acc-tr:  96.34, Acc-val:  83.53, L-tr: 0.1312, L-val: 0.5278
073: Acc-tr:  96.24, Acc-val:  83.32, L-tr: 0.1333, L-val: 0.5313
074: Acc-tr:  96.25, Acc-val:  83.33, L-tr: 0.1334, L-val: 0.5307
075: Acc-tr:  96.20, Acc-val:  83.46, L-tr: 0.1339, L-val: 0.5312
076: Acc-tr:  96.17, Acc-val:  83.21, L-tr: 0.1346, L-val: 0.5343
077: Acc-tr:  96.28, Acc-val:  83.47, L-tr: 0.1330, L-val: 0.5293
078: Acc-tr:  96.13, Acc-val:  83.27, L-tr: 0.1355, L-val: 0.5329
079: Acc-tr:  96.31, Acc-val:  83.47, L-tr: 0.1312, L-val: 0.5288
080: Acc-tr:  96.28, Acc-val:  83.43, L-tr: 0.1324, L-val: 0.5296
081: Acc-tr:  96.22, Acc-val:  83.54, L-tr: 0.1337, L-val: 0.5295
082: Acc-tr:  96.30, Acc-val:  83.36, L-tr: 0.1322, L-val: 0.5286
083: Acc-tr:  96.09, Acc-val:  83.32, L-tr: 0.1367, L-val: 0.5291
084: Acc-tr:  96.26, Acc-val:  83.38, L-tr: 0.1312, L-val: 0.5311
085: Acc-tr:  96.25, Acc-val:  83.38, L-tr: 0.1323, L-val: 0.5282
086: Acc-tr:  96.27, Acc-val:  83.35, L-tr: 0.1334, L-val: 0.5285
087: Acc-tr:  96.42, Acc-val:  83.50, L-tr: 0.1305, L-val: 0.5286
088: Acc-tr:  96.22, Acc-val:  83.28, L-tr: 0.1337, L-val: 0.5309
089: Acc-tr:  96.32, Acc-val:  83.34, L-tr: 0.1316, L-val: 0.5286
090: Acc-tr:  96.25, Acc-val:  83.31, L-tr: 0.1324, L-val: 0.5323
091: Acc-tr:  96.11, Acc-val:  83.17, L-tr: 0.1367, L-val: 0.5342
092: Acc-tr:  96.32, Acc-val:  83.48, L-tr: 0.1316, L-val: 0.5277
093: Acc-tr:  96.29, Acc-val:  83.36, L-tr: 0.1319, L-val: 0.5293
094: Acc-tr:  96.31, Acc-val:  83.54, L-tr: 0.1324, L-val: 0.5279
095: Acc-tr:  96.23, Acc-val:  83.32, L-tr: 0.1337, L-val: 0.5310
096: Acc-tr:  96.26, Acc-val:  83.35, L-tr: 0.1324, L-val: 0.5268
097: Acc-tr:  96.28, Acc-val:  83.42, L-tr: 0.1319, L-val: 0.5276
098: Acc-tr:  96.25, Acc-val:  83.37, L-tr: 0.1323, L-val: 0.5293
099: Acc-tr:  96.28, Acc-val:  83.52, L-tr: 0.1318, L-val: 0.5286
