Number of parameters: 77850
/scratch/cm6627/diffeo_cnn/experiment/009_RandomLabels_WideResNet/./fitting-random-labels/train.py:166: UserWarning: volatile was removed and now has no effect. Use `with torch.no_grad():` instead.
  input_var = torch.autograd.Variable(input, volatile=True)
/scratch/cm6627/diffeo_cnn/experiment/009_RandomLabels_WideResNet/./fitting-random-labels/train.py:167: UserWarning: volatile was removed and now has no effect. Use `with torch.no_grad():` instead.
  target_var = torch.autograd.Variable(target, volatile=True)
000: Acc-tr:  19.43, Acc-val:  20.14, L-tr: 2.2547, L-val: 2.2552
001: Acc-tr:  29.09, Acc-val:  28.36, L-tr: 2.0967, L-val: 2.1138
002: Acc-tr:  32.31, Acc-val:  31.03, L-tr: 2.0573, L-val: 2.0871
003: Acc-tr:  33.64, Acc-val:  32.06, L-tr: 2.0326, L-val: 2.0660
004: Acc-tr:  34.63, Acc-val:  32.69, L-tr: 2.0195, L-val: 2.0671
005: Acc-tr:  36.71, Acc-val:  34.82, L-tr: 1.9874, L-val: 2.0392
006: Acc-tr:  30.46, Acc-val:  28.94, L-tr: 2.1319, L-val: 2.1855
007: Acc-tr:  37.32, Acc-val:  34.47, L-tr: 1.9851, L-val: 2.0525
008: Acc-tr:  37.68, Acc-val:  34.60, L-tr: 1.9860, L-val: 2.0669
009: Acc-tr:  38.26, Acc-val:  35.28, L-tr: 1.9629, L-val: 2.0493
010: Acc-tr:  38.09, Acc-val:  34.57, L-tr: 1.9585, L-val: 2.0475
011: Acc-tr:  38.19, Acc-val:  34.67, L-tr: 1.9562, L-val: 2.0526
012: Acc-tr:  38.80, Acc-val:  35.70, L-tr: 1.9404, L-val: 2.0287
013: Acc-tr:  40.79, Acc-val:  37.46, L-tr: 1.9081, L-val: 2.0239
014: Acc-tr:  37.08, Acc-val:  34.59, L-tr: 1.9841, L-val: 2.0971
015: Acc-tr:  35.03, Acc-val:  31.95, L-tr: 2.0670, L-val: 2.1978
016: Acc-tr:  39.28, Acc-val:  35.07, L-tr: 1.9256, L-val: 2.0590
017: Acc-tr:  40.60, Acc-val:  36.33, L-tr: 1.8975, L-val: 2.0409
018: Acc-tr:  38.61, Acc-val:  34.39, L-tr: 1.9598, L-val: 2.1066
019: Acc-tr:  40.94, Acc-val:  36.17, L-tr: 1.8781, L-val: 2.0322
020: Acc-tr:  45.02, Acc-val:  39.76, L-tr: 1.7978, L-val: 1.9849
021: Acc-tr:  45.28, Acc-val:  39.70, L-tr: 1.7892, L-val: 1.9955
022: Acc-tr:  45.39, Acc-val:  39.56, L-tr: 1.7838, L-val: 2.0116
023: Acc-tr:  45.83, Acc-val:  39.80, L-tr: 1.7691, L-val: 2.0068
024: Acc-tr:  46.04, Acc-val:  39.76, L-tr: 1.7667, L-val: 2.0217
025: Acc-tr:  46.22, Acc-val:  39.59, L-tr: 1.7599, L-val: 2.0263
026: Acc-tr:  46.33, Acc-val:  39.82, L-tr: 1.7528, L-val: 2.0254
027: Acc-tr:  46.32, Acc-val:  39.52, L-tr: 1.7515, L-val: 2.0381
028: Acc-tr:  46.66, Acc-val:  39.55, L-tr: 1.7415, L-val: 2.0305
029: Acc-tr:  46.57, Acc-val:  39.42, L-tr: 1.7425, L-val: 2.0410
030: Acc-tr:  46.38, Acc-val:  38.89, L-tr: 1.7410, L-val: 2.0501
031: Acc-tr:  47.23, Acc-val:  39.44, L-tr: 1.7183, L-val: 2.0337
032: Acc-tr:  46.19, Acc-val:  38.41, L-tr: 1.7369, L-val: 2.0593
033: Acc-tr:  46.99, Acc-val:  38.93, L-tr: 1.7199, L-val: 2.0542
034: Acc-tr:  46.94, Acc-val:  39.13, L-tr: 1.7193, L-val: 2.0559
035: Acc-tr:  46.62, Acc-val:  38.79, L-tr: 1.7212, L-val: 2.0678
036: Acc-tr:  47.16, Acc-val:  38.63, L-tr: 1.7054, L-val: 2.0532
037: Acc-tr:  47.20, Acc-val:  38.47, L-tr: 1.7108, L-val: 2.0741
038: Acc-tr:  46.96, Acc-val:  38.19, L-tr: 1.7072, L-val: 2.0718
039: Acc-tr:  47.66, Acc-val:  39.21, L-tr: 1.6888, L-val: 2.0539
040: Acc-tr:  47.67, Acc-val:  38.96, L-tr: 1.6802, L-val: 2.0579
041: Acc-tr:  47.92, Acc-val:  39.20, L-tr: 1.6761, L-val: 2.0574
042: Acc-tr:  47.87, Acc-val:  39.21, L-tr: 1.6786, L-val: 2.0606
043: Acc-tr:  47.94, Acc-val:  39.17, L-tr: 1.6762, L-val: 2.0632
044: Acc-tr:  48.03, Acc-val:  39.15, L-tr: 1.6727, L-val: 2.0646
045: Acc-tr:  48.10, Acc-val:  39.04, L-tr: 1.6702, L-val: 2.0624
046: Acc-tr:  47.99, Acc-val:  38.79, L-tr: 1.6721, L-val: 2.0639
047: Acc-tr:  48.03, Acc-val:  38.97, L-tr: 1.6697, L-val: 2.0624
048: Acc-tr:  48.24, Acc-val:  39.05, L-tr: 1.6655, L-val: 2.0628
049: Acc-tr:  48.37, Acc-val:  38.97, L-tr: 1.6638, L-val: 2.0636
050: Acc-tr:  48.24, Acc-val:  39.07, L-tr: 1.6660, L-val: 2.0681
051: Acc-tr:  48.13, Acc-val:  38.92, L-tr: 1.6688, L-val: 2.0704
052: Acc-tr:  48.11, Acc-val:  38.73, L-tr: 1.6659, L-val: 2.0688
053: Acc-tr:  48.18, Acc-val:  38.69, L-tr: 1.6657, L-val: 2.0704
054: Acc-tr:  48.22, Acc-val:  38.62, L-tr: 1.6664, L-val: 2.0737
055: Acc-tr:  48.35, Acc-val:  38.69, L-tr: 1.6626, L-val: 2.0728
056: Acc-tr:  48.33, Acc-val:  38.84, L-tr: 1.6630, L-val: 2.0772
057: Acc-tr:  48.56, Acc-val:  38.86, L-tr: 1.6579, L-val: 2.0735
058: Acc-tr:  48.42, Acc-val:  38.95, L-tr: 1.6591, L-val: 2.0785
059: Acc-tr:  48.64, Acc-val:  38.81, L-tr: 1.6541, L-val: 2.0752
060: Acc-tr:  48.56, Acc-val:  38.81, L-tr: 1.6558, L-val: 2.0750
061: Acc-tr:  48.63, Acc-val:  38.75, L-tr: 1.6532, L-val: 2.0753
062: Acc-tr:  48.49, Acc-val:  38.76, L-tr: 1.6566, L-val: 2.0743
063: Acc-tr:  48.57, Acc-val:  38.88, L-tr: 1.6569, L-val: 2.0757
064: Acc-tr:  48.55, Acc-val:  38.77, L-tr: 1.6557, L-val: 2.0761
065: Acc-tr:  48.51, Acc-val:  38.74, L-tr: 1.6570, L-val: 2.0765
066: Acc-tr:  48.53, Acc-val:  38.73, L-tr: 1.6576, L-val: 2.0756
067: Acc-tr:  48.46, Acc-val:  38.72, L-tr: 1.6567, L-val: 2.0774
068: Acc-tr:  48.76, Acc-val:  39.07, L-tr: 1.6513, L-val: 2.0744
069: Acc-tr:  48.49, Acc-val:  38.74, L-tr: 1.6566, L-val: 2.0759
070: Acc-tr:  48.40, Acc-val:  38.66, L-tr: 1.6581, L-val: 2.0776
071: Acc-tr:  48.43, Acc-val:  38.79, L-tr: 1.6577, L-val: 2.0781
072: Acc-tr:  48.43, Acc-val:  38.67, L-tr: 1.6570, L-val: 2.0782
073: Acc-tr:  48.35, Acc-val:  38.67, L-tr: 1.6597, L-val: 2.0770
074: Acc-tr:  48.49, Acc-val:  38.74, L-tr: 1.6567, L-val: 2.0784
075: Acc-tr:  48.47, Acc-val:  38.75, L-tr: 1.6570, L-val: 2.0764
076: Acc-tr:  48.43, Acc-val:  38.75, L-tr: 1.6585, L-val: 2.0786
077: Acc-tr:  48.46, Acc-val:  38.68, L-tr: 1.6589, L-val: 2.0797
078: Acc-tr:  48.40, Acc-val:  38.71, L-tr: 1.6577, L-val: 2.0776
079: Acc-tr:  48.41, Acc-val:  38.64, L-tr: 1.6582, L-val: 2.0783
080: Acc-tr:  48.44, Acc-val:  38.74, L-tr: 1.6565, L-val: 2.0790
081: Acc-tr:  48.52, Acc-val:  38.68, L-tr: 1.6569, L-val: 2.0783
082: Acc-tr:  48.43, Acc-val:  38.69, L-tr: 1.6562, L-val: 2.0766
083: Acc-tr:  48.41, Acc-val:  38.74, L-tr: 1.6581, L-val: 2.0788
084: Acc-tr:  48.52, Acc-val:  38.76, L-tr: 1.6568, L-val: 2.0770
085: Acc-tr:  48.48, Acc-val:  38.77, L-tr: 1.6564, L-val: 2.0760
086: Acc-tr:  48.56, Acc-val:  38.78, L-tr: 1.6566, L-val: 2.0769
087: Acc-tr:  48.45, Acc-val:  38.56, L-tr: 1.6579, L-val: 2.0794
088: Acc-tr:  48.48, Acc-val:  38.78, L-tr: 1.6561, L-val: 2.0742
089: Acc-tr:  48.55, Acc-val:  38.85, L-tr: 1.6538, L-val: 2.0763
090: Acc-tr:  48.45, Acc-val:  38.74, L-tr: 1.6578, L-val: 2.0770
091: Acc-tr:  48.57, Acc-val:  38.87, L-tr: 1.6546, L-val: 2.0775
092: Acc-tr:  48.52, Acc-val:  38.72, L-tr: 1.6562, L-val: 2.0767
093: Acc-tr:  48.48, Acc-val:  38.84, L-tr: 1.6564, L-val: 2.0806
094: Acc-tr:  48.60, Acc-val:  38.87, L-tr: 1.6546, L-val: 2.0763
095: Acc-tr:  48.48, Acc-val:  38.56, L-tr: 1.6578, L-val: 2.0750
096: Acc-tr:  48.46, Acc-val:  38.76, L-tr: 1.6578, L-val: 2.0773
097: Acc-tr:  48.42, Acc-val:  38.55, L-tr: 1.6590, L-val: 2.0804
098: Acc-tr:  48.63, Acc-val:  38.76, L-tr: 1.6537, L-val: 2.0755
099: Acc-tr:  48.39, Acc-val:  38.52, L-tr: 1.6583, L-val: 2.0772
100: Acc-tr:  48.52, Acc-val:  38.73, L-tr: 1.6544, L-val: 2.0768
101: Acc-tr:  48.50, Acc-val:  38.77, L-tr: 1.6560, L-val: 2.0734
102: Acc-tr:  48.47, Acc-val:  38.73, L-tr: 1.6557, L-val: 2.0777
103: Acc-tr:  48.41, Acc-val:  38.72, L-tr: 1.6571, L-val: 2.0755
104: Acc-tr:  48.53, Acc-val:  38.79, L-tr: 1.6543, L-val: 2.0769
105: Acc-tr:  48.45, Acc-val:  38.68, L-tr: 1.6585, L-val: 2.0798
106: Acc-tr:  48.44, Acc-val:  38.65, L-tr: 1.6575, L-val: 2.0791
107: Acc-tr:  48.33, Acc-val:  38.75, L-tr: 1.6597, L-val: 2.0809
108: Acc-tr:  48.41, Acc-val:  38.59, L-tr: 1.6575, L-val: 2.0777
109: Acc-tr:  48.45, Acc-val:  38.69, L-tr: 1.6575, L-val: 2.0753
110: Acc-tr:  48.47, Acc-val:  38.67, L-tr: 1.6566, L-val: 2.0787
111: Acc-tr:  48.54, Acc-val:  38.74, L-tr: 1.6563, L-val: 2.0786
112: Acc-tr:  48.45, Acc-val:  38.62, L-tr: 1.6564, L-val: 2.0759
113: Acc-tr:  48.47, Acc-val:  38.73, L-tr: 1.6561, L-val: 2.0783
114: Acc-tr:  48.46, Acc-val:  38.90, L-tr: 1.6575, L-val: 2.0746
115: Acc-tr:  48.58, Acc-val:  38.78, L-tr: 1.6547, L-val: 2.0763
116: Acc-tr:  48.61, Acc-val:  38.89, L-tr: 1.6534, L-val: 2.0755
117: Acc-tr:  48.42, Acc-val:  38.58, L-tr: 1.6586, L-val: 2.0799
118: Acc-tr:  48.52, Acc-val:  38.82, L-tr: 1.6569, L-val: 2.0777
119: Acc-tr:  48.51, Acc-val:  38.75, L-tr: 1.6574, L-val: 2.0775
120: Acc-tr:  48.43, Acc-val:  38.63, L-tr: 1.6590, L-val: 2.0799
121: Acc-tr:  48.50, Acc-val:  38.70, L-tr: 1.6562, L-val: 2.0783
122: Acc-tr:  48.57, Acc-val:  38.75, L-tr: 1.6566, L-val: 2.0806
123: Acc-tr:  48.50, Acc-val:  38.87, L-tr: 1.6572, L-val: 2.0768
124: Acc-tr:  48.49, Acc-val:  38.91, L-tr: 1.6564, L-val: 2.0750
125: Acc-tr:  48.45, Acc-val:  38.63, L-tr: 1.6583, L-val: 2.0784
126: Acc-tr:  48.47, Acc-val:  38.71, L-tr: 1.6564, L-val: 2.0763
127: Acc-tr:  48.58, Acc-val:  38.81, L-tr: 1.6541, L-val: 2.0759
128: Acc-tr:  48.60, Acc-val:  38.79, L-tr: 1.6531, L-val: 2.0757
129: Acc-tr:  48.45, Acc-val:  38.69, L-tr: 1.6563, L-val: 2.0769
130: Acc-tr:  48.58, Acc-val:  38.77, L-tr: 1.6540, L-val: 2.0753
131: Acc-tr:  48.45, Acc-val:  38.76, L-tr: 1.6552, L-val: 2.0771
132: Acc-tr:  48.47, Acc-val:  38.74, L-tr: 1.6548, L-val: 2.0766
133: Acc-tr:  48.60, Acc-val:  38.81, L-tr: 1.6548, L-val: 2.0761
134: Acc-tr:  48.53, Acc-val:  38.70, L-tr: 1.6549, L-val: 2.0764
135: Acc-tr:  48.58, Acc-val:  38.84, L-tr: 1.6543, L-val: 2.0787
136: Acc-tr:  48.62, Acc-val:  38.81, L-tr: 1.6537, L-val: 2.0760
137: Acc-tr:  48.52, Acc-val:  38.72, L-tr: 1.6563, L-val: 2.0738
138: Acc-tr:  48.51, Acc-val:  38.87, L-tr: 1.6571, L-val: 2.0774
139: Acc-tr:  48.54, Acc-val:  38.73, L-tr: 1.6555, L-val: 2.0786
140: Acc-tr:  48.52, Acc-val:  38.72, L-tr: 1.6549, L-val: 2.0756
141: Acc-tr:  48.41, Acc-val:  38.62, L-tr: 1.6579, L-val: 2.0785
142: Acc-tr:  48.55, Acc-val:  38.80, L-tr: 1.6562, L-val: 2.0758
143: Acc-tr:  48.58, Acc-val:  38.88, L-tr: 1.6542, L-val: 2.0769
144: Acc-tr:  48.51, Acc-val:  38.71, L-tr: 1.6566, L-val: 2.0762
145: Acc-tr:  48.47, Acc-val:  38.75, L-tr: 1.6560, L-val: 2.0767
146: Acc-tr:  48.49, Acc-val:  38.77, L-tr: 1.6573, L-val: 2.0782
147: Acc-tr:  48.48, Acc-val:  38.65, L-tr: 1.6577, L-val: 2.0796
148: Acc-tr:  48.48, Acc-val:  38.65, L-tr: 1.6556, L-val: 2.0760
149: Acc-tr:  48.49, Acc-val:  38.68, L-tr: 1.6569, L-val: 2.0772
150: Acc-tr:  48.47, Acc-val:  38.74, L-tr: 1.6571, L-val: 2.0771
151: Acc-tr:  48.47, Acc-val:  38.86, L-tr: 1.6567, L-val: 2.0768
152: Acc-tr:  48.57, Acc-val:  38.80, L-tr: 1.6559, L-val: 2.0804
153: Acc-tr:  48.60, Acc-val:  38.80, L-tr: 1.6555, L-val: 2.0776
154: Acc-tr:  48.66, Acc-val:  38.95, L-tr: 1.6520, L-val: 2.0754
155: Acc-tr:  48.51, Acc-val:  38.71, L-tr: 1.6573, L-val: 2.0768
156: Acc-tr:  48.36, Acc-val:  38.65, L-tr: 1.6582, L-val: 2.0774
157: Acc-tr:  48.58, Acc-val:  38.86, L-tr: 1.6550, L-val: 2.0762
158: Acc-tr:  48.44, Acc-val:  38.77, L-tr: 1.6581, L-val: 2.0756
159: Acc-tr:  48.48, Acc-val:  38.69, L-tr: 1.6559, L-val: 2.0773
160: Acc-tr:  48.58, Acc-val:  38.78, L-tr: 1.6548, L-val: 2.0757
161: Acc-tr:  48.56, Acc-val:  38.70, L-tr: 1.6547, L-val: 2.0742
162: Acc-tr:  48.25, Acc-val:  38.47, L-tr: 1.6624, L-val: 2.0784
163: Acc-tr:  48.56, Acc-val:  38.95, L-tr: 1.6543, L-val: 2.0781
164: Acc-tr:  48.38, Acc-val:  38.73, L-tr: 1.6594, L-val: 2.0807
165: Acc-tr:  48.45, Acc-val:  38.59, L-tr: 1.6556, L-val: 2.0753
166: Acc-tr:  48.62, Acc-val:  38.98, L-tr: 1.6530, L-val: 2.0780
167: Acc-tr:  48.61, Acc-val:  38.87, L-tr: 1.6538, L-val: 2.0755
168: Acc-tr:  48.65, Acc-val:  38.87, L-tr: 1.6524, L-val: 2.0774
169: Acc-tr:  48.57, Acc-val:  38.82, L-tr: 1.6529, L-val: 2.0763
170: Acc-tr:  48.44, Acc-val:  38.67, L-tr: 1.6569, L-val: 2.0776
171: Acc-tr:  48.48, Acc-val:  38.70, L-tr: 1.6573, L-val: 2.0754
172: Acc-tr:  48.47, Acc-val:  38.77, L-tr: 1.6563, L-val: 2.0746
173: Acc-tr:  48.56, Acc-val:  38.78, L-tr: 1.6539, L-val: 2.0756
174: Acc-tr:  48.47, Acc-val:  38.72, L-tr: 1.6561, L-val: 2.0768
175: Acc-tr:  48.43, Acc-val:  38.71, L-tr: 1.6573, L-val: 2.0798
176: Acc-tr:  48.48, Acc-val:  38.74, L-tr: 1.6568, L-val: 2.0764
177: Acc-tr:  48.37, Acc-val:  38.66, L-tr: 1.6592, L-val: 2.0764
178: Acc-tr:  48.44, Acc-val:  38.66, L-tr: 1.6588, L-val: 2.0760
179: Acc-tr:  48.53, Acc-val:  38.76, L-tr: 1.6556, L-val: 2.0788
180: Acc-tr:  48.64, Acc-val:  38.95, L-tr: 1.6529, L-val: 2.0760
181: Acc-tr:  48.48, Acc-val:  38.76, L-tr: 1.6585, L-val: 2.0787
182: Acc-tr:  48.42, Acc-val:  38.64, L-tr: 1.6577, L-val: 2.0773
183: Acc-tr:  48.53, Acc-val:  38.79, L-tr: 1.6563, L-val: 2.0774
184: Acc-tr:  48.31, Acc-val:  38.62, L-tr: 1.6605, L-val: 2.0779
185: Acc-tr:  48.37, Acc-val:  38.64, L-tr: 1.6582, L-val: 2.0779
186: Acc-tr:  48.52, Acc-val:  38.97, L-tr: 1.6566, L-val: 2.0756
187: Acc-tr:  48.61, Acc-val:  38.76, L-tr: 1.6538, L-val: 2.0752
188: Acc-tr:  48.45, Acc-val:  38.67, L-tr: 1.6583, L-val: 2.0789
189: Acc-tr:  48.50, Acc-val:  38.61, L-tr: 1.6559, L-val: 2.0762
190: Acc-tr:  48.52, Acc-val:  38.81, L-tr: 1.6560, L-val: 2.0759
191: Acc-tr:  48.53, Acc-val:  38.71, L-tr: 1.6553, L-val: 2.0767
192: Acc-tr:  48.52, Acc-val:  38.75, L-tr: 1.6556, L-val: 2.0776
193: Acc-tr:  48.52, Acc-val:  38.84, L-tr: 1.6560, L-val: 2.0777
194: Acc-tr:  48.46, Acc-val:  38.74, L-tr: 1.6565, L-val: 2.0779
195: Acc-tr:  48.43, Acc-val:  38.74, L-tr: 1.6576, L-val: 2.0796
196: Acc-tr:  48.44, Acc-val:  38.72, L-tr: 1.6585, L-val: 2.0778
197: Acc-tr:  48.53, Acc-val:  38.69, L-tr: 1.6558, L-val: 2.0781
198: Acc-tr:  48.47, Acc-val:  38.73, L-tr: 1.6563, L-val: 2.0780
199: Acc-tr:  48.64, Acc-val:  38.95, L-tr: 1.6528, L-val: 2.0747
