Number of parameters: 272282
/scratch/cm6627/diffeo_cnn/experiment/009_RandomLabels_WideResNet/./fitting-random-labels/train.py:166: UserWarning: volatile was removed and now has no effect. Use `with torch.no_grad():` instead.
  input_var = torch.autograd.Variable(input, volatile=True)
/scratch/cm6627/diffeo_cnn/experiment/009_RandomLabels_WideResNet/./fitting-random-labels/train.py:167: UserWarning: volatile was removed and now has no effect. Use `with torch.no_grad():` instead.
  target_var = torch.autograd.Variable(target, volatile=True)
000: Acc-tr:  42.58, Acc-val:  42.36, L-tr: 1.5980, L-val: 1.6059
001: Acc-tr:  63.09, Acc-val:  62.12, L-tr: 1.0316, L-val: 1.0639
002: Acc-tr:  68.57, Acc-val:  66.87, L-tr: 0.8886, L-val: 0.9455
003: Acc-tr:  70.39, Acc-val:  68.42, L-tr: 0.8660, L-val: 0.9481
004: Acc-tr:  71.23, Acc-val:  68.82, L-tr: 0.8887, L-val: 0.9792
005: Acc-tr:  80.60, Acc-val:  77.44, L-tr: 0.5512, L-val: 0.6611
006: Acc-tr:  81.24, Acc-val:  77.18, L-tr: 0.5459, L-val: 0.6868
007: Acc-tr:  80.83, Acc-val:  76.69, L-tr: 0.5627, L-val: 0.7179
008: Acc-tr:  81.96, Acc-val:  77.33, L-tr: 0.5394, L-val: 0.7150
009: Acc-tr:  84.67, Acc-val:  79.61, L-tr: 0.4316, L-val: 0.6220
010: Acc-tr:  85.34, Acc-val:  80.22, L-tr: 0.4251, L-val: 0.6131
011: Acc-tr:  85.19, Acc-val:  79.67, L-tr: 0.4278, L-val: 0.6602
012: Acc-tr:  84.70, Acc-val:  79.13, L-tr: 0.4561, L-val: 0.6787
013: Acc-tr:  88.66, Acc-val:  82.14, L-tr: 0.3242, L-val: 0.5512
014: Acc-tr:  85.03, Acc-val:  78.61, L-tr: 0.4202, L-val: 0.6721
015: Acc-tr:  88.27, Acc-val:  80.83, L-tr: 0.3339, L-val: 0.6098
016: Acc-tr:  86.68, Acc-val:  79.46, L-tr: 0.3799, L-val: 0.6618
017: Acc-tr:  88.16, Acc-val:  80.92, L-tr: 0.3352, L-val: 0.6121
018: Acc-tr:  90.86, Acc-val:  82.53, L-tr: 0.2559, L-val: 0.5583
019: Acc-tr:  88.66, Acc-val:  80.98, L-tr: 0.3270, L-val: 0.6296
020: Acc-tr:  95.64, Acc-val:  86.16, L-tr: 0.1314, L-val: 0.4490
021: Acc-tr:  96.13, Acc-val:  86.15, L-tr: 0.1157, L-val: 0.4572
022: Acc-tr:  96.17, Acc-val:  85.78, L-tr: 0.1135, L-val: 0.4733
023: Acc-tr:  96.75, Acc-val:  86.05, L-tr: 0.0995, L-val: 0.4721
024: Acc-tr:  96.81, Acc-val:  85.98, L-tr: 0.0957, L-val: 0.4855
025: Acc-tr:  97.11, Acc-val:  85.98, L-tr: 0.0873, L-val: 0.4879
026: Acc-tr:  97.25, Acc-val:  86.05, L-tr: 0.0843, L-val: 0.5017
027: Acc-tr:  97.35, Acc-val:  85.80, L-tr: 0.0816, L-val: 0.5003
028: Acc-tr:  97.39, Acc-val:  85.87, L-tr: 0.0795, L-val: 0.5136
029: Acc-tr:  97.69, Acc-val:  86.18, L-tr: 0.0718, L-val: 0.5100
030: Acc-tr:  98.04, Acc-val:  86.22, L-tr: 0.0629, L-val: 0.5073
031: Acc-tr:  98.04, Acc-val:  86.14, L-tr: 0.0618, L-val: 0.5229
032: Acc-tr:  98.05, Acc-val:  86.13, L-tr: 0.0613, L-val: 0.5245
033: Acc-tr:  98.14, Acc-val:  85.78, L-tr: 0.0579, L-val: 0.5292
034: Acc-tr:  98.20, Acc-val:  85.81, L-tr: 0.0584, L-val: 0.5363
035: Acc-tr:  98.42, Acc-val:  86.15, L-tr: 0.0520, L-val: 0.5377
036: Acc-tr:  98.27, Acc-val:  86.00, L-tr: 0.0543, L-val: 0.5464
037: Acc-tr:  98.51, Acc-val:  86.02, L-tr: 0.0478, L-val: 0.5397
038: Acc-tr:  98.52, Acc-val:  85.97, L-tr: 0.0480, L-val: 0.5485
039: Acc-tr:  98.69, Acc-val:  86.03, L-tr: 0.0436, L-val: 0.5644
040: Acc-tr:  98.75, Acc-val:  85.98, L-tr: 0.0422, L-val: 0.5564
041: Acc-tr:  98.83, Acc-val:  86.25, L-tr: 0.0394, L-val: 0.5528
042: Acc-tr:  98.93, Acc-val:  86.15, L-tr: 0.0382, L-val: 0.5509
043: Acc-tr:  98.86, Acc-val:  86.13, L-tr: 0.0389, L-val: 0.5549
044: Acc-tr:  98.94, Acc-val:  86.14, L-tr: 0.0371, L-val: 0.5515
045: Acc-tr:  98.91, Acc-val:  85.97, L-tr: 0.0377, L-val: 0.5556
046: Acc-tr:  98.91, Acc-val:  86.05, L-tr: 0.0381, L-val: 0.5555
047: Acc-tr:  98.96, Acc-val:  86.04, L-tr: 0.0370, L-val: 0.5545
048: Acc-tr:  99.05, Acc-val:  86.19, L-tr: 0.0353, L-val: 0.5524
049: Acc-tr:  98.97, Acc-val:  86.06, L-tr: 0.0362, L-val: 0.5547
050: Acc-tr:  99.01, Acc-val:  86.08, L-tr: 0.0360, L-val: 0.5556
051: Acc-tr:  98.99, Acc-val:  86.11, L-tr: 0.0361, L-val: 0.5573
052: Acc-tr:  98.98, Acc-val:  86.07, L-tr: 0.0360, L-val: 0.5588
053: Acc-tr:  99.05, Acc-val:  86.07, L-tr: 0.0350, L-val: 0.5572
054: Acc-tr:  98.92, Acc-val:  85.99, L-tr: 0.0375, L-val: 0.5675
055: Acc-tr:  98.99, Acc-val:  85.99, L-tr: 0.0355, L-val: 0.5588
056: Acc-tr:  99.01, Acc-val:  86.11, L-tr: 0.0345, L-val: 0.5593
057: Acc-tr:  99.09, Acc-val:  86.05, L-tr: 0.0325, L-val: 0.5588
058: Acc-tr:  99.06, Acc-val:  86.00, L-tr: 0.0340, L-val: 0.5641
059: Acc-tr:  99.09, Acc-val:  86.10, L-tr: 0.0334, L-val: 0.5608
060: Acc-tr:  99.06, Acc-val:  85.99, L-tr: 0.0336, L-val: 0.5619
061: Acc-tr:  99.11, Acc-val:  86.14, L-tr: 0.0322, L-val: 0.5590
062: Acc-tr:  99.07, Acc-val:  86.04, L-tr: 0.0335, L-val: 0.5618
063: Acc-tr:  99.06, Acc-val:  86.01, L-tr: 0.0338, L-val: 0.5622
064: Acc-tr:  99.10, Acc-val:  86.15, L-tr: 0.0328, L-val: 0.5586
065: Acc-tr:  99.05, Acc-val:  86.05, L-tr: 0.0336, L-val: 0.5602
066: Acc-tr:  99.04, Acc-val:  86.17, L-tr: 0.0341, L-val: 0.5626
067: Acc-tr:  99.10, Acc-val:  86.05, L-tr: 0.0329, L-val: 0.5604
068: Acc-tr:  99.12, Acc-val:  85.95, L-tr: 0.0325, L-val: 0.5597
069: Acc-tr:  99.05, Acc-val:  85.97, L-tr: 0.0339, L-val: 0.5622
070: Acc-tr:  98.98, Acc-val:  85.97, L-tr: 0.0354, L-val: 0.5689
071: Acc-tr:  99.07, Acc-val:  86.06, L-tr: 0.0336, L-val: 0.5609
072: Acc-tr:  99.11, Acc-val:  85.99, L-tr: 0.0328, L-val: 0.5609
073: Acc-tr:  99.09, Acc-val:  86.13, L-tr: 0.0327, L-val: 0.5611
074: Acc-tr:  99.06, Acc-val:  85.96, L-tr: 0.0338, L-val: 0.5641
075: Acc-tr:  99.14, Acc-val:  85.95, L-tr: 0.0322, L-val: 0.5593
076: Acc-tr:  99.08, Acc-val:  85.93, L-tr: 0.0332, L-val: 0.5639
077: Acc-tr:  99.06, Acc-val:  86.03, L-tr: 0.0337, L-val: 0.5637
078: Acc-tr:  99.09, Acc-val:  85.91, L-tr: 0.0333, L-val: 0.5626
079: Acc-tr:  99.08, Acc-val:  86.02, L-tr: 0.0334, L-val: 0.5617
080: Acc-tr:  99.05, Acc-val:  86.10, L-tr: 0.0338, L-val: 0.5607
081: Acc-tr:  99.16, Acc-val:  86.09, L-tr: 0.0311, L-val: 0.5587
082: Acc-tr:  99.08, Acc-val:  85.94, L-tr: 0.0330, L-val: 0.5618
083: Acc-tr:  99.17, Acc-val:  86.11, L-tr: 0.0305, L-val: 0.5594
084: Acc-tr:  99.13, Acc-val:  86.07, L-tr: 0.0321, L-val: 0.5611
085: Acc-tr:  99.04, Acc-val:  86.06, L-tr: 0.0341, L-val: 0.5612
086: Acc-tr:  99.03, Acc-val:  86.02, L-tr: 0.0345, L-val: 0.5628
087: Acc-tr:  99.13, Acc-val:  86.07, L-tr: 0.0322, L-val: 0.5582
088: Acc-tr:  99.07, Acc-val:  85.94, L-tr: 0.0336, L-val: 0.5628
089: Acc-tr:  99.09, Acc-val:  86.03, L-tr: 0.0332, L-val: 0.5604
090: Acc-tr:  99.13, Acc-val:  86.06, L-tr: 0.0321, L-val: 0.5596
091: Acc-tr:  99.04, Acc-val:  86.02, L-tr: 0.0335, L-val: 0.5641
092: Acc-tr:  99.06, Acc-val:  86.07, L-tr: 0.0337, L-val: 0.5634
093: Acc-tr:  99.11, Acc-val:  85.92, L-tr: 0.0325, L-val: 0.5606
094: Acc-tr:  99.13, Acc-val:  85.94, L-tr: 0.0325, L-val: 0.5619
095: Acc-tr:  99.05, Acc-val:  85.98, L-tr: 0.0341, L-val: 0.5660
096: Acc-tr:  99.07, Acc-val:  85.96, L-tr: 0.0337, L-val: 0.5624
097: Acc-tr:  99.07, Acc-val:  86.09, L-tr: 0.0332, L-val: 0.5616
098: Acc-tr:  99.13, Acc-val:  86.06, L-tr: 0.0321, L-val: 0.5611
099: Acc-tr:  99.07, Acc-val:  86.07, L-tr: 0.0334, L-val: 0.5632
