Number of parameters: 77850
/scratch/cm6627/diffeo_cnn/experiment/009_RandomLabels_WideResNet/./fitting-random-labels/train.py:166: UserWarning: volatile was removed and now has no effect. Use `with torch.no_grad():` instead.
  input_var = torch.autograd.Variable(input, volatile=True)
/scratch/cm6627/diffeo_cnn/experiment/009_RandomLabels_WideResNet/./fitting-random-labels/train.py:167: UserWarning: volatile was removed and now has no effect. Use `with torch.no_grad():` instead.
  target_var = torch.autograd.Variable(target, volatile=True)
000: Acc-tr:  47.90, Acc-val:  47.69, L-tr: 1.4560, L-val: 1.4634
001: Acc-tr:  57.35, Acc-val:  56.30, L-tr: 1.2612, L-val: 1.2905
002: Acc-tr:  62.92, Acc-val:  61.85, L-tr: 1.0588, L-val: 1.1021
003: Acc-tr:  65.15, Acc-val:  63.75, L-tr: 1.0055, L-val: 1.0518
004: Acc-tr:  68.46, Acc-val:  66.59, L-tr: 0.9087, L-val: 0.9751
005: Acc-tr:  66.19, Acc-val:  65.16, L-tr: 1.0285, L-val: 1.0991
006: Acc-tr:  70.65, Acc-val:  68.60, L-tr: 0.8324, L-val: 0.9003
007: Acc-tr:  63.97, Acc-val:  62.70, L-tr: 1.1836, L-val: 1.2644
008: Acc-tr:  66.81, Acc-val:  65.00, L-tr: 1.0242, L-val: 1.1098
009: Acc-tr:  72.76, Acc-val:  70.55, L-tr: 0.8007, L-val: 0.8868
010: Acc-tr:  72.43, Acc-val:  70.03, L-tr: 0.8292, L-val: 0.9311
011: Acc-tr:  74.38, Acc-val:  71.83, L-tr: 0.7805, L-val: 0.8826
012: Acc-tr:  68.67, Acc-val:  66.51, L-tr: 1.0056, L-val: 1.1128
013: Acc-tr:  78.64, Acc-val:  75.53, L-tr: 0.6169, L-val: 0.7218
014: Acc-tr:  74.41, Acc-val:  71.72, L-tr: 0.7484, L-val: 0.8601
015: Acc-tr:  71.84, Acc-val:  68.96, L-tr: 0.8777, L-val: 1.0025
016: Acc-tr:  77.10, Acc-val:  74.04, L-tr: 0.6826, L-val: 0.8075
017: Acc-tr:  71.96, Acc-val:  68.96, L-tr: 0.8630, L-val: 0.9944
018: Acc-tr:  75.60, Acc-val:  72.54, L-tr: 0.7263, L-val: 0.8545
019: Acc-tr:  79.29, Acc-val:  75.21, L-tr: 0.6096, L-val: 0.7368
020: Acc-tr:  82.94, Acc-val:  78.56, L-tr: 0.5002, L-val: 0.6412
021: Acc-tr:  83.16, Acc-val:  78.75, L-tr: 0.4921, L-val: 0.6457
022: Acc-tr:  83.30, Acc-val:  78.60, L-tr: 0.4925, L-val: 0.6501
023: Acc-tr:  83.02, Acc-val:  78.38, L-tr: 0.4984, L-val: 0.6610
024: Acc-tr:  83.52, Acc-val:  78.84, L-tr: 0.4816, L-val: 0.6462
025: Acc-tr:  81.71, Acc-val:  77.49, L-tr: 0.5368, L-val: 0.7081
026: Acc-tr:  83.14, Acc-val:  78.45, L-tr: 0.4912, L-val: 0.6619
027: Acc-tr:  84.01, Acc-val:  79.26, L-tr: 0.4674, L-val: 0.6445
028: Acc-tr:  83.39, Acc-val:  78.50, L-tr: 0.4886, L-val: 0.6715
029: Acc-tr:  84.36, Acc-val:  79.31, L-tr: 0.4601, L-val: 0.6444
030: Acc-tr:  83.86, Acc-val:  78.80, L-tr: 0.4732, L-val: 0.6614
031: Acc-tr:  82.63, Acc-val:  77.72, L-tr: 0.5091, L-val: 0.7004
032: Acc-tr:  83.91, Acc-val:  78.99, L-tr: 0.4679, L-val: 0.6584
033: Acc-tr:  83.69, Acc-val:  78.51, L-tr: 0.4769, L-val: 0.6706
034: Acc-tr:  85.60, Acc-val:  80.33, L-tr: 0.4219, L-val: 0.6155
035: Acc-tr:  83.74, Acc-val:  78.58, L-tr: 0.4804, L-val: 0.6809
036: Acc-tr:  84.47, Acc-val:  79.16, L-tr: 0.4537, L-val: 0.6564
037: Acc-tr:  84.81, Acc-val:  79.35, L-tr: 0.4466, L-val: 0.6565
038: Acc-tr:  83.89, Acc-val:  78.76, L-tr: 0.4741, L-val: 0.6877
039: Acc-tr:  85.55, Acc-val:  79.90, L-tr: 0.4262, L-val: 0.6373
040: Acc-tr:  85.69, Acc-val:  79.95, L-tr: 0.4206, L-val: 0.6316
041: Acc-tr:  85.75, Acc-val:  80.10, L-tr: 0.4149, L-val: 0.6284
042: Acc-tr:  85.70, Acc-val:  79.99, L-tr: 0.4200, L-val: 0.6347
043: Acc-tr:  85.95, Acc-val:  80.27, L-tr: 0.4112, L-val: 0.6249
044: Acc-tr:  85.71, Acc-val:  79.98, L-tr: 0.4177, L-val: 0.6321
045: Acc-tr:  85.50, Acc-val:  79.71, L-tr: 0.4249, L-val: 0.6400
046: Acc-tr:  85.25, Acc-val:  79.67, L-tr: 0.4296, L-val: 0.6431
047: Acc-tr:  85.85, Acc-val:  80.02, L-tr: 0.4118, L-val: 0.6264
048: Acc-tr:  85.92, Acc-val:  80.09, L-tr: 0.4116, L-val: 0.6292
049: Acc-tr:  85.42, Acc-val:  79.76, L-tr: 0.4233, L-val: 0.6399
050: Acc-tr:  85.63, Acc-val:  79.84, L-tr: 0.4200, L-val: 0.6383
051: Acc-tr:  85.60, Acc-val:  80.02, L-tr: 0.4194, L-val: 0.6362
052: Acc-tr:  85.63, Acc-val:  79.83, L-tr: 0.4173, L-val: 0.6351
053: Acc-tr:  85.52, Acc-val:  79.63, L-tr: 0.4225, L-val: 0.6422
054: Acc-tr:  85.67, Acc-val:  80.05, L-tr: 0.4178, L-val: 0.6369
055: Acc-tr:  85.73, Acc-val:  79.92, L-tr: 0.4160, L-val: 0.6347
056: Acc-tr:  85.71, Acc-val:  80.07, L-tr: 0.4191, L-val: 0.6395
057: Acc-tr:  85.78, Acc-val:  80.05, L-tr: 0.4148, L-val: 0.6364
058: Acc-tr:  85.82, Acc-val:  79.95, L-tr: 0.4147, L-val: 0.6361
059: Acc-tr:  85.81, Acc-val:  79.97, L-tr: 0.4150, L-val: 0.6344
060: Acc-tr:  85.60, Acc-val:  79.72, L-tr: 0.4200, L-val: 0.6398
061: Acc-tr:  85.92, Acc-val:  80.15, L-tr: 0.4102, L-val: 0.6309
062: Acc-tr:  85.75, Acc-val:  80.05, L-tr: 0.4149, L-val: 0.6356
063: Acc-tr:  85.82, Acc-val:  80.03, L-tr: 0.4130, L-val: 0.6321
064: Acc-tr:  85.64, Acc-val:  79.97, L-tr: 0.4183, L-val: 0.6406
065: Acc-tr:  85.53, Acc-val:  79.96, L-tr: 0.4230, L-val: 0.6442
066: Acc-tr:  85.62, Acc-val:  79.96, L-tr: 0.4210, L-val: 0.6425
067: Acc-tr:  85.67, Acc-val:  79.87, L-tr: 0.4177, L-val: 0.6387
068: Acc-tr:  85.73, Acc-val:  79.73, L-tr: 0.4164, L-val: 0.6366
069: Acc-tr:  85.69, Acc-val:  80.04, L-tr: 0.4180, L-val: 0.6393
070: Acc-tr:  86.01, Acc-val:  80.34, L-tr: 0.4084, L-val: 0.6309
071: Acc-tr:  85.77, Acc-val:  80.09, L-tr: 0.4141, L-val: 0.6334
072: Acc-tr:  85.94, Acc-val:  80.19, L-tr: 0.4117, L-val: 0.6317
073: Acc-tr:  86.03, Acc-val:  80.23, L-tr: 0.4085, L-val: 0.6299
074: Acc-tr:  85.97, Acc-val:  80.21, L-tr: 0.4095, L-val: 0.6320
075: Acc-tr:  86.12, Acc-val:  80.28, L-tr: 0.4051, L-val: 0.6261
076: Acc-tr:  85.54, Acc-val:  79.79, L-tr: 0.4222, L-val: 0.6434
077: Acc-tr:  85.74, Acc-val:  80.08, L-tr: 0.4174, L-val: 0.6384
078: Acc-tr:  85.78, Acc-val:  79.72, L-tr: 0.4164, L-val: 0.6375
079: Acc-tr:  85.78, Acc-val:  80.01, L-tr: 0.4147, L-val: 0.6357
080: Acc-tr:  85.87, Acc-val:  80.04, L-tr: 0.4122, L-val: 0.6325
081: Acc-tr:  85.96, Acc-val:  80.01, L-tr: 0.4105, L-val: 0.6313
082: Acc-tr:  85.67, Acc-val:  79.84, L-tr: 0.4183, L-val: 0.6386
083: Acc-tr:  85.84, Acc-val:  80.07, L-tr: 0.4133, L-val: 0.6327
084: Acc-tr:  85.84, Acc-val:  80.11, L-tr: 0.4133, L-val: 0.6342
085: Acc-tr:  85.84, Acc-val:  79.90, L-tr: 0.4131, L-val: 0.6331
086: Acc-tr:  85.65, Acc-val:  79.95, L-tr: 0.4193, L-val: 0.6407
087: Acc-tr:  85.53, Acc-val:  79.78, L-tr: 0.4217, L-val: 0.6409
088: Acc-tr:  85.33, Acc-val:  79.50, L-tr: 0.4291, L-val: 0.6494
089: Acc-tr:  85.53, Acc-val:  79.97, L-tr: 0.4225, L-val: 0.6447
090: Acc-tr:  86.40, Acc-val:  80.58, L-tr: 0.3995, L-val: 0.6226
091: Acc-tr:  85.72, Acc-val:  79.85, L-tr: 0.4162, L-val: 0.6370
092: Acc-tr:  85.80, Acc-val:  80.06, L-tr: 0.4169, L-val: 0.6390
093: Acc-tr:  85.56, Acc-val:  79.76, L-tr: 0.4227, L-val: 0.6441
094: Acc-tr:  85.65, Acc-val:  80.05, L-tr: 0.4186, L-val: 0.6390
095: Acc-tr:  85.58, Acc-val:  79.81, L-tr: 0.4199, L-val: 0.6403
096: Acc-tr:  85.48, Acc-val:  79.57, L-tr: 0.4240, L-val: 0.6441
097: Acc-tr:  85.34, Acc-val:  79.47, L-tr: 0.4280, L-val: 0.6488
098: Acc-tr:  85.39, Acc-val:  79.69, L-tr: 0.4264, L-val: 0.6459
099: Acc-tr:  85.87, Acc-val:  80.11, L-tr: 0.4127, L-val: 0.6335
