Number of parameters: 272282
/scratch/cm6627/diffeo_cnn/experiment/009_RandomLabels_WideResNet/./fitting-random-labels/train.py:166: UserWarning: volatile was removed and now has no effect. Use `with torch.no_grad():` instead.
  input_var = torch.autograd.Variable(input, volatile=True)
/scratch/cm6627/diffeo_cnn/experiment/009_RandomLabels_WideResNet/./fitting-random-labels/train.py:167: UserWarning: volatile was removed and now has no effect. Use `with torch.no_grad():` instead.
  target_var = torch.autograd.Variable(target, volatile=True)
000: Acc-tr:  53.72, Acc-val:  53.29, L-tr: 1.2958, L-val: 1.3143
001: Acc-tr:  65.45, Acc-val:  63.63, L-tr: 0.9828, L-val: 1.0325
002: Acc-tr:  72.06, Acc-val:  70.08, L-tr: 0.7945, L-val: 0.8614
003: Acc-tr:  76.66, Acc-val:  74.25, L-tr: 0.6680, L-val: 0.7608
004: Acc-tr:  77.73, Acc-val:  75.00, L-tr: 0.6380, L-val: 0.7337
005: Acc-tr:  80.87, Acc-val:  77.21, L-tr: 0.5524, L-val: 0.6702
006: Acc-tr:  83.49, Acc-val:  79.88, L-tr: 0.4666, L-val: 0.5980
007: Acc-tr:  82.19, Acc-val:  78.15, L-tr: 0.5114, L-val: 0.6696
008: Acc-tr:  84.28, Acc-val:  79.99, L-tr: 0.4420, L-val: 0.6111
009: Acc-tr:  85.31, Acc-val:  80.02, L-tr: 0.4374, L-val: 0.6304
010: Acc-tr:  82.28, Acc-val:  77.90, L-tr: 0.5417, L-val: 0.7543
011: Acc-tr:  88.59, Acc-val:  82.78, L-tr: 0.3254, L-val: 0.5254
012: Acc-tr:  88.04, Acc-val:  81.84, L-tr: 0.3394, L-val: 0.5655
013: Acc-tr:  87.17, Acc-val:  81.54, L-tr: 0.3660, L-val: 0.6017
014: Acc-tr:  86.06, Acc-val:  79.66, L-tr: 0.4036, L-val: 0.6610
015: Acc-tr:  85.49, Acc-val:  79.02, L-tr: 0.4401, L-val: 0.7254
016: Acc-tr:  89.33, Acc-val:  82.53, L-tr: 0.3004, L-val: 0.5528
017: Acc-tr:  89.49, Acc-val:  82.18, L-tr: 0.3011, L-val: 0.5722
018: Acc-tr:  85.84, Acc-val:  79.32, L-tr: 0.4230, L-val: 0.7160
019: Acc-tr:  86.03, Acc-val:  79.49, L-tr: 0.4158, L-val: 0.7249
020: Acc-tr:  95.57, Acc-val:  86.92, L-tr: 0.1297, L-val: 0.4338
021: Acc-tr:  96.19, Acc-val:  87.01, L-tr: 0.1130, L-val: 0.4338
022: Acc-tr:  96.70, Acc-val:  86.95, L-tr: 0.0985, L-val: 0.4479
023: Acc-tr:  96.74, Acc-val:  86.74, L-tr: 0.0955, L-val: 0.4629
024: Acc-tr:  97.09, Acc-val:  86.82, L-tr: 0.0866, L-val: 0.4647
025: Acc-tr:  96.95, Acc-val:  86.50, L-tr: 0.0877, L-val: 0.4881
026: Acc-tr:  97.52, Acc-val:  86.77, L-tr: 0.0753, L-val: 0.4891
027: Acc-tr:  97.77, Acc-val:  86.82, L-tr: 0.0688, L-val: 0.4857
028: Acc-tr:  97.97, Acc-val:  86.78, L-tr: 0.0634, L-val: 0.4903
029: Acc-tr:  97.91, Acc-val:  86.76, L-tr: 0.0630, L-val: 0.5106
030: Acc-tr:  98.31, Acc-val:  86.74, L-tr: 0.0546, L-val: 0.5056
031: Acc-tr:  98.32, Acc-val:  86.76, L-tr: 0.0530, L-val: 0.5220
032: Acc-tr:  98.44, Acc-val:  86.56, L-tr: 0.0498, L-val: 0.5141
033: Acc-tr:  98.54, Acc-val:  86.72, L-tr: 0.0467, L-val: 0.5286
034: Acc-tr:  98.76, Acc-val:  86.89, L-tr: 0.0402, L-val: 0.5269
035: Acc-tr:  98.61, Acc-val:  86.68, L-tr: 0.0450, L-val: 0.5430
036: Acc-tr:  98.84, Acc-val:  86.67, L-tr: 0.0376, L-val: 0.5359
037: Acc-tr:  98.96, Acc-val:  86.58, L-tr: 0.0365, L-val: 0.5411
038: Acc-tr:  98.95, Acc-val:  86.66, L-tr: 0.0339, L-val: 0.5559
039: Acc-tr:  99.03, Acc-val:  86.50, L-tr: 0.0315, L-val: 0.5642
040: Acc-tr:  99.31, Acc-val:  86.70, L-tr: 0.0266, L-val: 0.5495
041: Acc-tr:  99.34, Acc-val:  86.81, L-tr: 0.0255, L-val: 0.5470
042: Acc-tr:  99.37, Acc-val:  86.83, L-tr: 0.0240, L-val: 0.5503
043: Acc-tr:  99.39, Acc-val:  86.87, L-tr: 0.0232, L-val: 0.5424
044: Acc-tr:  99.43, Acc-val:  86.82, L-tr: 0.0232, L-val: 0.5493
045: Acc-tr:  99.43, Acc-val:  86.82, L-tr: 0.0232, L-val: 0.5465
046: Acc-tr:  99.43, Acc-val:  86.85, L-tr: 0.0224, L-val: 0.5488
047: Acc-tr:  99.48, Acc-val:  86.99, L-tr: 0.0212, L-val: 0.5505
048: Acc-tr:  99.49, Acc-val:  86.96, L-tr: 0.0211, L-val: 0.5477
049: Acc-tr:  99.51, Acc-val:  87.04, L-tr: 0.0208, L-val: 0.5509
050: Acc-tr:  99.51, Acc-val:  86.88, L-tr: 0.0203, L-val: 0.5535
051: Acc-tr:  99.51, Acc-val:  86.96, L-tr: 0.0204, L-val: 0.5557
052: Acc-tr:  99.53, Acc-val:  86.84, L-tr: 0.0197, L-val: 0.5582
053: Acc-tr:  99.53, Acc-val:  86.86, L-tr: 0.0194, L-val: 0.5615
054: Acc-tr:  99.51, Acc-val:  86.80, L-tr: 0.0202, L-val: 0.5585
055: Acc-tr:  99.54, Acc-val:  86.85, L-tr: 0.0195, L-val: 0.5595
056: Acc-tr:  99.53, Acc-val:  86.94, L-tr: 0.0198, L-val: 0.5610
057: Acc-tr:  99.53, Acc-val:  86.89, L-tr: 0.0195, L-val: 0.5597
058: Acc-tr:  99.56, Acc-val:  86.92, L-tr: 0.0188, L-val: 0.5633
059: Acc-tr:  99.57, Acc-val:  86.86, L-tr: 0.0190, L-val: 0.5630
060: Acc-tr:  99.55, Acc-val:  86.85, L-tr: 0.0192, L-val: 0.5643
061: Acc-tr:  99.58, Acc-val:  86.87, L-tr: 0.0182, L-val: 0.5641
062: Acc-tr:  99.58, Acc-val:  86.78, L-tr: 0.0187, L-val: 0.5576
063: Acc-tr:  99.59, Acc-val:  86.91, L-tr: 0.0178, L-val: 0.5644
064: Acc-tr:  99.61, Acc-val:  86.86, L-tr: 0.0171, L-val: 0.5583
065: Acc-tr:  99.59, Acc-val:  86.86, L-tr: 0.0179, L-val: 0.5571
066: Acc-tr:  99.60, Acc-val:  86.90, L-tr: 0.0177, L-val: 0.5606
067: Acc-tr:  99.57, Acc-val:  86.85, L-tr: 0.0184, L-val: 0.5659
068: Acc-tr:  99.59, Acc-val:  86.95, L-tr: 0.0177, L-val: 0.5630
069: Acc-tr:  99.57, Acc-val:  86.81, L-tr: 0.0185, L-val: 0.5676
070: Acc-tr:  99.60, Acc-val:  86.86, L-tr: 0.0174, L-val: 0.5620
071: Acc-tr:  99.60, Acc-val:  86.99, L-tr: 0.0171, L-val: 0.5615
072: Acc-tr:  99.59, Acc-val:  86.82, L-tr: 0.0180, L-val: 0.5634
073: Acc-tr:  99.59, Acc-val:  86.88, L-tr: 0.0175, L-val: 0.5601
074: Acc-tr:  99.58, Acc-val:  86.88, L-tr: 0.0182, L-val: 0.5661
075: Acc-tr:  99.60, Acc-val:  86.96, L-tr: 0.0174, L-val: 0.5578
076: Acc-tr:  99.59, Acc-val:  86.93, L-tr: 0.0177, L-val: 0.5618
077: Acc-tr:  99.58, Acc-val:  86.78, L-tr: 0.0182, L-val: 0.5628
078: Acc-tr:  99.58, Acc-val:  86.84, L-tr: 0.0181, L-val: 0.5632
079: Acc-tr:  99.61, Acc-val:  86.93, L-tr: 0.0168, L-val: 0.5629
080: Acc-tr:  99.59, Acc-val:  86.83, L-tr: 0.0181, L-val: 0.5608
081: Acc-tr:  99.58, Acc-val:  86.96, L-tr: 0.0180, L-val: 0.5636
082: Acc-tr:  99.60, Acc-val:  86.92, L-tr: 0.0177, L-val: 0.5630
083: Acc-tr:  99.59, Acc-val:  86.92, L-tr: 0.0178, L-val: 0.5598
084: Acc-tr:  99.57, Acc-val:  86.86, L-tr: 0.0184, L-val: 0.5636
085: Acc-tr:  99.61, Acc-val:  86.96, L-tr: 0.0175, L-val: 0.5608
086: Acc-tr:  99.59, Acc-val:  86.78, L-tr: 0.0180, L-val: 0.5640
087: Acc-tr:  99.60, Acc-val:  86.86, L-tr: 0.0172, L-val: 0.5593
088: Acc-tr:  99.61, Acc-val:  86.86, L-tr: 0.0172, L-val: 0.5581
089: Acc-tr:  99.57, Acc-val:  86.77, L-tr: 0.0185, L-val: 0.5637
090: Acc-tr:  99.58, Acc-val:  86.85, L-tr: 0.0179, L-val: 0.5650
091: Acc-tr:  99.58, Acc-val:  86.85, L-tr: 0.0183, L-val: 0.5640
092: Acc-tr:  99.58, Acc-val:  86.84, L-tr: 0.0181, L-val: 0.5615
093: Acc-tr:  99.57, Acc-val:  86.86, L-tr: 0.0185, L-val: 0.5623
094: Acc-tr:  99.58, Acc-val:  86.89, L-tr: 0.0178, L-val: 0.5620
095: Acc-tr:  99.60, Acc-val:  87.05, L-tr: 0.0171, L-val: 0.5600
096: Acc-tr:  99.58, Acc-val:  86.84, L-tr: 0.0186, L-val: 0.5620
097: Acc-tr:  99.59, Acc-val:  86.88, L-tr: 0.0176, L-val: 0.5617
098: Acc-tr:  99.58, Acc-val:  86.79, L-tr: 0.0181, L-val: 0.5637
099: Acc-tr:  99.54, Acc-val:  86.73, L-tr: 0.0191, L-val: 0.5705
