Number of parameters: 77850
/scratch/cm6627/diffeo_cnn/experiment/009_RandomLabels_WideResNet/./fitting-random-labels/train.py:166: UserWarning: volatile was removed and now has no effect. Use `with torch.no_grad():` instead.
  input_var = torch.autograd.Variable(input, volatile=True)
/scratch/cm6627/diffeo_cnn/experiment/009_RandomLabels_WideResNet/./fitting-random-labels/train.py:167: UserWarning: volatile was removed and now has no effect. Use `with torch.no_grad():` instead.
  target_var = torch.autograd.Variable(target, volatile=True)
000: Acc-tr:  43.92, Acc-val:  44.25, L-tr: 1.5310, L-val: 1.5182
001: Acc-tr:  52.67, Acc-val:  52.63, L-tr: 1.3736, L-val: 1.3902
002: Acc-tr:  51.65, Acc-val:  50.45, L-tr: 1.5292, L-val: 1.5536
003: Acc-tr:  55.14, Acc-val:  54.66, L-tr: 1.4168, L-val: 1.4400
004: Acc-tr:  65.93, Acc-val:  64.74, L-tr: 1.0039, L-val: 1.0376
005: Acc-tr:  63.38, Acc-val:  62.54, L-tr: 1.1031, L-val: 1.1418
006: Acc-tr:  59.85, Acc-val:  58.65, L-tr: 1.2316, L-val: 1.2815
007: Acc-tr:  57.57, Acc-val:  56.34, L-tr: 1.4154, L-val: 1.4776
008: Acc-tr:  65.71, Acc-val:  64.10, L-tr: 1.0549, L-val: 1.1206
009: Acc-tr:  63.73, Acc-val:  62.19, L-tr: 1.1026, L-val: 1.1724
010: Acc-tr:  68.75, Acc-val:  66.90, L-tr: 1.0007, L-val: 1.0781
011: Acc-tr:  64.82, Acc-val:  63.54, L-tr: 1.1363, L-val: 1.2144
012: Acc-tr:  64.98, Acc-val:  63.45, L-tr: 1.1747, L-val: 1.2795
013: Acc-tr:  68.50, Acc-val:  66.93, L-tr: 0.9980, L-val: 1.0894
014: Acc-tr:  69.75, Acc-val:  67.50, L-tr: 0.9139, L-val: 1.0157
015: Acc-tr:  66.25, Acc-val:  64.90, L-tr: 1.1069, L-val: 1.1981
016: Acc-tr:  67.58, Acc-val:  65.51, L-tr: 1.1233, L-val: 1.2220
017: Acc-tr:  74.78, Acc-val:  72.57, L-tr: 0.7870, L-val: 0.8793
018: Acc-tr:  69.85, Acc-val:  67.68, L-tr: 0.9705, L-val: 1.0756
019: Acc-tr:  70.90, Acc-val:  68.55, L-tr: 0.9396, L-val: 1.0543
020: Acc-tr:  77.76, Acc-val:  74.90, L-tr: 0.6714, L-val: 0.7909
021: Acc-tr:  78.04, Acc-val:  75.06, L-tr: 0.6661, L-val: 0.7927
022: Acc-tr:  78.81, Acc-val:  75.67, L-tr: 0.6399, L-val: 0.7702
023: Acc-tr:  78.18, Acc-val:  75.03, L-tr: 0.6614, L-val: 0.7929
024: Acc-tr:  78.19, Acc-val:  74.98, L-tr: 0.6612, L-val: 0.7958
025: Acc-tr:  78.62, Acc-val:  75.05, L-tr: 0.6453, L-val: 0.7789
026: Acc-tr:  79.65, Acc-val:  76.32, L-tr: 0.6170, L-val: 0.7499
027: Acc-tr:  79.26, Acc-val:  75.76, L-tr: 0.6345, L-val: 0.7728
028: Acc-tr:  78.20, Acc-val:  74.85, L-tr: 0.6736, L-val: 0.8108
029: Acc-tr:  78.45, Acc-val:  75.17, L-tr: 0.6551, L-val: 0.8004
030: Acc-tr:  77.73, Acc-val:  74.63, L-tr: 0.6916, L-val: 0.8396
031: Acc-tr:  79.31, Acc-val:  75.46, L-tr: 0.6377, L-val: 0.7813
032: Acc-tr:  79.37, Acc-val:  75.81, L-tr: 0.6251, L-val: 0.7716
033: Acc-tr:  78.57, Acc-val:  75.25, L-tr: 0.6576, L-val: 0.8066
034: Acc-tr:  77.28, Acc-val:  74.28, L-tr: 0.7045, L-val: 0.8524
035: Acc-tr:  78.45, Acc-val:  74.75, L-tr: 0.6681, L-val: 0.8151
036: Acc-tr:  79.92, Acc-val:  76.31, L-tr: 0.6118, L-val: 0.7628
037: Acc-tr:  80.03, Acc-val:  76.46, L-tr: 0.6007, L-val: 0.7530
038: Acc-tr:  79.40, Acc-val:  75.83, L-tr: 0.6283, L-val: 0.7797
039: Acc-tr:  79.56, Acc-val:  76.06, L-tr: 0.6329, L-val: 0.7833
040: Acc-tr:  79.05, Acc-val:  75.36, L-tr: 0.6535, L-val: 0.8100
041: Acc-tr:  79.12, Acc-val:  75.41, L-tr: 0.6496, L-val: 0.8065
042: Acc-tr:  79.04, Acc-val:  75.29, L-tr: 0.6511, L-val: 0.8079
043: Acc-tr:  79.62, Acc-val:  75.78, L-tr: 0.6284, L-val: 0.7838
044: Acc-tr:  79.13, Acc-val:  75.37, L-tr: 0.6489, L-val: 0.8050
045: Acc-tr:  78.99, Acc-val:  75.19, L-tr: 0.6527, L-val: 0.8100
046: Acc-tr:  79.11, Acc-val:  75.18, L-tr: 0.6488, L-val: 0.8076
047: Acc-tr:  79.11, Acc-val:  75.39, L-tr: 0.6500, L-val: 0.8080
048: Acc-tr:  79.54, Acc-val:  75.78, L-tr: 0.6335, L-val: 0.7932
049: Acc-tr:  80.05, Acc-val:  76.29, L-tr: 0.6137, L-val: 0.7720
050: Acc-tr:  79.59, Acc-val:  75.94, L-tr: 0.6266, L-val: 0.7846
051: Acc-tr:  79.56, Acc-val:  75.67, L-tr: 0.6313, L-val: 0.7882
052: Acc-tr:  79.38, Acc-val:  75.53, L-tr: 0.6368, L-val: 0.7954
053: Acc-tr:  79.28, Acc-val:  75.66, L-tr: 0.6405, L-val: 0.7974
054: Acc-tr:  79.63, Acc-val:  75.93, L-tr: 0.6273, L-val: 0.7856
055: Acc-tr:  79.55, Acc-val:  75.84, L-tr: 0.6318, L-val: 0.7897
056: Acc-tr:  79.22, Acc-val:  75.55, L-tr: 0.6398, L-val: 0.7986
057: Acc-tr:  79.73, Acc-val:  75.83, L-tr: 0.6257, L-val: 0.7849
058: Acc-tr:  79.90, Acc-val:  75.97, L-tr: 0.6145, L-val: 0.7722
059: Acc-tr:  80.03, Acc-val:  76.34, L-tr: 0.6099, L-val: 0.7666
060: Acc-tr:  79.82, Acc-val:  76.02, L-tr: 0.6200, L-val: 0.7780
061: Acc-tr:  79.67, Acc-val:  75.89, L-tr: 0.6258, L-val: 0.7839
062: Acc-tr:  79.64, Acc-val:  75.95, L-tr: 0.6271, L-val: 0.7855
063: Acc-tr:  80.07, Acc-val:  76.30, L-tr: 0.6107, L-val: 0.7690
064: Acc-tr:  79.91, Acc-val:  76.22, L-tr: 0.6165, L-val: 0.7744
065: Acc-tr:  79.94, Acc-val:  76.21, L-tr: 0.6152, L-val: 0.7736
066: Acc-tr:  79.87, Acc-val:  76.09, L-tr: 0.6196, L-val: 0.7789
067: Acc-tr:  79.84, Acc-val:  76.06, L-tr: 0.6212, L-val: 0.7791
068: Acc-tr:  79.78, Acc-val:  76.01, L-tr: 0.6240, L-val: 0.7818
069: Acc-tr:  79.20, Acc-val:  75.58, L-tr: 0.6425, L-val: 0.7996
070: Acc-tr:  79.58, Acc-val:  75.87, L-tr: 0.6317, L-val: 0.7906
071: Acc-tr:  80.01, Acc-val:  76.21, L-tr: 0.6136, L-val: 0.7731
072: Acc-tr:  79.97, Acc-val:  76.20, L-tr: 0.6147, L-val: 0.7734
073: Acc-tr:  79.67, Acc-val:  75.89, L-tr: 0.6271, L-val: 0.7852
074: Acc-tr:  80.24, Acc-val:  76.49, L-tr: 0.6044, L-val: 0.7630
075: Acc-tr:  80.12, Acc-val:  76.51, L-tr: 0.6068, L-val: 0.7651
076: Acc-tr:  79.57, Acc-val:  75.81, L-tr: 0.6293, L-val: 0.7883
077: Acc-tr:  79.77, Acc-val:  76.06, L-tr: 0.6231, L-val: 0.7821
078: Acc-tr:  80.05, Acc-val:  76.43, L-tr: 0.6137, L-val: 0.7727
079: Acc-tr:  79.26, Acc-val:  75.55, L-tr: 0.6411, L-val: 0.7992
080: Acc-tr:  79.80, Acc-val:  76.10, L-tr: 0.6201, L-val: 0.7788
081: Acc-tr:  79.52, Acc-val:  75.67, L-tr: 0.6301, L-val: 0.7871
082: Acc-tr:  79.47, Acc-val:  75.59, L-tr: 0.6334, L-val: 0.7927
083: Acc-tr:  79.32, Acc-val:  75.73, L-tr: 0.6395, L-val: 0.7968
084: Acc-tr:  80.08, Acc-val:  76.33, L-tr: 0.6108, L-val: 0.7694
085: Acc-tr:  79.86, Acc-val:  76.10, L-tr: 0.6182, L-val: 0.7762
086: Acc-tr:  80.09, Acc-val:  76.34, L-tr: 0.6104, L-val: 0.7673
087: Acc-tr:  79.59, Acc-val:  75.94, L-tr: 0.6306, L-val: 0.7891
088: Acc-tr:  79.77, Acc-val:  76.07, L-tr: 0.6235, L-val: 0.7813
089: Acc-tr:  79.73, Acc-val:  75.92, L-tr: 0.6236, L-val: 0.7816
090: Acc-tr:  80.08, Acc-val:  76.40, L-tr: 0.6096, L-val: 0.7673
091: Acc-tr:  80.06, Acc-val:  76.44, L-tr: 0.6126, L-val: 0.7709
092: Acc-tr:  79.73, Acc-val:  75.92, L-tr: 0.6245, L-val: 0.7826
093: Acc-tr:  79.92, Acc-val:  76.18, L-tr: 0.6153, L-val: 0.7717
094: Acc-tr:  79.32, Acc-val:  75.62, L-tr: 0.6393, L-val: 0.7981
095: Acc-tr:  79.98, Acc-val:  76.24, L-tr: 0.6141, L-val: 0.7708
096: Acc-tr:  79.83, Acc-val:  76.03, L-tr: 0.6200, L-val: 0.7787
097: Acc-tr:  79.75, Acc-val:  75.96, L-tr: 0.6255, L-val: 0.7833
098: Acc-tr:  79.70, Acc-val:  75.93, L-tr: 0.6272, L-val: 0.7858
099: Acc-tr:  79.89, Acc-val:  76.08, L-tr: 0.6181, L-val: 0.7755
