Number of parameters: 77850
/scratch/cm6627/diffeo_cnn/experiment/009_RandomLabels_WideResNet/./fitting-random-labels/train.py:166: UserWarning: volatile was removed and now has no effect. Use `with torch.no_grad():` instead.
  input_var = torch.autograd.Variable(input, volatile=True)
/scratch/cm6627/diffeo_cnn/experiment/009_RandomLabels_WideResNet/./fitting-random-labels/train.py:167: UserWarning: volatile was removed and now has no effect. Use `with torch.no_grad():` instead.
  target_var = torch.autograd.Variable(target, volatile=True)
000: Acc-tr:  43.83, Acc-val:  43.28, L-tr: 1.5787, L-val: 1.5778
001: Acc-tr:  62.69, Acc-val:  61.99, L-tr: 1.0340, L-val: 1.0575
002: Acc-tr:  60.89, Acc-val:  60.22, L-tr: 1.1061, L-val: 1.1343
003: Acc-tr:  65.31, Acc-val:  64.04, L-tr: 1.0078, L-val: 1.0600
004: Acc-tr:  67.53, Acc-val:  65.73, L-tr: 0.9404, L-val: 1.0029
005: Acc-tr:  70.59, Acc-val:  68.77, L-tr: 0.8306, L-val: 0.9088
006: Acc-tr:  72.42, Acc-val:  69.49, L-tr: 0.7822, L-val: 0.8719
007: Acc-tr:  75.20, Acc-val:  72.13, L-tr: 0.7058, L-val: 0.8004
008: Acc-tr:  76.88, Acc-val:  73.72, L-tr: 0.6619, L-val: 0.7851
009: Acc-tr:  78.08, Acc-val:  74.49, L-tr: 0.6160, L-val: 0.7425
010: Acc-tr:  73.02, Acc-val:  69.49, L-tr: 0.8286, L-val: 0.9871
011: Acc-tr:  81.32, Acc-val:  76.49, L-tr: 0.5356, L-val: 0.6927
012: Acc-tr:  80.45, Acc-val:  75.84, L-tr: 0.5433, L-val: 0.7032
013: Acc-tr:  82.15, Acc-val:  76.89, L-tr: 0.5073, L-val: 0.6775
014: Acc-tr:  79.39, Acc-val:  74.75, L-tr: 0.6000, L-val: 0.7878
015: Acc-tr:  77.77, Acc-val:  73.30, L-tr: 0.6372, L-val: 0.8310
016: Acc-tr:  82.32, Acc-val:  76.71, L-tr: 0.5052, L-val: 0.6964
017: Acc-tr:  80.48, Acc-val:  74.93, L-tr: 0.5514, L-val: 0.7665
018: Acc-tr:  80.17, Acc-val:  74.28, L-tr: 0.5502, L-val: 0.7778
019: Acc-tr:  80.97, Acc-val:  75.71, L-tr: 0.5538, L-val: 0.7818
020: Acc-tr:  90.24, Acc-val:  81.97, L-tr: 0.2930, L-val: 0.5316
021: Acc-tr:  90.54, Acc-val:  82.13, L-tr: 0.2833, L-val: 0.5327
022: Acc-tr:  90.75, Acc-val:  81.95, L-tr: 0.2779, L-val: 0.5391
023: Acc-tr:  90.91, Acc-val:  81.78, L-tr: 0.2729, L-val: 0.5428
024: Acc-tr:  91.29, Acc-val:  81.99, L-tr: 0.2629, L-val: 0.5358
025: Acc-tr:  91.78, Acc-val:  82.69, L-tr: 0.2498, L-val: 0.5316
026: Acc-tr:  91.66, Acc-val:  82.67, L-tr: 0.2503, L-val: 0.5358
027: Acc-tr:  91.74, Acc-val:  82.24, L-tr: 0.2492, L-val: 0.5382
028: Acc-tr:  91.53, Acc-val:  81.81, L-tr: 0.2529, L-val: 0.5538
029: Acc-tr:  92.19, Acc-val:  82.66, L-tr: 0.2367, L-val: 0.5417
030: Acc-tr:  91.86, Acc-val:  82.01, L-tr: 0.2436, L-val: 0.5512
031: Acc-tr:  91.85, Acc-val:  82.10, L-tr: 0.2443, L-val: 0.5577
032: Acc-tr:  92.53, Acc-val:  82.18, L-tr: 0.2303, L-val: 0.5445
033: Acc-tr:  92.33, Acc-val:  82.29, L-tr: 0.2305, L-val: 0.5565
034: Acc-tr:  92.72, Acc-val:  82.36, L-tr: 0.2222, L-val: 0.5488
035: Acc-tr:  92.65, Acc-val:  81.83, L-tr: 0.2262, L-val: 0.5561
036: Acc-tr:  93.31, Acc-val:  82.46, L-tr: 0.2113, L-val: 0.5453
037: Acc-tr:  93.01, Acc-val:  82.42, L-tr: 0.2148, L-val: 0.5539
038: Acc-tr:  93.21, Acc-val:  82.34, L-tr: 0.2094, L-val: 0.5544
039: Acc-tr:  92.82, Acc-val:  82.16, L-tr: 0.2170, L-val: 0.5578
040: Acc-tr:  93.56, Acc-val:  82.45, L-tr: 0.2026, L-val: 0.5489
041: Acc-tr:  93.46, Acc-val:  82.23, L-tr: 0.2036, L-val: 0.5517
042: Acc-tr:  93.60, Acc-val:  82.48, L-tr: 0.1998, L-val: 0.5494
043: Acc-tr:  93.47, Acc-val:  82.18, L-tr: 0.2035, L-val: 0.5532
044: Acc-tr:  93.54, Acc-val:  82.36, L-tr: 0.2006, L-val: 0.5516
045: Acc-tr:  93.65, Acc-val:  82.46, L-tr: 0.1990, L-val: 0.5493
046: Acc-tr:  93.55, Acc-val:  82.23, L-tr: 0.2012, L-val: 0.5527
047: Acc-tr:  93.67, Acc-val:  82.41, L-tr: 0.1978, L-val: 0.5503
048: Acc-tr:  93.65, Acc-val:  82.32, L-tr: 0.1982, L-val: 0.5514
049: Acc-tr:  93.55, Acc-val:  82.15, L-tr: 0.2010, L-val: 0.5534
050: Acc-tr:  93.61, Acc-val:  82.17, L-tr: 0.1988, L-val: 0.5527
051: Acc-tr:  93.70, Acc-val:  82.38, L-tr: 0.1967, L-val: 0.5520
052: Acc-tr:  93.79, Acc-val:  82.53, L-tr: 0.1960, L-val: 0.5522
053: Acc-tr:  93.65, Acc-val:  82.26, L-tr: 0.1986, L-val: 0.5544
054: Acc-tr:  93.72, Acc-val:  82.27, L-tr: 0.1969, L-val: 0.5530
055: Acc-tr:  93.63, Acc-val:  82.21, L-tr: 0.1986, L-val: 0.5554
056: Acc-tr:  93.71, Acc-val:  82.44, L-tr: 0.1966, L-val: 0.5530
057: Acc-tr:  93.73, Acc-val:  82.42, L-tr: 0.1956, L-val: 0.5535
058: Acc-tr:  93.63, Acc-val:  82.19, L-tr: 0.1994, L-val: 0.5553
059: Acc-tr:  93.83, Acc-val:  82.48, L-tr: 0.1936, L-val: 0.5555
060: Acc-tr:  93.87, Acc-val:  82.41, L-tr: 0.1924, L-val: 0.5532
061: Acc-tr:  93.63, Acc-val:  82.26, L-tr: 0.1977, L-val: 0.5568
062: Acc-tr:  93.70, Acc-val:  82.36, L-tr: 0.1959, L-val: 0.5562
063: Acc-tr:  93.92, Acc-val:  82.48, L-tr: 0.1923, L-val: 0.5528
064: Acc-tr:  93.65, Acc-val:  82.46, L-tr: 0.1966, L-val: 0.5572
065: Acc-tr:  93.80, Acc-val:  82.31, L-tr: 0.1943, L-val: 0.5536
066: Acc-tr:  93.80, Acc-val:  82.39, L-tr: 0.1942, L-val: 0.5532
067: Acc-tr:  93.89, Acc-val:  82.47, L-tr: 0.1920, L-val: 0.5527
068: Acc-tr:  93.77, Acc-val:  82.43, L-tr: 0.1948, L-val: 0.5563
069: Acc-tr:  93.76, Acc-val:  82.27, L-tr: 0.1955, L-val: 0.5544
070: Acc-tr:  93.86, Acc-val:  82.41, L-tr: 0.1939, L-val: 0.5533
071: Acc-tr:  93.96, Acc-val:  82.45, L-tr: 0.1927, L-val: 0.5528
072: Acc-tr:  93.81, Acc-val:  82.48, L-tr: 0.1947, L-val: 0.5540
073: Acc-tr:  93.78, Acc-val:  82.41, L-tr: 0.1947, L-val: 0.5540
074: Acc-tr:  93.84, Acc-val:  82.58, L-tr: 0.1935, L-val: 0.5548
075: Acc-tr:  93.86, Acc-val:  82.34, L-tr: 0.1936, L-val: 0.5525
076: Acc-tr:  93.82, Acc-val:  82.32, L-tr: 0.1951, L-val: 0.5557
077: Acc-tr:  93.82, Acc-val:  82.57, L-tr: 0.1931, L-val: 0.5530
078: Acc-tr:  93.75, Acc-val:  82.39, L-tr: 0.1955, L-val: 0.5540
079: Acc-tr:  93.82, Acc-val:  82.38, L-tr: 0.1933, L-val: 0.5541
080: Acc-tr:  93.73, Acc-val:  82.50, L-tr: 0.1944, L-val: 0.5546
081: Acc-tr:  93.73, Acc-val:  82.29, L-tr: 0.1957, L-val: 0.5546
082: Acc-tr:  93.85, Acc-val:  82.47, L-tr: 0.1941, L-val: 0.5532
083: Acc-tr:  93.87, Acc-val:  82.60, L-tr: 0.1925, L-val: 0.5531
084: Acc-tr:  93.71, Acc-val:  82.45, L-tr: 0.1954, L-val: 0.5566
085: Acc-tr:  93.80, Acc-val:  82.37, L-tr: 0.1956, L-val: 0.5556
086: Acc-tr:  93.72, Acc-val:  82.41, L-tr: 0.1962, L-val: 0.5556
087: Acc-tr:  93.74, Acc-val:  82.26, L-tr: 0.1964, L-val: 0.5554
088: Acc-tr:  93.78, Acc-val:  82.50, L-tr: 0.1943, L-val: 0.5559
089: Acc-tr:  93.88, Acc-val:  82.57, L-tr: 0.1920, L-val: 0.5533
090: Acc-tr:  93.77, Acc-val:  82.47, L-tr: 0.1948, L-val: 0.5546
091: Acc-tr:  93.84, Acc-val:  82.38, L-tr: 0.1938, L-val: 0.5534
092: Acc-tr:  93.84, Acc-val:  82.28, L-tr: 0.1948, L-val: 0.5549
093: Acc-tr:  93.83, Acc-val:  82.34, L-tr: 0.1941, L-val: 0.5541
094: Acc-tr:  93.60, Acc-val:  82.27, L-tr: 0.1980, L-val: 0.5568
095: Acc-tr:  93.67, Acc-val:  82.27, L-tr: 0.1971, L-val: 0.5570
096: Acc-tr:  93.73, Acc-val:  82.35, L-tr: 0.1969, L-val: 0.5566
097: Acc-tr:  93.81, Acc-val:  82.56, L-tr: 0.1933, L-val: 0.5537
098: Acc-tr:  93.74, Acc-val:  82.48, L-tr: 0.1944, L-val: 0.5551
099: Acc-tr:  93.65, Acc-val:  82.05, L-tr: 0.1990, L-val: 0.5571
