Number of parameters: 77850
/scratch/cm6627/diffeo_cnn/experiment/009_RandomLabels_WideResNet/./fitting-random-labels/train.py:166: UserWarning: volatile was removed and now has no effect. Use `with torch.no_grad():` instead.
  input_var = torch.autograd.Variable(input, volatile=True)
/scratch/cm6627/diffeo_cnn/experiment/009_RandomLabels_WideResNet/./fitting-random-labels/train.py:167: UserWarning: volatile was removed and now has no effect. Use `with torch.no_grad():` instead.
  target_var = torch.autograd.Variable(target, volatile=True)
000: Acc-tr:  52.91, Acc-val:  52.33, L-tr: 1.3086, L-val: 1.3360
001: Acc-tr:  61.48, Acc-val:  60.55, L-tr: 1.0555, L-val: 1.0926
002: Acc-tr:  66.24, Acc-val:  64.51, L-tr: 0.9483, L-val: 0.9983
003: Acc-tr:  65.34, Acc-val:  63.70, L-tr: 1.0105, L-val: 1.0746
004: Acc-tr:  68.41, Acc-val:  66.88, L-tr: 0.9066, L-val: 0.9752
005: Acc-tr:  70.00, Acc-val:  67.68, L-tr: 0.8611, L-val: 0.9521
006: Acc-tr:  73.11, Acc-val:  70.55, L-tr: 0.7536, L-val: 0.8471
007: Acc-tr:  75.15, Acc-val:  72.43, L-tr: 0.7243, L-val: 0.8197
008: Acc-tr:  77.15, Acc-val:  74.40, L-tr: 0.6720, L-val: 0.7757
009: Acc-tr:  76.78, Acc-val:  73.47, L-tr: 0.6638, L-val: 0.7836
010: Acc-tr:  80.20, Acc-val:  76.60, L-tr: 0.5625, L-val: 0.6694
011: Acc-tr:  79.88, Acc-val:  76.83, L-tr: 0.5825, L-val: 0.7032
012: Acc-tr:  80.68, Acc-val:  76.64, L-tr: 0.5559, L-val: 0.6968
013: Acc-tr:  78.16, Acc-val:  75.00, L-tr: 0.6199, L-val: 0.7481
014: Acc-tr:  78.14, Acc-val:  74.19, L-tr: 0.6297, L-val: 0.7801
015: Acc-tr:  80.51, Acc-val:  76.39, L-tr: 0.5604, L-val: 0.7056
016: Acc-tr:  77.00, Acc-val:  73.69, L-tr: 0.7002, L-val: 0.8613
017: Acc-tr:  82.62, Acc-val:  78.13, L-tr: 0.4923, L-val: 0.6581
018: Acc-tr:  82.79, Acc-val:  78.10, L-tr: 0.4920, L-val: 0.6651
019: Acc-tr:  82.43, Acc-val:  77.71, L-tr: 0.5200, L-val: 0.6979
020: Acc-tr:  87.54, Acc-val:  81.91, L-tr: 0.3576, L-val: 0.5509
021: Acc-tr:  88.49, Acc-val:  82.54, L-tr: 0.3299, L-val: 0.5289
022: Acc-tr:  88.03, Acc-val:  82.03, L-tr: 0.3434, L-val: 0.5525
023: Acc-tr:  88.02, Acc-val:  81.92, L-tr: 0.3427, L-val: 0.5643
024: Acc-tr:  88.82, Acc-val:  82.45, L-tr: 0.3221, L-val: 0.5451
025: Acc-tr:  88.92, Acc-val:  82.28, L-tr: 0.3192, L-val: 0.5468
026: Acc-tr:  89.23, Acc-val:  82.38, L-tr: 0.3108, L-val: 0.5429
027: Acc-tr:  89.24, Acc-val:  82.60, L-tr: 0.3060, L-val: 0.5436
028: Acc-tr:  89.30, Acc-val:  82.31, L-tr: 0.3055, L-val: 0.5419
029: Acc-tr:  88.76, Acc-val:  82.03, L-tr: 0.3193, L-val: 0.5640
030: Acc-tr:  89.25, Acc-val:  82.18, L-tr: 0.3070, L-val: 0.5556
031: Acc-tr:  88.98, Acc-val:  82.17, L-tr: 0.3156, L-val: 0.5629
032: Acc-tr:  90.00, Acc-val:  82.61, L-tr: 0.2878, L-val: 0.5386
033: Acc-tr:  90.45, Acc-val:  82.98, L-tr: 0.2764, L-val: 0.5287
034: Acc-tr:  89.93, Acc-val:  82.62, L-tr: 0.2895, L-val: 0.5483
035: Acc-tr:  89.39, Acc-val:  82.13, L-tr: 0.3024, L-val: 0.5666
036: Acc-tr:  90.18, Acc-val:  82.26, L-tr: 0.2839, L-val: 0.5517
037: Acc-tr:  89.90, Acc-val:  82.07, L-tr: 0.2883, L-val: 0.5603
038: Acc-tr:  90.74, Acc-val:  82.76, L-tr: 0.2664, L-val: 0.5409
039: Acc-tr:  90.24, Acc-val:  82.40, L-tr: 0.2783, L-val: 0.5567
040: Acc-tr:  90.94, Acc-val:  82.90, L-tr: 0.2613, L-val: 0.5382
041: Acc-tr:  91.09, Acc-val:  83.06, L-tr: 0.2568, L-val: 0.5308
042: Acc-tr:  91.13, Acc-val:  82.99, L-tr: 0.2568, L-val: 0.5340
043: Acc-tr:  90.96, Acc-val:  82.81, L-tr: 0.2611, L-val: 0.5366
044: Acc-tr:  91.22, Acc-val:  82.94, L-tr: 0.2548, L-val: 0.5336
045: Acc-tr:  91.13, Acc-val:  83.08, L-tr: 0.2566, L-val: 0.5362
046: Acc-tr:  91.00, Acc-val:  82.92, L-tr: 0.2596, L-val: 0.5411
047: Acc-tr:  91.28, Acc-val:  83.22, L-tr: 0.2530, L-val: 0.5320
048: Acc-tr:  91.30, Acc-val:  83.05, L-tr: 0.2518, L-val: 0.5333
049: Acc-tr:  91.20, Acc-val:  83.18, L-tr: 0.2550, L-val: 0.5358
050: Acc-tr:  91.31, Acc-val:  83.16, L-tr: 0.2508, L-val: 0.5336
051: Acc-tr:  91.31, Acc-val:  83.10, L-tr: 0.2512, L-val: 0.5322
052: Acc-tr:  91.11, Acc-val:  83.11, L-tr: 0.2563, L-val: 0.5370
053: Acc-tr:  91.22, Acc-val:  83.05, L-tr: 0.2556, L-val: 0.5397
054: Acc-tr:  91.15, Acc-val:  83.09, L-tr: 0.2570, L-val: 0.5420
055: Acc-tr:  91.30, Acc-val:  83.01, L-tr: 0.2518, L-val: 0.5349
056: Acc-tr:  91.29, Acc-val:  83.12, L-tr: 0.2513, L-val: 0.5326
057: Acc-tr:  91.49, Acc-val:  83.20, L-tr: 0.2473, L-val: 0.5294
058: Acc-tr:  91.31, Acc-val:  83.18, L-tr: 0.2517, L-val: 0.5355
059: Acc-tr:  91.56, Acc-val:  83.33, L-tr: 0.2459, L-val: 0.5294
060: Acc-tr:  91.51, Acc-val:  83.19, L-tr: 0.2465, L-val: 0.5307
061: Acc-tr:  91.48, Acc-val:  83.20, L-tr: 0.2477, L-val: 0.5307
062: Acc-tr:  91.47, Acc-val:  83.11, L-tr: 0.2473, L-val: 0.5327
063: Acc-tr:  91.30, Acc-val:  83.05, L-tr: 0.2521, L-val: 0.5374
064: Acc-tr:  91.41, Acc-val:  83.14, L-tr: 0.2490, L-val: 0.5339
065: Acc-tr:  91.46, Acc-val:  83.09, L-tr: 0.2480, L-val: 0.5305
066: Acc-tr:  91.56, Acc-val:  83.29, L-tr: 0.2443, L-val: 0.5284
067: Acc-tr:  91.48, Acc-val:  83.26, L-tr: 0.2459, L-val: 0.5320
068: Acc-tr:  91.51, Acc-val:  83.23, L-tr: 0.2454, L-val: 0.5269
069: Acc-tr:  91.44, Acc-val:  83.22, L-tr: 0.2483, L-val: 0.5342
070: Acc-tr:  91.44, Acc-val:  83.15, L-tr: 0.2483, L-val: 0.5354
071: Acc-tr:  91.45, Acc-val:  83.18, L-tr: 0.2464, L-val: 0.5285
072: Acc-tr:  91.33, Acc-val:  83.12, L-tr: 0.2509, L-val: 0.5363
073: Acc-tr:  91.38, Acc-val:  83.11, L-tr: 0.2497, L-val: 0.5342
074: Acc-tr:  91.38, Acc-val:  83.09, L-tr: 0.2494, L-val: 0.5354
075: Acc-tr:  91.31, Acc-val:  83.09, L-tr: 0.2516, L-val: 0.5368
076: Acc-tr:  91.26, Acc-val:  83.11, L-tr: 0.2543, L-val: 0.5397
077: Acc-tr:  91.36, Acc-val:  83.15, L-tr: 0.2507, L-val: 0.5353
078: Acc-tr:  91.50, Acc-val:  83.24, L-tr: 0.2478, L-val: 0.5330
079: Acc-tr:  91.43, Acc-val:  83.27, L-tr: 0.2486, L-val: 0.5346
080: Acc-tr:  91.45, Acc-val:  83.22, L-tr: 0.2480, L-val: 0.5332
081: Acc-tr:  91.38, Acc-val:  83.15, L-tr: 0.2493, L-val: 0.5350
082: Acc-tr:  91.36, Acc-val:  83.17, L-tr: 0.2511, L-val: 0.5357
083: Acc-tr:  91.47, Acc-val:  83.09, L-tr: 0.2489, L-val: 0.5336
084: Acc-tr:  91.37, Acc-val:  83.11, L-tr: 0.2500, L-val: 0.5332
085: Acc-tr:  91.54, Acc-val:  83.17, L-tr: 0.2458, L-val: 0.5296
086: Acc-tr:  91.35, Acc-val:  83.20, L-tr: 0.2509, L-val: 0.5347
087: Acc-tr:  91.29, Acc-val:  83.11, L-tr: 0.2520, L-val: 0.5395
088: Acc-tr:  91.52, Acc-val:  83.15, L-tr: 0.2455, L-val: 0.5290
089: Acc-tr:  91.40, Acc-val:  83.15, L-tr: 0.2506, L-val: 0.5367
090: Acc-tr:  91.31, Acc-val:  83.10, L-tr: 0.2524, L-val: 0.5361
091: Acc-tr:  91.22, Acc-val:  83.08, L-tr: 0.2536, L-val: 0.5389
092: Acc-tr:  91.31, Acc-val:  82.93, L-tr: 0.2514, L-val: 0.5371
093: Acc-tr:  91.41, Acc-val:  83.09, L-tr: 0.2485, L-val: 0.5323
094: Acc-tr:  91.53, Acc-val:  83.16, L-tr: 0.2461, L-val: 0.5296
095: Acc-tr:  91.44, Acc-val:  83.17, L-tr: 0.2491, L-val: 0.5336
096: Acc-tr:  91.43, Acc-val:  83.18, L-tr: 0.2480, L-val: 0.5334
097: Acc-tr:  91.31, Acc-val:  83.03, L-tr: 0.2503, L-val: 0.5321
098: Acc-tr:  91.48, Acc-val:  83.22, L-tr: 0.2477, L-val: 0.5307
099: Acc-tr:  91.26, Acc-val:  83.12, L-tr: 0.2525, L-val: 0.5365
