Number of parameters: 77850
/scratch/cm6627/diffeo_cnn/experiment/009_RandomLabels_WideResNet/./fitting-random-labels/train.py:166: UserWarning: volatile was removed and now has no effect. Use `with torch.no_grad():` instead.
  input_var = torch.autograd.Variable(input, volatile=True)
/scratch/cm6627/diffeo_cnn/experiment/009_RandomLabels_WideResNet/./fitting-random-labels/train.py:167: UserWarning: volatile was removed and now has no effect. Use `with torch.no_grad():` instead.
  target_var = torch.autograd.Variable(target, volatile=True)
000: Acc-tr:  49.32, Acc-val:  49.27, L-tr: 1.4563, L-val: 1.4603
001: Acc-tr:  60.87, Acc-val:  59.32, L-tr: 1.1525, L-val: 1.1834
002: Acc-tr:  67.57, Acc-val:  65.23, L-tr: 0.9060, L-val: 0.9522
003: Acc-tr:  69.04, Acc-val:  67.43, L-tr: 0.8604, L-val: 0.9290
004: Acc-tr:  69.01, Acc-val:  66.59, L-tr: 0.8705, L-val: 0.9524
005: Acc-tr:  73.63, Acc-val:  71.12, L-tr: 0.7488, L-val: 0.8466
006: Acc-tr:  70.62, Acc-val:  67.92, L-tr: 0.8319, L-val: 0.9401
007: Acc-tr:  75.43, Acc-val:  70.84, L-tr: 0.7018, L-val: 0.8558
008: Acc-tr:  67.34, Acc-val:  64.00, L-tr: 0.9320, L-val: 1.0836
009: Acc-tr:  80.40, Acc-val:  75.19, L-tr: 0.5480, L-val: 0.7250
010: Acc-tr:  79.26, Acc-val:  73.71, L-tr: 0.5705, L-val: 0.7516
011: Acc-tr:  80.61, Acc-val:  74.55, L-tr: 0.5439, L-val: 0.7522
012: Acc-tr:  79.31, Acc-val:  72.74, L-tr: 0.6109, L-val: 0.8885
013: Acc-tr:  81.49, Acc-val:  74.49, L-tr: 0.5080, L-val: 0.7755
014: Acc-tr:  85.25, Acc-val:  76.15, L-tr: 0.4290, L-val: 0.7171
015: Acc-tr:  84.08, Acc-val:  75.49, L-tr: 0.4353, L-val: 0.7344
016: Acc-tr:  82.22, Acc-val:  73.49, L-tr: 0.5086, L-val: 0.8464
017: Acc-tr:  82.08, Acc-val:  73.93, L-tr: 0.4875, L-val: 0.8122
018: Acc-tr:  84.54, Acc-val:  75.08, L-tr: 0.4194, L-val: 0.7863
019: Acc-tr:  81.38, Acc-val:  71.69, L-tr: 0.5344, L-val: 0.9329
020: Acc-tr:  94.97, Acc-val:  80.64, L-tr: 0.1814, L-val: 0.6029
021: Acc-tr:  95.60, Acc-val:  80.58, L-tr: 0.1659, L-val: 0.6159
022: Acc-tr:  96.09, Acc-val:  80.14, L-tr: 0.1555, L-val: 0.6227
023: Acc-tr:  96.18, Acc-val:  80.16, L-tr: 0.1486, L-val: 0.6363
024: Acc-tr:  96.61, Acc-val:  80.18, L-tr: 0.1386, L-val: 0.6389
025: Acc-tr:  96.77, Acc-val:  80.09, L-tr: 0.1347, L-val: 0.6530
026: Acc-tr:  96.41, Acc-val:  79.81, L-tr: 0.1363, L-val: 0.6760
027: Acc-tr:  97.01, Acc-val:  79.73, L-tr: 0.1258, L-val: 0.6699
028: Acc-tr:  97.46, Acc-val:  79.87, L-tr: 0.1168, L-val: 0.6785
029: Acc-tr:  97.49, Acc-val:  79.97, L-tr: 0.1129, L-val: 0.6850
030: Acc-tr:  97.48, Acc-val:  79.49, L-tr: 0.1134, L-val: 0.7037
031: Acc-tr:  97.97, Acc-val:  79.62, L-tr: 0.1041, L-val: 0.7047
032: Acc-tr:  97.93, Acc-val:  79.06, L-tr: 0.1021, L-val: 0.7178
033: Acc-tr:  98.05, Acc-val:  79.36, L-tr: 0.0982, L-val: 0.7272
034: Acc-tr:  98.15, Acc-val:  79.27, L-tr: 0.0938, L-val: 0.7300
035: Acc-tr:  98.31, Acc-val:  79.32, L-tr: 0.0913, L-val: 0.7409
036: Acc-tr:  98.09, Acc-val:  79.03, L-tr: 0.0934, L-val: 0.7564
037: Acc-tr:  98.49, Acc-val:  79.06, L-tr: 0.0855, L-val: 0.7600
038: Acc-tr:  98.39, Acc-val:  78.67, L-tr: 0.0853, L-val: 0.7720
039: Acc-tr:  98.62, Acc-val:  78.99, L-tr: 0.0801, L-val: 0.7823
040: Acc-tr:  99.01, Acc-val:  79.15, L-tr: 0.0724, L-val: 0.7724
041: Acc-tr:  99.04, Acc-val:  79.09, L-tr: 0.0722, L-val: 0.7725
042: Acc-tr:  99.10, Acc-val:  79.12, L-tr: 0.0711, L-val: 0.7748
043: Acc-tr:  99.06, Acc-val:  78.98, L-tr: 0.0712, L-val: 0.7748
044: Acc-tr:  99.03, Acc-val:  79.11, L-tr: 0.0715, L-val: 0.7733
045: Acc-tr:  99.13, Acc-val:  78.90, L-tr: 0.0697, L-val: 0.7787
046: Acc-tr:  99.09, Acc-val:  78.96, L-tr: 0.0697, L-val: 0.7781
047: Acc-tr:  99.11, Acc-val:  79.17, L-tr: 0.0696, L-val: 0.7779
048: Acc-tr:  99.14, Acc-val:  78.86, L-tr: 0.0691, L-val: 0.7818
049: Acc-tr:  99.13, Acc-val:  78.82, L-tr: 0.0690, L-val: 0.7818
050: Acc-tr:  99.14, Acc-val:  78.89, L-tr: 0.0685, L-val: 0.7837
051: Acc-tr:  99.14, Acc-val:  78.92, L-tr: 0.0686, L-val: 0.7830
052: Acc-tr:  99.18, Acc-val:  79.04, L-tr: 0.0682, L-val: 0.7837
053: Acc-tr:  99.19, Acc-val:  78.90, L-tr: 0.0676, L-val: 0.7854
054: Acc-tr:  99.19, Acc-val:  78.89, L-tr: 0.0674, L-val: 0.7860
055: Acc-tr:  99.20, Acc-val:  78.79, L-tr: 0.0670, L-val: 0.7900
056: Acc-tr:  99.19, Acc-val:  78.76, L-tr: 0.0665, L-val: 0.7889
057: Acc-tr:  99.20, Acc-val:  78.82, L-tr: 0.0660, L-val: 0.7935
058: Acc-tr:  99.23, Acc-val:  78.67, L-tr: 0.0659, L-val: 0.7939
059: Acc-tr:  99.24, Acc-val:  78.75, L-tr: 0.0658, L-val: 0.7917
060: Acc-tr:  99.24, Acc-val:  78.70, L-tr: 0.0658, L-val: 0.7944
061: Acc-tr:  99.25, Acc-val:  78.76, L-tr: 0.0655, L-val: 0.7933
062: Acc-tr:  99.23, Acc-val:  78.77, L-tr: 0.0655, L-val: 0.7941
063: Acc-tr:  99.24, Acc-val:  78.80, L-tr: 0.0656, L-val: 0.7928
064: Acc-tr:  99.18, Acc-val:  78.77, L-tr: 0.0656, L-val: 0.7946
065: Acc-tr:  99.25, Acc-val:  78.88, L-tr: 0.0657, L-val: 0.7918
066: Acc-tr:  99.23, Acc-val:  78.83, L-tr: 0.0658, L-val: 0.7913
067: Acc-tr:  99.24, Acc-val:  78.72, L-tr: 0.0650, L-val: 0.7939
068: Acc-tr:  99.26, Acc-val:  78.74, L-tr: 0.0650, L-val: 0.7941
069: Acc-tr:  99.24, Acc-val:  78.75, L-tr: 0.0652, L-val: 0.7954
070: Acc-tr:  99.22, Acc-val:  78.85, L-tr: 0.0652, L-val: 0.7943
071: Acc-tr:  99.20, Acc-val:  78.92, L-tr: 0.0660, L-val: 0.7912
072: Acc-tr:  99.23, Acc-val:  78.89, L-tr: 0.0650, L-val: 0.7950
073: Acc-tr:  99.23, Acc-val:  78.78, L-tr: 0.0651, L-val: 0.7942
074: Acc-tr:  99.24, Acc-val:  78.80, L-tr: 0.0653, L-val: 0.7936
075: Acc-tr:  99.24, Acc-val:  78.76, L-tr: 0.0654, L-val: 0.7923
076: Acc-tr:  99.23, Acc-val:  78.82, L-tr: 0.0655, L-val: 0.7918
077: Acc-tr:  99.23, Acc-val:  78.80, L-tr: 0.0656, L-val: 0.7962
078: Acc-tr:  99.23, Acc-val:  78.81, L-tr: 0.0654, L-val: 0.7919
079: Acc-tr:  99.25, Acc-val:  78.81, L-tr: 0.0652, L-val: 0.7919
080: Acc-tr:  99.23, Acc-val:  78.97, L-tr: 0.0656, L-val: 0.7934
081: Acc-tr:  99.24, Acc-val:  78.76, L-tr: 0.0656, L-val: 0.7916
082: Acc-tr:  99.23, Acc-val:  78.86, L-tr: 0.0661, L-val: 0.7919
083: Acc-tr:  99.23, Acc-val:  78.94, L-tr: 0.0658, L-val: 0.7914
084: Acc-tr:  99.23, Acc-val:  78.86, L-tr: 0.0651, L-val: 0.7939
085: Acc-tr:  99.23, Acc-val:  78.80, L-tr: 0.0654, L-val: 0.7911
086: Acc-tr:  99.23, Acc-val:  78.83, L-tr: 0.0653, L-val: 0.7931
087: Acc-tr:  99.25, Acc-val:  78.88, L-tr: 0.0653, L-val: 0.7930
088: Acc-tr:  99.24, Acc-val:  78.78, L-tr: 0.0651, L-val: 0.7944
089: Acc-tr:  99.23, Acc-val:  78.95, L-tr: 0.0656, L-val: 0.7911
090: Acc-tr:  99.26, Acc-val:  78.63, L-tr: 0.0650, L-val: 0.7942
091: Acc-tr:  99.26, Acc-val:  78.63, L-tr: 0.0655, L-val: 0.7954
092: Acc-tr:  99.24, Acc-val:  78.87, L-tr: 0.0659, L-val: 0.7905
093: Acc-tr:  99.24, Acc-val:  78.89, L-tr: 0.0650, L-val: 0.7944
094: Acc-tr:  99.24, Acc-val:  78.72, L-tr: 0.0652, L-val: 0.7933
095: Acc-tr:  99.26, Acc-val:  78.69, L-tr: 0.0654, L-val: 0.7941
096: Acc-tr:  99.19, Acc-val:  78.88, L-tr: 0.0660, L-val: 0.7946
097: Acc-tr:  99.24, Acc-val:  78.79, L-tr: 0.0653, L-val: 0.7957
098: Acc-tr:  99.24, Acc-val:  78.70, L-tr: 0.0654, L-val: 0.7939
099: Acc-tr:  99.24, Acc-val:  78.80, L-tr: 0.0649, L-val: 0.7951
