Number of parameters: 369498
/scratch/cm6627/diffeo_cnn/experiment/006_RandomLabels/./fitting-random-labels/train.py:161: UserWarning: volatile was removed and now has no effect. Use `with torch.no_grad():` instead.
  input_var = torch.autograd.Variable(input, volatile=True)
/scratch/cm6627/diffeo_cnn/experiment/006_RandomLabels/./fitting-random-labels/train.py:162: UserWarning: volatile was removed and now has no effect. Use `with torch.no_grad():` instead.
  target_var = torch.autograd.Variable(target, volatile=True)
000: Acc-tr:  10.56, Acc-val:   9.68, L-tr: 2.3054, L-val: 2.3059
001: Acc-tr:  10.30, Acc-val:  10.14, L-tr: 2.3037, L-val: 2.3057
002: Acc-tr:  10.76, Acc-val:  10.17, L-tr: 2.3028, L-val: 2.3047
003: Acc-tr:  10.55, Acc-val:   9.72, L-tr: 2.3028, L-val: 2.3058
004: Acc-tr:  10.82, Acc-val:   9.98, L-tr: 2.3014, L-val: 2.3056
005: Acc-tr:  11.36, Acc-val:  10.23, L-tr: 2.2993, L-val: 2.3041
006: Acc-tr:  11.37, Acc-val:   9.73, L-tr: 2.3014, L-val: 2.3063
007: Acc-tr:  10.60, Acc-val:   9.97, L-tr: 2.2990, L-val: 2.3063
008: Acc-tr:  12.30, Acc-val:   9.81, L-tr: 2.2958, L-val: 2.3062
009: Acc-tr:  12.86, Acc-val:   9.97, L-tr: 2.2930, L-val: 2.3070
010: Acc-tr:  12.65, Acc-val:  10.08, L-tr: 2.2937, L-val: 2.3125
011: Acc-tr:  12.84, Acc-val:  10.53, L-tr: 2.2940, L-val: 2.3129
012: Acc-tr:  13.13, Acc-val:   9.62, L-tr: 2.2873, L-val: 2.3168
013: Acc-tr:  13.01, Acc-val:   9.99, L-tr: 2.2841, L-val: 2.3226
014: Acc-tr:  14.35, Acc-val:   9.92, L-tr: 2.2750, L-val: 2.3220
015: Acc-tr:  14.50, Acc-val:  10.17, L-tr: 2.2800, L-val: 2.3313
016: Acc-tr:  14.93, Acc-val:   9.52, L-tr: 2.2683, L-val: 2.3227
017: Acc-tr:  17.71, Acc-val:  10.10, L-tr: 2.2387, L-val: 2.3311
018: Acc-tr:  17.92, Acc-val:   9.63, L-tr: 2.2308, L-val: 2.3424
019: Acc-tr:  17.67, Acc-val:  10.23, L-tr: 2.2288, L-val: 2.3437
020: Acc-tr:  18.44, Acc-val:   9.75, L-tr: 2.2062, L-val: 2.3678
021: Acc-tr:  20.67, Acc-val:   9.95, L-tr: 2.1867, L-val: 2.3593
022: Acc-tr:  18.05, Acc-val:  10.13, L-tr: 2.2353, L-val: 2.4717
023: Acc-tr:  25.00, Acc-val:   9.80, L-tr: 2.1028, L-val: 2.4101
024: Acc-tr:  25.87, Acc-val:   9.82, L-tr: 2.1090, L-val: 2.5194
025: Acc-tr:  25.03, Acc-val:   9.97, L-tr: 2.0965, L-val: 2.5414
026: Acc-tr:  28.22, Acc-val:  10.04, L-tr: 2.0364, L-val: 2.4727
027: Acc-tr:  22.63, Acc-val:  10.22, L-tr: 2.0944, L-val: 2.6579
028: Acc-tr:  29.51, Acc-val:  10.18, L-tr: 1.9776, L-val: 2.6882
029: Acc-tr:  31.89, Acc-val:   9.55, L-tr: 1.8875, L-val: 2.6966
030: Acc-tr:  33.70, Acc-val:   9.83, L-tr: 1.8884, L-val: 2.7867
031: Acc-tr:  36.96, Acc-val:   9.72, L-tr: 1.7793, L-val: 2.8757
032: Acc-tr:  34.68, Acc-val:  10.17, L-tr: 1.8349, L-val: 2.9761
033: Acc-tr:  29.07, Acc-val:  10.17, L-tr: 2.0195, L-val: 3.4415
034: Acc-tr:  48.03, Acc-val:  10.06, L-tr: 1.5409, L-val: 2.8637
035: Acc-tr:  35.89, Acc-val:   9.88, L-tr: 1.8337, L-val: 3.3849
036: Acc-tr:  45.06, Acc-val:  10.09, L-tr: 1.5720, L-val: 3.2304
037: Acc-tr:  43.49, Acc-val:   9.96, L-tr: 1.6544, L-val: 3.6473
038: Acc-tr:  48.59, Acc-val:   9.62, L-tr: 1.4771, L-val: 3.1828
039: Acc-tr:  51.71, Acc-val:   9.38, L-tr: 1.3797, L-val: 3.3729
040: Acc-tr:  42.79, Acc-val:  10.08, L-tr: 1.6574, L-val: 4.0067
041: Acc-tr:  53.78, Acc-val:   9.68, L-tr: 1.3416, L-val: 3.7491
042: Acc-tr:  57.95, Acc-val:  10.34, L-tr: 1.2536, L-val: 3.6077
043: Acc-tr:  52.94, Acc-val:   9.96, L-tr: 1.3436, L-val: 3.7936
044: Acc-tr:  45.95, Acc-val:   9.66, L-tr: 1.6265, L-val: 4.2860
045: Acc-tr:  49.50, Acc-val:  10.43, L-tr: 1.4668, L-val: 4.2615
046: Acc-tr:  62.86, Acc-val:  10.73, L-tr: 1.1047, L-val: 3.7759
047: Acc-tr:  64.41, Acc-val:   9.88, L-tr: 1.0419, L-val: 3.8130
048: Acc-tr:  58.40, Acc-val:  10.19, L-tr: 1.1857, L-val: 4.3433
049: Acc-tr:  67.73, Acc-val:  10.56, L-tr: 0.9542, L-val: 3.8437
050: Acc-tr:  67.60, Acc-val:   9.83, L-tr: 0.9495, L-val: 4.0778
051: Acc-tr:  62.44, Acc-val:  10.02, L-tr: 1.0988, L-val: 4.4960
052: Acc-tr:  61.61, Acc-val:   9.97, L-tr: 1.0821, L-val: 4.1965
053: Acc-tr:  57.97, Acc-val:  10.43, L-tr: 1.2806, L-val: 4.9150
054: Acc-tr:  62.98, Acc-val:   9.76, L-tr: 1.0677, L-val: 4.2972
055: Acc-tr:  69.83, Acc-val:   9.61, L-tr: 0.9226, L-val: 4.7945
056: Acc-tr:  51.39, Acc-val:  10.61, L-tr: 1.5516, L-val: 5.3784
057: Acc-tr:  70.54, Acc-val:  10.12, L-tr: 0.8669, L-val: 4.6672
058: Acc-tr:  69.07, Acc-val:  10.43, L-tr: 0.8823, L-val: 4.2138
059: Acc-tr:  53.45, Acc-val:   9.76, L-tr: 1.5534, L-val: 5.7033
060: Acc-tr:  65.88, Acc-val:   9.79, L-tr: 0.9952, L-val: 4.6877
061: Acc-tr:  63.34, Acc-val:   9.88, L-tr: 1.0521, L-val: 4.9151
062: Acc-tr:  68.53, Acc-val:   9.97, L-tr: 0.9155, L-val: 4.8294
063: Acc-tr:  63.92, Acc-val:  10.34, L-tr: 1.0628, L-val: 4.9039
064: Acc-tr:  71.10, Acc-val:   9.91, L-tr: 0.8266, L-val: 4.7177
065: Acc-tr:  58.25, Acc-val:  10.08, L-tr: 1.3105, L-val: 5.6285
066: Acc-tr:  75.84, Acc-val:  10.61, L-tr: 0.7161, L-val: 4.7906
067: Acc-tr:  72.61, Acc-val:   9.88, L-tr: 0.7866, L-val: 4.7190
068: Acc-tr:  67.57, Acc-val:   9.66, L-tr: 0.9675, L-val: 5.3146
069: Acc-tr:  66.96, Acc-val:  10.28, L-tr: 0.9841, L-val: 5.3754
070: Acc-tr:  70.70, Acc-val:  10.19, L-tr: 0.8418, L-val: 4.8812
071: Acc-tr:  70.94, Acc-val:   9.71, L-tr: 0.9033, L-val: 5.0044
072: Acc-tr:  76.48, Acc-val:  10.31, L-tr: 0.6862, L-val: 4.6971
073: Acc-tr:  73.00, Acc-val:  10.13, L-tr: 0.8099, L-val: 5.2701
074: Acc-tr:  60.21, Acc-val:  10.07, L-tr: 1.2131, L-val: 5.5751
075: Acc-tr:  77.12, Acc-val:  10.13, L-tr: 0.6753, L-val: 4.6164
076: Acc-tr:  68.10, Acc-val:  10.90, L-tr: 0.9768, L-val: 5.4945
077: Acc-tr:  72.33, Acc-val:  10.76, L-tr: 0.8049, L-val: 4.7748
078: Acc-tr:  61.94, Acc-val:  11.05, L-tr: 1.2298, L-val: 5.7575
079: Acc-tr:  78.96, Acc-val:   9.99, L-tr: 0.6325, L-val: 4.6615
080: Acc-tr:  78.73, Acc-val:   9.92, L-tr: 0.6238, L-val: 4.9064
081: Acc-tr:  64.77, Acc-val:  10.12, L-tr: 1.1535, L-val: 5.5913
082: Acc-tr:  67.05, Acc-val:   9.85, L-tr: 0.9812, L-val: 5.3949
083: Acc-tr:  66.59, Acc-val:   9.41, L-tr: 0.9633, L-val: 5.2533
084: Acc-tr:  76.05, Acc-val:  10.08, L-tr: 0.7606, L-val: 5.2642
085: Acc-tr:  81.65, Acc-val:   9.95, L-tr: 0.5376, L-val: 5.1246
086: Acc-tr:  62.15, Acc-val:  10.13, L-tr: 1.1316, L-val: 5.5532
087: Acc-tr:  73.03, Acc-val:   9.97, L-tr: 0.7986, L-val: 5.3793
088: Acc-tr:  73.67, Acc-val:  10.25, L-tr: 0.7755, L-val: 5.3105
089: Acc-tr:  61.65, Acc-val:   9.99, L-tr: 1.1604, L-val: 5.5780
090: Acc-tr:  76.29, Acc-val:  10.30, L-tr: 0.7093, L-val: 5.1682
091: Acc-tr:  74.57, Acc-val:  10.55, L-tr: 0.7391, L-val: 5.3763
092: Acc-tr:  54.79, Acc-val:   9.40, L-tr: 1.4567, L-val: 6.4419
093: Acc-tr:  73.29, Acc-val:  10.20, L-tr: 0.7956, L-val: 5.2231
094: Acc-tr:  73.16, Acc-val:  10.20, L-tr: 0.8044, L-val: 5.2953
095: Acc-tr:  67.85, Acc-val:  10.34, L-tr: 0.9469, L-val: 5.7053
096: Acc-tr:  67.36, Acc-val:  10.05, L-tr: 0.9704, L-val: 5.2971
097: Acc-tr:  62.82, Acc-val:  10.01, L-tr: 1.2183, L-val: 5.9597
098: Acc-tr:  79.97, Acc-val:  10.02, L-tr: 0.5901, L-val: 5.3688
099: Acc-tr:  83.56, Acc-val:  10.37, L-tr: 0.4948, L-val: 5.0310
100: Acc-tr:  78.47, Acc-val:  10.37, L-tr: 0.6372, L-val: 5.1856
101: Acc-tr:  74.05, Acc-val:  10.62, L-tr: 0.7489, L-val: 5.0053
102: Acc-tr:  72.52, Acc-val:  10.22, L-tr: 0.8173, L-val: 5.5158
103: Acc-tr:  63.37, Acc-val:   9.95, L-tr: 1.1194, L-val: 5.6549
104: Acc-tr:  71.24, Acc-val:  10.35, L-tr: 0.9391, L-val: 5.7260
105: Acc-tr:  73.94, Acc-val:  10.05, L-tr: 0.7757, L-val: 5.3266
106: Acc-tr:  75.02, Acc-val:  10.08, L-tr: 0.7479, L-val: 5.5981
107: Acc-tr:  76.37, Acc-val:  10.73, L-tr: 0.6918, L-val: 5.2448
108: Acc-tr:  78.21, Acc-val:  10.25, L-tr: 0.6286, L-val: 5.0824
109: Acc-tr:  76.43, Acc-val:  10.59, L-tr: 0.6731, L-val: 5.4424
110: Acc-tr:  74.46, Acc-val:  10.21, L-tr: 0.7478, L-val: 5.4081
111: Acc-tr:  76.02, Acc-val:  10.24, L-tr: 0.7005, L-val: 5.1855
112: Acc-tr:  75.09, Acc-val:  10.22, L-tr: 0.7216, L-val: 5.0969
113: Acc-tr:  60.66, Acc-val:   9.53, L-tr: 1.2689, L-val: 6.2305
114: Acc-tr:  76.65, Acc-val:  10.36, L-tr: 0.6760, L-val: 5.0752
115: Acc-tr:  65.52, Acc-val:  10.15, L-tr: 1.0414, L-val: 5.8647
116: Acc-tr:  75.01, Acc-val:  10.23, L-tr: 0.7310, L-val: 5.4286
117: Acc-tr:  64.95, Acc-val:   9.91, L-tr: 1.1673, L-val: 5.8517
118: Acc-tr:  68.37, Acc-val:  10.39, L-tr: 0.9866, L-val: 6.0839
119: Acc-tr:  75.58, Acc-val:  10.17, L-tr: 0.7097, L-val: 5.5514
120: Acc-tr:  79.62, Acc-val:  10.28, L-tr: 0.6004, L-val: 5.2075
121: Acc-tr:  61.60, Acc-val:  10.09, L-tr: 1.1776, L-val: 6.3249
122: Acc-tr:  78.87, Acc-val:  10.38, L-tr: 0.6197, L-val: 5.3670
123: Acc-tr:  74.78, Acc-val:  10.37, L-tr: 0.7489, L-val: 5.4396
124: Acc-tr:  62.86, Acc-val:  10.11, L-tr: 1.2600, L-val: 6.4334
125: Acc-tr:  66.67, Acc-val:  10.06, L-tr: 1.0092, L-val: 5.6523
126: Acc-tr:  77.03, Acc-val:  10.39, L-tr: 0.6684, L-val: 5.3175
127: Acc-tr:  67.78, Acc-val:  10.10, L-tr: 1.0178, L-val: 6.0151
128: Acc-tr:  70.51, Acc-val:  10.18, L-tr: 0.8692, L-val: 5.4325
129: Acc-tr:  80.58, Acc-val:  10.44, L-tr: 0.5627, L-val: 5.1564
130: Acc-tr:  72.86, Acc-val:  10.22, L-tr: 0.8510, L-val: 5.5873
131: Acc-tr:  67.74, Acc-val:   9.87, L-tr: 1.0603, L-val: 5.7343
132: Acc-tr:  73.72, Acc-val:  10.44, L-tr: 0.8027, L-val: 5.6979
133: Acc-tr:  67.25, Acc-val:   9.37, L-tr: 0.9883, L-val: 5.8972
134: Acc-tr:  78.31, Acc-val:  10.17, L-tr: 0.6428, L-val: 5.5297
135: Acc-tr:  71.11, Acc-val:  10.09, L-tr: 0.9002, L-val: 5.9496
136: Acc-tr:  73.98, Acc-val:  10.09, L-tr: 0.7759, L-val: 5.3541
137: Acc-tr:  74.26, Acc-val:  10.16, L-tr: 0.8118, L-val: 5.5808
138: Acc-tr:  63.52, Acc-val:  10.10, L-tr: 1.1534, L-val: 6.2406
139: Acc-tr:  72.27, Acc-val:  10.41, L-tr: 0.8577, L-val: 6.0819
140: Acc-tr:  55.85, Acc-val:   9.53, L-tr: 1.4674, L-val: 6.8075
141: Acc-tr:  75.83, Acc-val:  10.16, L-tr: 0.7060, L-val: 5.5519
142: Acc-tr:  76.46, Acc-val:  10.14, L-tr: 0.7043, L-val: 5.5063
143: Acc-tr:  64.90, Acc-val:   9.94, L-tr: 1.0875, L-val: 6.1521
144: Acc-tr:  72.44, Acc-val:   9.82, L-tr: 0.8287, L-val: 5.7481
145: Acc-tr:  74.33, Acc-val:  10.03, L-tr: 0.7780, L-val: 5.5633
146: Acc-tr:  80.58, Acc-val:  10.07, L-tr: 0.5632, L-val: 5.3226
147: Acc-tr:  78.85, Acc-val:   9.73, L-tr: 0.6338, L-val: 5.2456
148: Acc-tr:  73.42, Acc-val:  10.58, L-tr: 0.8085, L-val: 5.7250
149: Acc-tr:  76.61, Acc-val:   9.93, L-tr: 0.6932, L-val: 5.3442
150: Acc-tr:  98.65, Acc-val:   9.99, L-tr: 0.0933, L-val: 5.4289
151: Acc-tr:  99.72, Acc-val:   9.83, L-tr: 0.0463, L-val: 5.9020
152: Acc-tr:  99.90, Acc-val:  10.11, L-tr: 0.0297, L-val: 6.2155
153: Acc-tr:  99.95, Acc-val:   9.96, L-tr: 0.0200, L-val: 6.5226
154: Acc-tr:  99.98, Acc-val:  10.11, L-tr: 0.0150, L-val: 6.7162
155: Acc-tr:  99.99, Acc-val:   9.92, L-tr: 0.0112, L-val: 6.8881
156: Acc-tr:  99.99, Acc-val:   9.82, L-tr: 0.0089, L-val: 7.0890
157: Acc-tr: 100.00, Acc-val:   9.82, L-tr: 0.0076, L-val: 7.2021
158: Acc-tr:  99.99, Acc-val:   9.85, L-tr: 0.0063, L-val: 7.2708
159: Acc-tr:  99.99, Acc-val:   9.66, L-tr: 0.0054, L-val: 7.3919
160: Acc-tr: 100.00, Acc-val:   9.75, L-tr: 0.0050, L-val: 7.4819
161: Acc-tr: 100.00, Acc-val:   9.77, L-tr: 0.0043, L-val: 7.5326
162: Acc-tr: 100.00, Acc-val:   9.72, L-tr: 0.0038, L-val: 7.5859
163: Acc-tr: 100.00, Acc-val:   9.83, L-tr: 0.0035, L-val: 7.6101
164: Acc-tr: 100.00, Acc-val:   9.82, L-tr: 0.0033, L-val: 7.6515
165: Acc-tr: 100.00, Acc-val:   9.73, L-tr: 0.0029, L-val: 7.7458
166: Acc-tr: 100.00, Acc-val:   9.72, L-tr: 0.0027, L-val: 7.8166
167: Acc-tr: 100.00, Acc-val:   9.84, L-tr: 0.0026, L-val: 7.8183
168: Acc-tr: 100.00, Acc-val:   9.75, L-tr: 0.0024, L-val: 7.8567
169: Acc-tr: 100.00, Acc-val:   9.55, L-tr: 0.0023, L-val: 7.8909
170: Acc-tr: 100.00, Acc-val:   9.82, L-tr: 0.0023, L-val: 7.9532
171: Acc-tr: 100.00, Acc-val:   9.72, L-tr: 0.0022, L-val: 7.8730
172: Acc-tr: 100.00, Acc-val:   9.87, L-tr: 0.0019, L-val: 7.9744
173: Acc-tr: 100.00, Acc-val:   9.88, L-tr: 0.0019, L-val: 7.9670
174: Acc-tr: 100.00, Acc-val:   9.86, L-tr: 0.0020, L-val: 7.9572
175: Acc-tr: 100.00, Acc-val:   9.72, L-tr: 0.0017, L-val: 8.0343
176: Acc-tr: 100.00, Acc-val:   9.87, L-tr: 0.0016, L-val: 8.0569
177: Acc-tr: 100.00, Acc-val:   9.74, L-tr: 0.0016, L-val: 8.0580
178: Acc-tr: 100.00, Acc-val:   9.79, L-tr: 0.0016, L-val: 8.0484
179: Acc-tr: 100.00, Acc-val:   9.64, L-tr: 0.0015, L-val: 8.0512
180: Acc-tr: 100.00, Acc-val:   9.71, L-tr: 0.0014, L-val: 8.0820
181: Acc-tr: 100.00, Acc-val:   9.81, L-tr: 0.0013, L-val: 8.0879
182: Acc-tr: 100.00, Acc-val:   9.83, L-tr: 0.0013, L-val: 8.0880
183: Acc-tr: 100.00, Acc-val:   9.92, L-tr: 0.0014, L-val: 8.0243
184: Acc-tr: 100.00, Acc-val:   9.89, L-tr: 0.0013, L-val: 8.0712
185: Acc-tr: 100.00, Acc-val:   9.87, L-tr: 0.0013, L-val: 8.0965
186: Acc-tr: 100.00, Acc-val:   9.99, L-tr: 0.0013, L-val: 8.0312
187: Acc-tr: 100.00, Acc-val:  10.05, L-tr: 0.0014, L-val: 8.0499
188: Acc-tr: 100.00, Acc-val:  10.05, L-tr: 0.0013, L-val: 8.1113
189: Acc-tr: 100.00, Acc-val:  10.00, L-tr: 0.0012, L-val: 8.0453
190: Acc-tr: 100.00, Acc-val:   9.80, L-tr: 0.0012, L-val: 8.0846
191: Acc-tr: 100.00, Acc-val:  10.03, L-tr: 0.0012, L-val: 8.1091
192: Acc-tr: 100.00, Acc-val:   9.87, L-tr: 0.0011, L-val: 8.0955
193: Acc-tr: 100.00, Acc-val:   9.89, L-tr: 0.0011, L-val: 8.0611
194: Acc-tr: 100.00, Acc-val:   9.71, L-tr: 0.0011, L-val: 8.0771
195: Acc-tr: 100.00, Acc-val:   9.89, L-tr: 0.0011, L-val: 8.1241
196: Acc-tr: 100.00, Acc-val:   9.90, L-tr: 0.0010, L-val: 8.0856
197: Acc-tr: 100.00, Acc-val:   9.80, L-tr: 0.0011, L-val: 8.0533
198: Acc-tr: 100.00, Acc-val:   9.82, L-tr: 0.0011, L-val: 8.0568
199: Acc-tr: 100.00, Acc-val:   9.94, L-tr: 0.0010, L-val: 8.0458
200: Acc-tr: 100.00, Acc-val:   9.95, L-tr: 0.0010, L-val: 8.0640
201: Acc-tr: 100.00, Acc-val:   9.94, L-tr: 0.0011, L-val: 8.0250
202: Acc-tr: 100.00, Acc-val:   9.99, L-tr: 0.0010, L-val: 8.0607
203: Acc-tr: 100.00, Acc-val:   9.98, L-tr: 0.0010, L-val: 8.0453
204: Acc-tr: 100.00, Acc-val:   9.77, L-tr: 0.0010, L-val: 8.0606
205: Acc-tr: 100.00, Acc-val:   9.86, L-tr: 0.0009, L-val: 8.0447
206: Acc-tr: 100.00, Acc-val:   9.96, L-tr: 0.0010, L-val: 8.0456
207: Acc-tr: 100.00, Acc-val:   9.99, L-tr: 0.0009, L-val: 8.0341
208: Acc-tr: 100.00, Acc-val:   9.99, L-tr: 0.0009, L-val: 8.0839
209: Acc-tr: 100.00, Acc-val:   9.92, L-tr: 0.0009, L-val: 8.0310
210: Acc-tr: 100.00, Acc-val:   9.90, L-tr: 0.0009, L-val: 8.0056
211: Acc-tr: 100.00, Acc-val:   9.92, L-tr: 0.0009, L-val: 8.0042
212: Acc-tr: 100.00, Acc-val:  10.02, L-tr: 0.0009, L-val: 7.9643
213: Acc-tr: 100.00, Acc-val:   9.85, L-tr: 0.0009, L-val: 7.9845
214: Acc-tr: 100.00, Acc-val:   9.97, L-tr: 0.0009, L-val: 7.9603
215: Acc-tr: 100.00, Acc-val:   9.90, L-tr: 0.0009, L-val: 8.0055
216: Acc-tr: 100.00, Acc-val:   9.76, L-tr: 0.0009, L-val: 7.9959
217: Acc-tr: 100.00, Acc-val:   9.91, L-tr: 0.0010, L-val: 7.9290
218: Acc-tr: 100.00, Acc-val:  10.05, L-tr: 0.0009, L-val: 7.9386
219: Acc-tr: 100.00, Acc-val:  10.13, L-tr: 0.0009, L-val: 7.8953
220: Acc-tr: 100.00, Acc-val:   9.87, L-tr: 0.0009, L-val: 7.9267
221: Acc-tr: 100.00, Acc-val:   9.97, L-tr: 0.0009, L-val: 7.9085
222: Acc-tr: 100.00, Acc-val:   9.88, L-tr: 0.0008, L-val: 7.9076
223: Acc-tr: 100.00, Acc-val:   9.76, L-tr: 0.0008, L-val: 7.8976
224: Acc-tr: 100.00, Acc-val:   9.70, L-tr: 0.0009, L-val: 7.8694
225: Acc-tr: 100.00, Acc-val:   9.80, L-tr: 0.0009, L-val: 7.9030
226: Acc-tr: 100.00, Acc-val:   9.85, L-tr: 0.0009, L-val: 7.8845
227: Acc-tr: 100.00, Acc-val:   9.70, L-tr: 0.0009, L-val: 7.9141
228: Acc-tr: 100.00, Acc-val:   9.81, L-tr: 0.0009, L-val: 7.9267
229: Acc-tr: 100.00, Acc-val:   9.95, L-tr: 0.0008, L-val: 7.8798
230: Acc-tr: 100.00, Acc-val:   9.82, L-tr: 0.0009, L-val: 7.8654
231: Acc-tr: 100.00, Acc-val:   9.57, L-tr: 0.0009, L-val: 7.9154
232: Acc-tr: 100.00, Acc-val:   9.71, L-tr: 0.0008, L-val: 7.9215
233: Acc-tr: 100.00, Acc-val:   9.88, L-tr: 0.0009, L-val: 7.8943
234: Acc-tr: 100.00, Acc-val:   9.82, L-tr: 0.0009, L-val: 7.8501
235: Acc-tr: 100.00, Acc-val:   9.73, L-tr: 0.0008, L-val: 7.8754
236: Acc-tr: 100.00, Acc-val:   9.93, L-tr: 0.0009, L-val: 7.8781
237: Acc-tr: 100.00, Acc-val:   9.78, L-tr: 0.0008, L-val: 7.8814
238: Acc-tr: 100.00, Acc-val:   9.96, L-tr: 0.0008, L-val: 7.9089
239: Acc-tr: 100.00, Acc-val:   9.89, L-tr: 0.0008, L-val: 7.9303
240: Acc-tr: 100.00, Acc-val:   9.75, L-tr: 0.0008, L-val: 7.9194
241: Acc-tr: 100.00, Acc-val:   9.99, L-tr: 0.0008, L-val: 7.8660
242: Acc-tr: 100.00, Acc-val:   9.96, L-tr: 0.0008, L-val: 7.8734
243: Acc-tr: 100.00, Acc-val:   9.93, L-tr: 0.0008, L-val: 7.8631
244: Acc-tr: 100.00, Acc-val:   9.86, L-tr: 0.0008, L-val: 7.8592
245: Acc-tr: 100.00, Acc-val:   9.90, L-tr: 0.0009, L-val: 7.8614
246: Acc-tr: 100.00, Acc-val:   9.88, L-tr: 0.0008, L-val: 7.8782
247: Acc-tr: 100.00, Acc-val:   9.90, L-tr: 0.0008, L-val: 7.8884
248: Acc-tr: 100.00, Acc-val:  10.04, L-tr: 0.0008, L-val: 7.8354
249: Acc-tr: 100.00, Acc-val:   9.93, L-tr: 0.0008, L-val: 7.8829
250: Acc-tr: 100.00, Acc-val:   9.71, L-tr: 0.0008, L-val: 7.8656
251: Acc-tr: 100.00, Acc-val:   9.86, L-tr: 0.0008, L-val: 7.8613
252: Acc-tr: 100.00, Acc-val:   9.84, L-tr: 0.0008, L-val: 7.9078
253: Acc-tr: 100.00, Acc-val:  10.07, L-tr: 0.0008, L-val: 7.9130
254: Acc-tr: 100.00, Acc-val:   9.95, L-tr: 0.0008, L-val: 7.8899
255: Acc-tr: 100.00, Acc-val:  10.03, L-tr: 0.0008, L-val: 7.8890
256: Acc-tr: 100.00, Acc-val:   9.92, L-tr: 0.0008, L-val: 7.8661
257: Acc-tr: 100.00, Acc-val:   9.80, L-tr: 0.0008, L-val: 7.8654
258: Acc-tr: 100.00, Acc-val:   9.82, L-tr: 0.0008, L-val: 7.8375
259: Acc-tr: 100.00, Acc-val:   9.80, L-tr: 0.0008, L-val: 7.8587
260: Acc-tr: 100.00, Acc-val:   9.87, L-tr: 0.0008, L-val: 7.8350
261: Acc-tr: 100.00, Acc-val:   9.84, L-tr: 0.0008, L-val: 7.8817
262: Acc-tr: 100.00, Acc-val:  10.10, L-tr: 0.0008, L-val: 7.9230
263: Acc-tr: 100.00, Acc-val:   9.78, L-tr: 0.0008, L-val: 7.8647
264: Acc-tr: 100.00, Acc-val:   9.85, L-tr: 0.0008, L-val: 7.8637
265: Acc-tr: 100.00, Acc-val:   9.84, L-tr: 0.0008, L-val: 7.8602
266: Acc-tr: 100.00, Acc-val:   9.85, L-tr: 0.0008, L-val: 7.8563
267: Acc-tr: 100.00, Acc-val:   9.94, L-tr: 0.0008, L-val: 7.8112
268: Acc-tr: 100.00, Acc-val:   9.99, L-tr: 0.0008, L-val: 7.8969
269: Acc-tr: 100.00, Acc-val:   9.82, L-tr: 0.0008, L-val: 7.8488
270: Acc-tr: 100.00, Acc-val:   9.83, L-tr: 0.0008, L-val: 7.8166
271: Acc-tr: 100.00, Acc-val:  10.11, L-tr: 0.0008, L-val: 7.8476
272: Acc-tr: 100.00, Acc-val:  10.05, L-tr: 0.0008, L-val: 7.8301
273: Acc-tr: 100.00, Acc-val:   9.79, L-tr: 0.0008, L-val: 7.8416
274: Acc-tr: 100.00, Acc-val:  10.03, L-tr: 0.0008, L-val: 7.8917
275: Acc-tr: 100.00, Acc-val:   9.93, L-tr: 0.0008, L-val: 7.8140
276: Acc-tr: 100.00, Acc-val:   9.96, L-tr: 0.0008, L-val: 7.8609
277: Acc-tr: 100.00, Acc-val:   9.94, L-tr: 0.0008, L-val: 7.8680
278: Acc-tr: 100.00, Acc-val:   9.97, L-tr: 0.0008, L-val: 7.8634
279: Acc-tr: 100.00, Acc-val:   9.91, L-tr: 0.0008, L-val: 7.8705
280: Acc-tr: 100.00, Acc-val:   9.94, L-tr: 0.0008, L-val: 7.8618
281: Acc-tr: 100.00, Acc-val:  10.00, L-tr: 0.0008, L-val: 7.8489
282: Acc-tr: 100.00, Acc-val:   9.78, L-tr: 0.0009, L-val: 7.7942
283: Acc-tr: 100.00, Acc-val:   9.80, L-tr: 0.0008, L-val: 7.8696
284: Acc-tr: 100.00, Acc-val:   9.95, L-tr: 0.0008, L-val: 7.8303
285: Acc-tr: 100.00, Acc-val:   9.90, L-tr: 0.0008, L-val: 7.8304
286: Acc-tr: 100.00, Acc-val:  10.06, L-tr: 0.0008, L-val: 7.8228
287: Acc-tr: 100.00, Acc-val:   9.91, L-tr: 0.0008, L-val: 7.8097
288: Acc-tr: 100.00, Acc-val:   9.99, L-tr: 0.0008, L-val: 7.8421
289: Acc-tr: 100.00, Acc-val:  10.09, L-tr: 0.0008, L-val: 7.8292
290: Acc-tr: 100.00, Acc-val:   9.97, L-tr: 0.0008, L-val: 7.7907
291: Acc-tr: 100.00, Acc-val:   9.69, L-tr: 0.0009, L-val: 7.8356
292: Acc-tr: 100.00, Acc-val:   9.98, L-tr: 0.0008, L-val: 7.8422
293: Acc-tr: 100.00, Acc-val:   9.90, L-tr: 0.0008, L-val: 7.8246
294: Acc-tr: 100.00, Acc-val:  10.08, L-tr: 0.0008, L-val: 7.8339
295: Acc-tr: 100.00, Acc-val:  10.01, L-tr: 0.0008, L-val: 7.8219
296: Acc-tr: 100.00, Acc-val:   9.98, L-tr: 0.0008, L-val: 7.8131
297: Acc-tr: 100.00, Acc-val:   9.86, L-tr: 0.0007, L-val: 7.8598
298: Acc-tr: 100.00, Acc-val:   9.97, L-tr: 0.0008, L-val: 7.7870
299: Acc-tr: 100.00, Acc-val:   9.94, L-tr: 0.0008, L-val: 7.8139
