Number of parameters: 272282
/scratch/cm6627/diffeo_cnn/experiment/006_RandomLabels/./fitting-random-labels/train.py:163: UserWarning: volatile was removed and now has no effect. Use `with torch.no_grad():` instead.
  input_var = torch.autograd.Variable(input, volatile=True)
/scratch/cm6627/diffeo_cnn/experiment/006_RandomLabels/./fitting-random-labels/train.py:164: UserWarning: volatile was removed and now has no effect. Use `with torch.no_grad():` instead.
  target_var = torch.autograd.Variable(target, volatile=True)
000: Acc-tr:  58.36, Acc-val:  56.51, L-tr: 1.2029, L-val: 1.2504
001: Acc-tr:  73.13, Acc-val:  70.89, L-tr: 0.7634, L-val: 0.8299
002: Acc-tr:  74.44, Acc-val:  71.29, L-tr: 0.7280, L-val: 0.8285
003: Acc-tr:  78.90, Acc-val:  74.76, L-tr: 0.5968, L-val: 0.7250
004: Acc-tr:  84.20, Acc-val:  79.00, L-tr: 0.4620, L-val: 0.6122
005: Acc-tr:  80.32, Acc-val:  75.71, L-tr: 0.5561, L-val: 0.7449
006: Acc-tr:  86.06, Acc-val:  78.87, L-tr: 0.3989, L-val: 0.6354
007: Acc-tr:  86.49, Acc-val:  79.44, L-tr: 0.3879, L-val: 0.6408
008: Acc-tr:  86.88, Acc-val:  78.88, L-tr: 0.3779, L-val: 0.6646
009: Acc-tr:  87.09, Acc-val:  78.60, L-tr: 0.3732, L-val: 0.7304
010: Acc-tr:  90.20, Acc-val:  80.39, L-tr: 0.2736, L-val: 0.6358
011: Acc-tr:  88.87, Acc-val:  79.10, L-tr: 0.3236, L-val: 0.6993
012: Acc-tr:  92.85, Acc-val:  81.67, L-tr: 0.2054, L-val: 0.6190
013: Acc-tr:  91.25, Acc-val:  80.30, L-tr: 0.2462, L-val: 0.6399
014: Acc-tr:  87.69, Acc-val:  77.54, L-tr: 0.3491, L-val: 0.8359
015: Acc-tr:  91.98, Acc-val:  79.24, L-tr: 0.2264, L-val: 0.7044
016: Acc-tr:  90.75, Acc-val:  78.89, L-tr: 0.2583, L-val: 0.7410
017: Acc-tr:  87.93, Acc-val:  76.62, L-tr: 0.3704, L-val: 0.8959
018: Acc-tr:  91.91, Acc-val:  79.08, L-tr: 0.2249, L-val: 0.7710
019: Acc-tr:  92.88, Acc-val:  79.90, L-tr: 0.1984, L-val: 0.7453
020: Acc-tr:  92.03, Acc-val:  79.53, L-tr: 0.2253, L-val: 0.7605
021: Acc-tr:  95.04, Acc-val:  80.72, L-tr: 0.1427, L-val: 0.7213
022: Acc-tr:  91.40, Acc-val:  78.40, L-tr: 0.2357, L-val: 0.8587
023: Acc-tr:  93.47, Acc-val:  79.46, L-tr: 0.1809, L-val: 0.7573
024: Acc-tr:  95.57, Acc-val:  81.35, L-tr: 0.1286, L-val: 0.6834
025: Acc-tr:  93.46, Acc-val:  79.62, L-tr: 0.1858, L-val: 0.8666
026: Acc-tr:  95.90, Acc-val:  81.94, L-tr: 0.1182, L-val: 0.6931
027: Acc-tr:  88.54, Acc-val:  75.88, L-tr: 0.3422, L-val: 1.0380
028: Acc-tr:  95.47, Acc-val:  80.73, L-tr: 0.1306, L-val: 0.7760
029: Acc-tr:  95.10, Acc-val:  80.60, L-tr: 0.1383, L-val: 0.7462
030: Acc-tr:  94.20, Acc-val:  80.00, L-tr: 0.1590, L-val: 0.8408
031: Acc-tr:  93.12, Acc-val:  79.08, L-tr: 0.1890, L-val: 0.9178
032: Acc-tr:  90.83, Acc-val:  77.06, L-tr: 0.2621, L-val: 0.9642
033: Acc-tr:  95.30, Acc-val:  80.73, L-tr: 0.1362, L-val: 0.7629
034: Acc-tr:  93.58, Acc-val:  78.73, L-tr: 0.1805, L-val: 0.8988
035: Acc-tr:  94.44, Acc-val:  80.04, L-tr: 0.1586, L-val: 0.8742
036: Acc-tr:  95.77, Acc-val:  80.79, L-tr: 0.1218, L-val: 0.7837
037: Acc-tr:  96.25, Acc-val:  81.05, L-tr: 0.1075, L-val: 0.7814
038: Acc-tr:  93.96, Acc-val:  79.00, L-tr: 0.1647, L-val: 0.8867
039: Acc-tr:  91.69, Acc-val:  77.46, L-tr: 0.2416, L-val: 0.9650
040: Acc-tr:  90.34, Acc-val:  76.60, L-tr: 0.2824, L-val: 1.0716
041: Acc-tr:  93.84, Acc-val:  78.84, L-tr: 0.1825, L-val: 0.9254
042: Acc-tr:  93.51, Acc-val:  79.48, L-tr: 0.1961, L-val: 0.9458
043: Acc-tr:  88.83, Acc-val:  75.97, L-tr: 0.3481, L-val: 1.0787
044: Acc-tr:  91.42, Acc-val:  77.66, L-tr: 0.2610, L-val: 1.0249
045: Acc-tr:  96.30, Acc-val:  80.99, L-tr: 0.1033, L-val: 0.7688
046: Acc-tr:  95.62, Acc-val:  80.26, L-tr: 0.1212, L-val: 0.8276
047: Acc-tr:  94.14, Acc-val:  79.62, L-tr: 0.1728, L-val: 0.8805
048: Acc-tr:  94.33, Acc-val:  79.97, L-tr: 0.1555, L-val: 0.8276
049: Acc-tr:  94.53, Acc-val:  79.46, L-tr: 0.1555, L-val: 0.8735
050: Acc-tr:  96.77, Acc-val:  81.28, L-tr: 0.0936, L-val: 0.6948
051: Acc-tr:  93.17, Acc-val:  79.02, L-tr: 0.1908, L-val: 0.8966
052: Acc-tr:  94.08, Acc-val:  79.45, L-tr: 0.1637, L-val: 0.8983
053: Acc-tr:  93.98, Acc-val:  79.57, L-tr: 0.1693, L-val: 0.8947
054: Acc-tr:  95.48, Acc-val:  80.22, L-tr: 0.1309, L-val: 0.7865
055: Acc-tr:  91.74, Acc-val:  77.80, L-tr: 0.2522, L-val: 1.0795
056: Acc-tr:  94.23, Acc-val:  79.90, L-tr: 0.1610, L-val: 0.9025
057: Acc-tr:  93.36, Acc-val:  78.12, L-tr: 0.1939, L-val: 0.9801
058: Acc-tr:  94.20, Acc-val:  79.65, L-tr: 0.1604, L-val: 0.8791
059: Acc-tr:  96.55, Acc-val:  81.33, L-tr: 0.0987, L-val: 0.7614
060: Acc-tr:  95.66, Acc-val:  80.56, L-tr: 0.1256, L-val: 0.7980
061: Acc-tr:  90.22, Acc-val:  76.76, L-tr: 0.3080, L-val: 1.0905
062: Acc-tr:  96.50, Acc-val:  81.37, L-tr: 0.0993, L-val: 0.7528
063: Acc-tr:  93.15, Acc-val:  78.61, L-tr: 0.1987, L-val: 0.8767
064: Acc-tr:  93.36, Acc-val:  78.32, L-tr: 0.1941, L-val: 0.8912
065: Acc-tr:  92.52, Acc-val:  78.60, L-tr: 0.2146, L-val: 0.9244
066: Acc-tr:  96.76, Acc-val:  81.85, L-tr: 0.0921, L-val: 0.7536
067: Acc-tr:  96.09, Acc-val:  81.55, L-tr: 0.1116, L-val: 0.8069
068: Acc-tr:  95.60, Acc-val:  80.60, L-tr: 0.1264, L-val: 0.8000
069: Acc-tr:  96.29, Acc-val:  80.84, L-tr: 0.1074, L-val: 0.7979
070: Acc-tr:  94.53, Acc-val:  79.56, L-tr: 0.1562, L-val: 0.9148
071: Acc-tr:  93.52, Acc-val:  78.34, L-tr: 0.1874, L-val: 0.9227
072: Acc-tr:  96.21, Acc-val:  80.76, L-tr: 0.1111, L-val: 0.8004
073: Acc-tr:  96.38, Acc-val:  80.95, L-tr: 0.0991, L-val: 0.7899
074: Acc-tr:  93.15, Acc-val:  78.76, L-tr: 0.2055, L-val: 0.9581
075: Acc-tr:  93.78, Acc-val:  78.63, L-tr: 0.1869, L-val: 0.8859
076: Acc-tr:  96.51, Acc-val:  81.11, L-tr: 0.0999, L-val: 0.8111
077: Acc-tr:  96.02, Acc-val:  80.45, L-tr: 0.1140, L-val: 0.8043
078: Acc-tr:  96.06, Acc-val:  81.07, L-tr: 0.1113, L-val: 0.7969
079: Acc-tr:  92.17, Acc-val:  77.67, L-tr: 0.2326, L-val: 0.9818
080: Acc-tr:  95.90, Acc-val:  80.85, L-tr: 0.1155, L-val: 0.7619
081: Acc-tr:  95.25, Acc-val:  80.31, L-tr: 0.1322, L-val: 0.8307
082: Acc-tr:  93.66, Acc-val:  78.45, L-tr: 0.1836, L-val: 0.9515
083: Acc-tr:  92.06, Acc-val:  77.29, L-tr: 0.2339, L-val: 0.9519
084: Acc-tr:  93.55, Acc-val:  79.02, L-tr: 0.1924, L-val: 0.9605
085: Acc-tr:  95.18, Acc-val:  79.99, L-tr: 0.1444, L-val: 0.8689
086: Acc-tr:  97.05, Acc-val:  81.11, L-tr: 0.0861, L-val: 0.7732
087: Acc-tr:  93.29, Acc-val:  78.68, L-tr: 0.1971, L-val: 0.9537
088: Acc-tr:  94.24, Acc-val:  79.71, L-tr: 0.1736, L-val: 0.9386
089: Acc-tr:  96.07, Acc-val:  81.10, L-tr: 0.1101, L-val: 0.7720
090: Acc-tr:  96.48, Acc-val:  80.84, L-tr: 0.1006, L-val: 0.7963
091: Acc-tr:  95.14, Acc-val:  79.63, L-tr: 0.1426, L-val: 0.8608
092: Acc-tr:  97.00, Acc-val:  81.83, L-tr: 0.0878, L-val: 0.7792
093: Acc-tr:  92.78, Acc-val:  78.01, L-tr: 0.2240, L-val: 1.0243
094: Acc-tr:  93.71, Acc-val:  78.54, L-tr: 0.1775, L-val: 0.8969
095: Acc-tr:  96.08, Acc-val:  81.21, L-tr: 0.1081, L-val: 0.7681
096: Acc-tr:  96.34, Acc-val:  80.90, L-tr: 0.1066, L-val: 0.8481
097: Acc-tr:  93.12, Acc-val:  79.64, L-tr: 0.2014, L-val: 0.8567
098: Acc-tr:  95.18, Acc-val:  79.87, L-tr: 0.1381, L-val: 0.8751
099: Acc-tr:  94.05, Acc-val:  80.40, L-tr: 0.1734, L-val: 0.9100
100: Acc-tr:  94.87, Acc-val:  79.52, L-tr: 0.1503, L-val: 0.8765
101: Acc-tr:  94.61, Acc-val:  79.65, L-tr: 0.1497, L-val: 0.9141
102: Acc-tr:  93.62, Acc-val:  78.89, L-tr: 0.1888, L-val: 0.9557
103: Acc-tr:  91.45, Acc-val:  77.94, L-tr: 0.2935, L-val: 1.2053
104: Acc-tr:  94.76, Acc-val:  80.41, L-tr: 0.1503, L-val: 0.8763
105: Acc-tr:  96.07, Acc-val:  81.03, L-tr: 0.1090, L-val: 0.8074
106: Acc-tr:  95.39, Acc-val:  80.32, L-tr: 0.1290, L-val: 0.8243
107: Acc-tr:  94.67, Acc-val:  79.63, L-tr: 0.1602, L-val: 0.8809
108: Acc-tr:  96.93, Acc-val:  82.01, L-tr: 0.0873, L-val: 0.7332
109: Acc-tr:  96.24, Acc-val:  80.29, L-tr: 0.1078, L-val: 0.8248
110: Acc-tr:  91.62, Acc-val:  77.79, L-tr: 0.2612, L-val: 0.9975
111: Acc-tr:  94.14, Acc-val:  79.22, L-tr: 0.1654, L-val: 0.8579
112: Acc-tr:  93.64, Acc-val:  78.72, L-tr: 0.1871, L-val: 0.9279
113: Acc-tr:  96.05, Acc-val:  80.22, L-tr: 0.1137, L-val: 0.8574
114: Acc-tr:  96.70, Acc-val:  81.19, L-tr: 0.0921, L-val: 0.8044
115: Acc-tr:  94.26, Acc-val:  79.51, L-tr: 0.1625, L-val: 0.8934
116: Acc-tr:  96.43, Acc-val:  81.11, L-tr: 0.1013, L-val: 0.8036
117: Acc-tr:  95.56, Acc-val:  80.37, L-tr: 0.1309, L-val: 0.8803
118: Acc-tr:  93.78, Acc-val:  78.91, L-tr: 0.1801, L-val: 0.8820
119: Acc-tr:  94.08, Acc-val:  79.88, L-tr: 0.1698, L-val: 0.9577
120: Acc-tr:  96.01, Acc-val:  81.29, L-tr: 0.1161, L-val: 0.8352
121: Acc-tr:  95.07, Acc-val:  80.39, L-tr: 0.1458, L-val: 0.9089
122: Acc-tr:  96.22, Acc-val:  81.33, L-tr: 0.1095, L-val: 0.7881
123: Acc-tr:  96.83, Acc-val:  81.41, L-tr: 0.0905, L-val: 0.7823
124: Acc-tr:  97.04, Acc-val:  81.83, L-tr: 0.0818, L-val: 0.7693
125: Acc-tr:  96.33, Acc-val:  81.90, L-tr: 0.1046, L-val: 0.7565
126: Acc-tr:  91.05, Acc-val:  77.54, L-tr: 0.2858, L-val: 1.1493
127: Acc-tr:  94.39, Acc-val:  80.21, L-tr: 0.1581, L-val: 0.8368
128: Acc-tr:  97.03, Acc-val:  81.87, L-tr: 0.0836, L-val: 0.7749
129: Acc-tr:  93.94, Acc-val:  79.18, L-tr: 0.1780, L-val: 0.9603
130: Acc-tr:  97.25, Acc-val:  82.31, L-tr: 0.0773, L-val: 0.7073
131: Acc-tr:  96.57, Acc-val:  80.84, L-tr: 0.0981, L-val: 0.8193
132: Acc-tr:  94.37, Acc-val:  79.40, L-tr: 0.1635, L-val: 0.8933
133: Acc-tr:  95.48, Acc-val:  80.67, L-tr: 0.1314, L-val: 0.8349
134: Acc-tr:  96.50, Acc-val:  81.38, L-tr: 0.1007, L-val: 0.8384
135: Acc-tr:  92.78, Acc-val:  78.35, L-tr: 0.2124, L-val: 0.9401
136: Acc-tr:  97.19, Acc-val:  81.66, L-tr: 0.0788, L-val: 0.7591
137: Acc-tr:  95.35, Acc-val:  80.14, L-tr: 0.1370, L-val: 0.8488
138: Acc-tr:  95.69, Acc-val:  80.64, L-tr: 0.1203, L-val: 0.8118
139: Acc-tr:  96.51, Acc-val:  81.20, L-tr: 0.0974, L-val: 0.7804
140: Acc-tr:  91.53, Acc-val:  77.08, L-tr: 0.2657, L-val: 1.1047
141: Acc-tr:  96.03, Acc-val:  80.74, L-tr: 0.1159, L-val: 0.8050
142: Acc-tr:  95.36, Acc-val:  80.24, L-tr: 0.1334, L-val: 0.8988
143: Acc-tr:  94.60, Acc-val:  80.15, L-tr: 0.1602, L-val: 0.8744
144: Acc-tr:  94.18, Acc-val:  79.63, L-tr: 0.1703, L-val: 0.9176
145: Acc-tr:  94.45, Acc-val:  79.87, L-tr: 0.1610, L-val: 0.8503
146: Acc-tr:  88.46, Acc-val:  75.13, L-tr: 0.3928, L-val: 1.2864
147: Acc-tr:  96.12, Acc-val:  81.36, L-tr: 0.1133, L-val: 0.8444
148: Acc-tr:  95.61, Acc-val:  80.35, L-tr: 0.1225, L-val: 0.8187
149: Acc-tr:  96.00, Acc-val:  80.73, L-tr: 0.1109, L-val: 0.7891
150: Acc-tr:  99.97, Acc-val:  84.94, L-tr: 0.0070, L-val: 0.6207
151: Acc-tr: 100.00, Acc-val:  85.13, L-tr: 0.0042, L-val: 0.6215
152: Acc-tr: 100.00, Acc-val:  84.99, L-tr: 0.0030, L-val: 0.6288
153: Acc-tr: 100.00, Acc-val:  85.13, L-tr: 0.0024, L-val: 0.6361
154: Acc-tr: 100.00, Acc-val:  85.12, L-tr: 0.0020, L-val: 0.6352
155: Acc-tr: 100.00, Acc-val:  85.24, L-tr: 0.0017, L-val: 0.6414
156: Acc-tr: 100.00, Acc-val:  85.03, L-tr: 0.0016, L-val: 0.6435
157: Acc-tr: 100.00, Acc-val:  85.20, L-tr: 0.0014, L-val: 0.6440
158: Acc-tr: 100.00, Acc-val:  85.21, L-tr: 0.0013, L-val: 0.6515
159: Acc-tr: 100.00, Acc-val:  85.18, L-tr: 0.0012, L-val: 0.6481
160: Acc-tr: 100.00, Acc-val:  85.06, L-tr: 0.0011, L-val: 0.6485
161: Acc-tr: 100.00, Acc-val:  85.10, L-tr: 0.0011, L-val: 0.6528
162: Acc-tr: 100.00, Acc-val:  85.14, L-tr: 0.0010, L-val: 0.6498
163: Acc-tr: 100.00, Acc-val:  85.10, L-tr: 0.0010, L-val: 0.6546
164: Acc-tr: 100.00, Acc-val:  85.14, L-tr: 0.0009, L-val: 0.6506
165: Acc-tr: 100.00, Acc-val:  85.24, L-tr: 0.0009, L-val: 0.6504
166: Acc-tr: 100.00, Acc-val:  85.30, L-tr: 0.0008, L-val: 0.6531
167: Acc-tr: 100.00, Acc-val:  85.10, L-tr: 0.0008, L-val: 0.6530
168: Acc-tr: 100.00, Acc-val:  85.34, L-tr: 0.0008, L-val: 0.6505
169: Acc-tr: 100.00, Acc-val:  85.30, L-tr: 0.0008, L-val: 0.6484
170: Acc-tr: 100.00, Acc-val:  85.31, L-tr: 0.0008, L-val: 0.6535
171: Acc-tr: 100.00, Acc-val:  85.30, L-tr: 0.0007, L-val: 0.6482
172: Acc-tr: 100.00, Acc-val:  85.25, L-tr: 0.0007, L-val: 0.6503
173: Acc-tr: 100.00, Acc-val:  85.30, L-tr: 0.0007, L-val: 0.6509
174: Acc-tr: 100.00, Acc-val:  85.25, L-tr: 0.0007, L-val: 0.6469
175: Acc-tr: 100.00, Acc-val:  85.42, L-tr: 0.0007, L-val: 0.6497
176: Acc-tr: 100.00, Acc-val:  85.29, L-tr: 0.0007, L-val: 0.6481
177: Acc-tr: 100.00, Acc-val:  85.19, L-tr: 0.0006, L-val: 0.6489
178: Acc-tr: 100.00, Acc-val:  85.34, L-tr: 0.0006, L-val: 0.6465
179: Acc-tr: 100.00, Acc-val:  85.21, L-tr: 0.0006, L-val: 0.6450
180: Acc-tr: 100.00, Acc-val:  85.20, L-tr: 0.0006, L-val: 0.6490
181: Acc-tr: 100.00, Acc-val:  85.21, L-tr: 0.0006, L-val: 0.6452
182: Acc-tr: 100.00, Acc-val:  85.17, L-tr: 0.0006, L-val: 0.6463
183: Acc-tr: 100.00, Acc-val:  85.27, L-tr: 0.0006, L-val: 0.6435
184: Acc-tr: 100.00, Acc-val:  85.21, L-tr: 0.0006, L-val: 0.6434
185: Acc-tr: 100.00, Acc-val:  85.28, L-tr: 0.0006, L-val: 0.6400
186: Acc-tr: 100.00, Acc-val:  85.17, L-tr: 0.0006, L-val: 0.6407
187: Acc-tr: 100.00, Acc-val:  85.15, L-tr: 0.0006, L-val: 0.6404
188: Acc-tr: 100.00, Acc-val:  85.26, L-tr: 0.0006, L-val: 0.6370
189: Acc-tr: 100.00, Acc-val:  85.14, L-tr: 0.0006, L-val: 0.6360
190: Acc-tr: 100.00, Acc-val:  85.09, L-tr: 0.0006, L-val: 0.6435
191: Acc-tr: 100.00, Acc-val:  85.28, L-tr: 0.0006, L-val: 0.6375
192: Acc-tr: 100.00, Acc-val:  85.22, L-tr: 0.0006, L-val: 0.6363
193: Acc-tr: 100.00, Acc-val:  85.26, L-tr: 0.0006, L-val: 0.6346
194: Acc-tr: 100.00, Acc-val:  85.11, L-tr: 0.0006, L-val: 0.6323
195: Acc-tr: 100.00, Acc-val:  85.25, L-tr: 0.0006, L-val: 0.6355
196: Acc-tr: 100.00, Acc-val:  85.33, L-tr: 0.0006, L-val: 0.6342
197: Acc-tr: 100.00, Acc-val:  85.20, L-tr: 0.0006, L-val: 0.6343
198: Acc-tr: 100.00, Acc-val:  85.15, L-tr: 0.0006, L-val: 0.6306
199: Acc-tr: 100.00, Acc-val:  85.28, L-tr: 0.0006, L-val: 0.6313
200: Acc-tr: 100.00, Acc-val:  85.28, L-tr: 0.0006, L-val: 0.6315
201: Acc-tr: 100.00, Acc-val:  85.29, L-tr: 0.0005, L-val: 0.6320
202: Acc-tr: 100.00, Acc-val:  85.28, L-tr: 0.0006, L-val: 0.6240
203: Acc-tr: 100.00, Acc-val:  85.02, L-tr: 0.0006, L-val: 0.6297
204: Acc-tr: 100.00, Acc-val:  85.37, L-tr: 0.0006, L-val: 0.6271
205: Acc-tr: 100.00, Acc-val:  85.43, L-tr: 0.0006, L-val: 0.6221
206: Acc-tr: 100.00, Acc-val:  85.35, L-tr: 0.0006, L-val: 0.6223
207: Acc-tr: 100.00, Acc-val:  85.31, L-tr: 0.0006, L-val: 0.6240
208: Acc-tr: 100.00, Acc-val:  85.27, L-tr: 0.0006, L-val: 0.6257
209: Acc-tr: 100.00, Acc-val:  85.31, L-tr: 0.0006, L-val: 0.6227
210: Acc-tr: 100.00, Acc-val:  85.27, L-tr: 0.0006, L-val: 0.6201
211: Acc-tr: 100.00, Acc-val:  85.21, L-tr: 0.0005, L-val: 0.6244
212: Acc-tr: 100.00, Acc-val:  85.23, L-tr: 0.0006, L-val: 0.6207
213: Acc-tr: 100.00, Acc-val:  85.11, L-tr: 0.0006, L-val: 0.6223
214: Acc-tr: 100.00, Acc-val:  85.36, L-tr: 0.0005, L-val: 0.6210
215: Acc-tr: 100.00, Acc-val:  85.20, L-tr: 0.0006, L-val: 0.6203
216: Acc-tr: 100.00, Acc-val:  85.32, L-tr: 0.0006, L-val: 0.6177
217: Acc-tr: 100.00, Acc-val:  85.30, L-tr: 0.0005, L-val: 0.6202
218: Acc-tr: 100.00, Acc-val:  85.19, L-tr: 0.0006, L-val: 0.6159
219: Acc-tr: 100.00, Acc-val:  85.30, L-tr: 0.0005, L-val: 0.6205
220: Acc-tr: 100.00, Acc-val:  85.22, L-tr: 0.0006, L-val: 0.6181
221: Acc-tr: 100.00, Acc-val:  85.32, L-tr: 0.0005, L-val: 0.6194
222: Acc-tr: 100.00, Acc-val:  85.28, L-tr: 0.0005, L-val: 0.6153
223: Acc-tr: 100.00, Acc-val:  85.30, L-tr: 0.0005, L-val: 0.6154
224: Acc-tr: 100.00, Acc-val:  85.26, L-tr: 0.0006, L-val: 0.6133
225: Acc-tr: 100.00, Acc-val:  85.25, L-tr: 0.0005, L-val: 0.6150
226: Acc-tr: 100.00, Acc-val:  85.26, L-tr: 0.0005, L-val: 0.6164
227: Acc-tr: 100.00, Acc-val:  85.32, L-tr: 0.0006, L-val: 0.6118
228: Acc-tr: 100.00, Acc-val:  85.27, L-tr: 0.0005, L-val: 0.6140
229: Acc-tr: 100.00, Acc-val:  85.28, L-tr: 0.0005, L-val: 0.6131
230: Acc-tr: 100.00, Acc-val:  85.34, L-tr: 0.0006, L-val: 0.6114
231: Acc-tr: 100.00, Acc-val:  85.28, L-tr: 0.0006, L-val: 0.6120
232: Acc-tr: 100.00, Acc-val:  85.29, L-tr: 0.0006, L-val: 0.6130
233: Acc-tr: 100.00, Acc-val:  85.19, L-tr: 0.0006, L-val: 0.6140
234: Acc-tr: 100.00, Acc-val:  85.27, L-tr: 0.0005, L-val: 0.6169
235: Acc-tr: 100.00, Acc-val:  85.23, L-tr: 0.0006, L-val: 0.6116
236: Acc-tr: 100.00, Acc-val:  85.40, L-tr: 0.0005, L-val: 0.6148
237: Acc-tr: 100.00, Acc-val:  85.31, L-tr: 0.0006, L-val: 0.6091
238: Acc-tr: 100.00, Acc-val:  85.29, L-tr: 0.0005, L-val: 0.6123
239: Acc-tr: 100.00, Acc-val:  85.32, L-tr: 0.0005, L-val: 0.6112
240: Acc-tr: 100.00, Acc-val:  85.44, L-tr: 0.0006, L-val: 0.6089
241: Acc-tr: 100.00, Acc-val:  85.32, L-tr: 0.0006, L-val: 0.6106
242: Acc-tr: 100.00, Acc-val:  85.17, L-tr: 0.0006, L-val: 0.6135
243: Acc-tr: 100.00, Acc-val:  85.26, L-tr: 0.0006, L-val: 0.6106
244: Acc-tr: 100.00, Acc-val:  85.27, L-tr: 0.0005, L-val: 0.6142
245: Acc-tr: 100.00, Acc-val:  85.29, L-tr: 0.0006, L-val: 0.6075
246: Acc-tr: 100.00, Acc-val:  85.29, L-tr: 0.0005, L-val: 0.6142
247: Acc-tr: 100.00, Acc-val:  85.19, L-tr: 0.0005, L-val: 0.6148
248: Acc-tr: 100.00, Acc-val:  85.30, L-tr: 0.0005, L-val: 0.6107
249: Acc-tr: 100.00, Acc-val:  85.25, L-tr: 0.0005, L-val: 0.6125
250: Acc-tr: 100.00, Acc-val:  85.22, L-tr: 0.0006, L-val: 0.6109
251: Acc-tr: 100.00, Acc-val:  85.27, L-tr: 0.0005, L-val: 0.6137
252: Acc-tr: 100.00, Acc-val:  85.22, L-tr: 0.0005, L-val: 0.6136
253: Acc-tr: 100.00, Acc-val:  85.30, L-tr: 0.0006, L-val: 0.6110
254: Acc-tr: 100.00, Acc-val:  85.33, L-tr: 0.0005, L-val: 0.6156
255: Acc-tr: 100.00, Acc-val:  85.39, L-tr: 0.0006, L-val: 0.6102
256: Acc-tr: 100.00, Acc-val:  85.27, L-tr: 0.0005, L-val: 0.6094
257: Acc-tr: 100.00, Acc-val:  85.32, L-tr: 0.0005, L-val: 0.6119
258: Acc-tr: 100.00, Acc-val:  85.25, L-tr: 0.0005, L-val: 0.6124
259: Acc-tr: 100.00, Acc-val:  85.28, L-tr: 0.0006, L-val: 0.6113
260: Acc-tr: 100.00, Acc-val:  85.20, L-tr: 0.0005, L-val: 0.6096
261: Acc-tr: 100.00, Acc-val:  85.40, L-tr: 0.0006, L-val: 0.6097
262: Acc-tr: 100.00, Acc-val:  85.14, L-tr: 0.0006, L-val: 0.6125
263: Acc-tr: 100.00, Acc-val:  85.23, L-tr: 0.0006, L-val: 0.6133
264: Acc-tr: 100.00, Acc-val:  85.14, L-tr: 0.0005, L-val: 0.6121
265: Acc-tr: 100.00, Acc-val:  85.26, L-tr: 0.0006, L-val: 0.6106
266: Acc-tr: 100.00, Acc-val:  85.27, L-tr: 0.0006, L-val: 0.6091
267: Acc-tr: 100.00, Acc-val:  85.16, L-tr: 0.0005, L-val: 0.6141
268: Acc-tr: 100.00, Acc-val:  85.28, L-tr: 0.0006, L-val: 0.6104
269: Acc-tr: 100.00, Acc-val:  85.41, L-tr: 0.0006, L-val: 0.6075
270: Acc-tr: 100.00, Acc-val:  85.38, L-tr: 0.0005, L-val: 0.6103
271: Acc-tr: 100.00, Acc-val:  85.31, L-tr: 0.0005, L-val: 0.6125
272: Acc-tr: 100.00, Acc-val:  85.28, L-tr: 0.0005, L-val: 0.6118
273: Acc-tr: 100.00, Acc-val:  85.32, L-tr: 0.0006, L-val: 0.6100
274: Acc-tr: 100.00, Acc-val:  85.29, L-tr: 0.0005, L-val: 0.6100
275: Acc-tr: 100.00, Acc-val:  85.31, L-tr: 0.0005, L-val: 0.6119
276: Acc-tr: 100.00, Acc-val:  85.21, L-tr: 0.0006, L-val: 0.6100
277: Acc-tr: 100.00, Acc-val:  85.36, L-tr: 0.0006, L-val: 0.6072
278: Acc-tr: 100.00, Acc-val:  85.22, L-tr: 0.0005, L-val: 0.6087
279: Acc-tr: 100.00, Acc-val:  85.32, L-tr: 0.0005, L-val: 0.6126
280: Acc-tr: 100.00, Acc-val:  85.36, L-tr: 0.0005, L-val: 0.6101
281: Acc-tr: 100.00, Acc-val:  85.25, L-tr: 0.0005, L-val: 0.6117
282: Acc-tr: 100.00, Acc-val:  85.32, L-tr: 0.0006, L-val: 0.6061
283: Acc-tr: 100.00, Acc-val:  85.06, L-tr: 0.0006, L-val: 0.6079
284: Acc-tr: 100.00, Acc-val:  85.21, L-tr: 0.0005, L-val: 0.6122
285: Acc-tr: 100.00, Acc-val:  85.21, L-tr: 0.0005, L-val: 0.6088
286: Acc-tr: 100.00, Acc-val:  85.28, L-tr: 0.0006, L-val: 0.6083
287: Acc-tr: 100.00, Acc-val:  85.18, L-tr: 0.0006, L-val: 0.6114
288: Acc-tr: 100.00, Acc-val:  85.37, L-tr: 0.0006, L-val: 0.6075
289: Acc-tr: 100.00, Acc-val:  85.20, L-tr: 0.0006, L-val: 0.6110
290: Acc-tr: 100.00, Acc-val:  85.18, L-tr: 0.0005, L-val: 0.6100
291: Acc-tr: 100.00, Acc-val:  85.23, L-tr: 0.0005, L-val: 0.6121
292: Acc-tr: 100.00, Acc-val:  85.23, L-tr: 0.0005, L-val: 0.6115
293: Acc-tr: 100.00, Acc-val:  85.13, L-tr: 0.0005, L-val: 0.6157
294: Acc-tr: 100.00, Acc-val:  85.30, L-tr: 0.0006, L-val: 0.6059
295: Acc-tr: 100.00, Acc-val:  85.20, L-tr: 0.0005, L-val: 0.6078
296: Acc-tr: 100.00, Acc-val:  85.25, L-tr: 0.0006, L-val: 0.6104
297: Acc-tr: 100.00, Acc-val:  85.31, L-tr: 0.0005, L-val: 0.6114
298: Acc-tr: 100.00, Acc-val:  85.33, L-tr: 0.0005, L-val: 0.6103
299: Acc-tr: 100.00, Acc-val:  85.28, L-tr: 0.0005, L-val: 0.6117
