Number of parameters: 175066
/scratch/cm6627/diffeo_cnn/experiment/006_RandomLabels/./fitting-random-labels/train.py:163: UserWarning: volatile was removed and now has no effect. Use `with torch.no_grad():` instead.
  input_var = torch.autograd.Variable(input, volatile=True)
/scratch/cm6627/diffeo_cnn/experiment/006_RandomLabels/./fitting-random-labels/train.py:164: UserWarning: volatile was removed and now has no effect. Use `with torch.no_grad():` instead.
  target_var = torch.autograd.Variable(target, volatile=True)
000: Acc-tr:  56.44, Acc-val:  55.51, L-tr: 1.2436, L-val: 1.2797
001: Acc-tr:  67.05, Acc-val:  65.33, L-tr: 0.9424, L-val: 1.0048
002: Acc-tr:  76.43, Acc-val:  73.58, L-tr: 0.6752, L-val: 0.7668
003: Acc-tr:  77.82, Acc-val:  73.83, L-tr: 0.6315, L-val: 0.7562
004: Acc-tr:  82.11, Acc-val:  77.50, L-tr: 0.5091, L-val: 0.6483
005: Acc-tr:  82.17, Acc-val:  77.26, L-tr: 0.5018, L-val: 0.6874
006: Acc-tr:  80.14, Acc-val:  75.46, L-tr: 0.5705, L-val: 0.7661
007: Acc-tr:  82.32, Acc-val:  76.08, L-tr: 0.4829, L-val: 0.7139
008: Acc-tr:  84.89, Acc-val:  77.42, L-tr: 0.4345, L-val: 0.7112
009: Acc-tr:  86.77, Acc-val:  78.48, L-tr: 0.3738, L-val: 0.6638
010: Acc-tr:  90.46, Acc-val:  80.76, L-tr: 0.2787, L-val: 0.5818
011: Acc-tr:  87.33, Acc-val:  78.11, L-tr: 0.3615, L-val: 0.7238
012: Acc-tr:  88.05, Acc-val:  78.06, L-tr: 0.3288, L-val: 0.7281
013: Acc-tr:  90.60, Acc-val:  79.93, L-tr: 0.2642, L-val: 0.6224
014: Acc-tr:  88.19, Acc-val:  78.45, L-tr: 0.3174, L-val: 0.7325
015: Acc-tr:  92.04, Acc-val:  79.77, L-tr: 0.2258, L-val: 0.6551
016: Acc-tr:  90.38, Acc-val:  78.83, L-tr: 0.2644, L-val: 0.7191
017: Acc-tr:  88.95, Acc-val:  77.44, L-tr: 0.2979, L-val: 0.7315
018: Acc-tr:  91.76, Acc-val:  79.83, L-tr: 0.2361, L-val: 0.7181
019: Acc-tr:  93.75, Acc-val:  80.14, L-tr: 0.1760, L-val: 0.6643
020: Acc-tr:  91.45, Acc-val:  79.19, L-tr: 0.2300, L-val: 0.7669
021: Acc-tr:  93.04, Acc-val:  80.09, L-tr: 0.1917, L-val: 0.7334
022: Acc-tr:  93.81, Acc-val:  79.47, L-tr: 0.1778, L-val: 0.7241
023: Acc-tr:  86.33, Acc-val:  74.71, L-tr: 0.4183, L-val: 1.1459
024: Acc-tr:  90.13, Acc-val:  76.56, L-tr: 0.2741, L-val: 0.8876
025: Acc-tr:  92.54, Acc-val:  78.58, L-tr: 0.2071, L-val: 0.8276
026: Acc-tr:  89.17, Acc-val:  76.43, L-tr: 0.3244, L-val: 1.0043
027: Acc-tr:  93.14, Acc-val:  78.91, L-tr: 0.1922, L-val: 0.7973
028: Acc-tr:  93.53, Acc-val:  79.45, L-tr: 0.1780, L-val: 0.8205
029: Acc-tr:  88.25, Acc-val:  75.16, L-tr: 0.3227, L-val: 1.0320
030: Acc-tr:  95.32, Acc-val:  80.19, L-tr: 0.1305, L-val: 0.7466
031: Acc-tr:  95.62, Acc-val:  80.71, L-tr: 0.1229, L-val: 0.7736
032: Acc-tr:  84.07, Acc-val:  72.14, L-tr: 0.5058, L-val: 1.2990
033: Acc-tr:  92.21, Acc-val:  78.61, L-tr: 0.2218, L-val: 0.8977
034: Acc-tr:  92.14, Acc-val:  78.27, L-tr: 0.2187, L-val: 0.9101
035: Acc-tr:  94.98, Acc-val:  79.78, L-tr: 0.1441, L-val: 0.7910
036: Acc-tr:  95.67, Acc-val:  80.20, L-tr: 0.1189, L-val: 0.7690
037: Acc-tr:  94.81, Acc-val:  80.00, L-tr: 0.1446, L-val: 0.8094
038: Acc-tr:  94.36, Acc-val:  78.93, L-tr: 0.1554, L-val: 0.8223
039: Acc-tr:  92.92, Acc-val:  78.09, L-tr: 0.1963, L-val: 0.8866
040: Acc-tr:  93.49, Acc-val:  78.91, L-tr: 0.1790, L-val: 0.8523
041: Acc-tr:  95.18, Acc-val:  79.91, L-tr: 0.1340, L-val: 0.8376
042: Acc-tr:  94.87, Acc-val:  80.09, L-tr: 0.1470, L-val: 0.7887
043: Acc-tr:  92.63, Acc-val:  78.70, L-tr: 0.2159, L-val: 0.9257
044: Acc-tr:  95.96, Acc-val:  80.97, L-tr: 0.1149, L-val: 0.7692
045: Acc-tr:  92.90, Acc-val:  77.98, L-tr: 0.2006, L-val: 0.9183
046: Acc-tr:  92.85, Acc-val:  77.58, L-tr: 0.2015, L-val: 0.9020
047: Acc-tr:  93.21, Acc-val:  79.01, L-tr: 0.1867, L-val: 0.8634
048: Acc-tr:  95.34, Acc-val:  79.93, L-tr: 0.1298, L-val: 0.8536
049: Acc-tr:  89.42, Acc-val:  76.21, L-tr: 0.3121, L-val: 1.0203
050: Acc-tr:  95.31, Acc-val:  79.80, L-tr: 0.1287, L-val: 0.8182
051: Acc-tr:  88.82, Acc-val:  75.34, L-tr: 0.3345, L-val: 1.1433
052: Acc-tr:  90.15, Acc-val:  75.86, L-tr: 0.2902, L-val: 1.0657
053: Acc-tr:  94.64, Acc-val:  78.98, L-tr: 0.1481, L-val: 0.8368
054: Acc-tr:  87.68, Acc-val:  74.99, L-tr: 0.4093, L-val: 1.1634
055: Acc-tr:  94.46, Acc-val:  80.07, L-tr: 0.1518, L-val: 0.8239
056: Acc-tr:  89.17, Acc-val:  74.78, L-tr: 0.3199, L-val: 1.0910
057: Acc-tr:  93.45, Acc-val:  78.21, L-tr: 0.1916, L-val: 0.8975
058: Acc-tr:  96.31, Acc-val:  80.09, L-tr: 0.1050, L-val: 0.7996
059: Acc-tr:  94.03, Acc-val:  78.60, L-tr: 0.1662, L-val: 0.9345
060: Acc-tr:  92.97, Acc-val:  77.60, L-tr: 0.2141, L-val: 1.0021
061: Acc-tr:  93.63, Acc-val:  78.67, L-tr: 0.1813, L-val: 0.8638
062: Acc-tr:  94.25, Acc-val:  79.09, L-tr: 0.1648, L-val: 0.8992
063: Acc-tr:  93.11, Acc-val:  77.71, L-tr: 0.1977, L-val: 0.9354
064: Acc-tr:  90.42, Acc-val:  76.42, L-tr: 0.2836, L-val: 1.0646
065: Acc-tr:  94.73, Acc-val:  78.74, L-tr: 0.1478, L-val: 0.8891
066: Acc-tr:  93.92, Acc-val:  78.79, L-tr: 0.1761, L-val: 0.9311
067: Acc-tr:  95.11, Acc-val:  79.73, L-tr: 0.1372, L-val: 0.8785
068: Acc-tr:  91.36, Acc-val:  76.56, L-tr: 0.2636, L-val: 1.0963
069: Acc-tr:  95.37, Acc-val:  78.92, L-tr: 0.1278, L-val: 0.8626
070: Acc-tr:  93.13, Acc-val:  78.14, L-tr: 0.2026, L-val: 0.9394
071: Acc-tr:  91.72, Acc-val:  76.90, L-tr: 0.2477, L-val: 1.0302
072: Acc-tr:  93.87, Acc-val:  79.54, L-tr: 0.1767, L-val: 0.9089
073: Acc-tr:  94.25, Acc-val:  78.61, L-tr: 0.1639, L-val: 0.9339
074: Acc-tr:  90.70, Acc-val:  76.31, L-tr: 0.3143, L-val: 1.1302
075: Acc-tr:  94.74, Acc-val:  79.60, L-tr: 0.1466, L-val: 0.9266
076: Acc-tr:  91.86, Acc-val:  76.96, L-tr: 0.2315, L-val: 0.9840
077: Acc-tr:  94.62, Acc-val:  78.74, L-tr: 0.1575, L-val: 0.9159
078: Acc-tr:  92.33, Acc-val:  77.15, L-tr: 0.2164, L-val: 0.9991
079: Acc-tr:  92.60, Acc-val:  77.91, L-tr: 0.2159, L-val: 1.0426
080: Acc-tr:  95.09, Acc-val:  79.46, L-tr: 0.1336, L-val: 0.8434
081: Acc-tr:  93.93, Acc-val:  79.24, L-tr: 0.1805, L-val: 0.9776
082: Acc-tr:  91.34, Acc-val:  76.11, L-tr: 0.2752, L-val: 1.0574
083: Acc-tr:  88.17, Acc-val:  73.16, L-tr: 0.3676, L-val: 1.2156
084: Acc-tr:  92.83, Acc-val:  78.05, L-tr: 0.2069, L-val: 0.9360
085: Acc-tr:  95.27, Acc-val:  79.49, L-tr: 0.1341, L-val: 0.8542
086: Acc-tr:  92.65, Acc-val:  77.40, L-tr: 0.2258, L-val: 1.0294
087: Acc-tr:  93.42, Acc-val:  77.38, L-tr: 0.1870, L-val: 0.9697
088: Acc-tr:  89.16, Acc-val:  75.89, L-tr: 0.3375, L-val: 1.1812
089: Acc-tr:  95.55, Acc-val:  79.40, L-tr: 0.1265, L-val: 0.9147
090: Acc-tr:  95.64, Acc-val:  79.58, L-tr: 0.1192, L-val: 0.8238
091: Acc-tr:  94.97, Acc-val:  79.02, L-tr: 0.1432, L-val: 0.8631
092: Acc-tr:  94.09, Acc-val:  78.05, L-tr: 0.1719, L-val: 0.9606
093: Acc-tr:  96.43, Acc-val:  80.68, L-tr: 0.1014, L-val: 0.7942
094: Acc-tr:  95.78, Acc-val:  80.09, L-tr: 0.1208, L-val: 0.8374
095: Acc-tr:  92.82, Acc-val:  77.46, L-tr: 0.2079, L-val: 1.0076
096: Acc-tr:  94.99, Acc-val:  78.94, L-tr: 0.1427, L-val: 0.8923
097: Acc-tr:  94.95, Acc-val:  79.38, L-tr: 0.1480, L-val: 0.8487
098: Acc-tr:  91.01, Acc-val:  76.45, L-tr: 0.2699, L-val: 1.0906
099: Acc-tr:  91.28, Acc-val:  76.91, L-tr: 0.2642, L-val: 1.1096
100: Acc-tr:  96.59, Acc-val:  80.41, L-tr: 0.0982, L-val: 0.8005
101: Acc-tr:  95.50, Acc-val:  79.06, L-tr: 0.1273, L-val: 0.8717
102: Acc-tr:  96.07, Acc-val:  80.41, L-tr: 0.1120, L-val: 0.8071
103: Acc-tr:  94.05, Acc-val:  79.21, L-tr: 0.1738, L-val: 0.9635
104: Acc-tr:  95.54, Acc-val:  79.82, L-tr: 0.1243, L-val: 0.8792
105: Acc-tr:  92.87, Acc-val:  77.77, L-tr: 0.2002, L-val: 0.9926
106: Acc-tr:  93.85, Acc-val:  78.37, L-tr: 0.1710, L-val: 0.8988
107: Acc-tr:  95.22, Acc-val:  79.13, L-tr: 0.1351, L-val: 0.8351
108: Acc-tr:  95.24, Acc-val:  79.49, L-tr: 0.1393, L-val: 0.8864
109: Acc-tr:  94.95, Acc-val:  79.62, L-tr: 0.1430, L-val: 0.8307
110: Acc-tr:  92.34, Acc-val:  77.91, L-tr: 0.2179, L-val: 0.9726
111: Acc-tr:  91.36, Acc-val:  76.57, L-tr: 0.2692, L-val: 1.0666
112: Acc-tr:  95.58, Acc-val:  79.95, L-tr: 0.1263, L-val: 0.8910
113: Acc-tr:  96.70, Acc-val:  80.65, L-tr: 0.0949, L-val: 0.7796
114: Acc-tr:  91.71, Acc-val:  76.95, L-tr: 0.2391, L-val: 1.0371
115: Acc-tr:  94.02, Acc-val:  78.91, L-tr: 0.1680, L-val: 0.8713
116: Acc-tr:  92.90, Acc-val:  77.94, L-tr: 0.2057, L-val: 1.0148
117: Acc-tr:  95.88, Acc-val:  80.59, L-tr: 0.1172, L-val: 0.7471
118: Acc-tr:  88.90, Acc-val:  73.73, L-tr: 0.3420, L-val: 1.2757
119: Acc-tr:  94.16, Acc-val:  78.98, L-tr: 0.1657, L-val: 0.9562
120: Acc-tr:  94.30, Acc-val:  78.66, L-tr: 0.1655, L-val: 1.0108
121: Acc-tr:  93.26, Acc-val:  78.08, L-tr: 0.1930, L-val: 0.9440
122: Acc-tr:  95.76, Acc-val:  80.22, L-tr: 0.1194, L-val: 0.8569
123: Acc-tr:  96.98, Acc-val:  80.63, L-tr: 0.0874, L-val: 0.7825
124: Acc-tr:  91.91, Acc-val:  77.09, L-tr: 0.2422, L-val: 0.9972
125: Acc-tr:  96.09, Acc-val:  80.19, L-tr: 0.1140, L-val: 0.8083
126: Acc-tr:  92.01, Acc-val:  75.90, L-tr: 0.2366, L-val: 1.0810
127: Acc-tr:  94.80, Acc-val:  79.44, L-tr: 0.1498, L-val: 0.9086
128: Acc-tr:  95.50, Acc-val:  79.25, L-tr: 0.1254, L-val: 0.8540
129: Acc-tr:  95.36, Acc-val:  78.59, L-tr: 0.1328, L-val: 0.8919
130: Acc-tr:  95.76, Acc-val:  80.50, L-tr: 0.1231, L-val: 0.8674
131: Acc-tr:  94.41, Acc-val:  79.31, L-tr: 0.1585, L-val: 0.8640
132: Acc-tr:  96.72, Acc-val:  80.57, L-tr: 0.0920, L-val: 0.8585
133: Acc-tr:  92.93, Acc-val:  77.67, L-tr: 0.2035, L-val: 0.9808
134: Acc-tr:  93.87, Acc-val:  78.04, L-tr: 0.1765, L-val: 0.9269
135: Acc-tr:  96.49, Acc-val:  80.50, L-tr: 0.1013, L-val: 0.7907
136: Acc-tr:  89.74, Acc-val:  75.45, L-tr: 0.3244, L-val: 1.1650
137: Acc-tr:  94.61, Acc-val:  79.09, L-tr: 0.1462, L-val: 0.8358
138: Acc-tr:  96.19, Acc-val:  80.19, L-tr: 0.1063, L-val: 0.8670
139: Acc-tr:  91.92, Acc-val:  77.07, L-tr: 0.2360, L-val: 1.0215
140: Acc-tr:  96.17, Acc-val:  80.93, L-tr: 0.1068, L-val: 0.8212
141: Acc-tr:  96.03, Acc-val:  80.09, L-tr: 0.1158, L-val: 0.8177
142: Acc-tr:  95.76, Acc-val:  79.36, L-tr: 0.1181, L-val: 0.8219
143: Acc-tr:  97.24, Acc-val:  81.33, L-tr: 0.0782, L-val: 0.7593
144: Acc-tr:  95.91, Acc-val:  80.16, L-tr: 0.1145, L-val: 0.8041
145: Acc-tr:  96.67, Acc-val:  80.86, L-tr: 0.0962, L-val: 0.7803
146: Acc-tr:  95.33, Acc-val:  79.11, L-tr: 0.1343, L-val: 0.8958
147: Acc-tr:  93.01, Acc-val:  78.28, L-tr: 0.2051, L-val: 0.9888
148: Acc-tr:  96.71, Acc-val:  80.64, L-tr: 0.0925, L-val: 0.7933
149: Acc-tr:  91.66, Acc-val:  76.23, L-tr: 0.2601, L-val: 1.0411
150: Acc-tr:  99.95, Acc-val:  83.90, L-tr: 0.0095, L-val: 0.6497
151: Acc-tr: 100.00, Acc-val:  84.16, L-tr: 0.0061, L-val: 0.6552
152: Acc-tr: 100.00, Acc-val:  84.22, L-tr: 0.0045, L-val: 0.6606
153: Acc-tr: 100.00, Acc-val:  84.36, L-tr: 0.0035, L-val: 0.6695
154: Acc-tr: 100.00, Acc-val:  84.44, L-tr: 0.0030, L-val: 0.6740
155: Acc-tr: 100.00, Acc-val:  84.41, L-tr: 0.0026, L-val: 0.6779
156: Acc-tr: 100.00, Acc-val:  84.26, L-tr: 0.0023, L-val: 0.6859
157: Acc-tr: 100.00, Acc-val:  84.42, L-tr: 0.0021, L-val: 0.6861
158: Acc-tr: 100.00, Acc-val:  84.42, L-tr: 0.0020, L-val: 0.6865
159: Acc-tr: 100.00, Acc-val:  84.41, L-tr: 0.0018, L-val: 0.6887
160: Acc-tr: 100.00, Acc-val:  84.27, L-tr: 0.0017, L-val: 0.6921
161: Acc-tr: 100.00, Acc-val:  84.42, L-tr: 0.0016, L-val: 0.6913
162: Acc-tr: 100.00, Acc-val:  84.38, L-tr: 0.0015, L-val: 0.6932
163: Acc-tr: 100.00, Acc-val:  84.40, L-tr: 0.0015, L-val: 0.6971
164: Acc-tr: 100.00, Acc-val:  84.39, L-tr: 0.0014, L-val: 0.6930
165: Acc-tr: 100.00, Acc-val:  84.45, L-tr: 0.0013, L-val: 0.6980
166: Acc-tr: 100.00, Acc-val:  84.37, L-tr: 0.0013, L-val: 0.6965
167: Acc-tr: 100.00, Acc-val:  84.29, L-tr: 0.0013, L-val: 0.6919
168: Acc-tr: 100.00, Acc-val:  84.46, L-tr: 0.0012, L-val: 0.6975
169: Acc-tr: 100.00, Acc-val:  84.45, L-tr: 0.0012, L-val: 0.6995
170: Acc-tr: 100.00, Acc-val:  84.38, L-tr: 0.0012, L-val: 0.6968
171: Acc-tr: 100.00, Acc-val:  84.42, L-tr: 0.0011, L-val: 0.6964
172: Acc-tr: 100.00, Acc-val:  84.51, L-tr: 0.0010, L-val: 0.7013
173: Acc-tr: 100.00, Acc-val:  84.40, L-tr: 0.0011, L-val: 0.6969
174: Acc-tr: 100.00, Acc-val:  84.48, L-tr: 0.0011, L-val: 0.6937
175: Acc-tr: 100.00, Acc-val:  84.55, L-tr: 0.0010, L-val: 0.6982
176: Acc-tr: 100.00, Acc-val:  84.52, L-tr: 0.0010, L-val: 0.6990
177: Acc-tr: 100.00, Acc-val:  84.38, L-tr: 0.0010, L-val: 0.6992
178: Acc-tr: 100.00, Acc-val:  84.48, L-tr: 0.0010, L-val: 0.6913
179: Acc-tr: 100.00, Acc-val:  84.52, L-tr: 0.0010, L-val: 0.6959
180: Acc-tr: 100.00, Acc-val:  84.48, L-tr: 0.0009, L-val: 0.6977
181: Acc-tr: 100.00, Acc-val:  84.36, L-tr: 0.0009, L-val: 0.6909
182: Acc-tr: 100.00, Acc-val:  84.43, L-tr: 0.0009, L-val: 0.6947
183: Acc-tr: 100.00, Acc-val:  84.47, L-tr: 0.0009, L-val: 0.6936
184: Acc-tr: 100.00, Acc-val:  84.50, L-tr: 0.0009, L-val: 0.6943
185: Acc-tr: 100.00, Acc-val:  84.30, L-tr: 0.0010, L-val: 0.6912
186: Acc-tr: 100.00, Acc-val:  84.35, L-tr: 0.0009, L-val: 0.6892
187: Acc-tr: 100.00, Acc-val:  84.35, L-tr: 0.0009, L-val: 0.6930
188: Acc-tr: 100.00, Acc-val:  84.43, L-tr: 0.0009, L-val: 0.6911
189: Acc-tr: 100.00, Acc-val:  84.54, L-tr: 0.0009, L-val: 0.6900
190: Acc-tr: 100.00, Acc-val:  84.46, L-tr: 0.0008, L-val: 0.6901
191: Acc-tr: 100.00, Acc-val:  84.39, L-tr: 0.0008, L-val: 0.6915
192: Acc-tr: 100.00, Acc-val:  84.40, L-tr: 0.0008, L-val: 0.6898
193: Acc-tr: 100.00, Acc-val:  84.33, L-tr: 0.0009, L-val: 0.6850
194: Acc-tr: 100.00, Acc-val:  84.37, L-tr: 0.0009, L-val: 0.6814
195: Acc-tr: 100.00, Acc-val:  84.41, L-tr: 0.0008, L-val: 0.6870
196: Acc-tr: 100.00, Acc-val:  84.41, L-tr: 0.0008, L-val: 0.6896
197: Acc-tr: 100.00, Acc-val:  84.42, L-tr: 0.0009, L-val: 0.6866
198: Acc-tr: 100.00, Acc-val:  84.38, L-tr: 0.0008, L-val: 0.6872
199: Acc-tr: 100.00, Acc-val:  84.37, L-tr: 0.0009, L-val: 0.6835
200: Acc-tr: 100.00, Acc-val:  84.50, L-tr: 0.0008, L-val: 0.6873
201: Acc-tr: 100.00, Acc-val:  84.28, L-tr: 0.0009, L-val: 0.6854
202: Acc-tr: 100.00, Acc-val:  84.31, L-tr: 0.0008, L-val: 0.6862
203: Acc-tr: 100.00, Acc-val:  84.38, L-tr: 0.0008, L-val: 0.6854
204: Acc-tr: 100.00, Acc-val:  84.23, L-tr: 0.0009, L-val: 0.6845
205: Acc-tr: 100.00, Acc-val:  84.34, L-tr: 0.0008, L-val: 0.6805
206: Acc-tr: 100.00, Acc-val:  84.35, L-tr: 0.0008, L-val: 0.6796
207: Acc-tr: 100.00, Acc-val:  84.34, L-tr: 0.0008, L-val: 0.6804
208: Acc-tr: 100.00, Acc-val:  84.33, L-tr: 0.0008, L-val: 0.6801
209: Acc-tr: 100.00, Acc-val:  84.25, L-tr: 0.0008, L-val: 0.6747
210: Acc-tr: 100.00, Acc-val:  84.29, L-tr: 0.0008, L-val: 0.6773
211: Acc-tr: 100.00, Acc-val:  84.29, L-tr: 0.0009, L-val: 0.6686
212: Acc-tr: 100.00, Acc-val:  84.20, L-tr: 0.0008, L-val: 0.6751
213: Acc-tr: 100.00, Acc-val:  84.35, L-tr: 0.0008, L-val: 0.6777
214: Acc-tr: 100.00, Acc-val:  84.30, L-tr: 0.0008, L-val: 0.6768
215: Acc-tr: 100.00, Acc-val:  84.32, L-tr: 0.0008, L-val: 0.6730
216: Acc-tr: 100.00, Acc-val:  84.28, L-tr: 0.0008, L-val: 0.6713
217: Acc-tr: 100.00, Acc-val:  84.26, L-tr: 0.0008, L-val: 0.6735
218: Acc-tr: 100.00, Acc-val:  84.31, L-tr: 0.0008, L-val: 0.6704
219: Acc-tr: 100.00, Acc-val:  84.33, L-tr: 0.0008, L-val: 0.6720
220: Acc-tr: 100.00, Acc-val:  84.29, L-tr: 0.0008, L-val: 0.6721
221: Acc-tr: 100.00, Acc-val:  84.32, L-tr: 0.0008, L-val: 0.6695
222: Acc-tr: 100.00, Acc-val:  84.29, L-tr: 0.0008, L-val: 0.6694
223: Acc-tr: 100.00, Acc-val:  84.40, L-tr: 0.0008, L-val: 0.6687
224: Acc-tr: 100.00, Acc-val:  84.29, L-tr: 0.0008, L-val: 0.6708
225: Acc-tr: 100.00, Acc-val:  84.37, L-tr: 0.0008, L-val: 0.6701
226: Acc-tr: 100.00, Acc-val:  84.32, L-tr: 0.0008, L-val: 0.6685
227: Acc-tr: 100.00, Acc-val:  84.34, L-tr: 0.0008, L-val: 0.6695
228: Acc-tr: 100.00, Acc-val:  84.19, L-tr: 0.0008, L-val: 0.6718
229: Acc-tr: 100.00, Acc-val:  84.40, L-tr: 0.0008, L-val: 0.6683
230: Acc-tr: 100.00, Acc-val:  84.26, L-tr: 0.0008, L-val: 0.6738
231: Acc-tr: 100.00, Acc-val:  84.44, L-tr: 0.0008, L-val: 0.6713
232: Acc-tr: 100.00, Acc-val:  84.18, L-tr: 0.0008, L-val: 0.6682
233: Acc-tr: 100.00, Acc-val:  84.28, L-tr: 0.0008, L-val: 0.6689
234: Acc-tr: 100.00, Acc-val:  84.22, L-tr: 0.0008, L-val: 0.6689
235: Acc-tr: 100.00, Acc-val:  84.29, L-tr: 0.0008, L-val: 0.6692
236: Acc-tr: 100.00, Acc-val:  84.24, L-tr: 0.0008, L-val: 0.6685
237: Acc-tr: 100.00, Acc-val:  84.28, L-tr: 0.0008, L-val: 0.6658
238: Acc-tr: 100.00, Acc-val:  84.23, L-tr: 0.0008, L-val: 0.6716
239: Acc-tr: 100.00, Acc-val:  84.33, L-tr: 0.0008, L-val: 0.6681
240: Acc-tr: 100.00, Acc-val:  84.31, L-tr: 0.0008, L-val: 0.6686
241: Acc-tr: 100.00, Acc-val:  84.40, L-tr: 0.0008, L-val: 0.6665
242: Acc-tr: 100.00, Acc-val:  84.25, L-tr: 0.0008, L-val: 0.6698
243: Acc-tr: 100.00, Acc-val:  84.31, L-tr: 0.0008, L-val: 0.6653
244: Acc-tr: 100.00, Acc-val:  84.21, L-tr: 0.0008, L-val: 0.6717
245: Acc-tr: 100.00, Acc-val:  84.32, L-tr: 0.0008, L-val: 0.6643
246: Acc-tr: 100.00, Acc-val:  84.26, L-tr: 0.0008, L-val: 0.6656
247: Acc-tr: 100.00, Acc-val:  84.21, L-tr: 0.0008, L-val: 0.6719
248: Acc-tr: 100.00, Acc-val:  84.37, L-tr: 0.0008, L-val: 0.6665
249: Acc-tr: 100.00, Acc-val:  84.24, L-tr: 0.0008, L-val: 0.6701
250: Acc-tr: 100.00, Acc-val:  84.37, L-tr: 0.0008, L-val: 0.6652
251: Acc-tr: 100.00, Acc-val:  84.32, L-tr: 0.0008, L-val: 0.6631
252: Acc-tr: 100.00, Acc-val:  84.17, L-tr: 0.0008, L-val: 0.6686
253: Acc-tr: 100.00, Acc-val:  84.27, L-tr: 0.0008, L-val: 0.6692
254: Acc-tr: 100.00, Acc-val:  84.21, L-tr: 0.0008, L-val: 0.6677
255: Acc-tr: 100.00, Acc-val:  84.33, L-tr: 0.0008, L-val: 0.6680
256: Acc-tr: 100.00, Acc-val:  84.33, L-tr: 0.0008, L-val: 0.6670
257: Acc-tr: 100.00, Acc-val:  84.44, L-tr: 0.0008, L-val: 0.6689
258: Acc-tr: 100.00, Acc-val:  84.33, L-tr: 0.0008, L-val: 0.6696
259: Acc-tr: 100.00, Acc-val:  84.40, L-tr: 0.0008, L-val: 0.6702
260: Acc-tr: 100.00, Acc-val:  84.15, L-tr: 0.0008, L-val: 0.6716
261: Acc-tr: 100.00, Acc-val:  84.32, L-tr: 0.0008, L-val: 0.6686
262: Acc-tr: 100.00, Acc-val:  84.32, L-tr: 0.0008, L-val: 0.6675
263: Acc-tr: 100.00, Acc-val:  84.34, L-tr: 0.0008, L-val: 0.6638
264: Acc-tr: 100.00, Acc-val:  84.29, L-tr: 0.0008, L-val: 0.6673
265: Acc-tr: 100.00, Acc-val:  84.29, L-tr: 0.0008, L-val: 0.6663
266: Acc-tr: 100.00, Acc-val:  84.42, L-tr: 0.0008, L-val: 0.6686
267: Acc-tr: 100.00, Acc-val:  84.29, L-tr: 0.0008, L-val: 0.6690
268: Acc-tr: 100.00, Acc-val:  84.26, L-tr: 0.0008, L-val: 0.6646
269: Acc-tr: 100.00, Acc-val:  84.35, L-tr: 0.0008, L-val: 0.6690
270: Acc-tr: 100.00, Acc-val:  84.20, L-tr: 0.0008, L-val: 0.6665
271: Acc-tr: 100.00, Acc-val:  84.26, L-tr: 0.0008, L-val: 0.6642
272: Acc-tr: 100.00, Acc-val:  84.25, L-tr: 0.0008, L-val: 0.6687
273: Acc-tr: 100.00, Acc-val:  84.14, L-tr: 0.0008, L-val: 0.6681
274: Acc-tr: 100.00, Acc-val:  84.22, L-tr: 0.0008, L-val: 0.6689
275: Acc-tr: 100.00, Acc-val:  84.29, L-tr: 0.0008, L-val: 0.6653
276: Acc-tr: 100.00, Acc-val:  84.24, L-tr: 0.0008, L-val: 0.6714
277: Acc-tr: 100.00, Acc-val:  84.34, L-tr: 0.0008, L-val: 0.6647
278: Acc-tr: 100.00, Acc-val:  84.33, L-tr: 0.0008, L-val: 0.6710
279: Acc-tr: 100.00, Acc-val:  84.20, L-tr: 0.0008, L-val: 0.6734
280: Acc-tr: 100.00, Acc-val:  84.34, L-tr: 0.0008, L-val: 0.6674
281: Acc-tr: 100.00, Acc-val:  84.35, L-tr: 0.0008, L-val: 0.6693
282: Acc-tr: 100.00, Acc-val:  84.30, L-tr: 0.0008, L-val: 0.6667
283: Acc-tr: 100.00, Acc-val:  84.22, L-tr: 0.0008, L-val: 0.6661
284: Acc-tr: 100.00, Acc-val:  84.35, L-tr: 0.0008, L-val: 0.6656
285: Acc-tr: 100.00, Acc-val:  84.23, L-tr: 0.0008, L-val: 0.6663
286: Acc-tr: 100.00, Acc-val:  84.36, L-tr: 0.0008, L-val: 0.6659
287: Acc-tr: 100.00, Acc-val:  84.36, L-tr: 0.0008, L-val: 0.6651
288: Acc-tr: 100.00, Acc-val:  84.30, L-tr: 0.0008, L-val: 0.6657
289: Acc-tr: 100.00, Acc-val:  84.28, L-tr: 0.0008, L-val: 0.6678
290: Acc-tr: 100.00, Acc-val:  84.36, L-tr: 0.0008, L-val: 0.6636
291: Acc-tr: 100.00, Acc-val:  84.30, L-tr: 0.0008, L-val: 0.6661
292: Acc-tr: 100.00, Acc-val:  84.30, L-tr: 0.0008, L-val: 0.6670
293: Acc-tr: 100.00, Acc-val:  84.26, L-tr: 0.0008, L-val: 0.6652
294: Acc-tr: 100.00, Acc-val:  84.23, L-tr: 0.0008, L-val: 0.6705
295: Acc-tr: 100.00, Acc-val:  84.20, L-tr: 0.0008, L-val: 0.6686
296: Acc-tr: 100.00, Acc-val:  84.31, L-tr: 0.0008, L-val: 0.6659
297: Acc-tr: 100.00, Acc-val:  84.43, L-tr: 0.0008, L-val: 0.6655
298: Acc-tr: 100.00, Acc-val:  84.34, L-tr: 0.0008, L-val: 0.6666
299: Acc-tr: 100.00, Acc-val:  84.26, L-tr: 0.0008, L-val: 0.6703
