Number of parameters: 272282
/scratch/cm6627/diffeo_cnn/experiment/006_RandomLabels/./fitting-random-labels/train.py:163: UserWarning: volatile was removed and now has no effect. Use `with torch.no_grad():` instead.
  input_var = torch.autograd.Variable(input, volatile=True)
/scratch/cm6627/diffeo_cnn/experiment/006_RandomLabels/./fitting-random-labels/train.py:164: UserWarning: volatile was removed and now has no effect. Use `with torch.no_grad():` instead.
  target_var = torch.autograd.Variable(target, volatile=True)
000: Acc-tr:  25.53, Acc-val:  24.92, L-tr: 2.1278, L-val: 2.1393
001: Acc-tr:  27.26, Acc-val:  26.69, L-tr: 2.1211, L-val: 2.1383
002: Acc-tr:  32.13, Acc-val:  30.68, L-tr: 2.0424, L-val: 2.0792
003: Acc-tr:  35.46, Acc-val:  33.32, L-tr: 1.9828, L-val: 2.0329
004: Acc-tr:  39.87, Acc-val:  37.15, L-tr: 1.9206, L-val: 1.9860
005: Acc-tr:  39.49, Acc-val:  35.66, L-tr: 1.9113, L-val: 2.0017
006: Acc-tr:  40.09, Acc-val:  35.15, L-tr: 1.9019, L-val: 2.0045
007: Acc-tr:  42.22, Acc-val:  37.22, L-tr: 1.8586, L-val: 1.9909
008: Acc-tr:  43.71, Acc-val:  37.77, L-tr: 1.8235, L-val: 1.9830
009: Acc-tr:  47.13, Acc-val:  39.70, L-tr: 1.7566, L-val: 1.9561
010: Acc-tr:  46.75, Acc-val:  37.96, L-tr: 1.7522, L-val: 1.9986
011: Acc-tr:  45.84, Acc-val:  36.89, L-tr: 1.7634, L-val: 2.0177
012: Acc-tr:  44.47, Acc-val:  35.03, L-tr: 1.7866, L-val: 2.1121
013: Acc-tr:  46.31, Acc-val:  35.64, L-tr: 1.7273, L-val: 2.0811
014: Acc-tr:  46.85, Acc-val:  34.94, L-tr: 1.7122, L-val: 2.0800
015: Acc-tr:  50.40, Acc-val:  36.20, L-tr: 1.6219, L-val: 2.0632
016: Acc-tr:  49.27, Acc-val:  34.10, L-tr: 1.6412, L-val: 2.1122
017: Acc-tr:  45.61, Acc-val:  31.82, L-tr: 1.7438, L-val: 2.3202
018: Acc-tr:  52.32, Acc-val:  35.26, L-tr: 1.5538, L-val: 2.1224
019: Acc-tr:  45.46, Acc-val:  29.77, L-tr: 1.7499, L-val: 2.4186
020: Acc-tr:  51.58, Acc-val:  32.34, L-tr: 1.5603, L-val: 2.2144
021: Acc-tr:  54.34, Acc-val:  34.06, L-tr: 1.4931, L-val: 2.1473
022: Acc-tr:  52.77, Acc-val:  31.62, L-tr: 1.4973, L-val: 2.3390
023: Acc-tr:  54.17, Acc-val:  30.70, L-tr: 1.4518, L-val: 2.4007
024: Acc-tr:  55.58, Acc-val:  32.89, L-tr: 1.4309, L-val: 2.2340
025: Acc-tr:  57.59, Acc-val:  30.61, L-tr: 1.3662, L-val: 2.4816
026: Acc-tr:  56.33, Acc-val:  30.09, L-tr: 1.3791, L-val: 2.3420
027: Acc-tr:  57.23, Acc-val:  30.92, L-tr: 1.3589, L-val: 2.4506
028: Acc-tr:  47.07, Acc-val:  26.43, L-tr: 1.7372, L-val: 3.0528
029: Acc-tr:  58.63, Acc-val:  28.60, L-tr: 1.2933, L-val: 2.5263
030: Acc-tr:  61.95, Acc-val:  30.54, L-tr: 1.1993, L-val: 2.6824
031: Acc-tr:  60.40, Acc-val:  29.00, L-tr: 1.2614, L-val: 2.4101
032: Acc-tr:  61.28, Acc-val:  30.43, L-tr: 1.2246, L-val: 2.7882
033: Acc-tr:  55.83, Acc-val:  27.84, L-tr: 1.3875, L-val: 2.9047
034: Acc-tr:  62.47, Acc-val:  29.45, L-tr: 1.1837, L-val: 2.8172
035: Acc-tr:  56.12, Acc-val:  27.00, L-tr: 1.4098, L-val: 3.2096
036: Acc-tr:  59.61, Acc-val:  28.42, L-tr: 1.3069, L-val: 3.3275
037: Acc-tr:  66.31, Acc-val:  27.85, L-tr: 1.0574, L-val: 2.6626
038: Acc-tr:  61.61, Acc-val:  26.87, L-tr: 1.1830, L-val: 3.0522
039: Acc-tr:  69.89, Acc-val:  28.70, L-tr: 0.9441, L-val: 2.7336
040: Acc-tr:  67.91, Acc-val:  27.50, L-tr: 0.9968, L-val: 2.8818
041: Acc-tr:  67.92, Acc-val:  27.21, L-tr: 0.9927, L-val: 2.8984
042: Acc-tr:  63.11, Acc-val:  26.11, L-tr: 1.1117, L-val: 3.0806
043: Acc-tr:  63.73, Acc-val:  26.46, L-tr: 1.0970, L-val: 3.1726
044: Acc-tr:  71.83, Acc-val:  28.43, L-tr: 0.8764, L-val: 2.9860
045: Acc-tr:  67.19, Acc-val:  25.90, L-tr: 1.0092, L-val: 3.3017
046: Acc-tr:  65.69, Acc-val:  26.42, L-tr: 1.0797, L-val: 3.6494
047: Acc-tr:  68.22, Acc-val:  25.95, L-tr: 0.9692, L-val: 3.2864
048: Acc-tr:  72.33, Acc-val:  27.41, L-tr: 0.8512, L-val: 3.4862
049: Acc-tr:  69.45, Acc-val:  26.25, L-tr: 0.9176, L-val: 3.3692
050: Acc-tr:  64.25, Acc-val:  24.75, L-tr: 1.0609, L-val: 3.4550
051: Acc-tr:  76.22, Acc-val:  28.66, L-tr: 0.7421, L-val: 3.0278
052: Acc-tr:  71.44, Acc-val:  26.62, L-tr: 0.8504, L-val: 3.3414
053: Acc-tr:  72.37, Acc-val:  26.65, L-tr: 0.8422, L-val: 3.1879
054: Acc-tr:  69.95, Acc-val:  27.66, L-tr: 0.9134, L-val: 3.3820
055: Acc-tr:  65.96, Acc-val:  25.77, L-tr: 1.0451, L-val: 3.5466
056: Acc-tr:  61.82, Acc-val:  21.97, L-tr: 1.1084, L-val: 3.3898
057: Acc-tr:  76.00, Acc-val:  25.15, L-tr: 0.7521, L-val: 3.0764
058: Acc-tr:  68.12, Acc-val:  23.77, L-tr: 0.9363, L-val: 3.2766
059: Acc-tr:  74.04, Acc-val:  25.54, L-tr: 0.8014, L-val: 3.1881
060: Acc-tr:  75.97, Acc-val:  26.01, L-tr: 0.7362, L-val: 3.2899
061: Acc-tr:  72.59, Acc-val:  25.07, L-tr: 0.8361, L-val: 3.8026
062: Acc-tr:  76.21, Acc-val:  26.71, L-tr: 0.7182, L-val: 3.4958
063: Acc-tr:  71.24, Acc-val:  24.69, L-tr: 0.8647, L-val: 3.8007
064: Acc-tr:  73.32, Acc-val:  25.99, L-tr: 0.8133, L-val: 3.7408
065: Acc-tr:  62.23, Acc-val:  23.03, L-tr: 1.1793, L-val: 4.0890
066: Acc-tr:  77.60, Acc-val:  26.14, L-tr: 0.6656, L-val: 3.6206
067: Acc-tr:  70.32, Acc-val:  23.62, L-tr: 0.8925, L-val: 3.8004
068: Acc-tr:  75.73, Acc-val:  25.87, L-tr: 0.7163, L-val: 3.5991
069: Acc-tr:  71.02, Acc-val:  24.36, L-tr: 0.8822, L-val: 3.9449
070: Acc-tr:  77.92, Acc-val:  25.10, L-tr: 0.6602, L-val: 3.5495
071: Acc-tr:  74.05, Acc-val:  23.45, L-tr: 0.7827, L-val: 3.5848
072: Acc-tr:  75.61, Acc-val:  24.73, L-tr: 0.7169, L-val: 3.6539
073: Acc-tr:  75.35, Acc-val:  23.63, L-tr: 0.7373, L-val: 3.9424
074: Acc-tr:  79.70, Acc-val:  26.50, L-tr: 0.6178, L-val: 3.4343
075: Acc-tr:  67.89, Acc-val:  22.34, L-tr: 0.9843, L-val: 3.9889
076: Acc-tr:  75.31, Acc-val:  22.59, L-tr: 0.7422, L-val: 3.3058
077: Acc-tr:  74.72, Acc-val:  24.50, L-tr: 0.7612, L-val: 3.6907
078: Acc-tr:  75.09, Acc-val:  25.61, L-tr: 0.7424, L-val: 3.9007
079: Acc-tr:  76.28, Acc-val:  24.75, L-tr: 0.7408, L-val: 3.7215
080: Acc-tr:  72.37, Acc-val:  24.08, L-tr: 0.8172, L-val: 3.8307
081: Acc-tr:  70.54, Acc-val:  23.44, L-tr: 0.8950, L-val: 3.9820
082: Acc-tr:  77.02, Acc-val:  25.53, L-tr: 0.6812, L-val: 4.0265
083: Acc-tr:  72.33, Acc-val:  23.87, L-tr: 0.8245, L-val: 4.1846
084: Acc-tr:  76.73, Acc-val:  24.79, L-tr: 0.6874, L-val: 3.7967
085: Acc-tr:  67.94, Acc-val:  23.28, L-tr: 0.9707, L-val: 4.2907
086: Acc-tr:  75.29, Acc-val:  26.60, L-tr: 0.7542, L-val: 4.1525
087: Acc-tr:  72.92, Acc-val:  24.49, L-tr: 0.8090, L-val: 3.8499
088: Acc-tr:  75.00, Acc-val:  24.23, L-tr: 0.7406, L-val: 3.9811
089: Acc-tr:  69.11, Acc-val:  23.46, L-tr: 0.9832, L-val: 4.4797
090: Acc-tr:  79.00, Acc-val:  25.67, L-tr: 0.6381, L-val: 3.8040
091: Acc-tr:  69.78, Acc-val:  23.73, L-tr: 0.9162, L-val: 4.1562
092: Acc-tr:  78.91, Acc-val:  25.46, L-tr: 0.6206, L-val: 3.9790
093: Acc-tr:  74.89, Acc-val:  24.23, L-tr: 0.7519, L-val: 3.9139
094: Acc-tr:  72.83, Acc-val:  22.92, L-tr: 0.8170, L-val: 4.1431
095: Acc-tr:  75.08, Acc-val:  25.90, L-tr: 0.7812, L-val: 4.1548
096: Acc-tr:  66.68, Acc-val:  21.47, L-tr: 0.9921, L-val: 4.4824
097: Acc-tr:  78.17, Acc-val:  25.38, L-tr: 0.6352, L-val: 3.8343
098: Acc-tr:  71.73, Acc-val:  23.11, L-tr: 0.8299, L-val: 3.8552
099: Acc-tr:  69.90, Acc-val:  23.74, L-tr: 0.9354, L-val: 4.3573
100: Acc-tr:  76.04, Acc-val:  26.04, L-tr: 0.7104, L-val: 4.0982
101: Acc-tr:  77.11, Acc-val:  24.10, L-tr: 0.6742, L-val: 3.9878
102: Acc-tr:  72.33, Acc-val:  23.76, L-tr: 0.8381, L-val: 4.2382
103: Acc-tr:  79.24, Acc-val:  23.42, L-tr: 0.6183, L-val: 3.7029
104: Acc-tr:  79.63, Acc-val:  24.55, L-tr: 0.6147, L-val: 3.5778
105: Acc-tr:  74.88, Acc-val:  24.16, L-tr: 0.7641, L-val: 4.1978
106: Acc-tr:  77.72, Acc-val:  24.11, L-tr: 0.6507, L-val: 4.0679
107: Acc-tr:  75.90, Acc-val:  25.67, L-tr: 0.7094, L-val: 4.4375
108: Acc-tr:  72.45, Acc-val:  22.17, L-tr: 0.8102, L-val: 4.2967
109: Acc-tr:  68.99, Acc-val:  23.32, L-tr: 0.9650, L-val: 4.5893
110: Acc-tr:  71.96, Acc-val:  22.02, L-tr: 0.8419, L-val: 3.8579
111: Acc-tr:  74.99, Acc-val:  24.20, L-tr: 0.7440, L-val: 4.3750
112: Acc-tr:  81.31, Acc-val:  24.49, L-tr: 0.5614, L-val: 3.6984
113: Acc-tr:  75.60, Acc-val:  25.87, L-tr: 0.7437, L-val: 4.3616
114: Acc-tr:  80.64, Acc-val:  26.01, L-tr: 0.5651, L-val: 3.8951
115: Acc-tr:  74.26, Acc-val:  24.36, L-tr: 0.7658, L-val: 4.2873
116: Acc-tr:  71.58, Acc-val:  24.94, L-tr: 0.8699, L-val: 4.5878
117: Acc-tr:  75.03, Acc-val:  25.05, L-tr: 0.7532, L-val: 4.5858
118: Acc-tr:  77.02, Acc-val:  23.02, L-tr: 0.6649, L-val: 3.8721
119: Acc-tr:  83.25, Acc-val:  25.06, L-tr: 0.4960, L-val: 3.9522
120: Acc-tr:  78.07, Acc-val:  25.19, L-tr: 0.6367, L-val: 4.1180
121: Acc-tr:  75.03, Acc-val:  21.42, L-tr: 0.7535, L-val: 3.8854
122: Acc-tr:  70.65, Acc-val:  23.85, L-tr: 0.9132, L-val: 4.4824
123: Acc-tr:  76.34, Acc-val:  23.48, L-tr: 0.7731, L-val: 4.1173
124: Acc-tr:  75.24, Acc-val:  24.61, L-tr: 0.7537, L-val: 4.3002
125: Acc-tr:  71.51, Acc-val:  21.58, L-tr: 0.8519, L-val: 4.2318
126: Acc-tr:  71.01, Acc-val:  24.57, L-tr: 0.9160, L-val: 4.6151
127: Acc-tr:  75.67, Acc-val:  23.74, L-tr: 0.7086, L-val: 4.0442
128: Acc-tr:  75.06, Acc-val:  22.67, L-tr: 0.7249, L-val: 4.0322
129: Acc-tr:  82.80, Acc-val:  24.92, L-tr: 0.5173, L-val: 3.7969
130: Acc-tr:  73.37, Acc-val:  24.28, L-tr: 0.8201, L-val: 4.1811
131: Acc-tr:  62.04, Acc-val:  20.96, L-tr: 1.4065, L-val: 5.0777
132: Acc-tr:  81.85, Acc-val:  25.14, L-tr: 0.5303, L-val: 3.8656
133: Acc-tr:  79.26, Acc-val:  24.04, L-tr: 0.6246, L-val: 3.9985
134: Acc-tr:  76.22, Acc-val:  23.52, L-tr: 0.7361, L-val: 4.1369
135: Acc-tr:  77.86, Acc-val:  24.68, L-tr: 0.6669, L-val: 4.0783
136: Acc-tr:  81.82, Acc-val:  24.86, L-tr: 0.5362, L-val: 3.7960
137: Acc-tr:  71.13, Acc-val:  22.71, L-tr: 0.8949, L-val: 4.5008
138: Acc-tr:  80.36, Acc-val:  24.98, L-tr: 0.5783, L-val: 4.0408
139: Acc-tr:  72.89, Acc-val:  23.06, L-tr: 0.7988, L-val: 4.1076
140: Acc-tr:  65.27, Acc-val:  21.74, L-tr: 1.0950, L-val: 4.8286
141: Acc-tr:  80.56, Acc-val:  24.98, L-tr: 0.5724, L-val: 4.0817
142: Acc-tr:  78.22, Acc-val:  23.72, L-tr: 0.6611, L-val: 3.8739
143: Acc-tr:  75.76, Acc-val:  25.30, L-tr: 0.7419, L-val: 4.4262
144: Acc-tr:  75.82, Acc-val:  22.42, L-tr: 0.7648, L-val: 4.1768
145: Acc-tr:  74.86, Acc-val:  23.60, L-tr: 0.7941, L-val: 4.6189
146: Acc-tr:  71.28, Acc-val:  23.00, L-tr: 0.8672, L-val: 4.4378
147: Acc-tr:  82.51, Acc-val:  23.57, L-tr: 0.5277, L-val: 3.7618
148: Acc-tr:  77.91, Acc-val:  23.00, L-tr: 0.6704, L-val: 4.0834
149: Acc-tr:  66.58, Acc-val:  22.16, L-tr: 1.1048, L-val: 4.8261
150: Acc-tr:  98.44, Acc-val:  26.77, L-tr: 0.0993, L-val: 4.1052
151: Acc-tr:  99.55, Acc-val:  27.13, L-tr: 0.0520, L-val: 4.4696
152: Acc-tr:  99.82, Acc-val:  26.51, L-tr: 0.0327, L-val: 4.7589
153: Acc-tr:  99.89, Acc-val:  26.93, L-tr: 0.0233, L-val: 4.9357
154: Acc-tr:  99.95, Acc-val:  26.85, L-tr: 0.0175, L-val: 5.0876
155: Acc-tr:  99.96, Acc-val:  26.96, L-tr: 0.0135, L-val: 5.2658
156: Acc-tr:  99.98, Acc-val:  26.49, L-tr: 0.0112, L-val: 5.3544
157: Acc-tr:  99.98, Acc-val:  26.74, L-tr: 0.0092, L-val: 5.4928
158: Acc-tr:  99.99, Acc-val:  26.79, L-tr: 0.0078, L-val: 5.5679
159: Acc-tr:  99.99, Acc-val:  26.65, L-tr: 0.0070, L-val: 5.6229
160: Acc-tr:  99.99, Acc-val:  26.93, L-tr: 0.0061, L-val: 5.6684
161: Acc-tr:  99.99, Acc-val:  26.73, L-tr: 0.0054, L-val: 5.7400
162: Acc-tr:  99.99, Acc-val:  26.76, L-tr: 0.0050, L-val: 5.8138
163: Acc-tr: 100.00, Acc-val:  26.77, L-tr: 0.0045, L-val: 5.8349
164: Acc-tr: 100.00, Acc-val:  26.50, L-tr: 0.0041, L-val: 5.9092
165: Acc-tr: 100.00, Acc-val:  26.44, L-tr: 0.0038, L-val: 5.9149
166: Acc-tr: 100.00, Acc-val:  26.71, L-tr: 0.0035, L-val: 5.9813
167: Acc-tr: 100.00, Acc-val:  26.58, L-tr: 0.0033, L-val: 5.9804
168: Acc-tr: 100.00, Acc-val:  26.59, L-tr: 0.0031, L-val: 6.0040
169: Acc-tr: 100.00, Acc-val:  26.46, L-tr: 0.0029, L-val: 6.0382
170: Acc-tr: 100.00, Acc-val:  26.55, L-tr: 0.0028, L-val: 6.0547
171: Acc-tr: 100.00, Acc-val:  26.61, L-tr: 0.0026, L-val: 6.0877
172: Acc-tr: 100.00, Acc-val:  26.56, L-tr: 0.0025, L-val: 6.0819
173: Acc-tr: 100.00, Acc-val:  26.63, L-tr: 0.0024, L-val: 6.1147
174: Acc-tr: 100.00, Acc-val:  26.68, L-tr: 0.0023, L-val: 6.1185
175: Acc-tr: 100.00, Acc-val:  26.45, L-tr: 0.0022, L-val: 6.1373
176: Acc-tr: 100.00, Acc-val:  26.52, L-tr: 0.0022, L-val: 6.1203
177: Acc-tr: 100.00, Acc-val:  26.37, L-tr: 0.0021, L-val: 6.1145
178: Acc-tr: 100.00, Acc-val:  26.45, L-tr: 0.0021, L-val: 6.1692
179: Acc-tr: 100.00, Acc-val:  26.44, L-tr: 0.0020, L-val: 6.1290
180: Acc-tr: 100.00, Acc-val:  26.51, L-tr: 0.0020, L-val: 6.1303
181: Acc-tr: 100.00, Acc-val:  26.35, L-tr: 0.0019, L-val: 6.1685
182: Acc-tr: 100.00, Acc-val:  26.42, L-tr: 0.0018, L-val: 6.1707
183: Acc-tr: 100.00, Acc-val:  26.46, L-tr: 0.0018, L-val: 6.1457
184: Acc-tr: 100.00, Acc-val:  26.60, L-tr: 0.0018, L-val: 6.1498
185: Acc-tr: 100.00, Acc-val:  26.60, L-tr: 0.0017, L-val: 6.1838
186: Acc-tr: 100.00, Acc-val:  26.42, L-tr: 0.0016, L-val: 6.1946
187: Acc-tr: 100.00, Acc-val:  26.55, L-tr: 0.0016, L-val: 6.1993
188: Acc-tr: 100.00, Acc-val:  26.50, L-tr: 0.0016, L-val: 6.2139
189: Acc-tr: 100.00, Acc-val:  26.45, L-tr: 0.0016, L-val: 6.2002
190: Acc-tr: 100.00, Acc-val:  26.47, L-tr: 0.0016, L-val: 6.1970
191: Acc-tr: 100.00, Acc-val:  26.53, L-tr: 0.0015, L-val: 6.1822
192: Acc-tr: 100.00, Acc-val:  26.51, L-tr: 0.0015, L-val: 6.1722
193: Acc-tr: 100.00, Acc-val:  26.64, L-tr: 0.0014, L-val: 6.2260
194: Acc-tr: 100.00, Acc-val:  26.36, L-tr: 0.0014, L-val: 6.1806
195: Acc-tr: 100.00, Acc-val:  26.51, L-tr: 0.0014, L-val: 6.1865
196: Acc-tr: 100.00, Acc-val:  26.46, L-tr: 0.0014, L-val: 6.2186
197: Acc-tr: 100.00, Acc-val:  26.58, L-tr: 0.0014, L-val: 6.1812
198: Acc-tr: 100.00, Acc-val:  26.49, L-tr: 0.0013, L-val: 6.2172
199: Acc-tr: 100.00, Acc-val:  26.22, L-tr: 0.0014, L-val: 6.1562
200: Acc-tr: 100.00, Acc-val:  26.41, L-tr: 0.0013, L-val: 6.1640
201: Acc-tr: 100.00, Acc-val:  26.59, L-tr: 0.0013, L-val: 6.1528
202: Acc-tr: 100.00, Acc-val:  26.46, L-tr: 0.0013, L-val: 6.1694
203: Acc-tr: 100.00, Acc-val:  26.49, L-tr: 0.0013, L-val: 6.1653
204: Acc-tr: 100.00, Acc-val:  26.39, L-tr: 0.0013, L-val: 6.1416
205: Acc-tr: 100.00, Acc-val:  26.38, L-tr: 0.0013, L-val: 6.1634
206: Acc-tr: 100.00, Acc-val:  26.37, L-tr: 0.0013, L-val: 6.1503
207: Acc-tr: 100.00, Acc-val:  26.48, L-tr: 0.0013, L-val: 6.1495
208: Acc-tr: 100.00, Acc-val:  26.54, L-tr: 0.0012, L-val: 6.1609
209: Acc-tr: 100.00, Acc-val:  26.36, L-tr: 0.0012, L-val: 6.1543
210: Acc-tr: 100.00, Acc-val:  26.42, L-tr: 0.0012, L-val: 6.1419
211: Acc-tr: 100.00, Acc-val:  26.47, L-tr: 0.0012, L-val: 6.1281
212: Acc-tr: 100.00, Acc-val:  26.47, L-tr: 0.0012, L-val: 6.1278
213: Acc-tr: 100.00, Acc-val:  26.51, L-tr: 0.0013, L-val: 6.0867
214: Acc-tr: 100.00, Acc-val:  26.52, L-tr: 0.0012, L-val: 6.1459
215: Acc-tr: 100.00, Acc-val:  26.42, L-tr: 0.0012, L-val: 6.0849
216: Acc-tr: 100.00, Acc-val:  26.45, L-tr: 0.0012, L-val: 6.0948
217: Acc-tr: 100.00, Acc-val:  26.37, L-tr: 0.0012, L-val: 6.1140
218: Acc-tr: 100.00, Acc-val:  26.43, L-tr: 0.0012, L-val: 6.0772
219: Acc-tr: 100.00, Acc-val:  26.38, L-tr: 0.0012, L-val: 6.1005
220: Acc-tr: 100.00, Acc-val:  26.30, L-tr: 0.0012, L-val: 6.0782
221: Acc-tr: 100.00, Acc-val:  26.51, L-tr: 0.0011, L-val: 6.0947
222: Acc-tr: 100.00, Acc-val:  26.33, L-tr: 0.0011, L-val: 6.0818
223: Acc-tr: 100.00, Acc-val:  26.43, L-tr: 0.0011, L-val: 6.0781
224: Acc-tr: 100.00, Acc-val:  26.59, L-tr: 0.0011, L-val: 6.0852
225: Acc-tr: 100.00, Acc-val:  26.56, L-tr: 0.0011, L-val: 6.0789
226: Acc-tr: 100.00, Acc-val:  26.53, L-tr: 0.0011, L-val: 6.0714
227: Acc-tr: 100.00, Acc-val:  26.54, L-tr: 0.0012, L-val: 6.0480
228: Acc-tr: 100.00, Acc-val:  26.32, L-tr: 0.0011, L-val: 6.0495
229: Acc-tr: 100.00, Acc-val:  26.45, L-tr: 0.0011, L-val: 6.0728
230: Acc-tr: 100.00, Acc-val:  26.33, L-tr: 0.0011, L-val: 6.0758
231: Acc-tr: 100.00, Acc-val:  26.57, L-tr: 0.0012, L-val: 6.0631
232: Acc-tr: 100.00, Acc-val:  26.40, L-tr: 0.0011, L-val: 6.0789
233: Acc-tr: 100.00, Acc-val:  26.30, L-tr: 0.0011, L-val: 6.0670
234: Acc-tr: 100.00, Acc-val:  26.42, L-tr: 0.0011, L-val: 6.0315
235: Acc-tr: 100.00, Acc-val:  26.43, L-tr: 0.0011, L-val: 6.0966
236: Acc-tr: 100.00, Acc-val:  26.43, L-tr: 0.0011, L-val: 6.0694
237: Acc-tr: 100.00, Acc-val:  26.40, L-tr: 0.0011, L-val: 6.0547
238: Acc-tr: 100.00, Acc-val:  26.29, L-tr: 0.0011, L-val: 6.0572
239: Acc-tr: 100.00, Acc-val:  26.35, L-tr: 0.0011, L-val: 6.0617
240: Acc-tr: 100.00, Acc-val:  26.36, L-tr: 0.0011, L-val: 6.0581
241: Acc-tr: 100.00, Acc-val:  26.29, L-tr: 0.0011, L-val: 6.0656
242: Acc-tr: 100.00, Acc-val:  26.40, L-tr: 0.0011, L-val: 6.0712
243: Acc-tr: 100.00, Acc-val:  26.34, L-tr: 0.0011, L-val: 6.0775
244: Acc-tr: 100.00, Acc-val:  26.24, L-tr: 0.0011, L-val: 6.0644
245: Acc-tr: 100.00, Acc-val:  26.36, L-tr: 0.0011, L-val: 6.0529
246: Acc-tr: 100.00, Acc-val:  26.34, L-tr: 0.0011, L-val: 6.0598
247: Acc-tr: 100.00, Acc-val:  26.34, L-tr: 0.0011, L-val: 6.0762
248: Acc-tr: 100.00, Acc-val:  26.42, L-tr: 0.0011, L-val: 6.0834
249: Acc-tr: 100.00, Acc-val:  26.44, L-tr: 0.0011, L-val: 6.0691
250: Acc-tr: 100.00, Acc-val:  26.47, L-tr: 0.0011, L-val: 6.0598
251: Acc-tr: 100.00, Acc-val:  26.44, L-tr: 0.0011, L-val: 6.0644
252: Acc-tr: 100.00, Acc-val:  26.36, L-tr: 0.0011, L-val: 6.0472
253: Acc-tr: 100.00, Acc-val:  26.39, L-tr: 0.0011, L-val: 6.0426
254: Acc-tr: 100.00, Acc-val:  26.48, L-tr: 0.0011, L-val: 6.0460
255: Acc-tr: 100.00, Acc-val:  26.40, L-tr: 0.0011, L-val: 6.0351
256: Acc-tr: 100.00, Acc-val:  26.43, L-tr: 0.0011, L-val: 6.0538
257: Acc-tr: 100.00, Acc-val:  26.41, L-tr: 0.0011, L-val: 6.0536
258: Acc-tr: 100.00, Acc-val:  26.38, L-tr: 0.0011, L-val: 6.0528
259: Acc-tr: 100.00, Acc-val:  26.35, L-tr: 0.0011, L-val: 6.0638
260: Acc-tr: 100.00, Acc-val:  26.48, L-tr: 0.0011, L-val: 6.0766
261: Acc-tr: 100.00, Acc-val:  26.47, L-tr: 0.0011, L-val: 6.0644
262: Acc-tr: 100.00, Acc-val:  26.29, L-tr: 0.0011, L-val: 6.0342
263: Acc-tr: 100.00, Acc-val:  26.49, L-tr: 0.0011, L-val: 6.0709
264: Acc-tr: 100.00, Acc-val:  26.50, L-tr: 0.0011, L-val: 6.0136
265: Acc-tr: 100.00, Acc-val:  26.38, L-tr: 0.0011, L-val: 6.0352
266: Acc-tr: 100.00, Acc-val:  26.45, L-tr: 0.0012, L-val: 6.0127
267: Acc-tr: 100.00, Acc-val:  26.48, L-tr: 0.0011, L-val: 6.0306
268: Acc-tr: 100.00, Acc-val:  26.44, L-tr: 0.0011, L-val: 6.0393
269: Acc-tr: 100.00, Acc-val:  26.45, L-tr: 0.0011, L-val: 6.0922
270: Acc-tr: 100.00, Acc-val:  26.51, L-tr: 0.0011, L-val: 6.0404
271: Acc-tr: 100.00, Acc-val:  26.43, L-tr: 0.0011, L-val: 6.0283
272: Acc-tr: 100.00, Acc-val:  26.40, L-tr: 0.0011, L-val: 6.0184
273: Acc-tr: 100.00, Acc-val:  26.44, L-tr: 0.0011, L-val: 6.0266
274: Acc-tr: 100.00, Acc-val:  26.31, L-tr: 0.0012, L-val: 6.0462
275: Acc-tr: 100.00, Acc-val:  26.32, L-tr: 0.0011, L-val: 6.0262
276: Acc-tr: 100.00, Acc-val:  26.43, L-tr: 0.0011, L-val: 6.0619
277: Acc-tr: 100.00, Acc-val:  26.35, L-tr: 0.0011, L-val: 6.0499
278: Acc-tr: 100.00, Acc-val:  26.29, L-tr: 0.0011, L-val: 6.0497
279: Acc-tr: 100.00, Acc-val:  26.23, L-tr: 0.0011, L-val: 6.0415
280: Acc-tr: 100.00, Acc-val:  26.42, L-tr: 0.0011, L-val: 6.0406
281: Acc-tr: 100.00, Acc-val:  26.37, L-tr: 0.0011, L-val: 6.0167
282: Acc-tr: 100.00, Acc-val:  26.48, L-tr: 0.0011, L-val: 6.0313
283: Acc-tr: 100.00, Acc-val:  26.29, L-tr: 0.0011, L-val: 6.0094
284: Acc-tr: 100.00, Acc-val:  26.37, L-tr: 0.0011, L-val: 6.0175
285: Acc-tr: 100.00, Acc-val:  26.37, L-tr: 0.0011, L-val: 6.0121
286: Acc-tr: 100.00, Acc-val:  26.49, L-tr: 0.0011, L-val: 6.0267
287: Acc-tr: 100.00, Acc-val:  26.39, L-tr: 0.0011, L-val: 6.0298
288: Acc-tr: 100.00, Acc-val:  26.57, L-tr: 0.0011, L-val: 6.0250
289: Acc-tr: 100.00, Acc-val:  26.24, L-tr: 0.0011, L-val: 6.0361
290: Acc-tr: 100.00, Acc-val:  26.43, L-tr: 0.0011, L-val: 6.0138
291: Acc-tr: 100.00, Acc-val:  26.36, L-tr: 0.0011, L-val: 6.0170
292: Acc-tr: 100.00, Acc-val:  26.42, L-tr: 0.0011, L-val: 6.0117
293: Acc-tr: 100.00, Acc-val:  26.45, L-tr: 0.0011, L-val: 6.0212
294: Acc-tr: 100.00, Acc-val:  26.28, L-tr: 0.0011, L-val: 6.0501
295: Acc-tr: 100.00, Acc-val:  26.32, L-tr: 0.0011, L-val: 6.0167
296: Acc-tr: 100.00, Acc-val:  26.29, L-tr: 0.0011, L-val: 6.0218
297: Acc-tr: 100.00, Acc-val:  26.37, L-tr: 0.0011, L-val: 6.0072
298: Acc-tr: 100.00, Acc-val:  26.40, L-tr: 0.0011, L-val: 6.0226
299: Acc-tr: 100.00, Acc-val:  26.37, L-tr: 0.0011, L-val: 6.0071
