Number of parameters: 369498
/scratch/cm6627/diffeo_cnn/experiment/006_RandomLabels/./fitting-random-labels/train_nocorrupt.py:161: UserWarning: volatile was removed and now has no effect. Use `with torch.no_grad():` instead.
  input_var = torch.autograd.Variable(input, volatile=True)
/scratch/cm6627/diffeo_cnn/experiment/006_RandomLabels/./fitting-random-labels/train_nocorrupt.py:162: UserWarning: volatile was removed and now has no effect. Use `with torch.no_grad():` instead.
  target_var = torch.autograd.Variable(target, volatile=True)
000: Acc-tr:  60.06, Acc-val:  58.81, L-tr: 1.1207, L-val: 1.1573
001: Acc-tr:  71.36, Acc-val:  69.72, L-tr: 0.8311, L-val: 0.9032
002: Acc-tr:  75.78, Acc-val:  73.50, L-tr: 0.6929, L-val: 0.7821
003: Acc-tr:  81.65, Acc-val:  77.72, L-tr: 0.5173, L-val: 0.6560
004: Acc-tr:  84.22, Acc-val:  78.87, L-tr: 0.4574, L-val: 0.6214
005: Acc-tr:  80.09, Acc-val:  74.89, L-tr: 0.5662, L-val: 0.7459
006: Acc-tr:  84.11, Acc-val:  77.55, L-tr: 0.4749, L-val: 0.7112
007: Acc-tr:  88.92, Acc-val:  81.14, L-tr: 0.3173, L-val: 0.5538
008: Acc-tr:  85.54, Acc-val:  78.52, L-tr: 0.4280, L-val: 0.7048
009: Acc-tr:  85.24, Acc-val:  77.90, L-tr: 0.4213, L-val: 0.7312
010: Acc-tr:  88.68, Acc-val:  79.78, L-tr: 0.3157, L-val: 0.6460
011: Acc-tr:  88.40, Acc-val:  79.09, L-tr: 0.3271, L-val: 0.6913
012: Acc-tr:  89.35, Acc-val:  79.20, L-tr: 0.3010, L-val: 0.6802
013: Acc-tr:  91.22, Acc-val:  79.88, L-tr: 0.2484, L-val: 0.6486
014: Acc-tr:  91.92, Acc-val:  80.50, L-tr: 0.2242, L-val: 0.6376
015: Acc-tr:  92.52, Acc-val:  80.15, L-tr: 0.2110, L-val: 0.6679
016: Acc-tr:  92.26, Acc-val:  80.87, L-tr: 0.2090, L-val: 0.6721
017: Acc-tr:  88.39, Acc-val:  77.56, L-tr: 0.3372, L-val: 0.8895
018: Acc-tr:  93.19, Acc-val:  81.09, L-tr: 0.1903, L-val: 0.6925
019: Acc-tr:  89.34, Acc-val:  78.53, L-tr: 0.3142, L-val: 0.8737
020: Acc-tr:  92.70, Acc-val:  79.92, L-tr: 0.2101, L-val: 0.7425
021: Acc-tr:  94.38, Acc-val:  81.02, L-tr: 0.1582, L-val: 0.6968
022: Acc-tr:  92.79, Acc-val:  79.62, L-tr: 0.2112, L-val: 0.7952
023: Acc-tr:  91.07, Acc-val:  78.94, L-tr: 0.2437, L-val: 0.8462
024: Acc-tr:  92.08, Acc-val:  78.75, L-tr: 0.2296, L-val: 0.8337
025: Acc-tr:  94.94, Acc-val:  81.07, L-tr: 0.1457, L-val: 0.7447
026: Acc-tr:  94.07, Acc-val:  80.73, L-tr: 0.1683, L-val: 0.7186
027: Acc-tr:  93.64, Acc-val:  79.75, L-tr: 0.1850, L-val: 0.8347
028: Acc-tr:  93.67, Acc-val:  80.33, L-tr: 0.1857, L-val: 0.8233
029: Acc-tr:  92.70, Acc-val:  79.19, L-tr: 0.2072, L-val: 0.8417
030: Acc-tr:  93.73, Acc-val:  80.27, L-tr: 0.1799, L-val: 0.8173
031: Acc-tr:  95.40, Acc-val:  81.74, L-tr: 0.1323, L-val: 0.7253
032: Acc-tr:  96.19, Acc-val:  81.23, L-tr: 0.1092, L-val: 0.7416
033: Acc-tr:  91.33, Acc-val:  77.45, L-tr: 0.2610, L-val: 0.9676
034: Acc-tr:  96.63, Acc-val:  82.06, L-tr: 0.0969, L-val: 0.7164
035: Acc-tr:  96.05, Acc-val:  81.57, L-tr: 0.1120, L-val: 0.6838
036: Acc-tr:  93.97, Acc-val:  79.34, L-tr: 0.1707, L-val: 0.8269
037: Acc-tr:  95.06, Acc-val:  80.52, L-tr: 0.1402, L-val: 0.7892
038: Acc-tr:  90.49, Acc-val:  78.40, L-tr: 0.3049, L-val: 1.0180
039: Acc-tr:  94.25, Acc-val:  79.56, L-tr: 0.1607, L-val: 0.8886
040: Acc-tr:  94.10, Acc-val:  80.54, L-tr: 0.1651, L-val: 0.7997
041: Acc-tr:  94.71, Acc-val:  80.94, L-tr: 0.1485, L-val: 0.8062
042: Acc-tr:  95.68, Acc-val:  81.46, L-tr: 0.1246, L-val: 0.7835
043: Acc-tr:  94.23, Acc-val:  78.93, L-tr: 0.1682, L-val: 0.8224
044: Acc-tr:  93.74, Acc-val:  79.87, L-tr: 0.1773, L-val: 0.8751
045: Acc-tr:  94.24, Acc-val:  80.29, L-tr: 0.1596, L-val: 0.7805
046: Acc-tr:  94.98, Acc-val:  81.38, L-tr: 0.1391, L-val: 0.7722
047: Acc-tr:  94.12, Acc-val:  79.15, L-tr: 0.1709, L-val: 0.8778
048: Acc-tr:  94.40, Acc-val:  80.25, L-tr: 0.1615, L-val: 0.7770
049: Acc-tr:  95.49, Acc-val:  81.21, L-tr: 0.1287, L-val: 0.7888
050: Acc-tr:  94.35, Acc-val:  80.49, L-tr: 0.1578, L-val: 0.8417
051: Acc-tr:  94.77, Acc-val:  80.09, L-tr: 0.1455, L-val: 0.7973
052: Acc-tr:  95.97, Acc-val:  80.74, L-tr: 0.1134, L-val: 0.7969
053: Acc-tr:  93.43, Acc-val:  79.61, L-tr: 0.1970, L-val: 0.9539
054: Acc-tr:  96.92, Acc-val:  82.19, L-tr: 0.0866, L-val: 0.7224
055: Acc-tr:  96.70, Acc-val:  81.77, L-tr: 0.0930, L-val: 0.7328
056: Acc-tr:  95.45, Acc-val:  81.05, L-tr: 0.1356, L-val: 0.7453
057: Acc-tr:  96.81, Acc-val:  81.96, L-tr: 0.0937, L-val: 0.7040
058: Acc-tr:  92.96, Acc-val:  79.53, L-tr: 0.2156, L-val: 0.9349
059: Acc-tr:  94.38, Acc-val:  79.30, L-tr: 0.1545, L-val: 0.8538
060: Acc-tr:  96.22, Acc-val:  81.71, L-tr: 0.1052, L-val: 0.7297
061: Acc-tr:  92.11, Acc-val:  78.14, L-tr: 0.2416, L-val: 0.9589
062: Acc-tr:  96.74, Acc-val:  82.16, L-tr: 0.0908, L-val: 0.6836
063: Acc-tr:  95.28, Acc-val:  80.52, L-tr: 0.1330, L-val: 0.8233
064: Acc-tr:  95.27, Acc-val:  80.15, L-tr: 0.1366, L-val: 0.8514
065: Acc-tr:  94.89, Acc-val:  80.49, L-tr: 0.1497, L-val: 0.8087
066: Acc-tr:  94.28, Acc-val:  79.96, L-tr: 0.1659, L-val: 0.8794
067: Acc-tr:  91.06, Acc-val:  77.04, L-tr: 0.2878, L-val: 1.0390
068: Acc-tr:  94.44, Acc-val:  80.45, L-tr: 0.1661, L-val: 0.8142
069: Acc-tr:  96.91, Acc-val:  82.24, L-tr: 0.0881, L-val: 0.7216
070: Acc-tr:  97.44, Acc-val:  83.08, L-tr: 0.0732, L-val: 0.6909
071: Acc-tr:  94.96, Acc-val:  80.50, L-tr: 0.1467, L-val: 0.7954
072: Acc-tr:  95.68, Acc-val:  80.72, L-tr: 0.1206, L-val: 0.8136
073: Acc-tr:  96.70, Acc-val:  82.33, L-tr: 0.0973, L-val: 0.7006
074: Acc-tr:  94.57, Acc-val:  79.61, L-tr: 0.1511, L-val: 0.8455
075: Acc-tr:  96.51, Acc-val:  81.16, L-tr: 0.1009, L-val: 0.7724
076: Acc-tr:  95.06, Acc-val:  79.99, L-tr: 0.1360, L-val: 0.8987
077: Acc-tr:  95.76, Acc-val:  81.50, L-tr: 0.1173, L-val: 0.7491
078: Acc-tr:  91.50, Acc-val:  78.08, L-tr: 0.2561, L-val: 0.9955
079: Acc-tr:  97.28, Acc-val:  82.39, L-tr: 0.0797, L-val: 0.7202
080: Acc-tr:  95.67, Acc-val:  81.08, L-tr: 0.1233, L-val: 0.7776
081: Acc-tr:  95.89, Acc-val:  81.40, L-tr: 0.1195, L-val: 0.7812
082: Acc-tr:  96.84, Acc-val:  82.48, L-tr: 0.0921, L-val: 0.7385
083: Acc-tr:  94.47, Acc-val:  80.06, L-tr: 0.1576, L-val: 0.8730
084: Acc-tr:  95.48, Acc-val:  81.12, L-tr: 0.1317, L-val: 0.8373
085: Acc-tr:  96.93, Acc-val:  81.94, L-tr: 0.0909, L-val: 0.7608
086: Acc-tr:  96.05, Acc-val:  81.26, L-tr: 0.1109, L-val: 0.7033
087: Acc-tr:  96.15, Acc-val:  81.39, L-tr: 0.1115, L-val: 0.7636
088: Acc-tr:  95.73, Acc-val:  80.93, L-tr: 0.1256, L-val: 0.8247
089: Acc-tr:  97.13, Acc-val:  81.91, L-tr: 0.0850, L-val: 0.7775
090: Acc-tr:  96.50, Acc-val:  81.93, L-tr: 0.1001, L-val: 0.7643
091: Acc-tr:  96.06, Acc-val:  81.66, L-tr: 0.1119, L-val: 0.7819
092: Acc-tr:  95.42, Acc-val:  80.68, L-tr: 0.1340, L-val: 0.8027
093: Acc-tr:  96.76, Acc-val:  82.05, L-tr: 0.0920, L-val: 0.7580
094: Acc-tr:  95.35, Acc-val:  81.04, L-tr: 0.1328, L-val: 0.7796
095: Acc-tr:  96.74, Acc-val:  82.22, L-tr: 0.0954, L-val: 0.7199
096: Acc-tr:  95.89, Acc-val:  81.40, L-tr: 0.1194, L-val: 0.7907
097: Acc-tr:  95.75, Acc-val:  79.96, L-tr: 0.1216, L-val: 0.8078
098: Acc-tr:  94.83, Acc-val:  80.05, L-tr: 0.1463, L-val: 0.8680
099: Acc-tr:  92.62, Acc-val:  78.31, L-tr: 0.2192, L-val: 0.9684
100: Acc-tr:  96.25, Acc-val:  80.88, L-tr: 0.1040, L-val: 0.7975
101: Acc-tr:  96.17, Acc-val:  81.03, L-tr: 0.1098, L-val: 0.7760
102: Acc-tr:  95.48, Acc-val:  80.44, L-tr: 0.1302, L-val: 0.8076
103: Acc-tr:  94.74, Acc-val:  80.10, L-tr: 0.1519, L-val: 0.8918
104: Acc-tr:  96.42, Acc-val:  81.86, L-tr: 0.1031, L-val: 0.7441
105: Acc-tr:  93.49, Acc-val:  79.84, L-tr: 0.1873, L-val: 0.8589
106: Acc-tr:  97.41, Acc-val:  82.87, L-tr: 0.0739, L-val: 0.6729
107: Acc-tr:  94.67, Acc-val:  79.63, L-tr: 0.1547, L-val: 0.8437
108: Acc-tr:  94.55, Acc-val:  79.74, L-tr: 0.1611, L-val: 0.8095
109: Acc-tr:  93.94, Acc-val:  79.35, L-tr: 0.1757, L-val: 0.8799
110: Acc-tr:  92.71, Acc-val:  79.17, L-tr: 0.2128, L-val: 0.9725
111: Acc-tr:  97.08, Acc-val:  82.16, L-tr: 0.0835, L-val: 0.6980
112: Acc-tr:  94.93, Acc-val:  80.65, L-tr: 0.1537, L-val: 0.8869
113: Acc-tr:  95.21, Acc-val:  80.57, L-tr: 0.1367, L-val: 0.8004
114: Acc-tr:  97.27, Acc-val:  82.32, L-tr: 0.0775, L-val: 0.7335
115: Acc-tr:  95.83, Acc-val:  80.89, L-tr: 0.1190, L-val: 0.8097
116: Acc-tr:  96.62, Acc-val:  81.77, L-tr: 0.0951, L-val: 0.7393
117: Acc-tr:  92.17, Acc-val:  77.57, L-tr: 0.2353, L-val: 0.9850
118: Acc-tr:  95.28, Acc-val:  80.33, L-tr: 0.1363, L-val: 0.8524
119: Acc-tr:  95.98, Acc-val:  81.78, L-tr: 0.1152, L-val: 0.7596
120: Acc-tr:  96.14, Acc-val:  82.20, L-tr: 0.1073, L-val: 0.7514
121: Acc-tr:  96.05, Acc-val:  81.61, L-tr: 0.1100, L-val: 0.7874
122: Acc-tr:  95.42, Acc-val:  80.32, L-tr: 0.1342, L-val: 0.8631
123: Acc-tr:  96.72, Acc-val:  81.96, L-tr: 0.0944, L-val: 0.7530
124: Acc-tr:  95.81, Acc-val:  80.95, L-tr: 0.1237, L-val: 0.8397
125: Acc-tr:  94.45, Acc-val:  80.20, L-tr: 0.1589, L-val: 0.8499
126: Acc-tr:  97.69, Acc-val:  81.76, L-tr: 0.0663, L-val: 0.7712
127: Acc-tr:  95.71, Acc-val:  80.43, L-tr: 0.1250, L-val: 0.8745
128: Acc-tr:  95.00, Acc-val:  80.30, L-tr: 0.1423, L-val: 0.8646
129: Acc-tr:  94.99, Acc-val:  80.77, L-tr: 0.1412, L-val: 0.8308
130: Acc-tr:  94.81, Acc-val:  80.43, L-tr: 0.1534, L-val: 0.8754
131: Acc-tr:  95.33, Acc-val:  80.60, L-tr: 0.1337, L-val: 0.8289
132: Acc-tr:  97.63, Acc-val:  82.59, L-tr: 0.0668, L-val: 0.7223
133: Acc-tr:  96.66, Acc-val:  81.76, L-tr: 0.0940, L-val: 0.7568
134: Acc-tr:  95.42, Acc-val:  80.18, L-tr: 0.1327, L-val: 0.7954
135: Acc-tr:  97.37, Acc-val:  82.49, L-tr: 0.0751, L-val: 0.7612
136: Acc-tr:  97.47, Acc-val:  82.48, L-tr: 0.0726, L-val: 0.7132
137: Acc-tr:  90.59, Acc-val:  76.73, L-tr: 0.2783, L-val: 1.0352
138: Acc-tr:  96.61, Acc-val:  81.67, L-tr: 0.0968, L-val: 0.7824
139: Acc-tr:  92.82, Acc-val:  79.17, L-tr: 0.2282, L-val: 0.9899
140: Acc-tr:  96.42, Acc-val:  81.61, L-tr: 0.1005, L-val: 0.7777
141: Acc-tr:  96.45, Acc-val:  81.68, L-tr: 0.1047, L-val: 0.7680
142: Acc-tr:  95.90, Acc-val:  81.52, L-tr: 0.1140, L-val: 0.7442
143: Acc-tr:  94.52, Acc-val:  80.03, L-tr: 0.1592, L-val: 0.8540
144: Acc-tr:  96.11, Acc-val:  81.23, L-tr: 0.1114, L-val: 0.7761
145: Acc-tr:  97.35, Acc-val:  82.62, L-tr: 0.0762, L-val: 0.6928
146: Acc-tr:  95.17, Acc-val:  81.21, L-tr: 0.1406, L-val: 0.8406
147: Acc-tr:  95.68, Acc-val:  80.78, L-tr: 0.1230, L-val: 0.8356
148: Acc-tr:  95.61, Acc-val:  81.30, L-tr: 0.1297, L-val: 0.8750
149: Acc-tr:  95.10, Acc-val:  81.11, L-tr: 0.1438, L-val: 0.8184
150: Acc-tr:  99.99, Acc-val:  85.86, L-tr: 0.0056, L-val: 0.5671
151: Acc-tr: 100.00, Acc-val:  86.16, L-tr: 0.0033, L-val: 0.5663
152: Acc-tr: 100.00, Acc-val:  86.38, L-tr: 0.0024, L-val: 0.5748
153: Acc-tr: 100.00, Acc-val:  86.42, L-tr: 0.0019, L-val: 0.5713
154: Acc-tr: 100.00, Acc-val:  86.18, L-tr: 0.0016, L-val: 0.5797
155: Acc-tr: 100.00, Acc-val:  86.34, L-tr: 0.0014, L-val: 0.5790
156: Acc-tr: 100.00, Acc-val:  86.45, L-tr: 0.0013, L-val: 0.5813
157: Acc-tr: 100.00, Acc-val:  86.29, L-tr: 0.0012, L-val: 0.5833
158: Acc-tr: 100.00, Acc-val:  86.45, L-tr: 0.0010, L-val: 0.5851
159: Acc-tr: 100.00, Acc-val:  86.49, L-tr: 0.0009, L-val: 0.5864
160: Acc-tr: 100.00, Acc-val:  86.41, L-tr: 0.0009, L-val: 0.5826
161: Acc-tr: 100.00, Acc-val:  86.43, L-tr: 0.0009, L-val: 0.5859
162: Acc-tr: 100.00, Acc-val:  86.47, L-tr: 0.0008, L-val: 0.5879
163: Acc-tr: 100.00, Acc-val:  86.48, L-tr: 0.0008, L-val: 0.5855
164: Acc-tr: 100.00, Acc-val:  86.43, L-tr: 0.0007, L-val: 0.5903
165: Acc-tr: 100.00, Acc-val:  86.57, L-tr: 0.0007, L-val: 0.5851
166: Acc-tr: 100.00, Acc-val:  86.55, L-tr: 0.0007, L-val: 0.5828
167: Acc-tr: 100.00, Acc-val:  86.61, L-tr: 0.0007, L-val: 0.5848
168: Acc-tr: 100.00, Acc-val:  86.55, L-tr: 0.0006, L-val: 0.5881
169: Acc-tr: 100.00, Acc-val:  86.51, L-tr: 0.0006, L-val: 0.5887
170: Acc-tr: 100.00, Acc-val:  86.62, L-tr: 0.0006, L-val: 0.5877
171: Acc-tr: 100.00, Acc-val:  86.50, L-tr: 0.0006, L-val: 0.5842
172: Acc-tr: 100.00, Acc-val:  86.60, L-tr: 0.0006, L-val: 0.5868
173: Acc-tr: 100.00, Acc-val:  86.55, L-tr: 0.0005, L-val: 0.5881
174: Acc-tr: 100.00, Acc-val:  86.50, L-tr: 0.0005, L-val: 0.5837
175: Acc-tr: 100.00, Acc-val:  86.56, L-tr: 0.0005, L-val: 0.5818
176: Acc-tr: 100.00, Acc-val:  86.42, L-tr: 0.0006, L-val: 0.5791
177: Acc-tr: 100.00, Acc-val:  86.51, L-tr: 0.0005, L-val: 0.5809
178: Acc-tr: 100.00, Acc-val:  86.47, L-tr: 0.0005, L-val: 0.5846
179: Acc-tr: 100.00, Acc-val:  86.71, L-tr: 0.0005, L-val: 0.5783
180: Acc-tr: 100.00, Acc-val:  86.45, L-tr: 0.0005, L-val: 0.5834
181: Acc-tr: 100.00, Acc-val:  86.55, L-tr: 0.0005, L-val: 0.5806
182: Acc-tr: 100.00, Acc-val:  86.48, L-tr: 0.0005, L-val: 0.5796
183: Acc-tr: 100.00, Acc-val:  86.48, L-tr: 0.0005, L-val: 0.5794
184: Acc-tr: 100.00, Acc-val:  86.61, L-tr: 0.0005, L-val: 0.5820
185: Acc-tr: 100.00, Acc-val:  86.52, L-tr: 0.0005, L-val: 0.5776
186: Acc-tr: 100.00, Acc-val:  86.47, L-tr: 0.0005, L-val: 0.5771
187: Acc-tr: 100.00, Acc-val:  86.60, L-tr: 0.0005, L-val: 0.5784
188: Acc-tr: 100.00, Acc-val:  86.62, L-tr: 0.0005, L-val: 0.5731
189: Acc-tr: 100.00, Acc-val:  86.58, L-tr: 0.0005, L-val: 0.5774
190: Acc-tr: 100.00, Acc-val:  86.43, L-tr: 0.0005, L-val: 0.5796
191: Acc-tr: 100.00, Acc-val:  86.43, L-tr: 0.0005, L-val: 0.5752
192: Acc-tr: 100.00, Acc-val:  86.70, L-tr: 0.0005, L-val: 0.5717
193: Acc-tr: 100.00, Acc-val:  86.34, L-tr: 0.0005, L-val: 0.5734
194: Acc-tr: 100.00, Acc-val:  86.64, L-tr: 0.0005, L-val: 0.5701
195: Acc-tr: 100.00, Acc-val:  86.56, L-tr: 0.0005, L-val: 0.5712
196: Acc-tr: 100.00, Acc-val:  86.63, L-tr: 0.0005, L-val: 0.5693
197: Acc-tr: 100.00, Acc-val:  86.65, L-tr: 0.0005, L-val: 0.5668
198: Acc-tr: 100.00, Acc-val:  86.51, L-tr: 0.0005, L-val: 0.5650
199: Acc-tr: 100.00, Acc-val:  86.52, L-tr: 0.0005, L-val: 0.5683
200: Acc-tr: 100.00, Acc-val:  86.58, L-tr: 0.0005, L-val: 0.5658
201: Acc-tr: 100.00, Acc-val:  86.58, L-tr: 0.0004, L-val: 0.5664
202: Acc-tr: 100.00, Acc-val:  86.63, L-tr: 0.0004, L-val: 0.5665
203: Acc-tr: 100.00, Acc-val:  86.54, L-tr: 0.0004, L-val: 0.5699
204: Acc-tr: 100.00, Acc-val:  86.53, L-tr: 0.0004, L-val: 0.5672
205: Acc-tr: 100.00, Acc-val:  86.60, L-tr: 0.0004, L-val: 0.5647
206: Acc-tr: 100.00, Acc-val:  86.53, L-tr: 0.0004, L-val: 0.5645
207: Acc-tr: 100.00, Acc-val:  86.61, L-tr: 0.0005, L-val: 0.5631
208: Acc-tr: 100.00, Acc-val:  86.53, L-tr: 0.0005, L-val: 0.5634
209: Acc-tr: 100.00, Acc-val:  86.59, L-tr: 0.0004, L-val: 0.5614
210: Acc-tr: 100.00, Acc-val:  86.39, L-tr: 0.0005, L-val: 0.5630
211: Acc-tr: 100.00, Acc-val:  86.53, L-tr: 0.0005, L-val: 0.5607
212: Acc-tr: 100.00, Acc-val:  86.70, L-tr: 0.0004, L-val: 0.5565
213: Acc-tr: 100.00, Acc-val:  86.63, L-tr: 0.0004, L-val: 0.5604
214: Acc-tr: 100.00, Acc-val:  86.62, L-tr: 0.0004, L-val: 0.5591
215: Acc-tr: 100.00, Acc-val:  86.61, L-tr: 0.0005, L-val: 0.5546
216: Acc-tr: 100.00, Acc-val:  86.64, L-tr: 0.0004, L-val: 0.5566
217: Acc-tr: 100.00, Acc-val:  86.52, L-tr: 0.0004, L-val: 0.5570
218: Acc-tr: 100.00, Acc-val:  86.71, L-tr: 0.0004, L-val: 0.5555
219: Acc-tr: 100.00, Acc-val:  86.47, L-tr: 0.0004, L-val: 0.5577
220: Acc-tr: 100.00, Acc-val:  86.59, L-tr: 0.0005, L-val: 0.5504
221: Acc-tr: 100.00, Acc-val:  86.66, L-tr: 0.0004, L-val: 0.5527
222: Acc-tr: 100.00, Acc-val:  86.51, L-tr: 0.0004, L-val: 0.5536
223: Acc-tr: 100.00, Acc-val:  86.65, L-tr: 0.0004, L-val: 0.5513
224: Acc-tr: 100.00, Acc-val:  86.56, L-tr: 0.0004, L-val: 0.5545
225: Acc-tr: 100.00, Acc-val:  86.61, L-tr: 0.0005, L-val: 0.5494
226: Acc-tr: 100.00, Acc-val:  86.54, L-tr: 0.0005, L-val: 0.5574
227: Acc-tr: 100.00, Acc-val:  86.60, L-tr: 0.0004, L-val: 0.5518
228: Acc-tr: 100.00, Acc-val:  86.64, L-tr: 0.0004, L-val: 0.5551
229: Acc-tr: 100.00, Acc-val:  86.50, L-tr: 0.0004, L-val: 0.5564
230: Acc-tr: 100.00, Acc-val:  86.66, L-tr: 0.0005, L-val: 0.5517
231: Acc-tr: 100.00, Acc-val:  86.60, L-tr: 0.0004, L-val: 0.5518
232: Acc-tr: 100.00, Acc-val:  86.64, L-tr: 0.0005, L-val: 0.5517
233: Acc-tr: 100.00, Acc-val:  86.58, L-tr: 0.0004, L-val: 0.5522
234: Acc-tr: 100.00, Acc-val:  86.54, L-tr: 0.0005, L-val: 0.5493
235: Acc-tr: 100.00, Acc-val:  86.56, L-tr: 0.0004, L-val: 0.5519
236: Acc-tr: 100.00, Acc-val:  86.61, L-tr: 0.0005, L-val: 0.5529
237: Acc-tr: 100.00, Acc-val:  86.44, L-tr: 0.0005, L-val: 0.5543
238: Acc-tr: 100.00, Acc-val:  86.57, L-tr: 0.0004, L-val: 0.5528
239: Acc-tr: 100.00, Acc-val:  86.64, L-tr: 0.0005, L-val: 0.5480
240: Acc-tr: 100.00, Acc-val:  86.60, L-tr: 0.0004, L-val: 0.5520
241: Acc-tr: 100.00, Acc-val:  86.56, L-tr: 0.0005, L-val: 0.5498
242: Acc-tr: 100.00, Acc-val:  86.64, L-tr: 0.0004, L-val: 0.5536
243: Acc-tr: 100.00, Acc-val:  86.58, L-tr: 0.0004, L-val: 0.5503
244: Acc-tr: 100.00, Acc-val:  86.55, L-tr: 0.0004, L-val: 0.5535
245: Acc-tr: 100.00, Acc-val:  86.66, L-tr: 0.0005, L-val: 0.5523
246: Acc-tr: 100.00, Acc-val:  86.65, L-tr: 0.0004, L-val: 0.5534
247: Acc-tr: 100.00, Acc-val:  86.61, L-tr: 0.0004, L-val: 0.5535
248: Acc-tr: 100.00, Acc-val:  86.66, L-tr: 0.0004, L-val: 0.5513
249: Acc-tr: 100.00, Acc-val:  86.55, L-tr: 0.0005, L-val: 0.5542
250: Acc-tr: 100.00, Acc-val:  86.64, L-tr: 0.0004, L-val: 0.5514
251: Acc-tr: 100.00, Acc-val:  86.68, L-tr: 0.0004, L-val: 0.5502
252: Acc-tr: 100.00, Acc-val:  86.67, L-tr: 0.0005, L-val: 0.5503
253: Acc-tr: 100.00, Acc-val:  86.62, L-tr: 0.0005, L-val: 0.5497
254: Acc-tr: 100.00, Acc-val:  86.65, L-tr: 0.0004, L-val: 0.5519
255: Acc-tr: 100.00, Acc-val:  86.70, L-tr: 0.0004, L-val: 0.5515
256: Acc-tr: 100.00, Acc-val:  86.50, L-tr: 0.0005, L-val: 0.5511
257: Acc-tr: 100.00, Acc-val:  86.53, L-tr: 0.0004, L-val: 0.5490
258: Acc-tr: 100.00, Acc-val:  86.56, L-tr: 0.0005, L-val: 0.5475
259: Acc-tr: 100.00, Acc-val:  86.62, L-tr: 0.0005, L-val: 0.5464
260: Acc-tr: 100.00, Acc-val:  86.60, L-tr: 0.0004, L-val: 0.5474
261: Acc-tr: 100.00, Acc-val:  86.68, L-tr: 0.0004, L-val: 0.5535
262: Acc-tr: 100.00, Acc-val:  86.66, L-tr: 0.0004, L-val: 0.5503
263: Acc-tr: 100.00, Acc-val:  86.61, L-tr: 0.0004, L-val: 0.5509
264: Acc-tr: 100.00, Acc-val:  86.51, L-tr: 0.0004, L-val: 0.5502
265: Acc-tr: 100.00, Acc-val:  86.61, L-tr: 0.0005, L-val: 0.5462
266: Acc-tr: 100.00, Acc-val:  86.57, L-tr: 0.0004, L-val: 0.5506
267: Acc-tr: 100.00, Acc-val:  86.72, L-tr: 0.0004, L-val: 0.5505
268: Acc-tr: 100.00, Acc-val:  86.45, L-tr: 0.0005, L-val: 0.5537
269: Acc-tr: 100.00, Acc-val:  86.65, L-tr: 0.0004, L-val: 0.5498
270: Acc-tr: 100.00, Acc-val:  86.62, L-tr: 0.0004, L-val: 0.5491
271: Acc-tr: 100.00, Acc-val:  86.50, L-tr: 0.0004, L-val: 0.5519
272: Acc-tr: 100.00, Acc-val:  86.63, L-tr: 0.0004, L-val: 0.5473
273: Acc-tr: 100.00, Acc-val:  86.54, L-tr: 0.0004, L-val: 0.5508
274: Acc-tr: 100.00, Acc-val:  86.71, L-tr: 0.0004, L-val: 0.5451
275: Acc-tr: 100.00, Acc-val:  86.60, L-tr: 0.0005, L-val: 0.5487
276: Acc-tr: 100.00, Acc-val:  86.71, L-tr: 0.0005, L-val: 0.5498
277: Acc-tr: 100.00, Acc-val:  86.66, L-tr: 0.0005, L-val: 0.5499
278: Acc-tr: 100.00, Acc-val:  86.69, L-tr: 0.0004, L-val: 0.5495
279: Acc-tr: 100.00, Acc-val:  86.51, L-tr: 0.0004, L-val: 0.5524
280: Acc-tr: 100.00, Acc-val:  86.44, L-tr: 0.0005, L-val: 0.5513
281: Acc-tr: 100.00, Acc-val:  86.59, L-tr: 0.0004, L-val: 0.5518
282: Acc-tr: 100.00, Acc-val:  86.66, L-tr: 0.0004, L-val: 0.5502
283: Acc-tr: 100.00, Acc-val:  86.58, L-tr: 0.0005, L-val: 0.5491
284: Acc-tr: 100.00, Acc-val:  86.54, L-tr: 0.0004, L-val: 0.5533
285: Acc-tr: 100.00, Acc-val:  86.60, L-tr: 0.0004, L-val: 0.5495
286: Acc-tr: 100.00, Acc-val:  86.43, L-tr: 0.0005, L-val: 0.5509
287: Acc-tr: 100.00, Acc-val:  86.65, L-tr: 0.0005, L-val: 0.5499
288: Acc-tr: 100.00, Acc-val:  86.66, L-tr: 0.0004, L-val: 0.5502
289: Acc-tr: 100.00, Acc-val:  86.57, L-tr: 0.0005, L-val: 0.5511
290: Acc-tr: 100.00, Acc-val:  86.58, L-tr: 0.0004, L-val: 0.5473
291: Acc-tr: 100.00, Acc-val:  86.50, L-tr: 0.0005, L-val: 0.5468
292: Acc-tr: 100.00, Acc-val:  86.70, L-tr: 0.0005, L-val: 0.5470
293: Acc-tr: 100.00, Acc-val:  86.77, L-tr: 0.0005, L-val: 0.5480
294: Acc-tr: 100.00, Acc-val:  86.67, L-tr: 0.0004, L-val: 0.5481
295: Acc-tr: 100.00, Acc-val:  86.62, L-tr: 0.0004, L-val: 0.5519
296: Acc-tr: 100.00, Acc-val:  86.68, L-tr: 0.0005, L-val: 0.5465
297: Acc-tr: 100.00, Acc-val:  86.58, L-tr: 0.0005, L-val: 0.5462
298: Acc-tr: 100.00, Acc-val:  86.64, L-tr: 0.0004, L-val: 0.5512
299: Acc-tr: 100.00, Acc-val:  86.53, L-tr: 0.0004, L-val: 0.5474
