Number of parameters: 369498
/scratch/cm6627/diffeo_cnn/experiment/006_RandomLabels/./fitting-random-labels/train.py:161: UserWarning: volatile was removed and now has no effect. Use `with torch.no_grad():` instead.
  input_var = torch.autograd.Variable(input, volatile=True)
/scratch/cm6627/diffeo_cnn/experiment/006_RandomLabels/./fitting-random-labels/train.py:162: UserWarning: volatile was removed and now has no effect. Use `with torch.no_grad():` instead.
  target_var = torch.autograd.Variable(target, volatile=True)
000: Acc-tr:  26.72, Acc-val:  26.14, L-tr: 2.1172, L-val: 2.1295
001: Acc-tr:  31.41, Acc-val:  28.96, L-tr: 2.0467, L-val: 2.0796
002: Acc-tr:  33.53, Acc-val:  31.42, L-tr: 2.0214, L-val: 2.0583
003: Acc-tr:  32.07, Acc-val:  30.63, L-tr: 2.0685, L-val: 2.1120
004: Acc-tr:  37.40, Acc-val:  34.88, L-tr: 1.9500, L-val: 2.0095
005: Acc-tr:  40.78, Acc-val:  37.67, L-tr: 1.8982, L-val: 1.9750
006: Acc-tr:  40.24, Acc-val:  36.24, L-tr: 1.9040, L-val: 2.0066
007: Acc-tr:  43.58, Acc-val:  38.20, L-tr: 1.8347, L-val: 1.9780
008: Acc-tr:  45.06, Acc-val:  38.88, L-tr: 1.8045, L-val: 1.9660
009: Acc-tr:  44.98, Acc-val:  38.16, L-tr: 1.8017, L-val: 1.9789
010: Acc-tr:  45.76, Acc-val:  37.59, L-tr: 1.7830, L-val: 1.9974
011: Acc-tr:  46.64, Acc-val:  37.33, L-tr: 1.7530, L-val: 2.0109
012: Acc-tr:  48.02, Acc-val:  38.06, L-tr: 1.7049, L-val: 2.0087
013: Acc-tr:  45.53, Acc-val:  34.96, L-tr: 1.7599, L-val: 2.0676
014: Acc-tr:  46.11, Acc-val:  33.85, L-tr: 1.7416, L-val: 2.0940
015: Acc-tr:  52.00, Acc-val:  37.38, L-tr: 1.6217, L-val: 2.0038
016: Acc-tr:  48.94, Acc-val:  34.88, L-tr: 1.6801, L-val: 2.0675
017: Acc-tr:  49.31, Acc-val:  33.98, L-tr: 1.6549, L-val: 2.2381
018: Acc-tr:  45.74, Acc-val:  30.39, L-tr: 1.7596, L-val: 2.3432
019: Acc-tr:  49.54, Acc-val:  33.53, L-tr: 1.6526, L-val: 2.2456
020: Acc-tr:  53.95, Acc-val:  35.10, L-tr: 1.5159, L-val: 2.1347
021: Acc-tr:  55.08, Acc-val:  34.39, L-tr: 1.4718, L-val: 2.2224
022: Acc-tr:  50.76, Acc-val:  30.92, L-tr: 1.5611, L-val: 2.3544
023: Acc-tr:  54.64, Acc-val:  31.82, L-tr: 1.4666, L-val: 2.3438
024: Acc-tr:  53.75, Acc-val:  30.67, L-tr: 1.4967, L-val: 2.4684
025: Acc-tr:  52.73, Acc-val:  30.62, L-tr: 1.5109, L-val: 2.5970
026: Acc-tr:  56.31, Acc-val:  30.76, L-tr: 1.3865, L-val: 2.4049
027: Acc-tr:  55.91, Acc-val:  29.48, L-tr: 1.3758, L-val: 2.4978
028: Acc-tr:  49.73, Acc-val:  28.33, L-tr: 1.5506, L-val: 2.4638
029: Acc-tr:  61.43, Acc-val:  31.68, L-tr: 1.2272, L-val: 2.5633
030: Acc-tr:  59.51, Acc-val:  29.29, L-tr: 1.2865, L-val: 2.4054
031: Acc-tr:  58.45, Acc-val:  30.32, L-tr: 1.3393, L-val: 2.7951
032: Acc-tr:  60.58, Acc-val:  29.29, L-tr: 1.2241, L-val: 2.6322
033: Acc-tr:  61.98, Acc-val:  28.51, L-tr: 1.2017, L-val: 2.8284
034: Acc-tr:  59.88, Acc-val:  28.34, L-tr: 1.2382, L-val: 2.8700
035: Acc-tr:  64.97, Acc-val:  29.75, L-tr: 1.1039, L-val: 2.6548
036: Acc-tr:  61.77, Acc-val:  29.57, L-tr: 1.2060, L-val: 3.1252
037: Acc-tr:  59.44, Acc-val:  26.65, L-tr: 1.2642, L-val: 2.9978
038: Acc-tr:  59.14, Acc-val:  26.36, L-tr: 1.2822, L-val: 3.0954
039: Acc-tr:  71.47, Acc-val:  29.11, L-tr: 0.8885, L-val: 2.7963
040: Acc-tr:  68.52, Acc-val:  28.01, L-tr: 0.9714, L-val: 3.0652
041: Acc-tr:  70.60, Acc-val:  29.34, L-tr: 0.9149, L-val: 2.9148
042: Acc-tr:  73.19, Acc-val:  28.45, L-tr: 0.8487, L-val: 2.8029
043: Acc-tr:  65.91, Acc-val:  27.02, L-tr: 1.0580, L-val: 3.2936
044: Acc-tr:  72.44, Acc-val:  25.61, L-tr: 0.8671, L-val: 2.8788
045: Acc-tr:  65.98, Acc-val:  26.91, L-tr: 1.0136, L-val: 3.2569
046: Acc-tr:  72.12, Acc-val:  26.24, L-tr: 0.8306, L-val: 3.1993
047: Acc-tr:  68.81, Acc-val:  25.98, L-tr: 0.9449, L-val: 3.1532
048: Acc-tr:  73.06, Acc-val:  26.53, L-tr: 0.8448, L-val: 3.1539
049: Acc-tr:  74.59, Acc-val:  26.62, L-tr: 0.7919, L-val: 3.0532
050: Acc-tr:  75.80, Acc-val:  27.38, L-tr: 0.7377, L-val: 3.3881
051: Acc-tr:  75.97, Acc-val:  27.77, L-tr: 0.7420, L-val: 3.5899
052: Acc-tr:  75.52, Acc-val:  26.14, L-tr: 0.7504, L-val: 3.1645
053: Acc-tr:  71.20, Acc-val:  25.04, L-tr: 0.8783, L-val: 3.3975
054: Acc-tr:  70.58, Acc-val:  27.02, L-tr: 0.8840, L-val: 3.7240
055: Acc-tr:  73.75, Acc-val:  26.60, L-tr: 0.7953, L-val: 3.5736
056: Acc-tr:  74.53, Acc-val:  26.56, L-tr: 0.7954, L-val: 3.9878
057: Acc-tr:  69.04, Acc-val:  24.29, L-tr: 0.9534, L-val: 4.2786
058: Acc-tr:  71.06, Acc-val:  24.49, L-tr: 0.8703, L-val: 3.6604
059: Acc-tr:  72.76, Acc-val:  24.79, L-tr: 0.8258, L-val: 3.8492
060: Acc-tr:  76.96, Acc-val:  25.48, L-tr: 0.6976, L-val: 3.6760
061: Acc-tr:  67.89, Acc-val:  23.49, L-tr: 1.0290, L-val: 4.4109
062: Acc-tr:  75.41, Acc-val:  25.07, L-tr: 0.7449, L-val: 3.7342
063: Acc-tr:  71.08, Acc-val:  23.33, L-tr: 0.8937, L-val: 3.9260
064: Acc-tr:  71.50, Acc-val:  24.42, L-tr: 0.8643, L-val: 4.1825
065: Acc-tr:  78.19, Acc-val:  26.51, L-tr: 0.6450, L-val: 3.8025
066: Acc-tr:  75.40, Acc-val:  24.48, L-tr: 0.7227, L-val: 3.8203
067: Acc-tr:  79.80, Acc-val:  27.19, L-tr: 0.6055, L-val: 3.8406
068: Acc-tr:  75.49, Acc-val:  25.14, L-tr: 0.7364, L-val: 4.0909
069: Acc-tr:  79.69, Acc-val:  24.35, L-tr: 0.6069, L-val: 3.7034
070: Acc-tr:  81.19, Acc-val:  25.43, L-tr: 0.5564, L-val: 3.7029
071: Acc-tr:  73.35, Acc-val:  24.22, L-tr: 0.8103, L-val: 4.1673
072: Acc-tr:  70.53, Acc-val:  23.46, L-tr: 0.9243, L-val: 4.1223
073: Acc-tr:  79.16, Acc-val:  25.77, L-tr: 0.6128, L-val: 3.7941
074: Acc-tr:  77.99, Acc-val:  23.27, L-tr: 0.6623, L-val: 3.7919
075: Acc-tr:  80.21, Acc-val:  24.51, L-tr: 0.5927, L-val: 3.8871
076: Acc-tr:  79.08, Acc-val:  24.76, L-tr: 0.6186, L-val: 3.8680
077: Acc-tr:  76.71, Acc-val:  25.64, L-tr: 0.6906, L-val: 4.2950
078: Acc-tr:  72.89, Acc-val:  23.27, L-tr: 0.8007, L-val: 4.2298
079: Acc-tr:  82.45, Acc-val:  25.35, L-tr: 0.5237, L-val: 4.0143
080: Acc-tr:  76.83, Acc-val:  23.99, L-tr: 0.6814, L-val: 3.9066
081: Acc-tr:  71.07, Acc-val:  24.26, L-tr: 0.8938, L-val: 4.2960
082: Acc-tr:  77.74, Acc-val:  24.80, L-tr: 0.6688, L-val: 4.0841
083: Acc-tr:  69.66, Acc-val:  22.93, L-tr: 0.9638, L-val: 4.6240
084: Acc-tr:  75.23, Acc-val:  24.08, L-tr: 0.7509, L-val: 4.3535
085: Acc-tr:  73.58, Acc-val:  23.13, L-tr: 0.7837, L-val: 4.2362
086: Acc-tr:  79.44, Acc-val:  25.63, L-tr: 0.6135, L-val: 4.3297
087: Acc-tr:  77.60, Acc-val:  23.76, L-tr: 0.6906, L-val: 3.8983
088: Acc-tr:  74.51, Acc-val:  22.30, L-tr: 0.7614, L-val: 4.3837
089: Acc-tr:  81.00, Acc-val:  25.66, L-tr: 0.5620, L-val: 3.9875
090: Acc-tr:  79.17, Acc-val:  25.00, L-tr: 0.6140, L-val: 3.9625
091: Acc-tr:  77.96, Acc-val:  23.77, L-tr: 0.6514, L-val: 4.4058
092: Acc-tr:  85.24, Acc-val:  25.83, L-tr: 0.4539, L-val: 3.6794
093: Acc-tr:  80.33, Acc-val:  24.13, L-tr: 0.5840, L-val: 3.9571
094: Acc-tr:  83.66, Acc-val:  24.53, L-tr: 0.4851, L-val: 3.8955
095: Acc-tr:  74.98, Acc-val:  24.75, L-tr: 0.8157, L-val: 4.5975
096: Acc-tr:  81.08, Acc-val:  24.72, L-tr: 0.5670, L-val: 3.7692
097: Acc-tr:  82.91, Acc-val:  24.43, L-tr: 0.5066, L-val: 3.8843
098: Acc-tr:  72.53, Acc-val:  22.77, L-tr: 0.8228, L-val: 4.2985
099: Acc-tr:  73.32, Acc-val:  22.89, L-tr: 0.8188, L-val: 4.4571
100: Acc-tr:  79.86, Acc-val:  24.64, L-tr: 0.5997, L-val: 4.0476
101: Acc-tr:  77.04, Acc-val:  24.30, L-tr: 0.6919, L-val: 4.1948
102: Acc-tr:  81.88, Acc-val:  24.25, L-tr: 0.5390, L-val: 3.9206
103: Acc-tr:  80.94, Acc-val:  25.49, L-tr: 0.5621, L-val: 4.1581
104: Acc-tr:  79.60, Acc-val:  24.77, L-tr: 0.5875, L-val: 4.2022
105: Acc-tr:  71.74, Acc-val:  22.70, L-tr: 0.9147, L-val: 4.8748
106: Acc-tr:  77.77, Acc-val:  24.05, L-tr: 0.6780, L-val: 4.2739
107: Acc-tr:  76.00, Acc-val:  23.59, L-tr: 0.7158, L-val: 4.3988
108: Acc-tr:  77.43, Acc-val:  23.72, L-tr: 0.6950, L-val: 4.5177
109: Acc-tr:  81.93, Acc-val:  23.52, L-tr: 0.5411, L-val: 4.0481
110: Acc-tr:  78.30, Acc-val:  23.97, L-tr: 0.6359, L-val: 4.2958
111: Acc-tr:  76.90, Acc-val:  24.16, L-tr: 0.6915, L-val: 4.3615
112: Acc-tr:  68.42, Acc-val:  22.16, L-tr: 1.0147, L-val: 5.1748
113: Acc-tr:  82.15, Acc-val:  24.86, L-tr: 0.5324, L-val: 4.3400
114: Acc-tr:  78.01, Acc-val:  25.55, L-tr: 0.6816, L-val: 4.6361
115: Acc-tr:  75.42, Acc-val:  23.44, L-tr: 0.7177, L-val: 4.2779
116: Acc-tr:  80.81, Acc-val:  25.50, L-tr: 0.5728, L-val: 4.3988
117: Acc-tr:  82.03, Acc-val:  25.57, L-tr: 0.5329, L-val: 4.3809
118: Acc-tr:  83.12, Acc-val:  25.56, L-tr: 0.4975, L-val: 4.3048
119: Acc-tr:  83.91, Acc-val:  24.35, L-tr: 0.4791, L-val: 4.0396
120: Acc-tr:  81.64, Acc-val:  23.26, L-tr: 0.5410, L-val: 4.0979
121: Acc-tr:  66.66, Acc-val:  20.44, L-tr: 1.0344, L-val: 4.8225
122: Acc-tr:  72.59, Acc-val:  21.54, L-tr: 0.8356, L-val: 4.1684
123: Acc-tr:  75.23, Acc-val:  22.60, L-tr: 0.7773, L-val: 4.5974
124: Acc-tr:  82.52, Acc-val:  24.30, L-tr: 0.5168, L-val: 4.1047
125: Acc-tr:  77.50, Acc-val:  24.34, L-tr: 0.6946, L-val: 4.7362
126: Acc-tr:  74.19, Acc-val:  23.68, L-tr: 0.8114, L-val: 4.8303
127: Acc-tr:  84.45, Acc-val:  24.60, L-tr: 0.4527, L-val: 4.3098
128: Acc-tr:  74.88, Acc-val:  21.50, L-tr: 0.7608, L-val: 4.2769
129: Acc-tr:  82.37, Acc-val:  23.72, L-tr: 0.5277, L-val: 4.1467
130: Acc-tr:  77.27, Acc-val:  23.56, L-tr: 0.6697, L-val: 4.4841
131: Acc-tr:  70.67, Acc-val:  21.50, L-tr: 0.9718, L-val: 5.0391
132: Acc-tr:  80.65, Acc-val:  24.85, L-tr: 0.5644, L-val: 4.3271
133: Acc-tr:  81.30, Acc-val:  24.51, L-tr: 0.5552, L-val: 4.2035
134: Acc-tr:  84.87, Acc-val:  25.01, L-tr: 0.4478, L-val: 3.9491
135: Acc-tr:  78.39, Acc-val:  25.09, L-tr: 0.6292, L-val: 4.3236
136: Acc-tr:  84.53, Acc-val:  24.24, L-tr: 0.4575, L-val: 4.1860
137: Acc-tr:  81.46, Acc-val:  24.20, L-tr: 0.5666, L-val: 4.5109
138: Acc-tr:  78.49, Acc-val:  23.07, L-tr: 0.6401, L-val: 4.5322
139: Acc-tr:  80.35, Acc-val:  23.43, L-tr: 0.5833, L-val: 4.4519
140: Acc-tr:  73.20, Acc-val:  22.91, L-tr: 0.8117, L-val: 4.7516
141: Acc-tr:  83.12, Acc-val:  24.06, L-tr: 0.4827, L-val: 4.2670
142: Acc-tr:  79.54, Acc-val:  21.01, L-tr: 0.6172, L-val: 3.9268
143: Acc-tr:  79.44, Acc-val:  23.06, L-tr: 0.6101, L-val: 4.5273
144: Acc-tr:  78.02, Acc-val:  22.99, L-tr: 0.6432, L-val: 4.5930
145: Acc-tr:  72.84, Acc-val:  22.19, L-tr: 0.8642, L-val: 4.7894
146: Acc-tr:  70.20, Acc-val:  20.51, L-tr: 0.8913, L-val: 4.7958
147: Acc-tr:  81.51, Acc-val:  25.64, L-tr: 0.5616, L-val: 4.5873
148: Acc-tr:  80.14, Acc-val:  23.10, L-tr: 0.5872, L-val: 4.2073
149: Acc-tr:  81.76, Acc-val:  24.43, L-tr: 0.5413, L-val: 4.4596
150: Acc-tr:  99.29, Acc-val:  26.82, L-tr: 0.0580, L-val: 4.3761
151: Acc-tr:  99.89, Acc-val:  26.69, L-tr: 0.0273, L-val: 4.7244
152: Acc-tr:  99.98, Acc-val:  26.76, L-tr: 0.0161, L-val: 4.9817
153: Acc-tr:  99.99, Acc-val:  26.60, L-tr: 0.0114, L-val: 5.1535
154: Acc-tr:  99.99, Acc-val:  26.66, L-tr: 0.0085, L-val: 5.2970
155: Acc-tr: 100.00, Acc-val:  26.43, L-tr: 0.0069, L-val: 5.3668
156: Acc-tr: 100.00, Acc-val:  26.67, L-tr: 0.0058, L-val: 5.5081
157: Acc-tr: 100.00, Acc-val:  26.41, L-tr: 0.0046, L-val: 5.5890
158: Acc-tr: 100.00, Acc-val:  26.61, L-tr: 0.0040, L-val: 5.6669
159: Acc-tr: 100.00, Acc-val:  26.49, L-tr: 0.0035, L-val: 5.7316
160: Acc-tr: 100.00, Acc-val:  26.34, L-tr: 0.0032, L-val: 5.7545
161: Acc-tr: 100.00, Acc-val:  26.40, L-tr: 0.0029, L-val: 5.7902
162: Acc-tr: 100.00, Acc-val:  26.51, L-tr: 0.0026, L-val: 5.8483
163: Acc-tr: 100.00, Acc-val:  26.32, L-tr: 0.0023, L-val: 5.8999
164: Acc-tr: 100.00, Acc-val:  26.43, L-tr: 0.0023, L-val: 5.8965
165: Acc-tr: 100.00, Acc-val:  26.55, L-tr: 0.0021, L-val: 5.8930
166: Acc-tr: 100.00, Acc-val:  26.54, L-tr: 0.0020, L-val: 5.9277
167: Acc-tr: 100.00, Acc-val:  26.58, L-tr: 0.0018, L-val: 5.9790
168: Acc-tr: 100.00, Acc-val:  26.59, L-tr: 0.0017, L-val: 6.0136
169: Acc-tr: 100.00, Acc-val:  26.64, L-tr: 0.0017, L-val: 5.9858
170: Acc-tr: 100.00, Acc-val:  26.55, L-tr: 0.0016, L-val: 6.0015
171: Acc-tr: 100.00, Acc-val:  26.66, L-tr: 0.0015, L-val: 6.0364
172: Acc-tr: 100.00, Acc-val:  26.55, L-tr: 0.0014, L-val: 6.0270
173: Acc-tr: 100.00, Acc-val:  26.58, L-tr: 0.0014, L-val: 6.0344
174: Acc-tr: 100.00, Acc-val:  26.56, L-tr: 0.0014, L-val: 6.0285
175: Acc-tr: 100.00, Acc-val:  26.38, L-tr: 0.0014, L-val: 6.0329
176: Acc-tr: 100.00, Acc-val:  26.46, L-tr: 0.0013, L-val: 6.0282
177: Acc-tr: 100.00, Acc-val:  26.30, L-tr: 0.0013, L-val: 6.0425
178: Acc-tr: 100.00, Acc-val:  26.50, L-tr: 0.0012, L-val: 6.0627
179: Acc-tr: 100.00, Acc-val:  26.56, L-tr: 0.0012, L-val: 6.0221
180: Acc-tr: 100.00, Acc-val:  26.52, L-tr: 0.0012, L-val: 6.0180
181: Acc-tr: 100.00, Acc-val:  26.57, L-tr: 0.0011, L-val: 6.0412
182: Acc-tr: 100.00, Acc-val:  26.55, L-tr: 0.0011, L-val: 6.0430
183: Acc-tr: 100.00, Acc-val:  26.54, L-tr: 0.0011, L-val: 6.0338
184: Acc-tr: 100.00, Acc-val:  26.45, L-tr: 0.0011, L-val: 6.0390
185: Acc-tr: 100.00, Acc-val:  26.39, L-tr: 0.0010, L-val: 6.0525
186: Acc-tr: 100.00, Acc-val:  26.52, L-tr: 0.0010, L-val: 6.0785
187: Acc-tr: 100.00, Acc-val:  26.53, L-tr: 0.0010, L-val: 6.0510
188: Acc-tr: 100.00, Acc-val:  26.57, L-tr: 0.0010, L-val: 6.0413
189: Acc-tr: 100.00, Acc-val:  26.43, L-tr: 0.0010, L-val: 6.0405
190: Acc-tr: 100.00, Acc-val:  26.64, L-tr: 0.0010, L-val: 6.0354
191: Acc-tr: 100.00, Acc-val:  26.34, L-tr: 0.0009, L-val: 6.0532
192: Acc-tr: 100.00, Acc-val:  26.64, L-tr: 0.0009, L-val: 6.0212
193: Acc-tr: 100.00, Acc-val:  26.34, L-tr: 0.0009, L-val: 5.9995
194: Acc-tr: 100.00, Acc-val:  26.54, L-tr: 0.0009, L-val: 6.0053
195: Acc-tr: 100.00, Acc-val:  26.60, L-tr: 0.0009, L-val: 6.0177
196: Acc-tr: 100.00, Acc-val:  26.64, L-tr: 0.0009, L-val: 6.0125
197: Acc-tr: 100.00, Acc-val:  26.35, L-tr: 0.0009, L-val: 5.9812
198: Acc-tr: 100.00, Acc-val:  26.35, L-tr: 0.0009, L-val: 5.9942
199: Acc-tr: 100.00, Acc-val:  26.50, L-tr: 0.0009, L-val: 5.9782
200: Acc-tr: 100.00, Acc-val:  26.60, L-tr: 0.0009, L-val: 5.9933
201: Acc-tr: 100.00, Acc-val:  26.56, L-tr: 0.0009, L-val: 5.9688
202: Acc-tr: 100.00, Acc-val:  26.51, L-tr: 0.0009, L-val: 5.9689
203: Acc-tr: 100.00, Acc-val:  26.54, L-tr: 0.0008, L-val: 5.9808
204: Acc-tr: 100.00, Acc-val:  26.46, L-tr: 0.0009, L-val: 5.9205
205: Acc-tr: 100.00, Acc-val:  26.58, L-tr: 0.0009, L-val: 5.9274
206: Acc-tr: 100.00, Acc-val:  26.57, L-tr: 0.0008, L-val: 5.9547
207: Acc-tr: 100.00, Acc-val:  26.42, L-tr: 0.0008, L-val: 5.9389
208: Acc-tr: 100.00, Acc-val:  26.58, L-tr: 0.0008, L-val: 5.9249
209: Acc-tr: 100.00, Acc-val:  26.42, L-tr: 0.0008, L-val: 5.9216
210: Acc-tr: 100.00, Acc-val:  26.62, L-tr: 0.0008, L-val: 5.9362
211: Acc-tr: 100.00, Acc-val:  26.53, L-tr: 0.0008, L-val: 5.9189
212: Acc-tr: 100.00, Acc-val:  26.57, L-tr: 0.0008, L-val: 5.8910
213: Acc-tr: 100.00, Acc-val:  26.63, L-tr: 0.0008, L-val: 5.8796
214: Acc-tr: 100.00, Acc-val:  26.50, L-tr: 0.0008, L-val: 5.8958
215: Acc-tr: 100.00, Acc-val:  26.53, L-tr: 0.0008, L-val: 5.8899
216: Acc-tr: 100.00, Acc-val:  26.58, L-tr: 0.0008, L-val: 5.8283
217: Acc-tr: 100.00, Acc-val:  26.56, L-tr: 0.0008, L-val: 5.8403
218: Acc-tr: 100.00, Acc-val:  26.45, L-tr: 0.0008, L-val: 5.8560
219: Acc-tr: 100.00, Acc-val:  26.51, L-tr: 0.0008, L-val: 5.8440
220: Acc-tr: 100.00, Acc-val:  26.55, L-tr: 0.0008, L-val: 5.8613
221: Acc-tr: 100.00, Acc-val:  26.50, L-tr: 0.0008, L-val: 5.8366
222: Acc-tr: 100.00, Acc-val:  26.76, L-tr: 0.0007, L-val: 5.8520
223: Acc-tr: 100.00, Acc-val:  26.71, L-tr: 0.0008, L-val: 5.8215
224: Acc-tr: 100.00, Acc-val:  26.70, L-tr: 0.0008, L-val: 5.8113
225: Acc-tr: 100.00, Acc-val:  26.54, L-tr: 0.0007, L-val: 5.8235
226: Acc-tr: 100.00, Acc-val:  26.38, L-tr: 0.0007, L-val: 5.8339
227: Acc-tr: 100.00, Acc-val:  26.61, L-tr: 0.0008, L-val: 5.8099
228: Acc-tr: 100.00, Acc-val:  26.66, L-tr: 0.0007, L-val: 5.8192
229: Acc-tr: 100.00, Acc-val:  26.69, L-tr: 0.0007, L-val: 5.8176
230: Acc-tr: 100.00, Acc-val:  26.52, L-tr: 0.0007, L-val: 5.8276
231: Acc-tr: 100.00, Acc-val:  26.44, L-tr: 0.0008, L-val: 5.8187
232: Acc-tr: 100.00, Acc-val:  26.59, L-tr: 0.0008, L-val: 5.8020
233: Acc-tr: 100.00, Acc-val:  26.55, L-tr: 0.0008, L-val: 5.8025
234: Acc-tr: 100.00, Acc-val:  26.78, L-tr: 0.0008, L-val: 5.8005
235: Acc-tr: 100.00, Acc-val:  26.57, L-tr: 0.0007, L-val: 5.8162
236: Acc-tr: 100.00, Acc-val:  26.68, L-tr: 0.0008, L-val: 5.7998
237: Acc-tr: 100.00, Acc-val:  26.46, L-tr: 0.0008, L-val: 5.7913
238: Acc-tr: 100.00, Acc-val:  26.58, L-tr: 0.0008, L-val: 5.7981
239: Acc-tr: 100.00, Acc-val:  26.45, L-tr: 0.0008, L-val: 5.7999
240: Acc-tr: 100.00, Acc-val:  26.56, L-tr: 0.0008, L-val: 5.7967
241: Acc-tr: 100.00, Acc-val:  26.55, L-tr: 0.0008, L-val: 5.7933
242: Acc-tr: 100.00, Acc-val:  26.60, L-tr: 0.0007, L-val: 5.7916
243: Acc-tr: 100.00, Acc-val:  26.59, L-tr: 0.0008, L-val: 5.7769
244: Acc-tr: 100.00, Acc-val:  26.48, L-tr: 0.0008, L-val: 5.7962
245: Acc-tr: 100.00, Acc-val:  26.51, L-tr: 0.0008, L-val: 5.7774
246: Acc-tr: 100.00, Acc-val:  26.70, L-tr: 0.0007, L-val: 5.8096
247: Acc-tr: 100.00, Acc-val:  26.67, L-tr: 0.0008, L-val: 5.7957
248: Acc-tr: 100.00, Acc-val:  26.73, L-tr: 0.0008, L-val: 5.7805
249: Acc-tr: 100.00, Acc-val:  26.44, L-tr: 0.0008, L-val: 5.7748
250: Acc-tr: 100.00, Acc-val:  26.51, L-tr: 0.0007, L-val: 5.8017
251: Acc-tr: 100.00, Acc-val:  26.37, L-tr: 0.0008, L-val: 5.7659
252: Acc-tr: 100.00, Acc-val:  26.70, L-tr: 0.0008, L-val: 5.7706
253: Acc-tr: 100.00, Acc-val:  26.64, L-tr: 0.0008, L-val: 5.7975
254: Acc-tr: 100.00, Acc-val:  26.60, L-tr: 0.0008, L-val: 5.7784
255: Acc-tr: 100.00, Acc-val:  26.74, L-tr: 0.0008, L-val: 5.8033
256: Acc-tr: 100.00, Acc-val:  26.49, L-tr: 0.0007, L-val: 5.8080
257: Acc-tr: 100.00, Acc-val:  26.41, L-tr: 0.0007, L-val: 5.7855
258: Acc-tr: 100.00, Acc-val:  26.56, L-tr: 0.0008, L-val: 5.7790
259: Acc-tr: 100.00, Acc-val:  26.48, L-tr: 0.0008, L-val: 5.7630
260: Acc-tr: 100.00, Acc-val:  26.56, L-tr: 0.0008, L-val: 5.7782
261: Acc-tr: 100.00, Acc-val:  26.59, L-tr: 0.0008, L-val: 5.7727
262: Acc-tr: 100.00, Acc-val:  26.58, L-tr: 0.0008, L-val: 5.7835
263: Acc-tr: 100.00, Acc-val:  26.66, L-tr: 0.0008, L-val: 5.7796
264: Acc-tr: 100.00, Acc-val:  26.41, L-tr: 0.0007, L-val: 5.7863
265: Acc-tr: 100.00, Acc-val:  26.50, L-tr: 0.0008, L-val: 5.7751
266: Acc-tr: 100.00, Acc-val:  26.55, L-tr: 0.0007, L-val: 5.8015
267: Acc-tr: 100.00, Acc-val:  26.50, L-tr: 0.0008, L-val: 5.7604
268: Acc-tr: 100.00, Acc-val:  26.55, L-tr: 0.0008, L-val: 5.7722
269: Acc-tr: 100.00, Acc-val:  26.71, L-tr: 0.0007, L-val: 5.8036
270: Acc-tr: 100.00, Acc-val:  26.64, L-tr: 0.0008, L-val: 5.7964
271: Acc-tr: 100.00, Acc-val:  26.48, L-tr: 0.0008, L-val: 5.7859
272: Acc-tr: 100.00, Acc-val:  26.47, L-tr: 0.0007, L-val: 5.7912
273: Acc-tr: 100.00, Acc-val:  26.51, L-tr: 0.0008, L-val: 5.7669
274: Acc-tr: 100.00, Acc-val:  26.61, L-tr: 0.0008, L-val: 5.7734
275: Acc-tr: 100.00, Acc-val:  26.68, L-tr: 0.0007, L-val: 5.7890
276: Acc-tr: 100.00, Acc-val:  26.48, L-tr: 0.0007, L-val: 5.7829
277: Acc-tr: 100.00, Acc-val:  26.62, L-tr: 0.0008, L-val: 5.7697
278: Acc-tr: 100.00, Acc-val:  26.56, L-tr: 0.0008, L-val: 5.7647
279: Acc-tr: 100.00, Acc-val:  26.65, L-tr: 0.0007, L-val: 5.7628
280: Acc-tr: 100.00, Acc-val:  26.41, L-tr: 0.0008, L-val: 5.7658
281: Acc-tr: 100.00, Acc-val:  26.52, L-tr: 0.0007, L-val: 5.7813
282: Acc-tr: 100.00, Acc-val:  26.58, L-tr: 0.0007, L-val: 5.7692
283: Acc-tr: 100.00, Acc-val:  26.65, L-tr: 0.0008, L-val: 5.7620
284: Acc-tr: 100.00, Acc-val:  26.69, L-tr: 0.0007, L-val: 5.7917
285: Acc-tr: 100.00, Acc-val:  26.51, L-tr: 0.0008, L-val: 5.7374
286: Acc-tr: 100.00, Acc-val:  26.43, L-tr: 0.0007, L-val: 5.7653
287: Acc-tr: 100.00, Acc-val:  26.64, L-tr: 0.0008, L-val: 5.7548
288: Acc-tr: 100.00, Acc-val:  26.63, L-tr: 0.0007, L-val: 5.7711
289: Acc-tr: 100.00, Acc-val:  26.64, L-tr: 0.0007, L-val: 5.7703
290: Acc-tr: 100.00, Acc-val:  26.59, L-tr: 0.0008, L-val: 5.7574
291: Acc-tr: 100.00, Acc-val:  26.69, L-tr: 0.0008, L-val: 5.7468
292: Acc-tr: 100.00, Acc-val:  26.72, L-tr: 0.0008, L-val: 5.7797
293: Acc-tr: 100.00, Acc-val:  26.50, L-tr: 0.0007, L-val: 5.7602
294: Acc-tr: 100.00, Acc-val:  26.43, L-tr: 0.0007, L-val: 5.7682
295: Acc-tr: 100.00, Acc-val:  26.69, L-tr: 0.0007, L-val: 5.7667
296: Acc-tr: 100.00, Acc-val:  26.62, L-tr: 0.0008, L-val: 5.7465
297: Acc-tr: 100.00, Acc-val:  26.55, L-tr: 0.0007, L-val: 5.7427
298: Acc-tr: 100.00, Acc-val:  26.58, L-tr: 0.0007, L-val: 5.7571
299: Acc-tr: 100.00, Acc-val:  26.40, L-tr: 0.0008, L-val: 5.7476
