/ext3/miniconda3/lib/python3.12/site-packages/torchvision/models/_utils.py:208: UserWarning: The parameter 'pretrained' is deprecated since 0.13 and may be removed in the future, please use 'weights' instead.
  warnings.warn(
/ext3/miniconda3/lib/python3.12/site-packages/torchvision/models/_utils.py:223: UserWarning: Arguments other than a weight enum or `None` for 'weights' are deprecated since 0.13 and may be removed in the future. The current behavior is equivalent to passing `weights=None`.
  warnings.warn(msg)
Number of parameters: 5288548
/scratch/cm6627/diffeo_cnn/experiment/008_RandomLabels_EfficentNetb0/./train.py:176: UserWarning: volatile was removed and now has no effect. Use `with torch.no_grad():` instead.
  input_var = torch.autograd.Variable(input, volatile=True)
/scratch/cm6627/diffeo_cnn/experiment/008_RandomLabels_EfficentNetb0/./train.py:177: UserWarning: volatile was removed and now has no effect. Use `with torch.no_grad():` instead.
  target_var = torch.autograd.Variable(target, volatile=True)
000: Acc-tr:   0.19, Acc-val:   0.19, L-tr: 6.9371, L-val: 6.9371
001: Acc-tr:   0.23, Acc-val:   0.23, L-tr: 7.4587, L-val: 7.4587
002: Acc-tr:   0.14, Acc-val:   0.14, L-tr: 9.0116, L-val: 9.0116
003: Acc-tr:   0.10, Acc-val:   0.10, L-tr: 9.8055, L-val: 9.8055
004: Acc-tr:   0.12, Acc-val:   0.12, L-tr: 9.3173, L-val: 9.3173
005: Acc-tr:   0.14, Acc-val:   0.14, L-tr: 8.7238, L-val: 8.7238
006: Acc-tr:   0.10, Acc-val:   0.10, L-tr: 8.0250, L-val: 8.0250
007: Acc-tr:   0.13, Acc-val:   0.13, L-tr: 9.5455, L-val: 9.5455
008: Acc-tr:   0.16, Acc-val:   0.16, L-tr: 10.4247, L-val: 10.4247
009: Acc-tr:   0.12, Acc-val:   0.12, L-tr: 10.6854, L-val: 10.6854
010: Acc-tr:   0.14, Acc-val:   0.14, L-tr: 10.4750, L-val: 10.4750
011: Acc-tr:   0.12, Acc-val:   0.12, L-tr: 10.1711, L-val: 10.1711
012: Acc-tr:   0.12, Acc-val:   0.12, L-tr: 9.8166, L-val: 9.8166
013: Acc-tr:   0.12, Acc-val:   0.12, L-tr: 9.8187, L-val: 9.8187
014: Acc-tr:   0.12, Acc-val:   0.12, L-tr: 9.8644, L-val: 9.8644
015: Acc-tr:   0.16, Acc-val:   0.16, L-tr: 10.2096, L-val: 10.2096
016: Acc-tr:   0.19, Acc-val:   0.19, L-tr: 10.6541, L-val: 10.6541
017: Acc-tr:   0.18, Acc-val:   0.18, L-tr: 11.2105, L-val: 11.2105
018: Acc-tr:   0.21, Acc-val:   0.21, L-tr: 12.0439, L-val: 12.0439
019: Acc-tr:   0.15, Acc-val:   0.15, L-tr: 12.2602, L-val: 12.2602
020: Acc-tr:   0.19, Acc-val:   0.19, L-tr: 12.4133, L-val: 12.4133
021: Acc-tr:   0.22, Acc-val:   0.22, L-tr: 13.0219, L-val: 13.0219
022: Acc-tr:   0.19, Acc-val:   0.19, L-tr: 13.4998, L-val: 13.4998
023: Acc-tr:   0.20, Acc-val:   0.20, L-tr: 13.4097, L-val: 13.4097
024: Acc-tr:   0.16, Acc-val:   0.16, L-tr: 13.3522, L-val: 13.3522
025: Acc-tr:   0.18, Acc-val:   0.18, L-tr: 11.8437, L-val: 11.8437
026: Acc-tr:   0.11, Acc-val:   0.11, L-tr: 12.1898, L-val: 12.1898
027: Acc-tr:   0.19, Acc-val:   0.19, L-tr: 10.7566, L-val: 10.7566
028: Acc-tr:   0.22, Acc-val:   0.22, L-tr: 10.5255, L-val: 10.5255
029: Acc-tr:   0.23, Acc-val:   0.23, L-tr: 10.6307, L-val: 10.6307
030: Acc-tr:   0.16, Acc-val:   0.16, L-tr: 11.1057, L-val: 11.1057
031: Acc-tr:   0.14, Acc-val:   0.14, L-tr: 10.6479, L-val: 10.6479
032: Acc-tr:   0.21, Acc-val:   0.21, L-tr: 10.6941, L-val: 10.6941
033: Acc-tr:   0.19, Acc-val:   0.19, L-tr: 10.9362, L-val: 10.9362
034: Acc-tr:   0.20, Acc-val:   0.20, L-tr: 10.8582, L-val: 10.8582
035: Acc-tr:   0.19, Acc-val:   0.19, L-tr: 10.7647, L-val: 10.7647
036: Acc-tr:   0.21, Acc-val:   0.21, L-tr: 10.8346, L-val: 10.8346
037: Acc-tr:   0.17, Acc-val:   0.17, L-tr: 11.2718, L-val: 11.2718
038: Acc-tr:   0.18, Acc-val:   0.18, L-tr: 11.4027, L-val: 11.4027
039: Acc-tr:   0.23, Acc-val:   0.23, L-tr: 11.2337, L-val: 11.2337
040: Acc-tr:   0.23, Acc-val:   0.23, L-tr: 11.4112, L-val: 11.4112
041: Acc-tr:   0.28, Acc-val:   0.28, L-tr: 11.3054, L-val: 11.3054
042: Acc-tr:   0.33, Acc-val:   0.33, L-tr: 11.3297, L-val: 11.3297
043: Acc-tr:   0.31, Acc-val:   0.31, L-tr: 11.4137, L-val: 11.4137
044: Acc-tr:   0.35, Acc-val:   0.35, L-tr: 11.2750, L-val: 11.2750
045: Acc-tr:   0.38, Acc-val:   0.38, L-tr: 11.1560, L-val: 11.1560
046: Acc-tr:   0.40, Acc-val:   0.40, L-tr: 11.1723, L-val: 11.1723
047: Acc-tr:   0.41, Acc-val:   0.41, L-tr: 11.5168, L-val: 11.5168
048: Acc-tr:   0.41, Acc-val:   0.41, L-tr: 11.5505, L-val: 11.5505
049: Acc-tr:   0.39, Acc-val:   0.39, L-tr: 11.6971, L-val: 11.6971
050: Acc-tr:   0.39, Acc-val:   0.39, L-tr: 11.9859, L-val: 11.9859
051: Acc-tr:   0.32, Acc-val:   0.32, L-tr: 12.1193, L-val: 12.1193
052: Acc-tr:   0.34, Acc-val:   0.34, L-tr: 12.1022, L-val: 12.1022
053: Acc-tr:   0.35, Acc-val:   0.35, L-tr: 11.8649, L-val: 11.8649
054: Acc-tr:   0.28, Acc-val:   0.28, L-tr: 11.4464, L-val: 11.4464
055: Acc-tr:   0.33, Acc-val:   0.33, L-tr: 10.9474, L-val: 10.9474
056: Acc-tr:   0.38, Acc-val:   0.38, L-tr: 12.0468, L-val: 12.0468
057: Acc-tr:   0.41, Acc-val:   0.41, L-tr: 13.7182, L-val: 13.7182
058: Acc-tr:   0.35, Acc-val:   0.35, L-tr: 13.8029, L-val: 13.8029
059: Acc-tr:   0.32, Acc-val:   0.32, L-tr: 13.7817, L-val: 13.7817
060: Acc-tr:   0.34, Acc-val:   0.34, L-tr: 14.7715, L-val: 14.7715
061: Acc-tr:   0.35, Acc-val:   0.35, L-tr: 12.4142, L-val: 12.4142
062: Acc-tr:   0.28, Acc-val:   0.28, L-tr: 14.8405, L-val: 14.8405
063: Acc-tr:   0.33, Acc-val:   0.33, L-tr: 14.0358, L-val: 14.0358
064: Acc-tr:   0.35, Acc-val:   0.35, L-tr: 12.5095, L-val: 12.5095
065: Acc-tr:   0.30, Acc-val:   0.30, L-tr: 11.8837, L-val: 11.8837
066: Acc-tr:   0.24, Acc-val:   0.24, L-tr: 11.8880, L-val: 11.8880
067: Acc-tr:   0.22, Acc-val:   0.22, L-tr: 12.6702, L-val: 12.6702
068: Acc-tr:   0.35, Acc-val:   0.35, L-tr: 11.4024, L-val: 11.4024
069: Acc-tr:   0.18, Acc-val:   0.18, L-tr: 12.0393, L-val: 12.0393
070: Acc-tr:   0.23, Acc-val:   0.23, L-tr: 12.1729, L-val: 12.1729
071: Acc-tr:   0.19, Acc-val:   0.19, L-tr: 11.8081, L-val: 11.8081
072: Acc-tr:   0.26, Acc-val:   0.26, L-tr: 11.2188, L-val: 11.2188
073: Acc-tr:   0.10, Acc-val:   0.10, L-tr: 11.8834, L-val: 11.8834
074: Acc-tr:   0.11, Acc-val:   0.11, L-tr: 11.6850, L-val: 11.6850
075: Acc-tr:   0.11, Acc-val:   0.11, L-tr: 13.2050, L-val: 13.2050
076: Acc-tr:   0.13, Acc-val:   0.13, L-tr: 13.2439, L-val: 13.2439
077: Acc-tr:   0.11, Acc-val:   0.11, L-tr: 12.0113, L-val: 12.0113
078: Acc-tr:   0.09, Acc-val:   0.09, L-tr: 11.9198, L-val: 11.9198
079: Acc-tr:   0.14, Acc-val:   0.14, L-tr: 11.3508, L-val: 11.3508
080: Acc-tr:   0.12, Acc-val:   0.12, L-tr: 11.6195, L-val: 11.6195
081: Acc-tr:   0.11, Acc-val:   0.11, L-tr: 11.1965, L-val: 11.1965
082: Acc-tr:   0.11, Acc-val:   0.11, L-tr: 11.5714, L-val: 11.5714
083: Acc-tr:   0.13, Acc-val:   0.13, L-tr: 11.3572, L-val: 11.3572
084: Acc-tr:   0.14, Acc-val:   0.14, L-tr: 11.3500, L-val: 11.3500
085: Acc-tr:   0.14, Acc-val:   0.14, L-tr: 11.6475, L-val: 11.6475
086: Acc-tr:   0.12, Acc-val:   0.12, L-tr: 11.7552, L-val: 11.7552
087: Acc-tr:   0.14, Acc-val:   0.14, L-tr: 11.8609, L-val: 11.8609
088: Acc-tr:   0.18, Acc-val:   0.18, L-tr: 12.1693, L-val: 12.1693
089: Acc-tr:   0.21, Acc-val:   0.21, L-tr: 12.5880, L-val: 12.5880
090: Acc-tr:   0.21, Acc-val:   0.21, L-tr: 13.1992, L-val: 13.1992
091: Acc-tr:   0.20, Acc-val:   0.20, L-tr: 12.4810, L-val: 12.4810
092: Acc-tr:   0.21, Acc-val:   0.21, L-tr: 12.6907, L-val: 12.6907
093: Acc-tr:   0.20, Acc-val:   0.20, L-tr: 12.0609, L-val: 12.0609
094: Acc-tr:   0.20, Acc-val:   0.20, L-tr: 10.9842, L-val: 10.9842
095: Acc-tr:   0.22, Acc-val:   0.22, L-tr: 12.4869, L-val: 12.4869
096: Acc-tr:   0.24, Acc-val:   0.24, L-tr: 12.9659, L-val: 12.9659
097: Acc-tr:   0.23, Acc-val:   0.23, L-tr: 13.8084, L-val: 13.8084
098: Acc-tr:   0.20, Acc-val:   0.20, L-tr: 14.5323, L-val: 14.5323
099: Acc-tr:   0.15, Acc-val:   0.15, L-tr: 15.5409, L-val: 15.5409
100: Acc-tr:   0.25, Acc-val:   0.25, L-tr: 16.2047, L-val: 16.2047
101: Acc-tr:   0.28, Acc-val:   0.28, L-tr: 16.3633, L-val: 16.3633
102: Acc-tr:   0.29, Acc-val:   0.29, L-tr: 16.6186, L-val: 16.6186
103: Acc-tr:   0.30, Acc-val:   0.30, L-tr: 15.7833, L-val: 15.7833
104: Acc-tr:   0.30, Acc-val:   0.30, L-tr: 15.4023, L-val: 15.4023
105: Acc-tr:   0.29, Acc-val:   0.29, L-tr: 14.3242, L-val: 14.3242
106: Acc-tr:   0.30, Acc-val:   0.30, L-tr: 13.3546, L-val: 13.3546
107: Acc-tr:   0.30, Acc-val:   0.30, L-tr: 12.3213, L-val: 12.3213
108: Acc-tr:   0.27, Acc-val:   0.27, L-tr: 11.6137, L-val: 11.6137
109: Acc-tr:   0.28, Acc-val:   0.28, L-tr: 11.1808, L-val: 11.1808
110: Acc-tr:   0.28, Acc-val:   0.28, L-tr: 10.9851, L-val: 10.9851
111: Acc-tr:   0.31, Acc-val:   0.31, L-tr: 10.9515, L-val: 10.9515
112: Acc-tr:   0.30, Acc-val:   0.30, L-tr: 11.0482, L-val: 11.0482
113: Acc-tr:   0.30, Acc-val:   0.30, L-tr: 11.1352, L-val: 11.1352
114: Acc-tr:   0.29, Acc-val:   0.29, L-tr: 11.2487, L-val: 11.2487
115: Acc-tr:   0.24, Acc-val:   0.24, L-tr: 11.3757, L-val: 11.3757
116: Acc-tr:   0.25, Acc-val:   0.25, L-tr: 11.3866, L-val: 11.3866
117: Acc-tr:   0.25, Acc-val:   0.25, L-tr: 11.6097, L-val: 11.6097
118: Acc-tr:   0.19, Acc-val:   0.19, L-tr: 11.5178, L-val: 11.5178
119: Acc-tr:   0.25, Acc-val:   0.25, L-tr: 11.5412, L-val: 11.5412
120: Acc-tr:   0.22, Acc-val:   0.22, L-tr: 11.8137, L-val: 11.8137
121: Acc-tr:   0.28, Acc-val:   0.28, L-tr: 12.2923, L-val: 12.2923
122: Acc-tr:   0.30, Acc-val:   0.30, L-tr: 12.6091, L-val: 12.6091
123: Acc-tr:   0.27, Acc-val:   0.27, L-tr: 12.5487, L-val: 12.5487
124: Acc-tr:   0.32, Acc-val:   0.32, L-tr: 12.6911, L-val: 12.6911
125: Acc-tr:   0.22, Acc-val:   0.22, L-tr: 13.0505, L-val: 13.0505
126: Acc-tr:   0.28, Acc-val:   0.28, L-tr: 12.9689, L-val: 12.9689
127: Acc-tr:   0.34, Acc-val:   0.34, L-tr: 13.1562, L-val: 13.1562
128: Acc-tr:   0.24, Acc-val:   0.24, L-tr: 13.0377, L-val: 13.0377
129: Acc-tr:   0.31, Acc-val:   0.31, L-tr: 14.7834, L-val: 14.7834
130: Acc-tr:   0.31, Acc-val:   0.31, L-tr: 13.3082, L-val: 13.3082
131: Acc-tr:   0.30, Acc-val:   0.30, L-tr: 13.7432, L-val: 13.7432
132: Acc-tr:   0.30, Acc-val:   0.30, L-tr: 13.7252, L-val: 13.7252
133: Acc-tr:   0.35, Acc-val:   0.35, L-tr: 12.9054, L-val: 12.9054
134: Acc-tr:   0.36, Acc-val:   0.36, L-tr: 13.1405, L-val: 13.1405
135: Acc-tr:   0.29, Acc-val:   0.29, L-tr: 12.9721, L-val: 12.9721
136: Acc-tr:   0.34, Acc-val:   0.34, L-tr: 12.4697, L-val: 12.4697
137: Acc-tr:   0.26, Acc-val:   0.26, L-tr: 11.9906, L-val: 11.9906
138: Acc-tr:   0.30, Acc-val:   0.30, L-tr: 13.0816, L-val: 13.0816
139: Acc-tr:   0.27, Acc-val:   0.27, L-tr: 12.5686, L-val: 12.5686
140: Acc-tr:   0.34, Acc-val:   0.34, L-tr: 11.8037, L-val: 11.8037
141: Acc-tr:   0.34, Acc-val:   0.34, L-tr: 11.2814, L-val: 11.2814
142: Acc-tr:   0.26, Acc-val:   0.26, L-tr: 11.0029, L-val: 11.0029
143: Acc-tr:   0.30, Acc-val:   0.30, L-tr: 11.0972, L-val: 11.0972
144: Acc-tr:   0.29, Acc-val:   0.29, L-tr: 10.4880, L-val: 10.4880
145: Acc-tr:   0.30, Acc-val:   0.30, L-tr: 10.2199, L-val: 10.2199
146: Acc-tr:   0.27, Acc-val:   0.27, L-tr: 10.7013, L-val: 10.7013
147: Acc-tr:   0.29, Acc-val:   0.29, L-tr: 11.8669, L-val: 11.8669
148: Acc-tr:   0.24, Acc-val:   0.24, L-tr: 11.6059, L-val: 11.6059
149: Acc-tr:   0.33, Acc-val:   0.33, L-tr: 11.6144, L-val: 11.6144
150: Acc-tr:   0.39, Acc-val:   0.39, L-tr: 8.2175, L-val: 8.2175
151: Acc-tr:   0.44, Acc-val:   0.44, L-tr: 8.1007, L-val: 8.1007
152: Acc-tr:   0.49, Acc-val:   0.49, L-tr: 7.9626, L-val: 7.9626
153: Acc-tr:   0.50, Acc-val:   0.50, L-tr: 7.8673, L-val: 7.8673
154: Acc-tr:   0.50, Acc-val:   0.50, L-tr: 7.7980, L-val: 7.7980
155: Acc-tr:   0.53, Acc-val:   0.53, L-tr: 7.7361, L-val: 7.7361
156: Acc-tr:   0.52, Acc-val:   0.52, L-tr: 7.6877, L-val: 7.6877
157: Acc-tr:   0.52, Acc-val:   0.52, L-tr: 7.6371, L-val: 7.6371
158: Acc-tr:   0.53, Acc-val:   0.53, L-tr: 7.5981, L-val: 7.5981
159: Acc-tr:   0.55, Acc-val:   0.55, L-tr: 7.5604, L-val: 7.5604
160: Acc-tr:   0.56, Acc-val:   0.56, L-tr: 7.5185, L-val: 7.5185
161: Acc-tr:   0.55, Acc-val:   0.55, L-tr: 7.4796, L-val: 7.4796
162: Acc-tr:   0.56, Acc-val:   0.56, L-tr: 7.4497, L-val: 7.4497
163: Acc-tr:   0.56, Acc-val:   0.56, L-tr: 7.4171, L-val: 7.4171
164: Acc-tr:   0.56, Acc-val:   0.56, L-tr: 7.3915, L-val: 7.3915
165: Acc-tr:   0.57, Acc-val:   0.57, L-tr: 7.3648, L-val: 7.3648
166: Acc-tr:   0.56, Acc-val:   0.56, L-tr: 7.3392, L-val: 7.3392
167: Acc-tr:   0.58, Acc-val:   0.58, L-tr: 7.3074, L-val: 7.3074
168: Acc-tr:   0.58, Acc-val:   0.58, L-tr: 7.2911, L-val: 7.2911
169: Acc-tr:   0.57, Acc-val:   0.57, L-tr: 7.2692, L-val: 7.2692
170: Acc-tr:   0.59, Acc-val:   0.59, L-tr: 7.2497, L-val: 7.2497
171: Acc-tr:   0.59, Acc-val:   0.59, L-tr: 7.2338, L-val: 7.2338
172: Acc-tr:   0.60, Acc-val:   0.60, L-tr: 7.2137, L-val: 7.2137
slurmstepd: error: *** JOB 48722464 ON gv007 CANCELLED AT 2024-07-21T08:50:39 DUE TO TIME LIMIT ***
